2025-05-25 13:22:39,454 [INFO] Activator:178 - 


2025-05-25 13:22:39,484 [INFO] Activator:179 - !SESSION log4j initialized
2025-05-25 13:22:53,508 [ERROR] LogOutputStream:74 - [STDERR_REDIRECT] [Fatal Error] :1:1: Premature end of file.
2025-05-25 13:22:53,516 [ERROR] LogOutputStream:74 - [STDERR_REDIRECT] 
2025-05-25 13:22:53,588 [ERROR] LogOutputStream:74 - [STDERR_REDIRECT] [Fatal Error] :1:1: Premature end of file.
2025-05-25 13:22:53,593 [ERROR] LogOutputStream:74 - [STDERR_REDIRECT] 
2025-05-25 13:22:53,668 [ERROR] LogOutputStream:74 - [STDERR_REDIRECT] [Fatal Error] :1:1: Premature end of file.
2025-05-25 13:22:53,668 [ERROR] LogOutputStream:74 - [STDERR_REDIRECT] 
2025-05-25 13:24:15,041 [INFO] ApplicationProperties:181 - Using Application install path: E:\Embedded System\Unit3\Setup\STM32CubeIDE_1.4.0\STM32CubeIDE\plugins\com.st.stm32cube.common.mx_6.0.0.202007160824
2025-05-25 13:24:15,087 [INFO] DbMcusXml:70 - Set database path to: E:\Embedded System\Unit3\Setup\STM32CubeIDE_1.4.0\STM32CubeIDE\plugins\com.st.stm32cube.common.mx_6.0.0.202007160824\\db\/mcu/
2025-05-25 13:24:15,097 [INFO] DbBoardsPdsc:56 - Set plugin database path to: E:\Embedded System\Unit3\Setup\STM32CubeIDE_1.4.0\STM32CubeIDE\plugins\com.st.stm32cube.common.mx_6.0.0.202007160824\\db\/plugins/boardmanager/
2025-05-25 13:24:15,097 [INFO] DbMcus:258 - Set plugin images path to: E:\Embedded System\Unit3\Setup\STM32CubeIDE_1.4.0\STM32CubeIDE\plugins\com.st.stm32cube.common.mx_6.0.0.202007160824\\db\/plugins/mcufinder/images/
2025-05-25 13:24:15,097 [INFO] DbBoards:264 - Set plugin images path to: E:\Embedded System\Unit3\Setup\STM32CubeIDE_1.4.0\STM32CubeIDE\plugins\com.st.stm32cube.common.mx_6.0.0.202007160824\\db\/plugins/mcufinder/images/
2025-05-25 13:24:15,097 [INFO] DbExamples:326 - Set plugin images path to: E:\Embedded System\Unit3\Setup\STM32CubeIDE_1.4.0\STM32CubeIDE\plugins\com.st.stm32cube.common.mx_6.0.0.202007160824\\db\/plugins/mcufinder/images/
2025-05-25 13:24:15,169 [INFO] DbMcusDocs:112 - Set database path to: C:\Users\HP\.stmcufinder\plugins\mcufinder//mcu/
2025-05-25 13:24:15,169 [INFO] DbMcusJson:63 - Set database path to: C:\Users\HP\.stmcufinder\plugins\mcufinder//mcu/
2025-05-25 13:24:15,169 [INFO] DbBoardsDocs:112 - Set database path to: C:\Users\HP\.stmcufinder\plugins\mcufinder//mcu/
2025-05-25 13:24:15,169 [INFO] DbBoardsJson:56 - Set database path to: C:\Users\HP\.stmcufinder\plugins\mcufinder//mcu/
2025-05-25 13:24:15,187 [INFO] CrossReferenceDbSqlite:196 - Set database path to: C:\Users\HP\.stmcufinder\plugins\mcufinder//mcu/cs/
2025-05-25 13:24:15,188 [INFO] DbExamplesSqlite:800 - Set database path to: C:\Users\HP\.stmcufinder\plugins\mcufinder//mcu/
2025-05-25 13:24:15,504 [INFO] RulesReader:52 - Compatibility file has been processed (209 Rules)
2025-05-25 13:24:15,913 [INFO] MicroXplorer:564 - Detected Java Version = 1.8.0_252
2025-05-25 13:24:15,918 [INFO] DbMcusXml:70 - Set database path to: E:\Embedded System\Unit3\Setup\STM32CubeIDE_1.4.0\STM32CubeIDE\plugins\com.st.stm32cube.common.mx_6.0.0.202007160824\\db\/mcu/
2025-05-25 13:24:15,918 [INFO] DbBoardsPdsc:56 - Set plugin database path to: E:\Embedded System\Unit3\Setup\STM32CubeIDE_1.4.0\STM32CubeIDE\plugins\com.st.stm32cube.common.mx_6.0.0.202007160824\\db\/plugins/boardmanager/
2025-05-25 13:24:15,918 [INFO] DbMcus:258 - Set plugin images path to: E:\Embedded System\Unit3\Setup\STM32CubeIDE_1.4.0\STM32CubeIDE\plugins\com.st.stm32cube.common.mx_6.0.0.202007160824\\db\/plugins/mcufinder/images/
2025-05-25 13:24:15,918 [INFO] DbBoards:264 - Set plugin images path to: E:\Embedded System\Unit3\Setup\STM32CubeIDE_1.4.0\STM32CubeIDE\plugins\com.st.stm32cube.common.mx_6.0.0.202007160824\\db\/plugins/mcufinder/images/
2025-05-25 13:24:15,918 [INFO] DbExamples:326 - Set plugin images path to: E:\Embedded System\Unit3\Setup\STM32CubeIDE_1.4.0\STM32CubeIDE\plugins\com.st.stm32cube.common.mx_6.0.0.202007160824\\db\/plugins/mcufinder/images/
2025-05-25 13:24:15,918 [WARN] DbFile:36 - Overriding database path with different value: C:\Users\HP\.stmcufinder\plugins\mcufinder/ => C:\Users\HP\.stmcufinder\plugins\mcufinder
2025-05-25 13:24:15,918 [INFO] DbMcusDocs:112 - Set database path to: C:\Users\HP\.stmcufinder\plugins\mcufinder//mcu/
2025-05-25 13:24:15,918 [WARN] DbFile:36 - Overriding database path with different value: C:\Users\HP\.stmcufinder\plugins\mcufinder/ => C:\Users\HP\.stmcufinder\plugins\mcufinder
2025-05-25 13:24:15,925 [INFO] DbMcusJson:63 - Set database path to: C:\Users\HP\.stmcufinder\plugins\mcufinder//mcu/
2025-05-25 13:24:15,925 [WARN] DbFile:36 - Overriding database path with different value: C:\Users\HP\.stmcufinder\plugins\mcufinder/ => C:\Users\HP\.stmcufinder\plugins\mcufinder
2025-05-25 13:24:15,925 [INFO] DbBoardsDocs:112 - Set database path to: C:\Users\HP\.stmcufinder\plugins\mcufinder//mcu/
2025-05-25 13:24:15,925 [WARN] DbFile:36 - Overriding database path with different value: C:\Users\HP\.stmcufinder\plugins\mcufinder/ => C:\Users\HP\.stmcufinder\plugins\mcufinder
2025-05-25 13:24:15,927 [INFO] DbBoardsJson:56 - Set database path to: C:\Users\HP\.stmcufinder\plugins\mcufinder//mcu/
2025-05-25 13:24:15,927 [WARN] DbFile:36 - Overriding database path with different value: C:\Users\HP\.stmcufinder\plugins\mcufinder/ => C:\Users\HP\.stmcufinder\plugins\mcufinder
2025-05-25 13:24:15,927 [WARN] DbFile:36 - Overriding database path with different value: C:\Users\HP\.stmcufinder\plugins\mcufinder/ => C:\Users\HP\.stmcufinder\plugins\mcufinder
2025-05-25 13:24:15,927 [INFO] CrossReferenceDbSqlite:196 - Set database path to: C:\Users\HP\.stmcufinder\plugins\mcufinder//mcu/cs/
2025-05-25 13:24:15,929 [WARN] DbFile:36 - Overriding database path with different value: C:\Users\HP\.stmcufinder\plugins\mcufinder/ => C:\Users\HP\.stmcufinder\plugins\mcufinder
2025-05-25 13:24:15,930 [INFO] DbExamplesSqlite:800 - Set database path to: C:\Users\HP\.stmcufinder\plugins\mcufinder//mcu/
2025-05-25 13:24:16,298 [INFO] MainPanel:189 - HeapMemory: 737148928
2025-05-25 13:24:16,598 [INFO] DbMcusXml:70 - Set database path to: E:\Embedded System\Unit3\Setup\STM32CubeIDE_1.4.0\STM32CubeIDE\plugins\com.st.stm32cube.common.mx_6.0.0.202007160824\\db\/mcu/
2025-05-25 13:24:16,598 [INFO] DbBoardsPdsc:56 - Set plugin database path to: E:\Embedded System\Unit3\Setup\STM32CubeIDE_1.4.0\STM32CubeIDE\plugins\com.st.stm32cube.common.mx_6.0.0.202007160824\\db\/plugins/boardmanager/
2025-05-25 13:24:16,598 [INFO] DbMcus:258 - Set plugin images path to: E:\Embedded System\Unit3\Setup\STM32CubeIDE_1.4.0\STM32CubeIDE\plugins\com.st.stm32cube.common.mx_6.0.0.202007160824\\db\/plugins/mcufinder/images/
2025-05-25 13:24:16,607 [INFO] DbBoards:264 - Set plugin images path to: E:\Embedded System\Unit3\Setup\STM32CubeIDE_1.4.0\STM32CubeIDE\plugins\com.st.stm32cube.common.mx_6.0.0.202007160824\\db\/plugins/mcufinder/images/
2025-05-25 13:24:16,607 [INFO] DbExamples:326 - Set plugin images path to: E:\Embedded System\Unit3\Setup\STM32CubeIDE_1.4.0\STM32CubeIDE\plugins\com.st.stm32cube.common.mx_6.0.0.202007160824\\db\/plugins/mcufinder/images/
2025-05-25 13:24:16,607 [WARN] DbFile:36 - Overriding database path with different value: C:\Users\HP\.stmcufinder\plugins\mcufinder/ => C:\Users\HP\.stmcufinder\plugins\mcufinder
2025-05-25 13:24:16,607 [INFO] DbMcusDocs:112 - Set database path to: C:\Users\HP\.stmcufinder\plugins\mcufinder//mcu/
2025-05-25 13:24:16,607 [WARN] DbFile:36 - Overriding database path with different value: C:\Users\HP\.stmcufinder\plugins\mcufinder/ => C:\Users\HP\.stmcufinder\plugins\mcufinder
2025-05-25 13:24:16,607 [INFO] DbMcusJson:63 - Set database path to: C:\Users\HP\.stmcufinder\plugins\mcufinder//mcu/
2025-05-25 13:24:16,607 [WARN] DbFile:36 - Overriding database path with different value: C:\Users\HP\.stmcufinder\plugins\mcufinder/ => C:\Users\HP\.stmcufinder\plugins\mcufinder
2025-05-25 13:24:16,607 [INFO] DbBoardsDocs:112 - Set database path to: C:\Users\HP\.stmcufinder\plugins\mcufinder//mcu/
2025-05-25 13:24:16,607 [WARN] DbFile:36 - Overriding database path with different value: C:\Users\HP\.stmcufinder\plugins\mcufinder/ => C:\Users\HP\.stmcufinder\plugins\mcufinder
2025-05-25 13:24:16,607 [INFO] DbBoardsJson:56 - Set database path to: C:\Users\HP\.stmcufinder\plugins\mcufinder//mcu/
2025-05-25 13:24:16,607 [WARN] DbFile:36 - Overriding database path with different value: C:\Users\HP\.stmcufinder\plugins\mcufinder/ => C:\Users\HP\.stmcufinder\plugins\mcufinder
2025-05-25 13:24:16,607 [WARN] DbFile:36 - Overriding database path with different value: C:\Users\HP\.stmcufinder\plugins\mcufinder/ => C:\Users\HP\.stmcufinder\plugins\mcufinder
2025-05-25 13:24:16,612 [INFO] CrossReferenceDbSqlite:196 - Set database path to: C:\Users\HP\.stmcufinder\plugins\mcufinder//mcu/cs/
2025-05-25 13:24:16,612 [WARN] DbFile:36 - Overriding database path with different value: C:\Users\HP\.stmcufinder\plugins\mcufinder/ => C:\Users\HP\.stmcufinder\plugins\mcufinder
2025-05-25 13:24:16,612 [INFO] DbExamplesSqlite:800 - Set database path to: C:\Users\HP\.stmcufinder\plugins\mcufinder//mcu/
2025-05-25 13:24:16,662 [INFO] ApplicationProperties:181 - Using Application install path: E:\Embedded System\Unit3\Setup\STM32CubeIDE_1.4.0\STM32CubeIDE\plugins\com.st.stm32cube.common.mx_6.0.0.202007160824
2025-05-25 13:24:16,668 [INFO] PluginManage:178 - Search for loadable plugins [exclusion list=, ]
2025-05-25 13:24:16,688 [INFO] PluginManage:292 - Check plugin analytics
2025-05-25 13:24:22,366 [INFO] AnalyticsPlugin:203 - Accepted Software Licenses: STM32CubeMX.6.14.0
2025-05-25 13:24:22,368 [INFO] AnalyticsPlugin:205 - Accepted CMSIS Pack Licenses: 
2025-05-25 13:24:22,368 [INFO] AnalyticsPlugin:207 - Accepted Firmware Licenses: 
2025-05-25 13:24:22,368 [INFO] PluginManage:342 - Loaded plugin analytics (category:tool,tabindex:-1)
2025-05-25 13:24:22,370 [INFO] PluginManage:292 - Check plugin clock
2025-05-25 13:24:22,410 [INFO] PluginManage:342 - Loaded plugin clock (category:base,tabindex:2)
2025-05-25 13:24:22,410 [INFO] PluginManage:292 - Check plugin ddr
2025-05-25 13:24:22,431 [INFO] PluginManage:342 - Loaded plugin ddr (category:tool,tabindex:6)
2025-05-25 13:24:22,431 [INFO] PluginManage:292 - Check plugin filemanager
2025-05-25 13:24:22,753 [ERROR] LogOutputStream:74 - [STDERR_REDIRECT] [Fatal Error] :1:1: Premature end of file.
2025-05-25 13:24:22,763 [ERROR] LogOutputStream:74 - [STDERR_REDIRECT] 
2025-05-25 13:24:22,884 [ERROR] LogOutputStream:74 - [STDERR_REDIRECT] [Fatal Error] :1:1: Premature end of file.
2025-05-25 13:24:22,887 [ERROR] LogOutputStream:74 - [STDERR_REDIRECT] 
2025-05-25 13:24:22,945 [INFO] PluginManage:342 - Loaded plugin filemanager (category:base,tabindex:10)
2025-05-25 13:24:22,945 [INFO] PluginManage:292 - Check plugin ipmanager
2025-05-25 13:24:22,970 [INFO] PluginManage:342 - Loaded plugin ipmanager (category:base,tabindex:5)
2025-05-25 13:24:22,970 [INFO] PluginManage:292 - Check plugin pinoutandconfiguration
2025-05-25 13:24:22,993 [INFO] PluginManage:342 - Loaded plugin pinoutandconfiguration (category:base,tabindex:1)
2025-05-25 13:24:22,993 [INFO] PluginManage:292 - Check plugin pinoutconfig
2025-05-25 13:24:22,993 [ERROR] LogOutputStream:74 - [STDERR_REDIRECT] [Fatal Error] :1:1: Premature end of file.
2025-05-25 13:24:22,993 [ERROR] LogOutputStream:74 - [STDERR_REDIRECT] 
2025-05-25 13:24:23,118 [INFO] PluginManage:342 - Loaded plugin pinoutconfig (category:base,tabindex:0)
2025-05-25 13:24:23,118 [INFO] PluginManage:292 - Check plugin power
2025-05-25 13:24:23,264 [INFO] PluginManage:342 - Loaded plugin power (category:power,tabindex:4)
2025-05-25 13:24:23,264 [INFO] PluginManage:292 - Check plugin projectmanager
2025-05-25 13:24:23,335 [INFO] PluginManage:342 - Loaded plugin projectmanager (category:projectmanager,tabindex:3)
2025-05-25 13:24:23,335 [INFO] PluginManage:292 - Check plugin thirdparty
2025-05-25 13:24:23,632 [INFO] ThirdPartyDb:333 - Open Third Party DataBase File (C:/Users/HP/.stm32cubemx/plugins/thirdparty/db/thirdparties_db.xml) : 102 ms. number of Sw pack : 63
2025-05-25 13:24:23,638 [INFO] PluginManage:342 - Loaded plugin thirdparty (category:base,tabindex:-1)
2025-05-25 13:24:23,638 [INFO] PluginManage:292 - Check plugin tools
2025-05-25 13:24:23,643 [INFO] PluginManage:342 - Loaded plugin tools (category:base,tabindex:7)
2025-05-25 13:24:23,648 [INFO] PluginManage:292 - Check plugin tutovideos
2025-05-25 13:24:24,322 [INFO] PluginManage:342 - Loaded plugin tutovideos (category:base,tabindex:-1)
2025-05-25 13:24:24,325 [INFO] PluginManage:292 - Check plugin updater
2025-05-25 13:24:24,369 [INFO] PluginManage:342 - Loaded plugin updater (category:base,tabindex:12)
2025-05-25 13:24:24,370 [INFO] PluginManage:265 - PluginManage : Loaded plugins [13]
2025-05-25 13:24:24,832 [INFO] PinOutPanel:1418 - setPackage(No Configuration,No Configuration)
2025-05-25 13:24:25,043 [INFO] IPUIPlugin:64 - create IPUIPlugin
2025-05-25 13:24:25,043 [INFO] PluginManager:200 - loadIPPluginJar : add adc
2025-05-25 13:24:25,068 [INFO] IPUIPlugin:64 - create IPUIPlugin
2025-05-25 13:24:25,068 [INFO] PluginManager:200 - loadIPPluginJar : add aes
2025-05-25 13:24:25,119 [INFO] IPUIPlugin:64 - create IPUIPlugin
2025-05-25 13:24:25,119 [INFO] PluginManager:200 - loadIPPluginJar : add can
2025-05-25 13:24:25,133 [INFO] IPUIPlugin:64 - create IPUIPlugin
2025-05-25 13:24:25,133 [INFO] PluginManager:200 - loadIPPluginJar : add comp
2025-05-25 13:24:25,145 [INFO] IPUIPlugin:64 - create IPUIPlugin
2025-05-25 13:24:25,145 [INFO] PluginManager:200 - loadIPPluginJar : add cryp
2025-05-25 13:24:25,154 [INFO] IPUIPlugin:64 - create IPUIPlugin
2025-05-25 13:24:25,154 [INFO] PluginManager:200 - loadIPPluginJar : add dfsdm
2025-05-25 13:24:25,178 [INFO] IPUIPlugin:64 - create IPUIPlugin
2025-05-25 13:24:25,178 [INFO] PluginManager:200 - loadIPPluginJar : add dma
2025-05-25 13:24:25,194 [INFO] IPUIPlugin:64 - create IPUIPlugin
2025-05-25 13:24:25,194 [INFO] PluginManager:200 - loadIPPluginJar : add fatfs
2025-05-25 13:24:25,211 [INFO] IPUIPlugin:64 - create IPUIPlugin
2025-05-25 13:24:25,212 [INFO] PluginManager:200 - loadIPPluginJar : add fmc
2025-05-25 13:24:25,248 [INFO] IPUIPlugin:64 - create IPUIPlugin
2025-05-25 13:24:25,248 [INFO] PluginManager:200 - loadIPPluginJar : add freertos
2025-05-25 13:24:25,260 [INFO] IPUIPlugin:64 - create IPUIPlugin
2025-05-25 13:24:25,260 [INFO] PluginManager:200 - loadIPPluginJar : add genericplugin
2025-05-25 13:24:25,270 [INFO] IPUIPlugin:64 - create IPUIPlugin
2025-05-25 13:24:25,274 [INFO] PluginManager:200 - loadIPPluginJar : add gfxmmu
2025-05-25 13:24:25,301 [INFO] IPUIPlugin:64 - create IPUIPlugin
2025-05-25 13:24:25,301 [INFO] PluginManager:200 - loadIPPluginJar : add gic
2025-05-25 13:24:25,319 [INFO] IPUIPlugin:64 - create IPUIPlugin
2025-05-25 13:24:25,319 [INFO] PluginManager:200 - loadIPPluginJar : add gpio
2025-05-25 13:24:25,344 [INFO] IPUIPlugin:64 - create IPUIPlugin
2025-05-25 13:24:25,346 [INFO] PluginManager:200 - loadIPPluginJar : add gtzc
2025-05-25 13:24:25,368 [INFO] IPUIPlugin:64 - create IPUIPlugin
2025-05-25 13:24:25,368 [INFO] PluginManager:200 - loadIPPluginJar : add hash
2025-05-25 13:24:25,379 [INFO] IPUIPlugin:64 - create IPUIPlugin
2025-05-25 13:24:25,379 [INFO] PluginManager:200 - loadIPPluginJar : add i2c
2025-05-25 13:24:25,395 [INFO] IPUIPlugin:64 - create IPUIPlugin
2025-05-25 13:24:25,395 [INFO] PluginManager:200 - loadIPPluginJar : add i2s
2025-05-25 13:24:25,406 [INFO] IPUIPlugin:64 - create IPUIPlugin
2025-05-25 13:24:25,410 [INFO] PluginManager:200 - loadIPPluginJar : add ipddr
2025-05-25 13:24:25,433 [INFO] IPUIPlugin:64 - create IPUIPlugin
2025-05-25 13:24:25,433 [INFO] PluginManager:200 - loadIPPluginJar : add ltdc
2025-05-25 13:24:25,449 [INFO] IPUIPlugin:64 - create IPUIPlugin
2025-05-25 13:24:25,449 [INFO] PluginManager:200 - loadIPPluginJar : add mdma
2025-05-25 13:24:25,460 [INFO] IPUIPlugin:64 - create IPUIPlugin
2025-05-25 13:24:25,460 [INFO] PluginManager:200 - loadIPPluginJar : add nvic
2025-05-25 13:24:25,479 [INFO] IPUIPlugin:64 - create IPUIPlugin
2025-05-25 13:24:25,479 [INFO] PluginManager:200 - loadIPPluginJar : add opamp
2025-05-25 13:24:25,493 [INFO] IPUIPlugin:64 - create IPUIPlugin
2025-05-25 13:24:25,493 [INFO] PluginManager:200 - loadIPPluginJar : add openamp
2025-05-25 13:24:25,499 [INFO] IPUIPlugin:64 - create IPUIPlugin
2025-05-25 13:24:25,499 [INFO] PluginManager:200 - loadIPPluginJar : add pdm2pcm
2025-05-25 13:24:25,533 [INFO] IPUIPlugin:64 - create IPUIPlugin
2025-05-25 13:24:25,543 [INFO] PluginManager:200 - loadIPPluginJar : add plateformsettings
2025-05-25 13:24:25,555 [INFO] IPUIPlugin:64 - create IPUIPlugin
2025-05-25 13:24:25,555 [INFO] PluginManager:200 - loadIPPluginJar : add quadspi
2025-05-25 13:24:25,647 [INFO] IPUIPlugin:64 - create IPUIPlugin
2025-05-25 13:24:25,647 [INFO] PluginManager:200 - loadIPPluginJar : add resmgrutility
2025-05-25 13:24:25,701 [INFO] IPUIPlugin:64 - create IPUIPlugin
2025-05-25 13:24:25,713 [INFO] PluginManager:200 - loadIPPluginJar : add sai
2025-05-25 13:24:25,739 [INFO] IPUIPlugin:64 - create IPUIPlugin
2025-05-25 13:24:25,742 [INFO] PluginManager:200 - loadIPPluginJar : add spi
2025-05-25 13:24:25,749 [INFO] IPUIPlugin:64 - create IPUIPlugin
2025-05-25 13:24:25,749 [INFO] PluginManager:200 - loadIPPluginJar : add stm32_wpan
2025-05-25 13:24:25,753 [INFO] IPUIPlugin:64 - create IPUIPlugin
2025-05-25 13:24:25,755 [INFO] PluginManager:200 - loadIPPluginJar : add tim
2025-05-25 13:24:25,777 [INFO] IPUIPlugin:64 - create IPUIPlugin
2025-05-25 13:24:25,779 [INFO] PluginManager:200 - loadIPPluginJar : add touchsensing
2025-05-25 13:24:25,779 [INFO] IPUIPlugin:64 - create IPUIPlugin
2025-05-25 13:24:25,779 [INFO] PluginManager:200 - loadIPPluginJar : add tracer_emb
2025-05-25 13:24:25,786 [INFO] IPUIPlugin:64 - create IPUIPlugin
2025-05-25 13:24:25,789 [INFO] PluginManager:200 - loadIPPluginJar : add ts
2025-05-25 13:24:25,792 [INFO] IPUIPlugin:64 - create IPUIPlugin
2025-05-25 13:24:25,792 [INFO] PluginManager:200 - loadIPPluginJar : add tsc
2025-05-25 13:24:25,792 [INFO] IPUIPlugin:64 - create IPUIPlugin
2025-05-25 13:24:25,799 [INFO] PluginManager:200 - loadIPPluginJar : add ucpd
2025-05-25 13:24:25,802 [INFO] IPUIPlugin:64 - create IPUIPlugin
2025-05-25 13:24:25,802 [INFO] PluginManager:200 - loadIPPluginJar : add usart
2025-05-25 13:24:28,013 [INFO] CubeProgrammer:457 - [DDR PANEL] - PathOfProgrammer: null
2025-05-25 13:24:30,113 [FATAL] Updater:282 - Updater called before beeing initialized
2025-05-25 13:24:30,720 [FATAL] Updater:282 - Updater called before beeing initialized
2025-05-25 13:24:30,720 [WARN] ThirdParty:775 - waiting for thirdparty lock release [close project]
2025-05-25 13:24:30,724 [INFO] ThirdParty:777 - entering critical section [close project]
2025-05-25 13:24:30,724 [INFO] ThirdParty:790 - exiting critical section [close project]
2025-05-25 13:24:30,735 [INFO] PinOutPanel:1418 - setPackage(No Configuration,No Configuration)
2025-05-25 13:24:30,739 [FATAL] Updater:282 - Updater called before beeing initialized
2025-05-25 13:24:30,774 [ERROR] Updater:967 - MainUpdater not yet initialized. External WinMGr cannot be set.
2025-05-25 13:24:30,779 [INFO] CubeProgrammer:457 - [DDR PANEL] - PathOfProgrammer: E:\Embedded System\Unit3\Setup\STM32CubeIDE_1.4.0\STM32CubeIDE\plugins\com.st.stm32cube.ide.mcu.externaltools.cubeprogrammer.win32_1.4.0.202007081208\tools\bin
2025-05-25 13:24:30,794 [INFO] ProgrammerExecThread:148 - [ProgrammerAPI] CubeProgrammer command construction: E:\Embedded System\Unit3\Setup\STM32CubeIDE_1.4.0\STM32CubeIDE\plugins\com.st.stm32cube.ide.mcu.externaltools.cubeprogrammer.win32_1.4.0.202007081208\tools\bin\STM32_Programmer_CLI.exe -l
2025-05-25 13:24:33,070 [INFO] MainDdrPanel:49 - [DDR PANEL] SETTER - Set cubeProgrammerPath to: E:\Embedded System\Unit3\Setup\STM32CubeIDE_1.4.0\STM32CubeIDE\plugins\com.st.stm32cube.ide.mcu.externaltools.cubeprogrammer.win32_1.4.0.202007081208\tools\bin
2025-05-25 13:24:33,352 [INFO] Updater:904 - Updater Version found : 6.0.0
2025-05-25 13:24:33,440 [INFO] ApplicationProperties:181 - Using Application install path: E:\Embedded System\Unit3\Setup\STM32CubeIDE_1.4.0\STM32CubeIDE\plugins\com.st.stm32cube.common.mx_6.0.0.202007160824
2025-05-25 13:24:33,830 [INFO] MainUpdater:463 - Copy updater definitions from MX database
2025-05-25 13:24:34,797 [INFO] MainUpdater:2268 - connection check result : 10
2025-05-25 13:24:34,797 [INFO] MainUpdater:2935 - Updater definition file requires update
2025-05-25 13:24:34,802 [INFO] MainUpdater:239 - Updater Check For Update Now.
2025-05-25 13:24:34,803 [INFO] MicroXplorer:414 - Change Database Version : DB.6.0.0
2025-05-25 13:24:35,665 [WARN] IntegrityCheckThread:61 - waiting for thirdparty lock release [integrity check]
2025-05-25 13:24:35,665 [INFO] IntegrityCheckThread:63 - entering critical section [integrity check]
2025-05-25 13:24:35,666 [WARN] MainUpdater:1087 - Updater busy. Cannot search thirdparties
2025-05-25 13:24:35,671 [INFO] ServerAccessManage:348 - Download File updaters.zip
2025-05-25 13:24:36,420 [INFO] FileExtend:225 - Unzip File : updaters.zip
2025-05-25 13:24:36,426 [INFO] FileExtend:240 - Standard Zip Deflate
2025-05-25 13:24:37,880 [INFO] ServerAccessManage:348 - Download File PacksControlFlags.xml
2025-05-25 13:24:38,679 [WARN] MainUpdater:1087 - Updater busy. Cannot search thirdparties
2025-05-25 13:24:38,719 [INFO] ServerAccessManage:348 - Download File cubemx.pidx
2025-05-25 13:24:41,682 [WARN] MainUpdater:1087 - Updater busy. Cannot search thirdparties
2025-05-25 13:24:41,870 [INFO] ServerAccessManage:348 - Download File STMicroelectronics.X-CUBE-FREERTOS.pdsc
2025-05-25 13:24:44,697 [WARN] MainUpdater:1087 - Updater busy. Cannot search thirdparties
2025-05-25 13:24:45,628 [INFO] MainUpdater:2268 - connection check result : 10
2025-05-25 13:24:46,441 [INFO] ServerAccessManage:348 - Download File STMicroelectronics.X-CUBE-MEMS1.pdsc
2025-05-25 13:24:47,713 [WARN] MainUpdater:1087 - Updater busy. Cannot search thirdparties
2025-05-25 13:24:50,713 [WARN] MainUpdater:1087 - Updater busy. Cannot search thirdparties
2025-05-25 13:24:53,728 [WARN] MainUpdater:1087 - Updater busy. Cannot search thirdparties
2025-05-25 13:24:56,739 [WARN] MainUpdater:1087 - Updater busy. Cannot search thirdparties
2025-05-25 13:24:57,054 [INFO] McuFinderGlobals:40 - Set McuFinder mode to 2 (CubeIDE integrated)
2025-05-25 13:24:57,302 [INFO] CrossSelectorPresenter:1330 - Cross Selector saved comparison directory: C:\Users\HP\.stmcufinder\plugins\mcufinder\mcu\cs_comparisons_mx
2025-05-25 13:24:57,312 [INFO] MultiScanPanel:193 - Auto-refresh data requested => check proxy status ongoing
2025-05-25 13:24:57,318 [INFO] FinderPluginLoader:87 - Searching for filters in installed packs
2025-05-25 13:24:57,346 [INFO] DbMcusXml:100 - Load MCU database from E:\Embedded System\Unit3\Setup\STM32CubeIDE_1.4.0\STM32CubeIDE\plugins\com.st.stm32cube.common.mx_6.0.0.202007160824\\db\/mcu/families.xml
2025-05-25 13:24:58,899 [INFO] DbMcusJson:92 - JSON generation date=Tue Nov 16 18:17:54 EET 2021 (1637079474)
2025-05-25 13:24:59,745 [WARN] MainUpdater:1087 - Updater busy. Cannot search thirdparties
2025-05-25 13:25:00,682 [INFO] DbMcus:175 - Found 1761 MCUs (1722 are supported by CubeMX, 1911 are visible in CubeMX)
2025-05-25 13:25:00,695 [INFO] ApiDb:201 - Load user favorites file C:\Users\HP/.stm32cubeide/favorites.mcus.txt: 0 item(s)
2025-05-25 13:25:00,695 [INFO] ApiDb:205 - User favorites MCUs=[]
2025-05-25 13:25:00,695 [INFO] DbMcus:187 - Set 0 / 0 favorites MCUs
2025-05-25 13:25:02,103 [ERROR] WebUtils:355 - Updater is busy
2025-05-25 13:25:02,103 [WARN] DetailPanel:334 - Failed to get advertising image, set to default
2025-05-25 13:25:02,758 [WARN] MainUpdater:1087 - Updater busy. Cannot search thirdparties
2025-05-25 13:25:02,781 [ERROR] WebUtils:615 - Updater is busy
2025-05-25 13:25:02,781 [ERROR] WebUtils:615 - Updater is busy
2025-05-25 13:25:02,783 [ERROR] WebUtils:615 - Updater is busy
2025-05-25 13:25:02,783 [ERROR] WebUtils:615 - Updater is busy
2025-05-25 13:25:02,783 [ERROR] WebUtils:615 - Updater is busy
2025-05-25 13:25:02,795 [ERROR] WebUtils:615 - Updater is busy
2025-05-25 13:25:02,795 [ERROR] WebUtils:615 - Updater is busy
2025-05-25 13:25:02,795 [ERROR] DbUtils:114 - File not found: C:\Users\HP\.stmcufinder\plugins\mcufinder//mcu/mcusDocs.json._tmp_
2025-05-25 13:25:02,795 [WARN] DbUtils:163 - success is not a boolean!
2025-05-25 13:25:02,795 [ERROR] DbMcusDocs:83 - No MCUs documents found !
2025-05-25 13:25:02,795 [ERROR] DbFile:108 - Temporary file not found: C:\Users\HP\.stmcufinder\plugins\mcufinder\mcu\mcusDocs.json._tmp_
2025-05-25 13:25:02,856 [INFO] DbMcusDocs:145 - JSON generation date=Tue Nov 16 18:17:54 EET 2021 (1637079474)
2025-05-25 13:25:03,303 [INFO] DbMcusDocs:81 - Found 682 MCUs documents
2025-05-25 13:25:03,306 [INFO] ApiDb:226 - Save user favorites file C:\Users\HP/.stm32cubeide/favorites.mcus.txt: 0 item(s)
2025-05-25 13:25:03,306 [INFO] ApiDb:230 - User favorites MCUs=[]
2025-05-25 13:25:03,306 [INFO] DbMcusXml:100 - Load MCU database from E:\Embedded System\Unit3\Setup\STM32CubeIDE_1.4.0\STM32CubeIDE\plugins\com.st.stm32cube.common.mx_6.0.0.202007160824\\db\/mcu/families.xml
2025-05-25 13:25:03,559 [ERROR] DbUtils:114 - File not found: C:\Users\HP\.stmcufinder\plugins\mcufinder//mcu/mcusFeaturesAndDescription.json._tmp_
2025-05-25 13:25:03,559 [WARN] DbUtils:163 - success is not a boolean!
2025-05-25 13:25:03,560 [ERROR] DbFile:108 - Temporary file not found: C:\Users\HP\.stmcufinder\plugins\mcufinder\mcu\mcusFeaturesAndDescription.json._tmp_
2025-05-25 13:25:03,563 [INFO] DbMcus:175 - Found 1761 MCUs (1722 are supported by CubeMX, 1722 are visible in CubeMX)
2025-05-25 13:25:03,563 [INFO] ApiDb:201 - Load user favorites file C:\Users\HP/.stm32cubeide/favorites.mcus.txt: 0 item(s)
2025-05-25 13:25:03,563 [INFO] ApiDb:205 - User favorites MCUs=[]
2025-05-25 13:25:03,563 [INFO] DbMcus:187 - Set 0 / 0 favorites MCUs
2025-05-25 13:25:03,679 [INFO] McuFilterPanel:245 - Update 0 favorites MCUs
2025-05-25 13:25:04,265 [ERROR] DbUtils:114 - File not found: C:\Users\HP\.stmcufinder\plugins\mcufinder//mcu/boardsDocs.json._tmp_
2025-05-25 13:25:04,265 [WARN] DbUtils:163 - success is not a boolean!
2025-05-25 13:25:04,265 [ERROR] DbBoardsDocs:83 - No boards documents found !
2025-05-25 13:25:04,265 [ERROR] DbFile:108 - Temporary file not found: C:\Users\HP\.stmcufinder\plugins\mcufinder\mcu\boardsDocs.json._tmp_
2025-05-25 13:25:04,277 [INFO] DbBoardsDocs:145 - JSON generation date=Tue Nov 16 18:17:54 EET 2021 (1637079474)
2025-05-25 13:25:04,445 [INFO] DbBoardsPdsc:94 - Found 23 items
2025-05-25 13:25:04,462 [INFO] DbBoardsPdsc:94 - Found 9 items
2025-05-25 13:25:04,473 [INFO] DbBoardsPdsc:94 - Found 29 items
2025-05-25 13:25:04,474 [INFO] DbBoardsPdsc:94 - Found 1 items
2025-05-25 13:25:04,495 [INFO] DbBoardsPdsc:94 - Found 44 items
2025-05-25 13:25:04,503 [INFO] DbBoardsPdsc:94 - Found 40 items
2025-05-25 13:25:04,505 [INFO] DbBoardsPdsc:94 - Found 2 items
2025-05-25 13:25:04,520 [INFO] DbBoardsPdsc:94 - Found 4 items
2025-05-25 13:25:04,530 [WARN] DbBoardsPdsc:258 - Board STM32H7B3I-DK: unknown feature type=Audio, name=, username=Audio stereo codec with Headphone Amp (CS42L51-CNZ), n=1
2025-05-25 13:25:04,530 [WARN] DbBoardsPdsc:258 - Board STM32H735G-DK: unknown feature type=Audio, name=, username=Audio stereo codec with Headphone Amp (WM8994ECS/R), n=1
2025-05-25 13:25:04,533 [WARN] DbBoardsPdsc:258 - Board STM32H7B3I-EVAL: unknown feature type=Audio, name=, username=Multi-Channel Audio Codec (CS42L51-CNZ), n=1
2025-05-25 13:25:04,533 [WARN] DbBoardsPdsc:258 - Board STM32H7B3I-EVAL: unknown feature type=Meter, name=, username=Power-metering and Temperature-monitoring with sigma-delta modulators, n=1
2025-05-25 13:25:04,535 [WARN] DbBoardsPdsc:258 - Board STM32H7B3I-EVAL: unknown feature type=Motor, name=, username=Motor Control, n=1
2025-05-25 13:25:04,535 [ERROR] DbUtils:114 - File not found: C:\Users\HP\.stmcufinder\plugins\mcufinder//mcu/boards.json._tmp_
2025-05-25 13:25:04,535 [WARN] DbUtils:163 - success is not a boolean!
2025-05-25 13:25:04,535 [ERROR] DbFile:108 - Temporary file not found: C:\Users\HP\.stmcufinder\plugins\mcufinder\mcu\boards.json._tmp_
2025-05-25 13:25:04,535 [INFO] DbBoards:117 - Found 152 boards (149 are supported by CubeMX)
2025-05-25 13:25:04,540 [INFO] DbBoardsDocs:145 - JSON generation date=Tue Nov 16 18:17:54 EET 2021 (1637079474)
2025-05-25 13:25:04,546 [ERROR] DbBoardsDocs:83 - No boards documents found !
2025-05-25 13:25:04,549 [INFO] DbBoardsDocs:145 - JSON generation date=Tue Nov 16 18:17:54 EET 2021 (1637079474)
2025-05-25 13:25:04,551 [ERROR] DbBoardsDocs:83 - No boards documents found !
2025-05-25 13:25:04,553 [WARN] DbBoards:127 - board B-G474E-DPOW1 has no document id list !
2025-05-25 13:25:04,553 [WARN] DbBoards:127 - board B-L072Z-LRWAN1 has no document id list !
2025-05-25 13:25:04,553 [WARN] DbBoards:127 - board B-L462E-CELL1 has no document id list !
2025-05-25 13:25:04,553 [WARN] DbBoards:127 - board B-L475E-IOT01A1 has no document id list !
2025-05-25 13:25:04,553 [WARN] DbBoards:127 - board B-L475E-IOT01A2 has no document id list !
2025-05-25 13:25:04,553 [WARN] DbBoards:127 - board B-L4S5I-IOT01A has no document id list !
2025-05-25 13:25:04,553 [WARN] DbBoards:127 - board NUCLEO-F030R8 has no document id list !
2025-05-25 13:25:04,555 [WARN] DbBoards:127 - board NUCLEO-F031K6 has no document id list !
2025-05-25 13:25:04,555 [WARN] DbBoards:127 - board NUCLEO-F042K6 has no document id list !
2025-05-25 13:25:04,555 [WARN] DbBoards:127 - board NUCLEO-F070RB has no document id list !
2025-05-25 13:25:04,555 [WARN] DbBoards:127 - board NUCLEO-F072RB has no document id list !
2025-05-25 13:25:04,556 [WARN] DbBoards:127 - board NUCLEO-F091RC has no document id list !
2025-05-25 13:25:04,556 [WARN] DbBoards:127 - board NUCLEO-F103RB has no document id list !
2025-05-25 13:25:04,556 [WARN] DbBoards:127 - board NUCLEO-F207ZG has no document id list !
2025-05-25 13:25:04,556 [WARN] DbBoards:127 - board NUCLEO-F302R8 has no document id list !
2025-05-25 13:25:04,556 [WARN] DbBoards:127 - board NUCLEO-F303K8 has no document id list !
2025-05-25 13:25:04,556 [WARN] DbBoards:127 - board NUCLEO-F303RE has no document id list !
2025-05-25 13:25:04,556 [WARN] DbBoards:127 - board NUCLEO-F303ZE has no document id list !
2025-05-25 13:25:04,556 [WARN] DbBoards:127 - board NUCLEO-F334R8 has no document id list !
2025-05-25 13:25:04,556 [WARN] DbBoards:127 - board NUCLEO-F401RE has no document id list !
2025-05-25 13:25:04,558 [WARN] DbBoards:127 - board NUCLEO-F410RB has no document id list !
2025-05-25 13:25:04,558 [WARN] DbBoards:127 - board NUCLEO-F411RE has no document id list !
2025-05-25 13:25:04,558 [WARN] DbBoards:127 - board NUCLEO-F412ZG has no document id list !
2025-05-25 13:25:04,558 [WARN] DbBoards:127 - board NUCLEO-F413ZH has no document id list !
2025-05-25 13:25:04,559 [WARN] DbBoards:127 - board NUCLEO-F429ZI has no document id list !
2025-05-25 13:25:04,559 [WARN] DbBoards:127 - board NUCLEO-F439ZI has no document id list !
2025-05-25 13:25:04,560 [WARN] DbBoards:127 - board NUCLEO-F446RE has no document id list !
2025-05-25 13:25:04,560 [WARN] DbBoards:127 - board NUCLEO-F446ZE has no document id list !
2025-05-25 13:25:04,560 [WARN] DbBoards:127 - board NUCLEO-F722ZE has no document id list !
2025-05-25 13:25:04,560 [WARN] DbBoards:127 - board NUCLEO-F746ZG has no document id list !
2025-05-25 13:25:04,560 [WARN] DbBoards:127 - board NUCLEO-F767ZI has no document id list !
2025-05-25 13:25:04,560 [WARN] DbBoards:127 - board NUCLEO-G031K8 has no document id list !
2025-05-25 13:25:04,560 [WARN] DbBoards:127 - board NUCLEO-G070RB has no document id list !
2025-05-25 13:25:04,560 [WARN] DbBoards:127 - board NUCLEO-G071RB has no document id list !
2025-05-25 13:25:04,560 [WARN] DbBoards:127 - board NUCLEO-G431KB has no document id list !
2025-05-25 13:25:04,562 [WARN] DbBoards:127 - board NUCLEO-G431RB has no document id list !
2025-05-25 13:25:04,562 [WARN] DbBoards:127 - board NUCLEO-G474RE has no document id list !
2025-05-25 13:25:04,562 [WARN] DbBoards:127 - board NUCLEO-G491RE has no document id list !
2025-05-25 13:25:04,562 [WARN] DbBoards:127 - board NUCLEO-H723ZG has no document id list !
2025-05-25 13:25:04,563 [WARN] DbBoards:127 - board NUCLEO-H743ZI has no document id list !
2025-05-25 13:25:04,563 [WARN] DbBoards:127 - board NUCLEO-H743ZI2 has no document id list !
2025-05-25 13:25:04,563 [WARN] DbBoards:127 - board NUCLEO-H745ZI-Q has no document id list !
2025-05-25 13:25:04,563 [WARN] DbBoards:127 - board NUCLEO-H753ZI has no document id list !
2025-05-25 13:25:04,563 [WARN] DbBoards:127 - board NUCLEO-H755ZI-Q has no document id list !
2025-05-25 13:25:04,563 [WARN] DbBoards:127 - board NUCLEO-H7A3ZI-Q has no document id list !
2025-05-25 13:25:04,563 [WARN] DbBoards:127 - board NUCLEO-L010RB has no document id list !
2025-05-25 13:25:04,563 [WARN] DbBoards:127 - board NUCLEO-L011K4 has no document id list !
2025-05-25 13:25:04,565 [WARN] DbBoards:127 - board NUCLEO-L031K6 has no document id list !
2025-05-25 13:25:04,565 [WARN] DbBoards:127 - board NUCLEO-L053R8 has no document id list !
2025-05-25 13:25:04,565 [WARN] DbBoards:127 - board NUCLEO-L073RZ has no document id list !
2025-05-25 13:25:04,565 [WARN] DbBoards:127 - board NUCLEO-L152RE has no document id list !
2025-05-25 13:25:04,565 [WARN] DbBoards:127 - board NUCLEO-L412KB has no document id list !
2025-05-25 13:25:04,565 [WARN] DbBoards:127 - board NUCLEO-L412RB-P has no document id list !
2025-05-25 13:25:04,565 [WARN] DbBoards:127 - board NUCLEO-L432KC has no document id list !
2025-05-25 13:25:04,565 [WARN] DbBoards:127 - board NUCLEO-L433RC-P has no document id list !
2025-05-25 13:25:04,565 [WARN] DbBoards:127 - board NUCLEO-L452RE has no document id list !
2025-05-25 13:25:04,565 [WARN] DbBoards:127 - board NUCLEO-L452RE-P has no document id list !
2025-05-25 13:25:04,567 [WARN] DbBoards:127 - board NUCLEO-L476RG has no document id list !
2025-05-25 13:25:04,567 [WARN] DbBoards:127 - board NUCLEO-L496ZG has no document id list !
2025-05-25 13:25:04,567 [WARN] DbBoards:127 - board NUCLEO-L496ZG-P has no document id list !
2025-05-25 13:25:04,567 [WARN] DbBoards:127 - board NUCLEO-L4P5ZG has no document id list !
2025-05-25 13:25:04,567 [WARN] DbBoards:127 - board NUCLEO-L4R5ZI has no document id list !
2025-05-25 13:25:04,567 [WARN] DbBoards:127 - board NUCLEO-L4R5ZI-P has no document id list !
2025-05-25 13:25:04,567 [WARN] DbBoards:127 - board NUCLEO-L552ZE-Q has no document id list !
2025-05-25 13:25:04,567 [WARN] DbBoards:127 - board NUCLEO-WB55RG has no document id list !
2025-05-25 13:25:04,567 [WARN] DbBoards:127 - board P-NUCLEO-WB55 has no document id list !
2025-05-25 13:25:04,567 [WARN] DbBoards:127 - board P-NUCLEO-WB55-Nucleo has no document id list !
2025-05-25 13:25:04,567 [WARN] DbBoards:127 - board P-NUCLEO-WB55-USBDongle has no document id list !
2025-05-25 13:25:04,567 [WARN] DbBoards:127 - board STEVAL-BFA001V1B has no document id list !
2025-05-25 13:25:04,567 [WARN] DbBoards:127 - board STEVAL-BFA001V2B has no document id list !
2025-05-25 13:25:04,567 [WARN] DbBoards:127 - board STEVAL-IDP005V1 has no document id list !
2025-05-25 13:25:04,567 [WARN] DbBoards:127 - board STEVAL-IDP005V2 has no document id list !
2025-05-25 13:25:04,567 [WARN] DbBoards:127 - board STEVAL-MKSBOX1V1 has no document id list !
2025-05-25 13:25:04,567 [WARN] DbBoards:127 - board STEVAL-STWINKT1 has no document id list !
2025-05-25 13:25:04,567 [WARN] DbBoards:127 - board STM32072B-EVAL has no document id list !
2025-05-25 13:25:04,567 [WARN] DbBoards:127 - board STM32091C-EVAL has no document id list !
2025-05-25 13:25:04,567 [WARN] DbBoards:127 - board STM32100E-EVAL has no document id list !
2025-05-25 13:25:04,567 [WARN] DbBoards:127 - board STM3210C-EVAL has no document id list !
2025-05-25 13:25:04,572 [WARN] DbBoards:127 - board STM3210E-EVAL has no document id list !
2025-05-25 13:25:04,572 [WARN] DbBoards:127 - board STM3220G-EVAL has no document id list !
2025-05-25 13:25:04,572 [WARN] DbBoards:127 - board STM3221G-EVAL has no document id list !
2025-05-25 13:25:04,572 [WARN] DbBoards:127 - board STM32303C-EVAL has no document id list !
2025-05-25 13:25:04,572 [WARN] DbBoards:127 - board STM32303E-EVAL has no document id list !
2025-05-25 13:25:04,573 [WARN] DbBoards:127 - board STM32373C-EVAL has no document id list !
2025-05-25 13:25:04,573 [WARN] DbBoards:127 - board STM3240G-EVAL has no document id list !
2025-05-25 13:25:04,573 [WARN] DbBoards:127 - board STM3241G-EVAL has no document id list !
2025-05-25 13:25:04,573 [WARN] DbBoards:127 - board STM32429I-EVAL1 has no document id list !
2025-05-25 13:25:04,573 [WARN] DbBoards:127 - board STM32439I-EVAL2 has no document id list !
2025-05-25 13:25:04,573 [WARN] DbBoards:127 - board STM32446E-EVAL has no document id list !
2025-05-25 13:25:04,573 [WARN] DbBoards:127 - board STM32469I-EVAL has no document id list !
2025-05-25 13:25:04,574 [WARN] DbBoards:127 - board STM32479I-EVAL has no document id list !
2025-05-25 13:25:04,574 [WARN] DbBoards:127 - board STM32746G-EVAL2 has no document id list !
2025-05-25 13:25:04,574 [WARN] DbBoards:127 - board STM32756G-EVAL2 has no document id list !
2025-05-25 13:25:04,574 [WARN] DbBoards:127 - board STM32F0308-DISCO has no document id list !
2025-05-25 13:25:04,574 [WARN] DbBoards:127 - board STM32F072B-DISCO has no document id list !
2025-05-25 13:25:04,574 [WARN] DbBoards:127 - board STM32F0DISCOVERY has no document id list !
2025-05-25 13:25:04,574 [WARN] DbBoards:127 - board STM32F3348-DISCO has no document id list !
2025-05-25 13:25:04,576 [WARN] DbBoards:127 - board STM32F3DISCOVERY has no document id list !
2025-05-25 13:25:04,576 [WARN] DbBoards:127 - board STM32F401C-DISCO has no document id list !
2025-05-25 13:25:04,576 [WARN] DbBoards:127 - board STM32F407G-DISC1 has no document id list !
2025-05-25 13:25:04,576 [WARN] DbBoards:127 - board STM32F411E-DISCO has no document id list !
2025-05-25 13:25:04,576 [WARN] DbBoards:127 - board STM32F412G-DISCO has no document id list !
2025-05-25 13:25:04,576 [WARN] DbBoards:127 - board STM32F413H-DISCO has no document id list !
2025-05-25 13:25:04,576 [WARN] DbBoards:127 - board STM32F429I-DISC1 has no document id list !
2025-05-25 13:25:04,576 [WARN] DbBoards:127 - board STM32F469I-DISCO has no document id list !
2025-05-25 13:25:04,576 [WARN] DbBoards:127 - board STM32F723E-DISCO has no document id list !
2025-05-25 13:25:04,576 [WARN] DbBoards:127 - board STM32F7308-DK has no document id list !
2025-05-25 13:25:04,576 [WARN] DbBoards:127 - board STM32F746G-DISCO has no document id list !
2025-05-25 13:25:04,576 [WARN] DbBoards:127 - board STM32F7508-DK has no document id list !
2025-05-25 13:25:04,576 [WARN] DbBoards:127 - board STM32F769I-DISC1 has no document id list !
2025-05-25 13:25:04,576 [WARN] DbBoards:127 - board STM32F769I-DISCO has no document id list !
2025-05-25 13:25:04,576 [WARN] DbBoards:127 - board STM32F769I-EVAL has no document id list !
2025-05-25 13:25:04,576 [WARN] DbBoards:127 - board STM32F779I-EVAL has no document id list !
2025-05-25 13:25:04,576 [WARN] DbBoards:127 - board STM32G0316-DISCO has no document id list !
2025-05-25 13:25:04,576 [WARN] DbBoards:127 - board STM32G071B-DISCO has no document id list !
2025-05-25 13:25:04,576 [WARN] DbBoards:127 - board STM32G081B-EVAL has no document id list !
2025-05-25 13:25:04,576 [WARN] DbBoards:127 - board STM32G474E-EVAL has no document id list !
2025-05-25 13:25:04,576 [WARN] DbBoards:127 - board STM32G474E-EVAL1 has no document id list !
2025-05-25 13:25:04,576 [WARN] DbBoards:127 - board STM32G484E-EVAL has no document id list !
2025-05-25 13:25:04,576 [WARN] DbBoards:127 - board STM32H735G-DK has no document id list !
2025-05-25 13:25:04,576 [WARN] DbBoards:127 - board STM32H743I-EVAL has no document id list !
2025-05-25 13:25:04,576 [WARN] DbBoards:127 - board STM32H743I-EVAL2 has no document id list !
2025-05-25 13:25:04,576 [WARN] DbBoards:127 - board STM32H745I-DISCO has no document id list !
2025-05-25 13:25:04,576 [WARN] DbBoards:127 - board STM32H747I-DISC1 has no document id list !
2025-05-25 13:25:04,576 [WARN] DbBoards:127 - board STM32H747I-DISCO has no document id list !
2025-05-25 13:25:04,576 [WARN] DbBoards:127 - board STM32H747I-EVAL has no document id list !
2025-05-25 13:25:04,576 [WARN] DbBoards:127 - board STM32H750B-DK has no document id list !
2025-05-25 13:25:04,576 [WARN] DbBoards:127 - board STM32H753I-EVAL has no document id list !
2025-05-25 13:25:04,576 [WARN] DbBoards:127 - board STM32H753I-EVAL2 has no document id list !
2025-05-25 13:25:04,583 [WARN] DbBoards:127 - board STM32H757I-EVAL has no document id list !
2025-05-25 13:25:04,583 [WARN] DbBoards:127 - board STM32H7B3I-DK has no document id list !
2025-05-25 13:25:04,583 [WARN] DbBoards:127 - board STM32H7B3I-EVAL has no document id list !
2025-05-25 13:25:04,583 [WARN] DbBoards:127 - board STM32L-DISCOVERY has no document id list !
2025-05-25 13:25:04,583 [WARN] DbBoards:127 - board STM32L0538-DISCO has no document id list !
2025-05-25 13:25:04,583 [WARN] DbBoards:127 - board STM32L073Z-EVAL has no document id list !
2025-05-25 13:25:04,583 [WARN] DbBoards:127 - board STM32L100C-DISCO has no document id list !
2025-05-25 13:25:04,583 [WARN] DbBoards:127 - board STM32L152C-DISCO has no document id list !
2025-05-25 13:25:04,583 [WARN] DbBoards:127 - board STM32L152D-EVAL has no document id list !
2025-05-25 13:25:04,583 [WARN] DbBoards:127 - board STM32L476G-DISCO has no document id list !
2025-05-25 13:25:04,583 [WARN] DbBoards:127 - board STM32L476G-EVAL has no document id list !
2025-05-25 13:25:04,583 [WARN] DbBoards:127 - board STM32L496G-DISCO has no document id list !
2025-05-25 13:25:04,583 [WARN] DbBoards:127 - board STM32L4P5G-DK has no document id list !
2025-05-25 13:25:04,583 [WARN] DbBoards:127 - board STM32L4R9I-DISCO has no document id list !
2025-05-25 13:25:04,583 [WARN] DbBoards:127 - board STM32L4R9I-EVAL has no document id list !
2025-05-25 13:25:04,583 [WARN] DbBoards:127 - board STM32L552E-EV has no document id list !
2025-05-25 13:25:04,583 [WARN] DbBoards:127 - board STM32L562E-DK has no document id list !
2025-05-25 13:25:04,583 [WARN] DbBoards:127 - board STM32MP157A-DK1 has no document id list !
2025-05-25 13:25:04,583 [WARN] DbBoards:127 - board STM32MP157A-EV1 has no document id list !
2025-05-25 13:25:04,583 [WARN] DbBoards:127 - board STM32MP157C-DK2 has no document id list !
2025-05-25 13:25:04,583 [WARN] DbBoards:127 - board STM32MP157C-EV1 has no document id list !
2025-05-25 13:25:04,583 [WARN] DbBoards:127 - board STM32MP157F-EV1 has no document id list !
2025-05-25 13:25:04,583 [WARN] DbBoards:127 - board STM32VLDISCOVERY has no document id list !
2025-05-25 13:25:04,875 [ERROR] DbBoards:192 - No image file URL for board B-L462E-CELL1
2025-05-25 13:25:05,771 [WARN] MainUpdater:1087 - Updater busy. Cannot search thirdparties
2025-05-25 13:25:07,083 [INFO] ApiDb:201 - Load user favorites file C:\Users\HP/.stm32cubeide/favorites.boards.txt: 0 item(s)
2025-05-25 13:25:07,083 [INFO] ApiDb:205 - User favorites Boards=[]
2025-05-25 13:25:07,083 [INFO] DbBoards:206 - Set 0 / 0 favorites Boards
2025-05-25 13:25:07,383 [ERROR] DbBoardsDocs:83 - No boards documents found !
2025-05-25 13:25:07,383 [INFO] ApiDb:226 - Save user favorites file C:\Users\HP/.stm32cubeide/favorites.boards.txt: 0 item(s)
2025-05-25 13:25:07,383 [INFO] ApiDb:230 - User favorites Boards=[]
2025-05-25 13:25:07,393 [INFO] DbBoardsPdsc:94 - Found 23 items
2025-05-25 13:25:07,393 [INFO] DbBoardsPdsc:94 - Found 9 items
2025-05-25 13:25:07,398 [INFO] DbBoardsPdsc:94 - Found 29 items
2025-05-25 13:25:07,400 [INFO] DbBoardsPdsc:94 - Found 1 items
2025-05-25 13:25:07,408 [INFO] DbBoardsPdsc:94 - Found 44 items
2025-05-25 13:25:07,413 [INFO] DbBoardsPdsc:94 - Found 40 items
2025-05-25 13:25:07,413 [INFO] DbBoardsPdsc:94 - Found 2 items
2025-05-25 13:25:07,413 [INFO] DbBoardsPdsc:94 - Found 4 items
2025-05-25 13:25:07,413 [WARN] DbBoardsPdsc:258 - Board STM32H7B3I-DK: unknown feature type=Audio, name=, username=Audio stereo codec with Headphone Amp (CS42L51-CNZ), n=1
2025-05-25 13:25:07,413 [WARN] DbBoardsPdsc:258 - Board STM32H735G-DK: unknown feature type=Audio, name=, username=Audio stereo codec with Headphone Amp (WM8994ECS/R), n=1
2025-05-25 13:25:07,413 [WARN] DbBoardsPdsc:258 - Board STM32H7B3I-EVAL: unknown feature type=Audio, name=, username=Multi-Channel Audio Codec (CS42L51-CNZ), n=1
2025-05-25 13:25:07,423 [WARN] DbBoardsPdsc:258 - Board STM32H7B3I-EVAL: unknown feature type=Meter, name=, username=Power-metering and Temperature-monitoring with sigma-delta modulators, n=1
2025-05-25 13:25:07,423 [WARN] DbBoardsPdsc:258 - Board STM32H7B3I-EVAL: unknown feature type=Motor, name=, username=Motor Control, n=1
2025-05-25 13:25:07,482 [INFO] DbBoardsJson:85 - JSON generation date=Tue Nov 16 18:17:54 EET 2021 (1637079474)
2025-05-25 13:25:07,491 [INFO] DbBoards:117 - Found 166 boards (149 are supported by CubeMX)
2025-05-25 13:25:07,495 [INFO] DbBoardsDocs:145 - JSON generation date=Tue Nov 16 18:17:54 EET 2021 (1637079474)
2025-05-25 13:25:07,505 [INFO] DbBoardsDocs:81 - Found 209 boards documents
2025-05-25 13:25:07,509 [WARN] DbBoards:127 - board B-L475E-IOT01A2 has no document id list !
2025-05-25 13:25:07,513 [WARN] DbBoards:127 - board NUCLEO-H743ZI has no document id list !
2025-05-25 13:25:07,517 [WARN] DbBoards:127 - board P-NUCLEO-WB55-Nucleo has no document id list !
2025-05-25 13:25:07,517 [WARN] DbBoards:127 - board P-NUCLEO-WB55-USBDongle has no document id list !
2025-05-25 13:25:07,517 [WARN] DbBoards:127 - board STEVAL-BFA001V1B has no document id list !
2025-05-25 13:25:07,517 [WARN] DbBoards:127 - board STEVAL-BFA001V2B has no document id list !
2025-05-25 13:25:07,517 [WARN] DbBoards:127 - board STEVAL-IDP005V1 has no document id list !
2025-05-25 13:25:07,517 [WARN] DbBoards:127 - board STEVAL-IDP005V2 has no document id list !
2025-05-25 13:25:07,519 [WARN] DbBoards:127 - board STEVAL-MKSBOX1V1 has no document id list !
2025-05-25 13:25:07,519 [WARN] DbBoards:127 - board STEVAL-STWINKT1 has no document id list !
2025-05-25 13:25:07,519 [WARN] DbBoards:127 - board STEVAL-STWINKT1B has no document id list !
2025-05-25 13:25:07,519 [WARN] DbBoards:127 - board STM32439I-EVAL2 has no document id list !
2025-05-25 13:25:07,519 [WARN] DbBoards:127 - board STM32F401C-DISCO has no document id list !
2025-05-25 13:25:07,521 [WARN] DbBoards:127 - board STM32F769I-DISC1 has no document id list !
2025-05-25 13:25:07,521 [WARN] DbBoards:127 - board STM32G474E-EVAL1 has no document id list !
2025-05-25 13:25:07,521 [WARN] DbBoards:127 - board STM32H743I-EVAL2 has no document id list !
2025-05-25 13:25:07,521 [WARN] DbBoards:127 - board STM32H747I-DISC1 has no document id list !
2025-05-25 13:25:07,523 [WARN] DbBoards:127 - board STM32H753I-EVAL2 has no document id list !
2025-05-25 13:25:07,523 [WARN] DbBoards:127 - board STM32L-DISCOVERY has no document id list !
2025-05-25 13:25:07,601 [ERROR] DbBoards:189 - Image file not found for board B-L462E-CELL1: E:\Embedded System\Unit3\Setup\STM32CubeIDE_1.4.0\STM32CubeIDE\plugins\com.st.stm32cube.common.mx_6.0.0.202007160824\\db\/plugins/mcufinder/images/boards/B-L462E-CELL1_small.jpg
2025-05-25 13:25:07,643 [ERROR] DbBoards:189 - Image file not found for board B-U585I-IOT02A: E:\Embedded System\Unit3\Setup\STM32CubeIDE_1.4.0\STM32CubeIDE\plugins\com.st.stm32cube.common.mx_6.0.0.202007160824\\db\/plugins/mcufinder/images/boards/B-U585I-IOT02A_small.jpg
2025-05-25 13:25:07,737 [ERROR] DbBoards:189 - Image file not found for board NUCLEO-F413ZH: E:\Embedded System\Unit3\Setup\STM32CubeIDE_1.4.0\STM32CubeIDE\plugins\com.st.stm32cube.common.mx_6.0.0.202007160824\\db\/plugins/mcufinder/images/boards/nucleo-f413zh_small.jpg
2025-05-25 13:25:08,019 [ERROR] DbBoards:189 - Image file not found for board NUCLEO-L552ZE-Q: E:\Embedded System\Unit3\Setup\STM32CubeIDE_1.4.0\STM32CubeIDE\plugins\com.st.stm32cube.common.mx_6.0.0.202007160824\\db\/plugins/mcufinder/images/boards/nucleo_l552ze_q_small.jpg
2025-05-25 13:25:08,019 [ERROR] DbBoards:189 - Image file not found for board NUCLEO-U575ZI-Q: E:\Embedded System\Unit3\Setup\STM32CubeIDE_1.4.0\STM32CubeIDE\plugins\com.st.stm32cube.common.mx_6.0.0.202007160824\\db\/plugins/mcufinder/images/boards/nucleo-u575zi-q_small.jpg
2025-05-25 13:25:08,019 [ERROR] DbBoards:189 - Image file not found for board NUCLEO-WB15CC: E:\Embedded System\Unit3\Setup\STM32CubeIDE_1.4.0\STM32CubeIDE\plugins\com.st.stm32cube.common.mx_6.0.0.202007160824\\db\/plugins/mcufinder/images/boards/nucleo-wb15cc_small.jpg
2025-05-25 13:25:08,019 [ERROR] DbBoards:189 - Image file not found for board NUCLEO-WB55RG: E:\Embedded System\Unit3\Setup\STM32CubeIDE_1.4.0\STM32CubeIDE\plugins\com.st.stm32cube.common.mx_6.0.0.202007160824\\db\/plugins/mcufinder/images/boards/nucleo-wb55rg_small.jpg
2025-05-25 13:25:08,019 [ERROR] DbBoards:189 - Image file not found for board NUCLEO-WL55JC: E:\Embedded System\Unit3\Setup\STM32CubeIDE_1.4.0\STM32CubeIDE\plugins\com.st.stm32cube.common.mx_6.0.0.202007160824\\db\/plugins/mcufinder/images/boards/nucleo-wl55jc-small.jpg
2025-05-25 13:25:08,201 [ERROR] DbBoards:189 - Image file not found for board STEVAL-STWINKT1B: E:\Embedded System\Unit3\Setup\STM32CubeIDE_1.4.0\STM32CubeIDE\plugins\com.st.stm32cube.common.mx_6.0.0.202007160824\\db\/plugins/mcufinder/images/boards/steval-stwinkt1b_small.jpg
2025-05-25 13:25:08,637 [ERROR] DbBoards:189 - Image file not found for board STM32G0C1E-EV: E:\Embedded System\Unit3\Setup\STM32CubeIDE_1.4.0\STM32CubeIDE\plugins\com.st.stm32cube.common.mx_6.0.0.202007160824\\db\/plugins/mcufinder/images/boards/stm32g0c1e-eval_small.jpg
2025-05-25 13:25:08,737 [ERROR] DbBoards:189 - Image file not found for board STM32H7B3I-EVAL: E:\Embedded System\Unit3\Setup\STM32CubeIDE_1.4.0\STM32CubeIDE\plugins\com.st.stm32cube.common.mx_6.0.0.202007160824\\db\/plugins/mcufinder/images/boards/stm32h7b3ieval_small.jpg
2025-05-25 13:25:08,785 [WARN] MainUpdater:1087 - Updater busy. Cannot search thirdparties
2025-05-25 13:25:08,909 [ERROR] DbBoards:189 - Image file not found for board STM32U575I-EV: E:\Embedded System\Unit3\Setup\STM32CubeIDE_1.4.0\STM32CubeIDE\plugins\com.st.stm32cube.common.mx_6.0.0.202007160824\\db\/plugins/mcufinder/images/boards/stm32u575i-ev_small.jpg
2025-05-25 13:25:08,937 [ERROR] DbBoards:189 - Image file not found for board STM32WB5MM-DK: E:\Embedded System\Unit3\Setup\STM32CubeIDE_1.4.0\STM32CubeIDE\plugins\com.st.stm32cube.common.mx_6.0.0.202007160824\\db\/plugins/mcufinder/images/boards/STM32WB5MM-DK_small.jpg
2025-05-25 13:25:08,939 [INFO] ApiDb:201 - Load user favorites file C:\Users\HP/.stm32cubeide/favorites.boards.txt: 0 item(s)
2025-05-25 13:25:08,939 [INFO] ApiDb:205 - User favorites Boards=[]
2025-05-25 13:25:08,939 [INFO] DbBoards:206 - Set 0 / 0 favorites Boards
2025-05-25 13:25:09,228 [ERROR] MultiScanPanel:793 - Unable to refresh data
2025-05-25 13:25:09,230 [INFO] McuFilterPanel:245 - Update 0 favorites MCUs
2025-05-25 13:25:11,800 [WARN] MainUpdater:1087 - Updater busy. Cannot search thirdparties
2025-05-25 13:25:13,906 [INFO] ServerAccessManage:348 - Download File STMicroelectronics.X-CUBE-NFC7.pdsc
2025-05-25 13:25:14,801 [WARN] MainUpdater:1087 - Updater busy. Cannot search thirdparties
2025-05-25 13:25:17,001 [INFO] ServerAccessManage:348 - Download File STMicroelectronics.X-CUBE-ST60.pdsc
2025-05-25 13:25:17,815 [WARN] MainUpdater:1087 - Updater busy. Cannot search thirdparties
2025-05-25 13:25:18,849 [INFO] ServerAccessManage:348 - Download File STMicroelectronics.X-CUBE-TOF1.pdsc
2025-05-25 13:25:20,816 [ERROR] IntegrityCheckThread:67 - Unexpected exception IntegrityCheckThread Thread:
2025-05-25 13:25:20,816 [ERROR] IntegrityCheckThread:70 - java.lang.Exception: Updater error
	at com.st.microxplorer.plugins.thirdparty.engine.IntegrityCheckThread.getUpdaterThirdPartyList(IntegrityCheckThread.java:296)
	at com.st.microxplorer.plugins.thirdparty.engine.IntegrityCheckThread.runProcess(IntegrityCheckThread.java:84)
	at com.st.microxplorer.plugins.thirdparty.engine.IntegrityCheckThread.run(IntegrityCheckThread.java:65)

2025-05-25 13:25:20,816 [INFO] ThirdPartyDb:299 - Save Third Party DataBase File (C:/Users/HP/.stm32cubemx/plugins/thirdparty/db/thirdparties_db.xml) [forced]
2025-05-25 13:25:21,095 [INFO] IntegrityCheckThread:76 - exiting critical section [integrity check]
2025-05-25 13:25:21,095 [INFO] IntegrityCheckThread:79 - End integrity checks thread
2025-05-25 13:25:27,866 [ERROR] ServerAccessManage:947 - Problem, file not found on Server
2025-05-25 13:25:29,543 [INFO] ServerAccessManage:348 - Download File STMicroelectronics.X-CUBE-WB05N.pdsc
2025-05-25 13:25:30,576 [INFO] ServerAccessManage:348 - Download File Avnet-IotConnect.X-CUBE-IoTC-DA16k-PMOD.pdsc
2025-05-25 13:25:30,951 [WARN] PopulateThirdPartyThread:96 - Error when creating pack: C:/Users/HP/.stm32cubemx/thirdparties/pdsc/STMicroelectronics.X-CUBE-FREERTOS.pdsc
2025-05-25 13:25:30,956 [INFO] CheckServerUpdateThread:102 - End of CheckServer Thread
2025-05-25 13:25:31,901 [INFO] ThirdPartyDb:299 - Save Third Party DataBase File (C:/Users/HP/.stm32cubemx/plugins/thirdparty/db/thirdparties_db.xml) [forced]
2025-05-25 13:25:32,006 [INFO] ThirdPartyDb:299 - Save Third Party DataBase File (C:/Users/HP/.stm32cubemx/plugins/thirdparty/db/thirdparties_db.xml) [forced]
2025-05-25 13:25:32,100 [WARN] PopulateThirdPartyThread:96 - Error when creating pack: C:/Users/HP/.stm32cubemx/thirdparties/pdsc/STMicroelectronics.X-CUBE-ST60.pdsc
2025-05-25 13:25:32,106 [WARN] PopulateThirdPartyThread:96 - Error when creating pack: C:/Users/HP/.stm32cubemx/thirdparties/pdsc/STMicroelectronics.X-CUBE-TOF1.pdsc
2025-05-25 13:25:32,408 [INFO] ThirdPartyDb:299 - Save Third Party DataBase File (C:/Users/HP/.stm32cubemx/plugins/thirdparty/db/thirdparties_db.xml) [forced]
2025-05-25 13:25:32,488 [WARN] PopulateThirdPartyThread:96 - Error when creating pack: C:/Users/HP/.stm32cubemx/thirdparties/pdsc/Avnet-IotConnect.X-CUBE-IoTC-DA16k-PMOD.pdsc
2025-05-25 13:25:32,488 [INFO] PopulateThirdPartyThread:50 - Ending populate Thread
2025-05-25 13:25:32,488 [INFO] ThirdPartyDb:299 - Save Third Party DataBase File (C:/Users/HP/.stm32cubemx/plugins/thirdparty/db/thirdparties_db.xml) [forced]
2025-05-25 13:25:32,566 [INFO] Engine:289 - softwarePackList size : 66
2025-05-25 13:25:32,594 [INFO] Engine:301 - compute dependency for SwPack FP-ATR-ASTRA1 have been done, and update is requested
2025-05-25 13:25:32,648 [INFO] Engine:301 - compute dependency for SwPack FP-ATR-SIGFOX1 have been done, and update is requested
2025-05-25 13:25:32,730 [INFO] Engine:301 - compute dependency for SwPack X-CUBE-AI have been done, and update is requested
2025-05-25 13:25:32,776 [INFO] Engine:301 - compute dependency for SwPack X-CUBE-BLE1 have been done, and update is requested
2025-05-25 13:25:32,820 [INFO] Engine:301 - compute dependency for SwPack X-CUBE-BLE2 have been done, and update is requested
2025-05-25 13:25:32,900 [INFO] Engine:301 - compute dependency for SwPack X-CUBE-EEPRMA1 have been done, and update is requested
2025-05-25 13:25:32,942 [INFO] Engine:301 - compute dependency for SwPack X-CUBE-GNSS1 have been done, and update is requested
2025-05-25 13:25:32,978 [INFO] Engine:301 - compute dependency for SwPack X-CUBE-ISPU have been done, and update is requested
2025-05-25 13:25:34,849 [INFO] Engine:301 - compute dependency for SwPack X-CUBE-MEMS1 have been done, and update is requested
2025-05-25 13:25:34,898 [INFO] Engine:301 - compute dependency for SwPack X-CUBE-NFC4 have been done, and update is requested
2025-05-25 13:25:34,950 [INFO] Engine:301 - compute dependency for SwPack X-CUBE-NFC6 have been done, and update is requested
2025-05-25 13:25:34,995 [INFO] Engine:301 - compute dependency for SwPack X-CUBE-NFC7 have been done, and update is requested
2025-05-25 13:25:35,043 [INFO] Engine:301 - compute dependency for SwPack X-CUBE-SFXS2LP1 have been done, and update is requested
2025-05-25 13:25:35,077 [INFO] Engine:301 - compute dependency for SwPack X-CUBE-SAFEA1 have been done, and update is requested
2025-05-25 13:25:35,156 [INFO] Engine:301 - compute dependency for SwPack X-CUBE-SUBG2 have been done, and update is requested
2025-05-25 13:25:35,178 [INFO] Engine:305 - compute dependency for SwPack X-CUBE-TOUCHGFX have been done, no update is requested
2025-05-25 13:25:35,186 [INFO] Engine:301 - compute dependency for SwPack X-CUBE-ALGOBUILD have been done, and update is requested
2025-05-25 13:25:35,231 [INFO] Engine:301 - compute dependency for SwPack X-CUBE-AZRTOS-H7 have been done, and update is requested
2025-05-25 13:25:35,256 [INFO] Engine:301 - compute dependency for SwPack X-CUBE-AZRTOS-H7RS have been done, and update is requested
2025-05-25 13:25:35,286 [INFO] Engine:301 - compute dependency for SwPack X-CUBE-AZRTOS-F4 have been done, and update is requested
2025-05-25 13:25:35,314 [INFO] Engine:301 - compute dependency for SwPack X-CUBE-AZRTOS-F7 have been done, and update is requested
2025-05-25 13:25:35,342 [INFO] Engine:301 - compute dependency for SwPack X-CUBE-AZRTOS-L4 have been done, and update is requested
2025-05-25 13:25:35,366 [ERROR] DependencyParser:1297 - StateRcvOpen_Cte Bad Token : )
2025-05-25 13:25:35,366 [ERROR] DependencyParser:1297 - StateRcvOpen_Cte Bad Token : )
2025-05-25 13:25:35,366 [ERROR] DependencyParser:1297 - StateRcvOpen_Cte Bad Token : )
2025-05-25 13:25:35,366 [ERROR] DependencyParser:1297 - StateRcvOpen_Cte Bad Token : )
2025-05-25 13:25:35,366 [ERROR] DependencyParser:1297 - StateRcvOpen_Cte Bad Token : )
2025-05-25 13:25:35,366 [ERROR] DependencyParser:1297 - StateRcvOpen_Cte Bad Token : )
2025-05-25 13:25:35,366 [ERROR] DependencyParser:1297 - StateRcvOpen_Cte Bad Token : )
2025-05-25 13:25:35,366 [ERROR] DependencyParser:1297 - StateRcvOpen_Cte Bad Token : )
2025-05-25 13:25:35,366 [ERROR] DependencyParser:1297 - StateRcvOpen_Cte Bad Token : )
2025-05-25 13:25:35,366 [ERROR] DependencyParser:1297 - StateRcvOpen_Cte Bad Token : )
2025-05-25 13:25:35,366 [ERROR] DependencyParser:1297 - StateRcvOpen_Cte Bad Token : )
2025-05-25 13:25:35,366 [ERROR] DependencyParser:1297 - StateRcvOpen_Cte Bad Token : )
2025-05-25 13:25:35,366 [ERROR] DependencyParser:1297 - StateRcvOpen_Cte Bad Token : )
2025-05-25 13:25:35,366 [ERROR] DependencyParser:1297 - StateRcvOpen_Cte Bad Token : )
2025-05-25 13:25:35,366 [ERROR] DependencyParser:1297 - StateRcvOpen_Cte Bad Token : )
2025-05-25 13:25:35,366 [ERROR] DependencyParser:1297 - StateRcvOpen_Cte Bad Token : )
2025-05-25 13:25:35,366 [ERROR] DependencyParser:1297 - StateRcvOpen_Cte Bad Token : )
2025-05-25 13:25:35,366 [ERROR] DependencyParser:1297 - StateRcvOpen_Cte Bad Token : )
2025-05-25 13:25:35,366 [ERROR] DependencyParser:1297 - StateRcvOpen_Cte Bad Token : )
2025-05-25 13:25:35,366 [ERROR] DependencyParser:1297 - StateRcvOpen_Cte Bad Token : )
2025-05-25 13:25:35,366 [ERROR] DependencyParser:1297 - StateRcvOpen_Cte Bad Token : )
2025-05-25 13:25:35,366 [ERROR] DependencyParser:1297 - StateRcvOpen_Cte Bad Token : )
2025-05-25 13:25:35,366 [ERROR] DependencyParser:1297 - StateRcvOpen_Cte Bad Token : )
2025-05-25 13:25:35,366 [ERROR] DependencyParser:1297 - StateRcvOpen_Cte Bad Token : )
2025-05-25 13:25:35,366 [ERROR] DependencyParser:1297 - StateRcvOpen_Cte Bad Token : )
2025-05-25 13:25:35,366 [ERROR] DependencyParser:1297 - StateRcvOpen_Cte Bad Token : )
2025-05-25 13:25:35,366 [ERROR] DependencyParser:1297 - StateRcvOpen_Cte Bad Token : )
2025-05-25 13:25:35,366 [ERROR] DependencyParser:1297 - StateRcvOpen_Cte Bad Token : )
2025-05-25 13:25:35,366 [ERROR] DependencyParser:1297 - StateRcvOpen_Cte Bad Token : )
2025-05-25 13:25:35,366 [ERROR] DependencyParser:1297 - StateRcvOpen_Cte Bad Token : )
2025-05-25 13:25:35,366 [ERROR] DependencyParser:1297 - StateRcvOpen_Cte Bad Token : )
2025-05-25 13:25:35,366 [ERROR] DependencyParser:1297 - StateRcvOpen_Cte Bad Token : )
2025-05-25 13:25:35,366 [ERROR] DependencyParser:1297 - StateRcvOpen_Cte Bad Token : )
2025-05-25 13:25:35,366 [ERROR] DependencyParser:1297 - StateRcvOpen_Cte Bad Token : )
2025-05-25 13:25:35,366 [ERROR] DependencyParser:1297 - StateRcvOpen_Cte Bad Token : )
2025-05-25 13:25:35,366 [ERROR] DependencyParser:1297 - StateRcvOpen_Cte Bad Token : )
2025-05-25 13:25:35,366 [ERROR] DependencyParser:1297 - StateRcvOpen_Cte Bad Token : )
2025-05-25 13:25:35,366 [ERROR] DependencyParser:1297 - StateRcvOpen_Cte Bad Token : )
2025-05-25 13:25:35,366 [ERROR] DependencyParser:1297 - StateRcvOpen_Cte Bad Token : )
2025-05-25 13:25:35,366 [ERROR] DependencyParser:1297 - StateRcvOpen_Cte Bad Token : )
2025-05-25 13:25:35,366 [ERROR] DependencyParser:1297 - StateRcvOpen_Cte Bad Token : )
2025-05-25 13:25:35,366 [ERROR] DependencyParser:1297 - StateRcvOpen_Cte Bad Token : )
2025-05-25 13:25:35,366 [ERROR] DependencyParser:1297 - StateRcvOpen_Cte Bad Token : )
2025-05-25 13:25:35,366 [ERROR] DependencyParser:1297 - StateRcvOpen_Cte Bad Token : )
2025-05-25 13:25:35,366 [ERROR] DependencyParser:1297 - StateRcvOpen_Cte Bad Token : )
2025-05-25 13:25:35,366 [ERROR] DependencyParser:1297 - StateRcvOpen_Cte Bad Token : )
2025-05-25 13:25:35,366 [INFO] Engine:305 - compute dependency for SwPack X-CUBE-AZRTOS-L5 have been done, no update is requested
2025-05-25 13:25:35,391 [INFO] Engine:301 - compute dependency for SwPack X-CUBE-AZRTOS-G0 have been done, and update is requested
2025-05-25 13:25:35,416 [INFO] Engine:301 - compute dependency for SwPack X-CUBE-AZRTOS-G4 have been done, and update is requested
2025-05-25 13:25:35,442 [INFO] Engine:301 - compute dependency for SwPack X-CUBE-AZRTOS-WB have been done, and update is requested
2025-05-25 13:25:35,466 [INFO] Engine:301 - compute dependency for SwPack X-CUBE-AZRTOS-WL have been done, and update is requested
2025-05-25 13:25:35,487 [INFO] Engine:301 - compute dependency for SwPack I-CUBE-wolfSSL have been done, and update is requested
2025-05-25 13:25:35,511 [INFO] Engine:301 - compute dependency for SwPack I-CUBE-wolfMQTT have been done, and update is requested
2025-05-25 13:25:35,537 [INFO] Engine:301 - compute dependency for SwPack I-CUBE-wolfTPM have been done, and update is requested
2025-05-25 13:25:35,566 [INFO] Engine:301 - compute dependency for SwPack I-CUBE-wolfSSH have been done, and update is requested
2025-05-25 13:25:36,247 [INFO] Engine:301 - compute dependency for SwPack I-CUBE-embOS have been done, and update is requested
2025-05-25 13:25:36,266 [INFO] Engine:301 - compute dependency for SwPack I-Cube-SoM-uGOAL have been done, and update is requested
2025-05-25 13:25:36,301 [INFO] Engine:301 - compute dependency for SwPack I-CUBE-Cesium have been done, and update is requested
2025-05-25 13:25:36,341 [INFO] Engine:305 - compute dependency for SwPack FreeRTOS have been done, no update is requested
2025-05-25 13:25:36,341 [INFO] Engine:305 - compute dependency for SwPack lwIP have been done, no update is requested
2025-05-25 13:25:36,343 [INFO] Engine:305 - compute dependency for SwPack lwIP have been done, no update is requested
2025-05-25 13:25:36,343 [INFO] Engine:305 - compute dependency for SwPack MBEDTLS have been done, no update is requested
2025-05-25 13:25:36,343 [INFO] Engine:305 - compute dependency for SwPack MBEDTLS have been done, no update is requested
2025-05-25 13:25:36,343 [INFO] Engine:305 - compute dependency for SwPack PDM2PCM have been done, no update is requested
2025-05-25 13:25:36,343 [INFO] Engine:305 - compute dependency for SwPack PDM2PCM have been done, no update is requested
2025-05-25 13:25:36,343 [INFO] Engine:305 - compute dependency for SwPack PDM2PCM have been done, no update is requested
2025-05-25 13:25:36,351 [INFO] Engine:305 - compute dependency for SwPack USB_DEVICE have been done, no update is requested
2025-05-25 13:25:36,351 [INFO] Engine:305 - compute dependency for SwPack USB_DEVICE have been done, no update is requested
2025-05-25 13:25:36,351 [INFO] Engine:305 - compute dependency for SwPack USB_DEVICE have been done, no update is requested
2025-05-25 13:25:36,357 [INFO] Engine:305 - compute dependency for SwPack USB_HOST have been done, no update is requested
2025-05-25 13:25:36,357 [INFO] Engine:305 - compute dependency for SwPack USB_HOST have been done, no update is requested
2025-05-25 13:25:39,008 [INFO] Engine:301 - compute dependency for SwPack X-CUBE-MEMS1 have been done, and update is requested
2025-05-25 13:25:39,042 [INFO] Engine:301 - compute dependency for SwPack X-CUBE-AZRTOS-H7 have been done, and update is requested
2025-05-25 13:25:39,059 [INFO] Engine:301 - compute dependency for SwPack X-CUBE-AI have been done, and update is requested
2025-05-25 13:25:39,079 [INFO] Engine:301 - compute dependency for SwPack X-CUBE-GNSS1 have been done, and update is requested
2025-05-25 13:25:39,105 [INFO] Engine:301 - compute dependency for SwPack X-CUBE-ISPU have been done, and update is requested
2025-05-25 13:25:39,147 [INFO] Engine:301 - compute dependency for SwPack X-CUBE-NFC9 have been done, and update is requested
2025-05-25 13:25:39,187 [INFO] Engine:301 - compute dependency for SwPack X-CUBE-NFC10 have been done, and update is requested
2025-05-25 13:25:39,203 [INFO] Engine:305 - compute dependency for SwPack X-CUBE-TOUCHGFX have been done, no update is requested
2025-05-25 13:25:39,211 [INFO] Engine:301 - compute dependency for SwPack X-CUBE-WB05N have been done, and update is requested
2025-05-25 13:25:39,231 [INFO] Engine:301 - compute dependency for SwPack FP-ATR-ASTRA1 have been done, and update is requested
2025-05-25 13:25:39,262 [INFO] Engine:301 - compute dependency for SwPack X-CUBE-AI have been done, and update is requested
2025-05-25 13:25:39,291 [INFO] Engine:301 - compute dependency for SwPack X-CUBE-BLE1 have been done, and update is requested
2025-05-25 13:25:39,337 [INFO] Engine:301 - compute dependency for SwPack X-CUBE-GNSS1 have been done, and update is requested
2025-05-25 13:25:41,357 [INFO] Engine:301 - compute dependency for SwPack X-CUBE-MEMS1 have been done, and update is requested
2025-05-25 13:25:41,372 [INFO] Engine:305 - compute dependency for SwPack X-CUBE-TOUCHGFX have been done, no update is requested
2025-05-25 13:25:41,378 [INFO] Engine:301 - compute dependency for SwPack X-CUBE-AZRTOS-H7RS have been done, and update is requested
2025-05-25 13:25:43,686 [INFO] Engine:301 - compute dependency for SwPack X-CUBE-MEMS1 have been done, and update is requested
2025-05-25 13:25:43,707 [INFO] Engine:301 - compute dependency for SwPack X-CUBE-NFC7 have been done, and update is requested
2025-05-25 13:25:43,723 [INFO] Engine:301 - compute dependency for SwPack X-CUBE-WB05N have been done, and update is requested
2025-05-25 13:25:43,745 [INFO] ThirdPartyDb:299 - Save Third Party DataBase File (C:/Users/HP/.stm32cubemx/plugins/thirdparty/db/thirdparties_db.xml) [forced]
2025-05-25 13:25:43,811 [INFO] LoadServerUpdatesThread:309 - End of LoadServerUpdate Thread
2025-05-25 13:26:35,752 [INFO] LogOutputStream:76 - [STDOUT_REDIRECT] withoutVersionV1.8.4
2025-05-25 13:26:35,752 [INFO] LogOutputStream:76 - [STDOUT_REDIRECT] withoutVersionV1.8.3
2025-05-25 13:26:35,752 [INFO] LogOutputStream:76 - [STDOUT_REDIRECT] withoutVersionV1.8.2
2025-05-25 13:26:35,752 [INFO] LogOutputStream:76 - [STDOUT_REDIRECT] withoutVersionV1.8.1
2025-05-25 13:26:35,752 [INFO] LogOutputStream:76 - [STDOUT_REDIRECT] withoutVersionV1.8.0
2025-05-25 13:26:49,673 [INFO] ApiDb:226 - Save user favorites file C:\Users\HP/.stm32cubeide/favorites.mcus.txt: 0 item(s)
2025-05-25 13:26:49,673 [INFO] ApiDb:230 - User favorites MCUs=[]
2025-05-25 13:26:52,454 [ERROR] LogOutputStream:74 - [STDERR_REDIRECT] [Fatal Error] :1:1: Premature end of file.
2025-05-25 13:26:52,454 [ERROR] LogOutputStream:74 - [STDERR_REDIRECT] 
2025-05-25 13:26:52,724 [ERROR] LogOutputStream:74 - [STDERR_REDIRECT] [Fatal Error] :1:1: Premature end of file.
2025-05-25 13:26:52,724 [ERROR] LogOutputStream:74 - [STDERR_REDIRECT] 
2025-05-25 13:26:52,940 [ERROR] LogOutputStream:74 - [STDERR_REDIRECT] [Fatal Error] :1:1: Premature end of file.
2025-05-25 13:26:52,940 [ERROR] LogOutputStream:74 - [STDERR_REDIRECT] 
2025-05-25 13:26:53,259 [ERROR] LogOutputStream:74 - [STDERR_REDIRECT] [Fatal Error] :1:1: Premature end of file.
2025-05-25 13:26:53,261 [ERROR] LogOutputStream:74 - [STDERR_REDIRECT] 
2025-05-25 13:26:53,644 [ERROR] LogOutputStream:74 - [STDERR_REDIRECT] [Fatal Error] :1:1: Premature end of file.
2025-05-25 13:26:53,644 [ERROR] LogOutputStream:74 - [STDERR_REDIRECT] 
2025-05-25 13:26:53,894 [ERROR] LogOutputStream:74 - [STDERR_REDIRECT] [Fatal Error] :1:1: Premature end of file.
2025-05-25 13:26:53,894 [ERROR] LogOutputStream:74 - [STDERR_REDIRECT] 
2025-05-25 13:26:54,199 [ERROR] LogOutputStream:74 - [STDERR_REDIRECT] [Fatal Error] :1:1: Premature end of file.
2025-05-25 13:26:54,199 [ERROR] LogOutputStream:74 - [STDERR_REDIRECT] 
2025-05-25 13:26:54,604 [ERROR] LogOutputStream:74 - [STDERR_REDIRECT] [Fatal Error] :1:1: Premature end of file.
2025-05-25 13:26:54,604 [ERROR] LogOutputStream:74 - [STDERR_REDIRECT] 
2025-05-25 13:26:55,094 [ERROR] LogOutputStream:74 - [STDERR_REDIRECT] [Fatal Error] :1:1: Premature end of file.
2025-05-25 13:26:55,096 [ERROR] LogOutputStream:74 - [STDERR_REDIRECT] 
2025-05-25 13:26:55,494 [ERROR] LogOutputStream:74 - [STDERR_REDIRECT] [Fatal Error] :1:1: Premature end of file.
2025-05-25 13:26:55,494 [ERROR] LogOutputStream:74 - [STDERR_REDIRECT] 
2025-05-25 13:26:55,941 [ERROR] LogOutputStream:74 - [STDERR_REDIRECT] [Fatal Error] :1:1: Premature end of file.
2025-05-25 13:26:55,944 [ERROR] LogOutputStream:74 - [STDERR_REDIRECT] 
2025-05-25 13:26:56,498 [ERROR] LogOutputStream:74 - [STDERR_REDIRECT] [Fatal Error] :1:1: Premature end of file.
2025-05-25 13:26:56,500 [ERROR] LogOutputStream:74 - [STDERR_REDIRECT] 
2025-05-25 13:37:18,164 [ERROR] LogOutputStream:74 - [STDERR_REDIRECT] [Fatal Error] :1:1: Premature end of file.
2025-05-25 13:37:18,176 [ERROR] LogOutputStream:74 - [STDERR_REDIRECT] 
2025-05-25 13:37:18,260 [ERROR] LogOutputStream:74 - [STDERR_REDIRECT] [Fatal Error] :1:1: Premature end of file.
2025-05-25 13:37:18,260 [ERROR] LogOutputStream:74 - [STDERR_REDIRECT] 
2025-05-25 13:37:18,388 [ERROR] LogOutputStream:74 - [STDERR_REDIRECT] [Fatal Error] :1:1: Premature end of file.
2025-05-25 13:37:18,388 [ERROR] LogOutputStream:74 - [STDERR_REDIRECT] 
2025-05-26 23:23:45,481 [INFO] Activator:178 - 


2025-05-26 23:23:45,513 [INFO] Activator:179 - !SESSION log4j initialized
2025-05-26 23:24:10,345 [ERROR] LogOutputStream:74 - [STDERR_REDIRECT] [Fatal Error] :1:1: Premature end of file.
2025-05-26 23:24:10,347 [ERROR] LogOutputStream:74 - [STDERR_REDIRECT] 
2025-05-26 23:24:10,887 [ERROR] LogOutputStream:74 - [STDERR_REDIRECT] [Fatal Error] :1:1: Premature end of file.
2025-05-26 23:24:10,887 [ERROR] LogOutputStream:74 - [STDERR_REDIRECT] 
2025-05-26 23:24:11,502 [ERROR] LogOutputStream:74 - [STDERR_REDIRECT] [Fatal Error] :1:1: Premature end of file.
2025-05-26 23:24:11,502 [ERROR] LogOutputStream:74 - [STDERR_REDIRECT] 
2025-05-26 23:33:35,591 [ERROR] LogOutputStream:74 - [STDERR_REDIRECT] [Fatal Error] :1:1: Premature end of file.
2025-05-26 23:33:35,603 [ERROR] LogOutputStream:74 - [STDERR_REDIRECT] 
2025-05-26 23:33:35,993 [ERROR] LogOutputStream:74 - [STDERR_REDIRECT] [Fatal Error] :1:1: Premature end of file.
2025-05-26 23:33:35,993 [ERROR] LogOutputStream:74 - [STDERR_REDIRECT] 
2025-05-26 23:33:36,448 [ERROR] LogOutputStream:74 - [STDERR_REDIRECT] [Fatal Error] :1:1: Premature end of file.
2025-05-26 23:33:36,448 [ERROR] LogOutputStream:74 - [STDERR_REDIRECT] 
2025-05-26 23:33:37,103 [ERROR] LogOutputStream:74 - [STDERR_REDIRECT] [Fatal Error] :1:1: Premature end of file.
2025-05-26 23:33:37,103 [ERROR] LogOutputStream:74 - [STDERR_REDIRECT] 
2025-05-26 23:33:37,549 [ERROR] LogOutputStream:74 - [STDERR_REDIRECT] [Fatal Error] :1:1: Premature end of file.
2025-05-26 23:33:37,549 [ERROR] LogOutputStream:74 - [STDERR_REDIRECT] 
2025-05-26 23:33:38,325 [ERROR] LogOutputStream:74 - [STDERR_REDIRECT] [Fatal Error] :1:1: Premature end of file.
2025-05-26 23:33:38,327 [ERROR] LogOutputStream:74 - [STDERR_REDIRECT] 
2025-05-26 23:33:38,725 [ERROR] LogOutputStream:74 - [STDERR_REDIRECT] [Fatal Error] :1:1: Premature end of file.
2025-05-26 23:33:38,727 [ERROR] LogOutputStream:74 - [STDERR_REDIRECT] 
2025-05-26 23:33:39,299 [ERROR] LogOutputStream:74 - [STDERR_REDIRECT] [Fatal Error] :1:1: Premature end of file.
2025-05-26 23:33:39,299 [ERROR] LogOutputStream:74 - [STDERR_REDIRECT] 
2025-05-26 23:33:39,780 [ERROR] LogOutputStream:74 - [STDERR_REDIRECT] [Fatal Error] :1:1: Premature end of file.
2025-05-26 23:33:39,783 [ERROR] LogOutputStream:74 - [STDERR_REDIRECT] 
2025-05-26 23:33:40,878 [ERROR] LogOutputStream:74 - [STDERR_REDIRECT] [Fatal Error] :1:1: Premature end of file.
2025-05-26 23:33:40,883 [ERROR] LogOutputStream:74 - [STDERR_REDIRECT] 
2025-05-26 23:33:41,343 [ERROR] LogOutputStream:74 - [STDERR_REDIRECT] [Fatal Error] :1:1: Premature end of file.
2025-05-26 23:33:41,343 [ERROR] LogOutputStream:74 - [STDERR_REDIRECT] 
2025-05-26 23:33:41,839 [ERROR] LogOutputStream:74 - [STDERR_REDIRECT] [Fatal Error] :1:1: Premature end of file.
2025-05-26 23:33:41,843 [ERROR] LogOutputStream:74 - [STDERR_REDIRECT] 
2025-05-26 23:34:42,449 [ERROR] LogOutputStream:74 - [STDERR_REDIRECT] [Fatal Error] :1:1: Premature end of file.
2025-05-26 23:34:42,449 [ERROR] LogOutputStream:74 - [STDERR_REDIRECT] 
2025-05-26 23:34:42,973 [ERROR] LogOutputStream:74 - [STDERR_REDIRECT] [Fatal Error] :1:1: Premature end of file.
2025-05-26 23:34:42,973 [ERROR] LogOutputStream:74 - [STDERR_REDIRECT] 
2025-05-26 23:34:43,513 [ERROR] LogOutputStream:74 - [STDERR_REDIRECT] [Fatal Error] :1:1: Premature end of file.
2025-05-26 23:34:43,513 [ERROR] LogOutputStream:74 - [STDERR_REDIRECT] 
2025-05-26 23:35:03,381 [INFO] Activator:178 - 


2025-05-26 23:35:03,393 [INFO] Activator:179 - !SESSION log4j initialized
2025-05-26 23:35:23,864 [ERROR] LogOutputStream:74 - [STDERR_REDIRECT] [Fatal Error] :1:1: Premature end of file.
2025-05-26 23:35:23,867 [ERROR] LogOutputStream:74 - [STDERR_REDIRECT] 
2025-05-26 23:35:24,376 [ERROR] LogOutputStream:74 - [STDERR_REDIRECT] [Fatal Error] :1:1: Premature end of file.
2025-05-26 23:35:24,376 [ERROR] LogOutputStream:74 - [STDERR_REDIRECT] 
2025-05-26 23:35:25,442 [ERROR] LogOutputStream:74 - [STDERR_REDIRECT] [Fatal Error] :1:1: Premature end of file.
2025-05-26 23:35:25,442 [ERROR] LogOutputStream:74 - [STDERR_REDIRECT] 
2025-05-26 23:37:52,270 [ERROR] LogOutputStream:74 - [STDERR_REDIRECT] [Fatal Error] :1:1: Premature end of file.
2025-05-26 23:37:52,270 [ERROR] LogOutputStream:74 - [STDERR_REDIRECT] 
2025-05-26 23:37:52,350 [ERROR] LogOutputStream:74 - [STDERR_REDIRECT] [Fatal Error] :1:1: Premature end of file.
2025-05-26 23:37:52,350 [ERROR] LogOutputStream:74 - [STDERR_REDIRECT] 
2025-05-26 23:37:52,486 [ERROR] LogOutputStream:74 - [STDERR_REDIRECT] [Fatal Error] :1:1: Premature end of file.
2025-05-26 23:37:52,486 [ERROR] LogOutputStream:74 - [STDERR_REDIRECT] 
2025-05-26 23:37:52,841 [ERROR] LogOutputStream:74 - [STDERR_REDIRECT] [Fatal Error] :1:1: Premature end of file.
2025-05-26 23:37:52,841 [ERROR] LogOutputStream:74 - [STDERR_REDIRECT] 
2025-05-26 23:37:53,210 [ERROR] LogOutputStream:74 - [STDERR_REDIRECT] [Fatal Error] :1:1: Premature end of file.
2025-05-26 23:37:53,210 [ERROR] LogOutputStream:74 - [STDERR_REDIRECT] 
2025-05-26 23:37:53,604 [ERROR] LogOutputStream:74 - [STDERR_REDIRECT] [Fatal Error] :1:1: Premature end of file.
2025-05-26 23:37:53,604 [ERROR] LogOutputStream:74 - [STDERR_REDIRECT] 
2025-05-26 23:37:54,021 [ERROR] LogOutputStream:74 - [STDERR_REDIRECT] [Fatal Error] :1:1: Premature end of file.
2025-05-26 23:37:54,025 [ERROR] LogOutputStream:74 - [STDERR_REDIRECT] 
2025-05-26 23:37:54,440 [ERROR] LogOutputStream:74 - [STDERR_REDIRECT] [Fatal Error] :1:1: Premature end of file.
2025-05-26 23:37:54,442 [ERROR] LogOutputStream:74 - [STDERR_REDIRECT] 
2025-05-26 23:37:55,294 [ERROR] LogOutputStream:74 - [STDERR_REDIRECT] [Fatal Error] :1:1: Premature end of file.
2025-05-26 23:37:55,302 [ERROR] LogOutputStream:74 - [STDERR_REDIRECT] 
2025-05-26 23:37:55,739 [ERROR] LogOutputStream:74 - [STDERR_REDIRECT] [Fatal Error] :1:1: Premature end of file.
2025-05-26 23:37:55,739 [ERROR] LogOutputStream:74 - [STDERR_REDIRECT] 
2025-05-26 23:37:56,049 [ERROR] LogOutputStream:74 - [STDERR_REDIRECT] [Fatal Error] :1:1: Premature end of file.
2025-05-26 23:37:56,049 [ERROR] LogOutputStream:74 - [STDERR_REDIRECT] 
2025-05-26 23:37:56,462 [ERROR] LogOutputStream:74 - [STDERR_REDIRECT] [Fatal Error] :1:1: Premature end of file.
2025-05-26 23:37:56,462 [ERROR] LogOutputStream:74 - [STDERR_REDIRECT] 
2025-05-26 23:37:58,440 [INFO] RetryExec:97 - I/O exception (java.net.SocketException) caught when processing request to {}->http://sw-center.st.com:80: Socket Closed
2025-05-26 23:37:58,452 [INFO] RetryExec:113 - Retrying request to {}->http://sw-center.st.com:80
2025-05-26 23:38:29,123 [INFO] Activator:178 - 


2025-05-26 23:38:29,126 [INFO] Activator:179 - !SESSION log4j initialized
2025-05-26 23:38:43,752 [ERROR] LogOutputStream:74 - [STDERR_REDIRECT] [Fatal Error] :1:1: Premature end of file.
2025-05-26 23:38:43,757 [ERROR] LogOutputStream:74 - [STDERR_REDIRECT] 
2025-05-26 23:38:44,351 [ERROR] LogOutputStream:74 - [STDERR_REDIRECT] [Fatal Error] :1:1: Premature end of file.
2025-05-26 23:38:44,351 [ERROR] LogOutputStream:74 - [STDERR_REDIRECT] 
2025-05-26 23:38:44,728 [ERROR] LogOutputStream:74 - [STDERR_REDIRECT] [Fatal Error] :1:1: Premature end of file.
2025-05-26 23:38:44,737 [ERROR] LogOutputStream:74 - [STDERR_REDIRECT] 
2025-05-27 00:01:43,414 [INFO] Activator:178 - 


2025-05-27 00:01:43,448 [INFO] Activator:179 - !SESSION log4j initialized
2025-05-27 00:02:00,207 [ERROR] LogOutputStream:74 - [STDERR_REDIRECT] [Fatal Error] :1:1: Premature end of file.
2025-05-27 00:02:00,207 [ERROR] LogOutputStream:74 - [STDERR_REDIRECT] 
2025-05-27 00:02:00,293 [ERROR] LogOutputStream:74 - [STDERR_REDIRECT] [Fatal Error] :1:1: Premature end of file.
2025-05-27 00:02:00,293 [ERROR] LogOutputStream:74 - [STDERR_REDIRECT] 
2025-05-27 00:02:00,367 [ERROR] LogOutputStream:74 - [STDERR_REDIRECT] [Fatal Error] :1:1: Premature end of file.
2025-05-27 00:02:00,369 [ERROR] LogOutputStream:74 - [STDERR_REDIRECT] 
2025-05-27 00:05:07,961 [ERROR] LogOutputStream:74 - [STDERR_REDIRECT] [Fatal Error] :1:1: Premature end of file.
2025-05-27 00:05:07,961 [ERROR] LogOutputStream:74 - [STDERR_REDIRECT] 
2025-05-27 00:05:08,224 [ERROR] LogOutputStream:74 - [STDERR_REDIRECT] [Fatal Error] :1:1: Premature end of file.
2025-05-27 00:05:08,224 [ERROR] LogOutputStream:74 - [STDERR_REDIRECT] 
2025-05-27 00:05:08,417 [ERROR] LogOutputStream:74 - [STDERR_REDIRECT] [Fatal Error] :1:1: Premature end of file.
2025-05-27 00:05:08,417 [ERROR] LogOutputStream:74 - [STDERR_REDIRECT] 
2025-05-27 00:05:08,608 [ERROR] LogOutputStream:74 - [STDERR_REDIRECT] [Fatal Error] :1:1: Premature end of file.
2025-05-27 00:05:08,624 [ERROR] LogOutputStream:74 - [STDERR_REDIRECT] 
2025-05-27 00:05:08,816 [ERROR] LogOutputStream:74 - [STDERR_REDIRECT] [Fatal Error] :1:1: Premature end of file.
2025-05-27 00:05:08,816 [ERROR] LogOutputStream:74 - [STDERR_REDIRECT] 
2025-05-27 00:05:08,993 [ERROR] LogOutputStream:74 - [STDERR_REDIRECT] [Fatal Error] :1:1: Premature end of file.
2025-05-27 00:05:09,008 [ERROR] LogOutputStream:74 - [STDERR_REDIRECT] 
2025-05-27 00:05:09,183 [ERROR] LogOutputStream:74 - [STDERR_REDIRECT] [Fatal Error] :1:1: Premature end of file.
2025-05-27 00:05:09,183 [ERROR] LogOutputStream:74 - [STDERR_REDIRECT] 
2025-05-27 00:05:09,389 [ERROR] LogOutputStream:74 - [STDERR_REDIRECT] [Fatal Error] :1:1: Premature end of file.
2025-05-27 00:05:09,389 [ERROR] LogOutputStream:74 - [STDERR_REDIRECT] 
2025-05-27 00:05:09,565 [ERROR] LogOutputStream:74 - [STDERR_REDIRECT] [Fatal Error] :1:1: Premature end of file.
2025-05-27 00:05:09,565 [ERROR] LogOutputStream:74 - [STDERR_REDIRECT] 
2025-05-27 00:05:09,756 [ERROR] LogOutputStream:74 - [STDERR_REDIRECT] [Fatal Error] :1:1: Premature end of file.
2025-05-27 00:05:09,756 [ERROR] LogOutputStream:74 - [STDERR_REDIRECT] 
2025-05-27 00:05:09,950 [ERROR] LogOutputStream:74 - [STDERR_REDIRECT] [Fatal Error] :1:1: Premature end of file.
2025-05-27 00:05:09,963 [ERROR] LogOutputStream:74 - [STDERR_REDIRECT] 
2025-05-27 00:05:10,161 [ERROR] LogOutputStream:74 - [STDERR_REDIRECT] [Fatal Error] :1:1: Premature end of file.
2025-05-27 00:05:10,161 [ERROR] LogOutputStream:74 - [STDERR_REDIRECT] 
2025-05-27 00:05:28,716 [INFO] Activator:178 - 


2025-05-27 00:05:28,747 [INFO] Activator:179 - !SESSION log4j initialized
2025-05-27 00:05:46,146 [ERROR] LogOutputStream:74 - [STDERR_REDIRECT] [Fatal Error] :1:1: Premature end of file.
2025-05-27 00:05:46,153 [ERROR] LogOutputStream:74 - [STDERR_REDIRECT] 
2025-05-27 00:05:46,388 [ERROR] LogOutputStream:74 - [STDERR_REDIRECT] [Fatal Error] :1:1: Premature end of file.
2025-05-27 00:05:46,388 [ERROR] LogOutputStream:74 - [STDERR_REDIRECT] 
2025-05-27 00:05:46,608 [ERROR] LogOutputStream:74 - [STDERR_REDIRECT] [Fatal Error] :1:1: Premature end of file.
2025-05-27 00:05:46,610 [ERROR] LogOutputStream:74 - [STDERR_REDIRECT] 
2025-05-27 02:30:48,966 [ERROR] LogOutputStream:74 - [STDERR_REDIRECT] [Fatal Error] :1:1: Premature end of file.
2025-05-27 02:30:48,982 [ERROR] LogOutputStream:74 - [STDERR_REDIRECT] 
2025-05-27 02:30:49,063 [ERROR] LogOutputStream:74 - [STDERR_REDIRECT] [Fatal Error] :1:1: Premature end of file.
2025-05-27 02:30:49,065 [ERROR] LogOutputStream:74 - [STDERR_REDIRECT] 
2025-05-27 02:30:49,137 [ERROR] LogOutputStream:74 - [STDERR_REDIRECT] [Fatal Error] :1:1: Premature end of file.
2025-05-27 02:30:49,137 [ERROR] LogOutputStream:74 - [STDERR_REDIRECT] 
2025-05-27 02:30:49,207 [ERROR] LogOutputStream:74 - [STDERR_REDIRECT] [Fatal Error] :1:1: Premature end of file.
2025-05-27 02:30:49,211 [ERROR] LogOutputStream:74 - [STDERR_REDIRECT] 
2025-05-27 02:30:49,271 [ERROR] LogOutputStream:74 - [STDERR_REDIRECT] [Fatal Error] :1:1: Premature end of file.
2025-05-27 02:30:49,271 [ERROR] LogOutputStream:74 - [STDERR_REDIRECT] 
2025-05-27 02:30:49,352 [ERROR] LogOutputStream:74 - [STDERR_REDIRECT] [Fatal Error] :1:1: Premature end of file.
2025-05-27 02:30:49,352 [ERROR] LogOutputStream:74 - [STDERR_REDIRECT] 
2025-05-27 02:30:49,417 [ERROR] LogOutputStream:74 - [STDERR_REDIRECT] [Fatal Error] :1:1: Premature end of file.
2025-05-27 02:30:49,431 [ERROR] LogOutputStream:74 - [STDERR_REDIRECT] 
2025-05-27 02:30:49,498 [ERROR] LogOutputStream:74 - [STDERR_REDIRECT] [Fatal Error] :1:1: Premature end of file.
2025-05-27 02:30:49,498 [ERROR] LogOutputStream:74 - [STDERR_REDIRECT] 
2025-05-27 02:30:49,563 [ERROR] LogOutputStream:74 - [STDERR_REDIRECT] [Fatal Error] :1:1: Premature end of file.
2025-05-27 02:30:49,563 [ERROR] LogOutputStream:74 - [STDERR_REDIRECT] 
2025-05-27 02:30:49,644 [ERROR] LogOutputStream:74 - [STDERR_REDIRECT] [Fatal Error] :1:1: Premature end of file.
2025-05-27 02:30:49,644 [ERROR] LogOutputStream:74 - [STDERR_REDIRECT] 
2025-05-27 02:30:49,709 [ERROR] LogOutputStream:74 - [STDERR_REDIRECT] [Fatal Error] :1:1: Premature end of file.
2025-05-27 02:30:49,709 [ERROR] LogOutputStream:74 - [STDERR_REDIRECT] 
2025-05-27 02:30:49,789 [ERROR] LogOutputStream:74 - [STDERR_REDIRECT] [Fatal Error] :1:1: Premature end of file.
2025-05-27 02:30:49,789 [ERROR] LogOutputStream:74 - [STDERR_REDIRECT] 
