2024-08-02 22:31:29,536 [INFO] Activator:178 - 


2024-08-02 22:31:29,560 [INFO] Activator:179 - !SESSION log4j initialized
2024-08-02 22:31:36,988 [ERROR] LogOutputStream:74 - [STDERR_REDIRECT] [Fatal Error] :1:1: Premature end of file.
2024-08-02 22:31:36,991 [ERROR] LogOutputStream:74 - [STDERR_REDIRECT] 
2024-08-02 22:31:37,136 [ERROR] LogOutputStream:74 - [STDERR_REDIRECT] [Fatal Error] :1:1: Premature end of file.
2024-08-02 22:31:37,137 [ERROR] LogOutputStream:74 - [STDERR_REDIRECT] 
2024-08-02 22:31:37,280 [ERROR] LogOutputStream:74 - [STDERR_REDIRECT] [Fatal Error] :1:1: Premature end of file.
2024-08-02 22:31:37,281 [ERROR] LogOutputStream:74 - [STDERR_REDIRECT] 
2024-08-03 02:05:11,160 [ERROR] LogOutputStream:74 - [STDERR_REDIRECT] [Fatal Error] :1:1: Premature end of file.
2024-08-03 02:05:11,166 [ERROR] LogOutputStream:74 - [STDERR_REDIRECT] 
2024-08-03 02:05:11,368 [ERROR] LogOutputStream:74 - [STDERR_REDIRECT] [Fatal Error] :1:1: Premature end of file.
2024-08-03 02:05:11,371 [ERROR] LogOutputStream:74 - [STDERR_REDIRECT] 
2024-08-03 02:05:11,522 [ERROR] LogOutputStream:74 - [STDERR_REDIRECT] [Fatal Error] :1:1: Premature end of file.
2024-08-03 02:05:11,526 [ERROR] LogOutputStream:74 - [STDERR_REDIRECT] 
2024-08-03 02:05:11,750 [ERROR] LogOutputStream:74 - [STDERR_REDIRECT] [Fatal Error] :1:1: Premature end of file.
2024-08-03 02:05:11,751 [ERROR] LogOutputStream:74 - [STDERR_REDIRECT] 
2024-08-03 02:05:11,911 [ERROR] LogOutputStream:74 - [STDERR_REDIRECT] [Fatal Error] :1:1: Premature end of file.
2024-08-03 02:05:11,914 [ERROR] LogOutputStream:74 - [STDERR_REDIRECT] 
2024-08-03 02:05:12,058 [ERROR] LogOutputStream:74 - [STDERR_REDIRECT] [Fatal Error] :1:1: Premature end of file.
2024-08-03 02:05:12,061 [ERROR] LogOutputStream:74 - [STDERR_REDIRECT] 
2024-08-03 02:05:12,205 [ERROR] LogOutputStream:74 - [STDERR_REDIRECT] [Fatal Error] :1:1: Premature end of file.
2024-08-03 02:05:12,206 [ERROR] LogOutputStream:74 - [STDERR_REDIRECT] 
2024-08-03 02:05:12,362 [ERROR] LogOutputStream:74 - [STDERR_REDIRECT] [Fatal Error] :1:1: Premature end of file.
2024-08-03 02:05:12,363 [ERROR] LogOutputStream:74 - [STDERR_REDIRECT] 
2024-08-03 02:05:12,652 [ERROR] LogOutputStream:74 - [STDERR_REDIRECT] [Fatal Error] :1:1: Premature end of file.
2024-08-03 02:05:12,657 [ERROR] LogOutputStream:74 - [STDERR_REDIRECT] 
2024-08-03 02:05:12,818 [ERROR] LogOutputStream:74 - [STDERR_REDIRECT] [Fatal Error] :1:1: Premature end of file.
2024-08-03 02:05:12,822 [ERROR] LogOutputStream:74 - [STDERR_REDIRECT] 
2024-08-03 02:05:12,966 [ERROR] LogOutputStream:74 - [STDERR_REDIRECT] [Fatal Error] :1:1: Premature end of file.
2024-08-03 02:05:12,969 [ERROR] LogOutputStream:74 - [STDERR_REDIRECT] 
2024-08-03 02:05:13,110 [ERROR] LogOutputStream:74 - [STDERR_REDIRECT] [Fatal Error] :1:1: Premature end of file.
2024-08-03 02:05:13,112 [ERROR] LogOutputStream:74 - [STDERR_REDIRECT] 
2024-08-03 17:12:36,503 [INFO] Activator:178 - 


2024-08-03 17:12:36,558 [INFO] Activator:179 - !SESSION log4j initialized
2024-08-03 17:12:49,700 [ERROR] LogOutputStream:74 - [STDERR_REDIRECT] [Fatal Error] :1:1: Premature end of file.
2024-08-03 17:12:49,702 [ERROR] LogOutputStream:74 - [STDERR_REDIRECT] 
2024-08-03 17:12:49,872 [ERROR] LogOutputStream:74 - [STDERR_REDIRECT] [Fatal Error] :1:1: Premature end of file.
2024-08-03 17:12:49,873 [ERROR] LogOutputStream:74 - [STDERR_REDIRECT] 
2024-08-03 17:12:50,009 [ERROR] LogOutputStream:74 - [STDERR_REDIRECT] [Fatal Error] :1:1: Premature end of file.
2024-08-03 17:12:50,010 [ERROR] LogOutputStream:74 - [STDERR_REDIRECT] 
2024-08-03 17:16:40,269 [ERROR] LogOutputStream:74 - [STDERR_REDIRECT] [Fatal Error] :1:1: Premature end of file.
2024-08-03 17:16:40,271 [ERROR] LogOutputStream:74 - [STDERR_REDIRECT] 
2024-08-03 17:16:40,414 [ERROR] LogOutputStream:74 - [STDERR_REDIRECT] [Fatal Error] :1:1: Premature end of file.
2024-08-03 17:16:40,415 [ERROR] LogOutputStream:74 - [STDERR_REDIRECT] 
2024-08-03 17:16:40,555 [ERROR] LogOutputStream:74 - [STDERR_REDIRECT] [Fatal Error] :1:1: Premature end of file.
2024-08-03 17:16:40,556 [ERROR] LogOutputStream:74 - [STDERR_REDIRECT] 
2024-08-03 17:16:40,702 [ERROR] LogOutputStream:74 - [STDERR_REDIRECT] [Fatal Error] :1:1: Premature end of file.
2024-08-03 17:16:40,703 [ERROR] LogOutputStream:74 - [STDERR_REDIRECT] 
2024-08-03 17:16:40,845 [ERROR] LogOutputStream:74 - [STDERR_REDIRECT] [Fatal Error] :1:1: Premature end of file.
2024-08-03 17:16:40,847 [ERROR] LogOutputStream:74 - [STDERR_REDIRECT] 
2024-08-03 17:16:40,988 [ERROR] LogOutputStream:74 - [STDERR_REDIRECT] [Fatal Error] :1:1: Premature end of file.
2024-08-03 17:16:40,990 [ERROR] LogOutputStream:74 - [STDERR_REDIRECT] 
2024-08-03 17:16:41,145 [ERROR] LogOutputStream:74 - [STDERR_REDIRECT] [Fatal Error] :1:1: Premature end of file.
2024-08-03 17:16:41,146 [ERROR] LogOutputStream:74 - [STDERR_REDIRECT] 
2024-08-03 17:16:41,296 [ERROR] LogOutputStream:74 - [STDERR_REDIRECT] [Fatal Error] :1:1: Premature end of file.
2024-08-03 17:16:41,298 [ERROR] LogOutputStream:74 - [STDERR_REDIRECT] 
2024-08-03 17:16:41,438 [ERROR] LogOutputStream:74 - [STDERR_REDIRECT] [Fatal Error] :1:1: Premature end of file.
2024-08-03 17:16:41,440 [ERROR] LogOutputStream:74 - [STDERR_REDIRECT] 
2024-08-03 17:16:41,584 [ERROR] LogOutputStream:74 - [STDERR_REDIRECT] [Fatal Error] :1:1: Premature end of file.
2024-08-03 17:16:41,585 [ERROR] LogOutputStream:74 - [STDERR_REDIRECT] 
2024-08-03 17:16:41,781 [ERROR] LogOutputStream:74 - [STDERR_REDIRECT] [Fatal Error] :1:1: Premature end of file.
2024-08-03 17:16:41,783 [ERROR] LogOutputStream:74 - [STDERR_REDIRECT] 
2024-08-03 17:16:41,922 [ERROR] LogOutputStream:74 - [STDERR_REDIRECT] [Fatal Error] :1:1: Premature end of file.
2024-08-03 17:16:41,923 [ERROR] LogOutputStream:74 - [STDERR_REDIRECT] 
2024-08-03 17:17:53,009 [ERROR] LogOutputStream:74 - [STDERR_REDIRECT] [Fatal Error] :1:1: Premature end of file.
2024-08-03 17:17:53,009 [ERROR] LogOutputStream:74 - [STDERR_REDIRECT] 
2024-08-03 17:17:53,156 [ERROR] LogOutputStream:74 - [STDERR_REDIRECT] [Fatal Error] :1:1: Premature end of file.
2024-08-03 17:17:53,157 [ERROR] LogOutputStream:74 - [STDERR_REDIRECT] 
2024-08-03 17:17:53,304 [ERROR] LogOutputStream:74 - [STDERR_REDIRECT] [Fatal Error] :1:1: Premature end of file.
2024-08-03 17:17:53,305 [ERROR] LogOutputStream:74 - [STDERR_REDIRECT] 
2024-08-03 18:33:23,115 [ERROR] LogOutputStream:74 - [STDERR_REDIRECT] [Fatal Error] :1:1: Premature end of file.
2024-08-03 18:33:23,119 [ERROR] LogOutputStream:74 - [STDERR_REDIRECT] 
2024-08-03 18:33:23,388 [ERROR] LogOutputStream:74 - [STDERR_REDIRECT] [Fatal Error] :1:1: Premature end of file.
2024-08-03 18:33:23,390 [ERROR] LogOutputStream:74 - [STDERR_REDIRECT] 
2024-08-03 18:33:23,665 [ERROR] LogOutputStream:74 - [STDERR_REDIRECT] [Fatal Error] :1:1: Premature end of file.
2024-08-03 18:33:23,667 [ERROR] LogOutputStream:74 - [STDERR_REDIRECT] 
2024-08-03 19:52:36,733 [INFO] Activator:178 - 


2024-08-03 19:52:36,765 [INFO] Activator:179 - !SESSION log4j initialized
2024-08-03 19:52:45,576 [ERROR] LogOutputStream:74 - [STDERR_REDIRECT] [Fatal Error] :1:1: Premature end of file.
2024-08-03 19:52:45,577 [ERROR] LogOutputStream:74 - [STDERR_REDIRECT] 
2024-08-03 19:52:45,714 [ERROR] LogOutputStream:74 - [STDERR_REDIRECT] [Fatal Error] :1:1: Premature end of file.
2024-08-03 19:52:45,714 [ERROR] LogOutputStream:74 - [STDERR_REDIRECT] 
2024-08-03 19:52:45,851 [ERROR] LogOutputStream:74 - [STDERR_REDIRECT] [Fatal Error] :1:1: Premature end of file.
2024-08-03 19:52:45,851 [ERROR] LogOutputStream:74 - [STDERR_REDIRECT] 
2024-08-03 21:28:58,978 [ERROR] LogOutputStream:74 - [STDERR_REDIRECT] [Fatal Error] :1:1: Premature end of file.
2024-08-03 21:28:58,982 [ERROR] LogOutputStream:74 - [STDERR_REDIRECT] 
2024-08-03 21:28:59,073 [ERROR] LogOutputStream:74 - [STDERR_REDIRECT] [Fatal Error] :1:1: Premature end of file.
2024-08-03 21:28:59,075 [ERROR] LogOutputStream:74 - [STDERR_REDIRECT] 
2024-08-03 21:28:59,167 [ERROR] LogOutputStream:74 - [STDERR_REDIRECT] [Fatal Error] :1:1: Premature end of file.
2024-08-03 21:28:59,169 [ERROR] LogOutputStream:74 - [STDERR_REDIRECT] 
2024-08-03 21:28:59,271 [ERROR] LogOutputStream:74 - [STDERR_REDIRECT] [Fatal Error] :1:1: Premature end of file.
2024-08-03 21:28:59,273 [ERROR] LogOutputStream:74 - [STDERR_REDIRECT] 
2024-08-03 21:28:59,401 [ERROR] LogOutputStream:74 - [STDERR_REDIRECT] [Fatal Error] :1:1: Premature end of file.
2024-08-03 21:28:59,403 [ERROR] LogOutputStream:74 - [STDERR_REDIRECT] 
2024-08-03 21:28:59,514 [ERROR] LogOutputStream:74 - [STDERR_REDIRECT] [Fatal Error] :1:1: Premature end of file.
2024-08-03 21:28:59,516 [ERROR] LogOutputStream:74 - [STDERR_REDIRECT] 
2024-08-03 21:28:59,636 [ERROR] LogOutputStream:74 - [STDERR_REDIRECT] [Fatal Error] :1:1: Premature end of file.
2024-08-03 21:28:59,638 [ERROR] LogOutputStream:74 - [STDERR_REDIRECT] 
2024-08-03 21:28:59,755 [ERROR] LogOutputStream:74 - [STDERR_REDIRECT] [Fatal Error] :1:1: Premature end of file.
2024-08-03 21:28:59,756 [ERROR] LogOutputStream:74 - [STDERR_REDIRECT] 
2024-08-03 21:28:59,879 [ERROR] LogOutputStream:74 - [STDERR_REDIRECT] [Fatal Error] :1:1: Premature end of file.
2024-08-03 21:28:59,881 [ERROR] LogOutputStream:74 - [STDERR_REDIRECT] 
2024-08-03 21:28:59,975 [ERROR] LogOutputStream:74 - [STDERR_REDIRECT] [Fatal Error] :1:1: Premature end of file.
2024-08-03 21:28:59,977 [ERROR] LogOutputStream:74 - [STDERR_REDIRECT] 
2024-08-03 21:29:00,069 [ERROR] LogOutputStream:74 - [STDERR_REDIRECT] [Fatal Error] :1:1: Premature end of file.
2024-08-03 21:29:00,071 [ERROR] LogOutputStream:74 - [STDERR_REDIRECT] 
2024-08-03 21:29:00,204 [ERROR] LogOutputStream:74 - [STDERR_REDIRECT] [Fatal Error] :1:1: Premature end of file.
2024-08-03 21:29:00,206 [ERROR] LogOutputStream:74 - [STDERR_REDIRECT] 
2024-08-03 21:30:04,876 [INFO] Activator:178 - 


2024-08-03 21:30:04,895 [INFO] Activator:179 - !SESSION log4j initialized
2024-08-03 21:30:16,096 [ERROR] LogOutputStream:74 - [STDERR_REDIRECT] [Fatal Error] :1:1: Premature end of file.
2024-08-03 21:30:16,098 [ERROR] LogOutputStream:74 - [STDERR_REDIRECT] 
2024-08-03 21:30:16,190 [ERROR] LogOutputStream:74 - [STDERR_REDIRECT] [Fatal Error] :1:1: Premature end of file.
2024-08-03 21:30:16,191 [ERROR] LogOutputStream:74 - [STDERR_REDIRECT] 
2024-08-03 21:30:16,280 [ERROR] LogOutputStream:74 - [STDERR_REDIRECT] [Fatal Error] :1:1: Premature end of file.
2024-08-03 21:30:16,282 [ERROR] LogOutputStream:74 - [STDERR_REDIRECT] 
2024-08-03 23:31:20,900 [ERROR] LogOutputStream:74 - [STDERR_REDIRECT] [Fatal Error] :1:1: Premature end of file.
2024-08-03 23:31:20,914 [ERROR] LogOutputStream:74 - [STDERR_REDIRECT] 
2024-08-03 23:31:21,051 [ERROR] LogOutputStream:74 - [STDERR_REDIRECT] [Fatal Error] :1:1: Premature end of file.
2024-08-03 23:31:21,054 [ERROR] LogOutputStream:74 - [STDERR_REDIRECT] 
2024-08-03 23:31:21,166 [ERROR] LogOutputStream:74 - [STDERR_REDIRECT] [Fatal Error] :1:1: Premature end of file.
2024-08-03 23:31:21,170 [ERROR] LogOutputStream:74 - [STDERR_REDIRECT] 
2024-08-03 23:31:21,274 [ERROR] LogOutputStream:74 - [STDERR_REDIRECT] [Fatal Error] :1:1: Premature end of file.
2024-08-03 23:31:21,277 [ERROR] LogOutputStream:74 - [STDERR_REDIRECT] 
2024-08-03 23:31:21,380 [ERROR] LogOutputStream:74 - [STDERR_REDIRECT] [Fatal Error] :1:1: Premature end of file.
2024-08-03 23:31:21,650 [ERROR] LogOutputStream:74 - [STDERR_REDIRECT] 
2024-08-03 23:31:21,750 [ERROR] LogOutputStream:74 - [STDERR_REDIRECT] [Fatal Error] :1:1: Premature end of file.
2024-08-03 23:31:21,751 [ERROR] LogOutputStream:74 - [STDERR_REDIRECT] 
2024-08-03 23:31:21,852 [ERROR] LogOutputStream:74 - [STDERR_REDIRECT] [Fatal Error] :1:1: Premature end of file.
2024-08-03 23:31:21,854 [ERROR] LogOutputStream:74 - [STDERR_REDIRECT] 
2024-08-03 23:31:21,960 [ERROR] LogOutputStream:74 - [STDERR_REDIRECT] [Fatal Error] :1:1: Premature end of file.
2024-08-03 23:31:21,963 [ERROR] LogOutputStream:74 - [STDERR_REDIRECT] 
2024-08-03 23:31:22,079 [ERROR] LogOutputStream:74 - [STDERR_REDIRECT] [Fatal Error] :1:1: Premature end of file.
2024-08-03 23:31:22,080 [ERROR] LogOutputStream:74 - [STDERR_REDIRECT] 
2024-08-03 23:31:22,195 [ERROR] LogOutputStream:74 - [STDERR_REDIRECT] [Fatal Error] :1:1: Premature end of file.
2024-08-03 23:31:22,196 [ERROR] LogOutputStream:74 - [STDERR_REDIRECT] 
2024-08-03 23:31:22,311 [ERROR] LogOutputStream:74 - [STDERR_REDIRECT] [Fatal Error] :1:1: Premature end of file.
2024-08-03 23:31:22,313 [ERROR] LogOutputStream:74 - [STDERR_REDIRECT] 
2024-08-03 23:31:22,423 [ERROR] LogOutputStream:74 - [STDERR_REDIRECT] [Fatal Error] :1:1: Premature end of file.
2024-08-03 23:31:22,424 [ERROR] LogOutputStream:74 - [STDERR_REDIRECT] 
2024-08-04 00:31:06,015 [INFO] Activator:178 - 


2024-08-04 00:31:06,069 [INFO] Activator:179 - !SESSION log4j initialized
2024-08-04 00:31:19,472 [ERROR] LogOutputStream:74 - [STDERR_REDIRECT] [Fatal Error] :1:1: Premature end of file.
2024-08-04 00:31:19,475 [ERROR] LogOutputStream:74 - [STDERR_REDIRECT] 
2024-08-04 00:31:19,584 [ERROR] LogOutputStream:74 - [STDERR_REDIRECT] [Fatal Error] :1:1: Premature end of file.
2024-08-04 00:31:19,586 [ERROR] LogOutputStream:74 - [STDERR_REDIRECT] 
2024-08-04 00:31:19,682 [ERROR] LogOutputStream:74 - [STDERR_REDIRECT] [Fatal Error] :1:1: Premature end of file.
2024-08-04 00:31:19,683 [ERROR] LogOutputStream:74 - [STDERR_REDIRECT] 
2024-08-04 00:41:49,608 [INFO] Activator:178 - 


2024-08-04 00:41:49,629 [INFO] Activator:179 - !SESSION log4j initialized
2024-08-04 00:41:59,341 [ERROR] LogOutputStream:74 - [STDERR_REDIRECT] [Fatal Error] :1:1: Premature end of file.
2024-08-04 00:41:59,344 [ERROR] LogOutputStream:74 - [STDERR_REDIRECT] 
2024-08-04 00:41:59,446 [ERROR] LogOutputStream:74 - [STDERR_REDIRECT] [Fatal Error] :1:1: Premature end of file.
2024-08-04 00:41:59,447 [ERROR] LogOutputStream:74 - [STDERR_REDIRECT] 
2024-08-04 00:41:59,549 [ERROR] LogOutputStream:74 - [STDERR_REDIRECT] [Fatal Error] :1:1: Premature end of file.
2024-08-04 00:41:59,550 [ERROR] LogOutputStream:74 - [STDERR_REDIRECT] 
2024-08-04 00:46:32,189 [INFO] Activator:178 - 


2024-08-04 00:46:32,196 [INFO] Activator:179 - !SESSION log4j initialized
2024-08-04 00:46:42,270 [ERROR] LogOutputStream:74 - [STDERR_REDIRECT] [Fatal Error] :1:1: Premature end of file.
2024-08-04 00:46:42,273 [ERROR] LogOutputStream:74 - [STDERR_REDIRECT] 
2024-08-04 00:46:42,422 [ERROR] LogOutputStream:74 - [STDERR_REDIRECT] [Fatal Error] :1:1: Premature end of file.
2024-08-04 00:46:42,423 [ERROR] LogOutputStream:74 - [STDERR_REDIRECT] 
2024-08-04 00:46:42,532 [ERROR] LogOutputStream:74 - [STDERR_REDIRECT] [Fatal Error] :1:1: Premature end of file.
2024-08-04 00:46:42,534 [ERROR] LogOutputStream:74 - [STDERR_REDIRECT] 
2024-08-04 00:54:20,442 [INFO] Activator:178 - 


2024-08-04 00:54:20,473 [INFO] Activator:179 - !SESSION log4j initialized
2024-08-04 00:54:30,676 [ERROR] LogOutputStream:74 - [STDERR_REDIRECT] [Fatal Error] :1:1: Premature end of file.
2024-08-04 00:54:30,678 [ERROR] LogOutputStream:74 - [STDERR_REDIRECT] 
2024-08-04 00:54:30,772 [ERROR] LogOutputStream:74 - [STDERR_REDIRECT] [Fatal Error] :1:1: Premature end of file.
2024-08-04 00:54:30,772 [ERROR] LogOutputStream:74 - [STDERR_REDIRECT] 
2024-08-04 00:54:30,865 [ERROR] LogOutputStream:74 - [STDERR_REDIRECT] [Fatal Error] :1:1: Premature end of file.
2024-08-04 00:54:30,866 [ERROR] LogOutputStream:74 - [STDERR_REDIRECT] 
2024-08-04 00:59:42,580 [INFO] Activator:178 - 


2024-08-04 00:59:42,598 [INFO] Activator:179 - !SESSION log4j initialized
2024-08-04 00:59:52,417 [ERROR] LogOutputStream:74 - [STDERR_REDIRECT] [Fatal Error] :1:1: Premature end of file.
2024-08-04 00:59:52,419 [ERROR] LogOutputStream:74 - [STDERR_REDIRECT] 
2024-08-04 00:59:52,523 [ERROR] LogOutputStream:74 - [STDERR_REDIRECT] [Fatal Error] :1:1: Premature end of file.
2024-08-04 00:59:52,525 [ERROR] LogOutputStream:74 - [STDERR_REDIRECT] 
2024-08-04 00:59:52,666 [ERROR] LogOutputStream:74 - [STDERR_REDIRECT] [Fatal Error] :1:1: Premature end of file.
2024-08-04 00:59:52,667 [ERROR] LogOutputStream:74 - [STDERR_REDIRECT] 
2024-08-04 01:09:39,284 [INFO] Activator:178 - 


2024-08-04 01:09:39,289 [INFO] Activator:179 - !SESSION log4j initialized
2024-08-04 01:09:48,096 [ERROR] LogOutputStream:74 - [STDERR_REDIRECT] [Fatal Error] :1:1: Premature end of file.
2024-08-04 01:09:48,099 [ERROR] LogOutputStream:74 - [STDERR_REDIRECT] 
2024-08-04 01:09:48,196 [ERROR] LogOutputStream:74 - [STDERR_REDIRECT] [Fatal Error] :1:1: Premature end of file.
2024-08-04 01:09:48,197 [ERROR] LogOutputStream:74 - [STDERR_REDIRECT] 
2024-08-04 01:09:48,295 [ERROR] LogOutputStream:74 - [STDERR_REDIRECT] [Fatal Error] :1:1: Premature end of file.
2024-08-04 01:09:48,296 [ERROR] LogOutputStream:74 - [STDERR_REDIRECT] 
2024-08-04 01:17:45,023 [INFO] Activator:178 - 


2024-08-04 01:17:45,028 [INFO] Activator:179 - !SESSION log4j initialized
2024-08-04 01:17:51,141 [ERROR] LogOutputStream:74 - [STDERR_REDIRECT] [Fatal Error] :1:1: Premature end of file.
2024-08-04 01:17:51,143 [ERROR] LogOutputStream:74 - [STDERR_REDIRECT] 
2024-08-04 01:17:51,366 [ERROR] LogOutputStream:74 - [STDERR_REDIRECT] [Fatal Error] :1:1: Premature end of file.
2024-08-04 01:17:51,366 [ERROR] LogOutputStream:74 - [STDERR_REDIRECT] 
2024-08-04 01:17:51,471 [ERROR] LogOutputStream:74 - [STDERR_REDIRECT] [Fatal Error] :1:1: Premature end of file.
2024-08-04 01:17:51,472 [ERROR] LogOutputStream:74 - [STDERR_REDIRECT] 
2024-08-04 01:25:05,676 [INFO] Activator:178 - 


2024-08-04 01:25:05,680 [INFO] Activator:179 - !SESSION log4j initialized
2024-08-04 01:25:11,672 [ERROR] LogOutputStream:74 - [STDERR_REDIRECT] [Fatal Error] :1:1: Premature end of file.
2024-08-04 01:25:11,674 [ERROR] LogOutputStream:74 - [STDERR_REDIRECT] 
2024-08-04 01:25:11,770 [ERROR] LogOutputStream:74 - [STDERR_REDIRECT] [Fatal Error] :1:1: Premature end of file.
2024-08-04 01:25:11,771 [ERROR] LogOutputStream:74 - [STDERR_REDIRECT] 
2024-08-04 01:25:11,903 [ERROR] LogOutputStream:74 - [STDERR_REDIRECT] [Fatal Error] :1:1: Premature end of file.
2024-08-04 01:25:11,904 [ERROR] LogOutputStream:74 - [STDERR_REDIRECT] 
2024-08-04 01:39:23,297 [INFO] Activator:178 - 


2024-08-04 01:39:23,301 [INFO] Activator:179 - !SESSION log4j initialized
2024-08-04 01:39:30,110 [ERROR] LogOutputStream:74 - [STDERR_REDIRECT] [Fatal Error] :1:1: Premature end of file.
2024-08-04 01:39:30,112 [ERROR] LogOutputStream:74 - [STDERR_REDIRECT] 
2024-08-04 01:39:30,210 [ERROR] LogOutputStream:74 - [STDERR_REDIRECT] [Fatal Error] :1:1: Premature end of file.
2024-08-04 01:39:30,211 [ERROR] LogOutputStream:74 - [STDERR_REDIRECT] 
2024-08-04 01:39:30,314 [ERROR] LogOutputStream:74 - [STDERR_REDIRECT] [Fatal Error] :1:1: Premature end of file.
2024-08-04 01:39:30,315 [ERROR] LogOutputStream:74 - [STDERR_REDIRECT] 
2024-08-04 01:50:17,489 [INFO] Activator:178 - 


2024-08-04 01:50:17,493 [INFO] Activator:179 - !SESSION log4j initialized
2024-08-04 01:50:23,689 [ERROR] LogOutputStream:74 - [STDERR_REDIRECT] [Fatal Error] :1:1: Premature end of file.
2024-08-04 01:50:23,694 [ERROR] LogOutputStream:74 - [STDERR_REDIRECT] 
2024-08-04 01:50:23,806 [ERROR] LogOutputStream:74 - [STDERR_REDIRECT] [Fatal Error] :1:1: Premature end of file.
2024-08-04 01:50:23,807 [ERROR] LogOutputStream:74 - [STDERR_REDIRECT] 
2024-08-04 01:50:23,906 [ERROR] LogOutputStream:74 - [STDERR_REDIRECT] [Fatal Error] :1:1: Premature end of file.
2024-08-04 01:50:23,907 [ERROR] LogOutputStream:74 - [STDERR_REDIRECT] 
2024-08-04 02:04:48,059 [ERROR] LogOutputStream:74 - [STDERR_REDIRECT] [Fatal Error] :1:1: Premature end of file.
2024-08-04 02:04:48,064 [ERROR] LogOutputStream:74 - [STDERR_REDIRECT] 
2024-08-04 02:04:48,159 [ERROR] LogOutputStream:74 - [STDERR_REDIRECT] [Fatal Error] :1:1: Premature end of file.
2024-08-04 02:04:48,162 [ERROR] LogOutputStream:74 - [STDERR_REDIRECT] 
2024-08-04 02:04:48,257 [ERROR] LogOutputStream:74 - [STDERR_REDIRECT] [Fatal Error] :1:1: Premature end of file.
2024-08-04 02:04:48,259 [ERROR] LogOutputStream:74 - [STDERR_REDIRECT] 
2024-08-04 02:04:48,359 [ERROR] LogOutputStream:74 - [STDERR_REDIRECT] [Fatal Error] :1:1: Premature end of file.
2024-08-04 02:04:48,361 [ERROR] LogOutputStream:74 - [STDERR_REDIRECT] 
2024-08-04 02:04:48,457 [ERROR] LogOutputStream:74 - [STDERR_REDIRECT] [Fatal Error] :1:1: Premature end of file.
2024-08-04 02:04:48,459 [ERROR] LogOutputStream:74 - [STDERR_REDIRECT] 
2024-08-04 02:04:48,554 [ERROR] LogOutputStream:74 - [STDERR_REDIRECT] [Fatal Error] :1:1: Premature end of file.
2024-08-04 02:04:48,556 [ERROR] LogOutputStream:74 - [STDERR_REDIRECT] 
2024-08-04 02:04:48,688 [ERROR] LogOutputStream:74 - [STDERR_REDIRECT] [Fatal Error] :1:1: Premature end of file.
2024-08-04 02:04:48,690 [ERROR] LogOutputStream:74 - [STDERR_REDIRECT] 
2024-08-04 02:04:48,786 [ERROR] LogOutputStream:74 - [STDERR_REDIRECT] [Fatal Error] :1:1: Premature end of file.
2024-08-04 02:04:48,787 [ERROR] LogOutputStream:74 - [STDERR_REDIRECT] 
2024-08-04 02:04:48,881 [ERROR] LogOutputStream:74 - [STDERR_REDIRECT] [Fatal Error] :1:1: Premature end of file.
2024-08-04 02:04:48,883 [ERROR] LogOutputStream:74 - [STDERR_REDIRECT] 
2024-08-04 02:04:48,979 [ERROR] LogOutputStream:74 - [STDERR_REDIRECT] [Fatal Error] :1:1: Premature end of file.
2024-08-04 02:04:48,981 [ERROR] LogOutputStream:74 - [STDERR_REDIRECT] 
2024-08-04 02:04:49,075 [ERROR] LogOutputStream:74 - [STDERR_REDIRECT] [Fatal Error] :1:1: Premature end of file.
2024-08-04 02:04:49,077 [ERROR] LogOutputStream:74 - [STDERR_REDIRECT] 
2024-08-04 02:04:49,179 [ERROR] LogOutputStream:74 - [STDERR_REDIRECT] [Fatal Error] :1:1: Premature end of file.
2024-08-04 02:04:49,181 [ERROR] LogOutputStream:74 - [STDERR_REDIRECT] 
2024-08-04 19:13:29,299 [INFO] Activator:178 - 


2024-08-04 19:13:29,341 [INFO] Activator:179 - !SESSION log4j initialized
2024-08-04 19:13:43,496 [ERROR] LogOutputStream:74 - [STDERR_REDIRECT] [Fatal Error] :1:1: Premature end of file.
2024-08-04 19:13:43,503 [ERROR] LogOutputStream:74 - [STDERR_REDIRECT] 
2024-08-04 19:13:43,614 [ERROR] LogOutputStream:74 - [STDERR_REDIRECT] [Fatal Error] :1:1: Premature end of file.
2024-08-04 19:13:43,616 [ERROR] LogOutputStream:74 - [STDERR_REDIRECT] 
2024-08-04 19:13:43,722 [ERROR] LogOutputStream:74 - [STDERR_REDIRECT] [Fatal Error] :1:1: Premature end of file.
2024-08-04 19:13:43,724 [ERROR] LogOutputStream:74 - [STDERR_REDIRECT] 
2024-08-04 19:27:36,967 [ERROR] LogOutputStream:74 - [STDERR_REDIRECT] [Fatal Error] :1:1: Premature end of file.
2024-08-04 19:27:36,969 [ERROR] LogOutputStream:74 - [STDERR_REDIRECT] 
2024-08-04 19:27:37,073 [ERROR] LogOutputStream:74 - [STDERR_REDIRECT] [Fatal Error] :1:1: Premature end of file.
2024-08-04 19:27:37,075 [ERROR] LogOutputStream:74 - [STDERR_REDIRECT] 
2024-08-04 19:27:37,195 [ERROR] LogOutputStream:74 - [STDERR_REDIRECT] [Fatal Error] :1:1: Premature end of file.
2024-08-04 19:27:37,197 [ERROR] LogOutputStream:74 - [STDERR_REDIRECT] 
2024-08-04 19:27:37,303 [ERROR] LogOutputStream:74 - [STDERR_REDIRECT] [Fatal Error] :1:1: Premature end of file.
2024-08-04 19:27:37,304 [ERROR] LogOutputStream:74 - [STDERR_REDIRECT] 
2024-08-04 19:27:37,404 [ERROR] LogOutputStream:74 - [STDERR_REDIRECT] [Fatal Error] :1:1: Premature end of file.
2024-08-04 19:27:37,407 [ERROR] LogOutputStream:74 - [STDERR_REDIRECT] 
2024-08-04 19:27:37,508 [ERROR] LogOutputStream:74 - [STDERR_REDIRECT] [Fatal Error] :1:1: Premature end of file.
2024-08-04 19:27:37,510 [ERROR] LogOutputStream:74 - [STDERR_REDIRECT] 
2024-08-04 19:27:37,615 [ERROR] LogOutputStream:74 - [STDERR_REDIRECT] [Fatal Error] :1:1: Premature end of file.
2024-08-04 19:27:37,617 [ERROR] LogOutputStream:74 - [STDERR_REDIRECT] 
2024-08-04 19:27:37,720 [ERROR] LogOutputStream:74 - [STDERR_REDIRECT] [Fatal Error] :1:1: Premature end of file.
2024-08-04 19:27:37,721 [ERROR] LogOutputStream:74 - [STDERR_REDIRECT] 
2024-08-04 19:27:37,823 [ERROR] LogOutputStream:74 - [STDERR_REDIRECT] [Fatal Error] :1:1: Premature end of file.
2024-08-04 19:27:37,825 [ERROR] LogOutputStream:74 - [STDERR_REDIRECT] 
2024-08-04 19:27:37,928 [ERROR] LogOutputStream:74 - [STDERR_REDIRECT] [Fatal Error] :1:1: Premature end of file.
2024-08-04 19:27:37,930 [ERROR] LogOutputStream:74 - [STDERR_REDIRECT] 
2024-08-04 19:27:38,032 [ERROR] LogOutputStream:74 - [STDERR_REDIRECT] [Fatal Error] :1:1: Premature end of file.
2024-08-04 19:27:38,034 [ERROR] LogOutputStream:74 - [STDERR_REDIRECT] 
2024-08-04 19:27:38,136 [ERROR] LogOutputStream:74 - [STDERR_REDIRECT] [Fatal Error] :1:1: Premature end of file.
2024-08-04 19:27:38,138 [ERROR] LogOutputStream:74 - [STDERR_REDIRECT] 
2024-08-04 19:28:32,543 [INFO] Activator:178 - 


2024-08-04 19:28:32,557 [INFO] Activator:179 - !SESSION log4j initialized
2024-08-04 19:28:42,831 [ERROR] LogOutputStream:74 - [STDERR_REDIRECT] [Fatal Error] :1:1: Premature end of file.
2024-08-04 19:28:42,835 [ERROR] LogOutputStream:74 - [STDERR_REDIRECT] 
2024-08-04 19:28:42,933 [ERROR] LogOutputStream:74 - [STDERR_REDIRECT] [Fatal Error] :1:1: Premature end of file.
2024-08-04 19:28:42,934 [ERROR] LogOutputStream:74 - [STDERR_REDIRECT] 
2024-08-04 19:28:43,028 [ERROR] LogOutputStream:74 - [STDERR_REDIRECT] [Fatal Error] :1:1: Premature end of file.
2024-08-04 19:28:43,029 [ERROR] LogOutputStream:74 - [STDERR_REDIRECT] 
2024-08-04 19:31:22,388 [ERROR] LogOutputStream:74 - [STDERR_REDIRECT] [Fatal Error] :1:1: Premature end of file.
2024-08-04 19:31:22,391 [ERROR] LogOutputStream:74 - [STDERR_REDIRECT] 
2024-08-04 19:31:22,492 [ERROR] LogOutputStream:74 - [STDERR_REDIRECT] [Fatal Error] :1:1: Premature end of file.
2024-08-04 19:31:22,494 [ERROR] LogOutputStream:74 - [STDERR_REDIRECT] 
2024-08-04 19:31:22,592 [ERROR] LogOutputStream:74 - [STDERR_REDIRECT] [Fatal Error] :1:1: Premature end of file.
2024-08-04 19:31:22,593 [ERROR] LogOutputStream:74 - [STDERR_REDIRECT] 
2024-08-04 19:31:22,695 [ERROR] LogOutputStream:74 - [STDERR_REDIRECT] [Fatal Error] :1:1: Premature end of file.
2024-08-04 19:31:22,697 [ERROR] LogOutputStream:74 - [STDERR_REDIRECT] 
2024-08-04 19:31:22,795 [ERROR] LogOutputStream:74 - [STDERR_REDIRECT] [Fatal Error] :1:1: Premature end of file.
2024-08-04 19:31:22,797 [ERROR] LogOutputStream:74 - [STDERR_REDIRECT] 
2024-08-04 19:31:22,899 [ERROR] LogOutputStream:74 - [STDERR_REDIRECT] [Fatal Error] :1:1: Premature end of file.
2024-08-04 19:31:22,901 [ERROR] LogOutputStream:74 - [STDERR_REDIRECT] 
2024-08-04 19:31:23,003 [ERROR] LogOutputStream:74 - [STDERR_REDIRECT] [Fatal Error] :1:1: Premature end of file.
2024-08-04 19:31:23,004 [ERROR] LogOutputStream:74 - [STDERR_REDIRECT] 
2024-08-04 19:31:23,101 [ERROR] LogOutputStream:74 - [STDERR_REDIRECT] [Fatal Error] :1:1: Premature end of file.
2024-08-04 19:31:23,101 [ERROR] LogOutputStream:74 - [STDERR_REDIRECT] 
2024-08-04 19:31:23,200 [ERROR] LogOutputStream:74 - [STDERR_REDIRECT] [Fatal Error] :1:1: Premature end of file.
2024-08-04 19:31:23,202 [ERROR] LogOutputStream:74 - [STDERR_REDIRECT] 
2024-08-04 19:31:23,304 [ERROR] LogOutputStream:74 - [STDERR_REDIRECT] [Fatal Error] :1:1: Premature end of file.
2024-08-04 19:31:23,306 [ERROR] LogOutputStream:74 - [STDERR_REDIRECT] 
2024-08-04 19:31:23,404 [ERROR] LogOutputStream:74 - [STDERR_REDIRECT] [Fatal Error] :1:1: Premature end of file.
2024-08-04 19:31:23,407 [ERROR] LogOutputStream:74 - [STDERR_REDIRECT] 
2024-08-04 19:31:23,507 [ERROR] LogOutputStream:74 - [STDERR_REDIRECT] [Fatal Error] :1:1: Premature end of file.
2024-08-04 19:31:23,509 [ERROR] LogOutputStream:74 - [STDERR_REDIRECT] 
2024-08-06 23:03:52,567 [INFO] Activator:178 - 


2024-08-06 23:03:52,607 [INFO] Activator:179 - !SESSION log4j initialized
2024-08-06 23:04:02,238 [ERROR] LogOutputStream:74 - [STDERR_REDIRECT] [Fatal Error] :1:1: Premature end of file.
2024-08-06 23:04:02,239 [ERROR] LogOutputStream:74 - [STDERR_REDIRECT] 
2024-08-06 23:04:02,345 [ERROR] LogOutputStream:74 - [STDERR_REDIRECT] [Fatal Error] :1:1: Premature end of file.
2024-08-06 23:04:02,345 [ERROR] LogOutputStream:74 - [STDERR_REDIRECT] 
2024-08-06 23:04:02,429 [ERROR] LogOutputStream:74 - [STDERR_REDIRECT] [Fatal Error] :1:1: Premature end of file.
2024-08-06 23:04:02,429 [ERROR] LogOutputStream:74 - [STDERR_REDIRECT] 
2024-08-06 23:19:10,245 [ERROR] LogOutputStream:74 - [STDERR_REDIRECT] [Fatal Error] :1:1: Premature end of file.
2024-08-06 23:19:10,246 [ERROR] LogOutputStream:74 - [STDERR_REDIRECT] 
2024-08-06 23:19:10,327 [ERROR] LogOutputStream:74 - [STDERR_REDIRECT] [Fatal Error] :1:1: Premature end of file.
2024-08-06 23:19:10,327 [ERROR] LogOutputStream:74 - [STDERR_REDIRECT] 
2024-08-06 23:19:10,407 [ERROR] LogOutputStream:74 - [STDERR_REDIRECT] [Fatal Error] :1:1: Premature end of file.
2024-08-06 23:19:10,408 [ERROR] LogOutputStream:74 - [STDERR_REDIRECT] 
2024-08-06 23:19:10,492 [ERROR] LogOutputStream:74 - [STDERR_REDIRECT] [Fatal Error] :1:1: Premature end of file.
2024-08-06 23:19:10,492 [ERROR] LogOutputStream:74 - [STDERR_REDIRECT] 
2024-08-06 23:19:10,573 [ERROR] LogOutputStream:74 - [STDERR_REDIRECT] [Fatal Error] :1:1: Premature end of file.
2024-08-06 23:19:10,573 [ERROR] LogOutputStream:74 - [STDERR_REDIRECT] 
2024-08-06 23:19:10,655 [ERROR] LogOutputStream:74 - [STDERR_REDIRECT] [Fatal Error] :1:1: Premature end of file.
2024-08-06 23:19:10,656 [ERROR] LogOutputStream:74 - [STDERR_REDIRECT] 
2024-08-06 23:19:10,737 [ERROR] LogOutputStream:74 - [STDERR_REDIRECT] [Fatal Error] :1:1: Premature end of file.
2024-08-06 23:19:10,738 [ERROR] LogOutputStream:74 - [STDERR_REDIRECT] 
2024-08-06 23:19:10,818 [ERROR] LogOutputStream:74 - [STDERR_REDIRECT] [Fatal Error] :1:1: Premature end of file.
2024-08-06 23:19:10,819 [ERROR] LogOutputStream:74 - [STDERR_REDIRECT] 
2024-08-06 23:19:10,900 [ERROR] LogOutputStream:74 - [STDERR_REDIRECT] [Fatal Error] :1:1: Premature end of file.
2024-08-06 23:19:10,900 [ERROR] LogOutputStream:74 - [STDERR_REDIRECT] 
2024-08-06 23:19:10,982 [ERROR] LogOutputStream:74 - [STDERR_REDIRECT] [Fatal Error] :1:1: Premature end of file.
2024-08-06 23:19:10,982 [ERROR] LogOutputStream:74 - [STDERR_REDIRECT] 
2024-08-06 23:19:11,062 [ERROR] LogOutputStream:74 - [STDERR_REDIRECT] [Fatal Error] :1:1: Premature end of file.
2024-08-06 23:19:11,063 [ERROR] LogOutputStream:74 - [STDERR_REDIRECT] 
2024-08-06 23:19:11,144 [ERROR] LogOutputStream:74 - [STDERR_REDIRECT] [Fatal Error] :1:1: Premature end of file.
2024-08-06 23:19:11,144 [ERROR] LogOutputStream:74 - [STDERR_REDIRECT] 
2024-08-06 23:19:30,436 [INFO] Activator:178 - 


2024-08-06 23:19:30,457 [INFO] Activator:179 - !SESSION log4j initialized
2024-08-06 23:19:36,279 [ERROR] LogOutputStream:74 - [STDERR_REDIRECT] [Fatal Error] :1:1: Premature end of file.
2024-08-06 23:19:36,280 [ERROR] LogOutputStream:74 - [STDERR_REDIRECT] 
2024-08-06 23:19:36,416 [ERROR] LogOutputStream:74 - [STDERR_REDIRECT] [Fatal Error] :1:1: Premature end of file.
2024-08-06 23:19:36,416 [ERROR] LogOutputStream:74 - [STDERR_REDIRECT] 
2024-08-06 23:19:36,541 [ERROR] LogOutputStream:74 - [STDERR_REDIRECT] [Fatal Error] :1:1: Premature end of file.
2024-08-06 23:19:36,542 [ERROR] LogOutputStream:74 - [STDERR_REDIRECT] 
2024-08-06 23:30:14,882 [ERROR] LogOutputStream:74 - [STDERR_REDIRECT] [Fatal Error] :1:1: Premature end of file.
2024-08-06 23:30:14,884 [ERROR] LogOutputStream:74 - [STDERR_REDIRECT] 
2024-08-06 23:30:14,969 [ERROR] LogOutputStream:74 - [STDERR_REDIRECT] [Fatal Error] :1:1: Premature end of file.
2024-08-06 23:30:14,970 [ERROR] LogOutputStream:74 - [STDERR_REDIRECT] 
2024-08-06 23:30:15,054 [ERROR] LogOutputStream:74 - [STDERR_REDIRECT] [Fatal Error] :1:1: Premature end of file.
2024-08-06 23:30:15,055 [ERROR] LogOutputStream:74 - [STDERR_REDIRECT] 
2024-08-06 23:30:15,141 [ERROR] LogOutputStream:74 - [STDERR_REDIRECT] [Fatal Error] :1:1: Premature end of file.
2024-08-06 23:30:15,142 [ERROR] LogOutputStream:74 - [STDERR_REDIRECT] 
2024-08-06 23:30:15,227 [ERROR] LogOutputStream:74 - [STDERR_REDIRECT] [Fatal Error] :1:1: Premature end of file.
2024-08-06 23:30:15,228 [ERROR] LogOutputStream:74 - [STDERR_REDIRECT] 
2024-08-06 23:30:15,314 [ERROR] LogOutputStream:74 - [STDERR_REDIRECT] [Fatal Error] :1:1: Premature end of file.
2024-08-06 23:30:15,315 [ERROR] LogOutputStream:74 - [STDERR_REDIRECT] 
2024-08-06 23:30:15,404 [ERROR] LogOutputStream:74 - [STDERR_REDIRECT] [Fatal Error] :1:1: Premature end of file.
2024-08-06 23:30:15,406 [ERROR] LogOutputStream:74 - [STDERR_REDIRECT] 
2024-08-06 23:30:15,495 [ERROR] LogOutputStream:74 - [STDERR_REDIRECT] [Fatal Error] :1:1: Premature end of file.
2024-08-06 23:30:15,496 [ERROR] LogOutputStream:74 - [STDERR_REDIRECT] 
2024-08-06 23:30:15,580 [ERROR] LogOutputStream:74 - [STDERR_REDIRECT] [Fatal Error] :1:1: Premature end of file.
2024-08-06 23:30:15,581 [ERROR] LogOutputStream:74 - [STDERR_REDIRECT] 
2024-08-06 23:30:15,671 [ERROR] LogOutputStream:74 - [STDERR_REDIRECT] [Fatal Error] :1:1: Premature end of file.
2024-08-06 23:30:15,673 [ERROR] LogOutputStream:74 - [STDERR_REDIRECT] 
2024-08-06 23:30:15,757 [ERROR] LogOutputStream:74 - [STDERR_REDIRECT] [Fatal Error] :1:1: Premature end of file.
2024-08-06 23:30:15,759 [ERROR] LogOutputStream:74 - [STDERR_REDIRECT] 
2024-08-06 23:30:15,849 [ERROR] LogOutputStream:74 - [STDERR_REDIRECT] [Fatal Error] :1:1: Premature end of file.
2024-08-06 23:30:15,851 [ERROR] LogOutputStream:74 - [STDERR_REDIRECT] 
2024-08-06 23:30:31,893 [INFO] Activator:178 - 


2024-08-06 23:30:31,912 [INFO] Activator:179 - !SESSION log4j initialized
2024-08-06 23:30:40,073 [ERROR] LogOutputStream:74 - [STDERR_REDIRECT] [Fatal Error] :1:1: Premature end of file.
2024-08-06 23:30:40,078 [ERROR] LogOutputStream:74 - [STDERR_REDIRECT] 
2024-08-06 23:30:40,167 [ERROR] LogOutputStream:74 - [STDERR_REDIRECT] [Fatal Error] :1:1: Premature end of file.
2024-08-06 23:30:40,168 [ERROR] LogOutputStream:74 - [STDERR_REDIRECT] 
2024-08-06 23:30:40,254 [ERROR] LogOutputStream:74 - [STDERR_REDIRECT] [Fatal Error] :1:1: Premature end of file.
2024-08-06 23:30:40,255 [ERROR] LogOutputStream:74 - [STDERR_REDIRECT] 
2024-08-06 23:35:27,464 [ERROR] LogOutputStream:74 - [STDERR_REDIRECT] [Fatal Error] :1:1: Premature end of file.
2024-08-06 23:35:27,467 [ERROR] LogOutputStream:74 - [STDERR_REDIRECT] 
2024-08-06 23:35:27,553 [ERROR] LogOutputStream:74 - [STDERR_REDIRECT] [Fatal Error] :1:1: Premature end of file.
2024-08-06 23:35:27,555 [ERROR] LogOutputStream:74 - [STDERR_REDIRECT] 
2024-08-06 23:35:27,641 [ERROR] LogOutputStream:74 - [STDERR_REDIRECT] [Fatal Error] :1:1: Premature end of file.
2024-08-06 23:35:27,643 [ERROR] LogOutputStream:74 - [STDERR_REDIRECT] 
2024-08-06 23:35:27,730 [ERROR] LogOutputStream:74 - [STDERR_REDIRECT] [Fatal Error] :1:1: Premature end of file.
2024-08-06 23:35:27,733 [ERROR] LogOutputStream:74 - [STDERR_REDIRECT] 
2024-08-06 23:35:27,822 [ERROR] LogOutputStream:74 - [STDERR_REDIRECT] [Fatal Error] :1:1: Premature end of file.
2024-08-06 23:35:27,824 [ERROR] LogOutputStream:74 - [STDERR_REDIRECT] 
2024-08-06 23:35:27,910 [ERROR] LogOutputStream:74 - [STDERR_REDIRECT] [Fatal Error] :1:1: Premature end of file.
2024-08-06 23:35:27,912 [ERROR] LogOutputStream:74 - [STDERR_REDIRECT] 
2024-08-06 23:35:28,000 [ERROR] LogOutputStream:74 - [STDERR_REDIRECT] [Fatal Error] :1:1: Premature end of file.
2024-08-06 23:35:28,002 [ERROR] LogOutputStream:74 - [STDERR_REDIRECT] 
2024-08-06 23:35:28,087 [ERROR] LogOutputStream:74 - [STDERR_REDIRECT] [Fatal Error] :1:1: Premature end of file.
2024-08-06 23:35:28,089 [ERROR] LogOutputStream:74 - [STDERR_REDIRECT] 
2024-08-06 23:35:28,173 [ERROR] LogOutputStream:74 - [STDERR_REDIRECT] [Fatal Error] :1:1: Premature end of file.
2024-08-06 23:35:28,175 [ERROR] LogOutputStream:74 - [STDERR_REDIRECT] 
2024-08-06 23:35:28,263 [ERROR] LogOutputStream:74 - [STDERR_REDIRECT] [Fatal Error] :1:1: Premature end of file.
2024-08-06 23:35:28,265 [ERROR] LogOutputStream:74 - [STDERR_REDIRECT] 
2024-08-06 23:35:28,348 [ERROR] LogOutputStream:74 - [STDERR_REDIRECT] [Fatal Error] :1:1: Premature end of file.
2024-08-06 23:35:28,351 [ERROR] LogOutputStream:74 - [STDERR_REDIRECT] 
2024-08-06 23:35:28,435 [ERROR] LogOutputStream:74 - [STDERR_REDIRECT] [Fatal Error] :1:1: Premature end of file.
2024-08-06 23:35:28,437 [ERROR] LogOutputStream:74 - [STDERR_REDIRECT] 
2024-08-06 23:54:07,135 [INFO] Activator:178 - 


2024-08-06 23:54:07,173 [INFO] Activator:179 - !SESSION log4j initialized
2024-08-06 23:54:17,504 [ERROR] LogOutputStream:74 - [STDERR_REDIRECT] [Fatal Error] :1:1: Premature end of file.
2024-08-06 23:54:17,509 [ERROR] LogOutputStream:74 - [STDERR_REDIRECT] 
2024-08-06 23:54:17,599 [ERROR] LogOutputStream:74 - [STDERR_REDIRECT] [Fatal Error] :1:1: Premature end of file.
2024-08-06 23:54:17,601 [ERROR] LogOutputStream:74 - [STDERR_REDIRECT] 
2024-08-06 23:54:17,686 [ERROR] LogOutputStream:74 - [STDERR_REDIRECT] [Fatal Error] :1:1: Premature end of file.
2024-08-06 23:54:17,686 [ERROR] LogOutputStream:74 - [STDERR_REDIRECT] 
2024-08-07 00:08:35,968 [ERROR] LogOutputStream:74 - [STDERR_REDIRECT] [Fatal Error] :1:1: Premature end of file.
2024-08-07 00:08:35,971 [ERROR] LogOutputStream:74 - [STDERR_REDIRECT] 
2024-08-07 00:08:36,053 [ERROR] LogOutputStream:74 - [STDERR_REDIRECT] [Fatal Error] :1:1: Premature end of file.
2024-08-07 00:08:36,057 [ERROR] LogOutputStream:74 - [STDERR_REDIRECT] 
2024-08-07 00:08:36,138 [ERROR] LogOutputStream:74 - [STDERR_REDIRECT] [Fatal Error] :1:1: Premature end of file.
2024-08-07 00:08:36,140 [ERROR] LogOutputStream:74 - [STDERR_REDIRECT] 
2024-08-07 00:08:36,227 [ERROR] LogOutputStream:74 - [STDERR_REDIRECT] [Fatal Error] :1:1: Premature end of file.
2024-08-07 00:08:36,229 [ERROR] LogOutputStream:74 - [STDERR_REDIRECT] 
2024-08-07 00:08:36,356 [ERROR] LogOutputStream:74 - [STDERR_REDIRECT] [Fatal Error] :1:1: Premature end of file.
2024-08-07 00:08:36,359 [ERROR] LogOutputStream:74 - [STDERR_REDIRECT] 
2024-08-07 00:08:36,452 [ERROR] LogOutputStream:74 - [STDERR_REDIRECT] [Fatal Error] :1:1: Premature end of file.
2024-08-07 00:08:36,453 [ERROR] LogOutputStream:74 - [STDERR_REDIRECT] 
2024-08-07 00:08:36,533 [ERROR] LogOutputStream:74 - [STDERR_REDIRECT] [Fatal Error] :1:1: Premature end of file.
2024-08-07 00:08:36,533 [ERROR] LogOutputStream:74 - [STDERR_REDIRECT] 
2024-08-07 00:08:36,610 [ERROR] LogOutputStream:74 - [STDERR_REDIRECT] [Fatal Error] :1:1: Premature end of file.
2024-08-07 00:08:36,611 [ERROR] LogOutputStream:74 - [STDERR_REDIRECT] 
2024-08-07 00:08:36,687 [ERROR] LogOutputStream:74 - [STDERR_REDIRECT] [Fatal Error] :1:1: Premature end of file.
2024-08-07 00:08:36,688 [ERROR] LogOutputStream:74 - [STDERR_REDIRECT] 
2024-08-07 00:08:36,766 [ERROR] LogOutputStream:74 - [STDERR_REDIRECT] [Fatal Error] :1:1: Premature end of file.
2024-08-07 00:08:36,766 [ERROR] LogOutputStream:74 - [STDERR_REDIRECT] 
2024-08-07 00:08:36,844 [ERROR] LogOutputStream:74 - [STDERR_REDIRECT] [Fatal Error] :1:1: Premature end of file.
2024-08-07 00:08:36,844 [ERROR] LogOutputStream:74 - [STDERR_REDIRECT] 
2024-08-07 00:08:36,920 [ERROR] LogOutputStream:74 - [STDERR_REDIRECT] [Fatal Error] :1:1: Premature end of file.
2024-08-07 00:08:36,921 [ERROR] LogOutputStream:74 - [STDERR_REDIRECT] 
2024-08-07 00:09:47,998 [INFO] Activator:178 - 


2024-08-07 00:09:48,003 [INFO] Activator:179 - !SESSION log4j initialized
2024-08-07 00:09:57,231 [ERROR] LogOutputStream:74 - [STDERR_REDIRECT] [Fatal Error] :1:1: Premature end of file.
2024-08-07 00:09:57,234 [ERROR] LogOutputStream:74 - [STDERR_REDIRECT] 
2024-08-07 00:09:57,312 [ERROR] LogOutputStream:74 - [STDERR_REDIRECT] [Fatal Error] :1:1: Premature end of file.
2024-08-07 00:09:57,313 [ERROR] LogOutputStream:74 - [STDERR_REDIRECT] 
2024-08-07 00:09:57,390 [ERROR] LogOutputStream:74 - [STDERR_REDIRECT] [Fatal Error] :1:1: Premature end of file.
2024-08-07 00:09:57,392 [ERROR] LogOutputStream:74 - [STDERR_REDIRECT] 
2024-08-07 00:16:48,208 [ERROR] LogOutputStream:74 - [STDERR_REDIRECT] [Fatal Error] :1:1: Premature end of file.
2024-08-07 00:16:48,211 [ERROR] LogOutputStream:74 - [STDERR_REDIRECT] 
2024-08-07 00:16:48,298 [ERROR] LogOutputStream:74 - [STDERR_REDIRECT] [Fatal Error] :1:1: Premature end of file.
2024-08-07 00:16:48,300 [ERROR] LogOutputStream:74 - [STDERR_REDIRECT] 
2024-08-07 00:16:48,386 [ERROR] LogOutputStream:74 - [STDERR_REDIRECT] [Fatal Error] :1:1: Premature end of file.
2024-08-07 00:16:48,388 [ERROR] LogOutputStream:74 - [STDERR_REDIRECT] 
2024-08-07 00:16:48,479 [ERROR] LogOutputStream:74 - [STDERR_REDIRECT] [Fatal Error] :1:1: Premature end of file.
2024-08-07 00:16:48,481 [ERROR] LogOutputStream:74 - [STDERR_REDIRECT] 
2024-08-07 00:16:48,571 [ERROR] LogOutputStream:74 - [STDERR_REDIRECT] [Fatal Error] :1:1: Premature end of file.
2024-08-07 00:16:48,573 [ERROR] LogOutputStream:74 - [STDERR_REDIRECT] 
2024-08-07 00:16:48,662 [ERROR] LogOutputStream:74 - [STDERR_REDIRECT] [Fatal Error] :1:1: Premature end of file.
2024-08-07 00:16:48,664 [ERROR] LogOutputStream:74 - [STDERR_REDIRECT] 
2024-08-07 00:16:48,755 [ERROR] LogOutputStream:74 - [STDERR_REDIRECT] [Fatal Error] :1:1: Premature end of file.
2024-08-07 00:16:48,756 [ERROR] LogOutputStream:74 - [STDERR_REDIRECT] 
2024-08-07 00:16:48,845 [ERROR] LogOutputStream:74 - [STDERR_REDIRECT] [Fatal Error] :1:1: Premature end of file.
2024-08-07 00:16:48,846 [ERROR] LogOutputStream:74 - [STDERR_REDIRECT] 
2024-08-07 00:16:48,933 [ERROR] LogOutputStream:74 - [STDERR_REDIRECT] [Fatal Error] :1:1: Premature end of file.
2024-08-07 00:16:48,935 [ERROR] LogOutputStream:74 - [STDERR_REDIRECT] 
2024-08-07 00:16:49,025 [ERROR] LogOutputStream:74 - [STDERR_REDIRECT] [Fatal Error] :1:1: Premature end of file.
2024-08-07 00:16:49,027 [ERROR] LogOutputStream:74 - [STDERR_REDIRECT] 
2024-08-07 00:16:49,113 [ERROR] LogOutputStream:74 - [STDERR_REDIRECT] [Fatal Error] :1:1: Premature end of file.
2024-08-07 00:16:49,116 [ERROR] LogOutputStream:74 - [STDERR_REDIRECT] 
2024-08-07 00:16:49,202 [ERROR] LogOutputStream:74 - [STDERR_REDIRECT] [Fatal Error] :1:1: Premature end of file.
2024-08-07 00:16:49,204 [ERROR] LogOutputStream:74 - [STDERR_REDIRECT] 
2024-08-07 00:17:39,098 [INFO] Activator:178 - 


2024-08-07 00:17:39,101 [INFO] Activator:179 - !SESSION log4j initialized
2024-08-07 00:17:43,957 [ERROR] LogOutputStream:74 - [STDERR_REDIRECT] [Fatal Error] :1:1: Premature end of file.
2024-08-07 00:17:43,959 [ERROR] LogOutputStream:74 - [STDERR_REDIRECT] 
2024-08-07 00:17:44,059 [ERROR] LogOutputStream:74 - [STDERR_REDIRECT] [Fatal Error] :1:1: Premature end of file.
2024-08-07 00:17:44,060 [ERROR] LogOutputStream:74 - [STDERR_REDIRECT] 
2024-08-07 00:17:44,149 [ERROR] LogOutputStream:74 - [STDERR_REDIRECT] [Fatal Error] :1:1: Premature end of file.
2024-08-07 00:17:44,150 [ERROR] LogOutputStream:74 - [STDERR_REDIRECT] 
2024-08-07 00:33:15,698 [ERROR] LogOutputStream:74 - [STDERR_REDIRECT] [Fatal Error] :1:1: Premature end of file.
2024-08-07 00:33:15,699 [ERROR] LogOutputStream:74 - [STDERR_REDIRECT] 
2024-08-07 00:33:15,788 [ERROR] LogOutputStream:74 - [STDERR_REDIRECT] [Fatal Error] :1:1: Premature end of file.
2024-08-07 00:33:15,789 [ERROR] LogOutputStream:74 - [STDERR_REDIRECT] 
2024-08-07 00:33:15,873 [ERROR] LogOutputStream:74 - [STDERR_REDIRECT] [Fatal Error] :1:1: Premature end of file.
2024-08-07 00:33:15,874 [ERROR] LogOutputStream:74 - [STDERR_REDIRECT] 
2024-08-07 00:33:15,959 [ERROR] LogOutputStream:74 - [STDERR_REDIRECT] [Fatal Error] :1:1: Premature end of file.
2024-08-07 00:33:15,960 [ERROR] LogOutputStream:74 - [STDERR_REDIRECT] 
2024-08-07 00:33:16,043 [ERROR] LogOutputStream:74 - [STDERR_REDIRECT] [Fatal Error] :1:1: Premature end of file.
2024-08-07 00:33:16,044 [ERROR] LogOutputStream:74 - [STDERR_REDIRECT] 
2024-08-07 00:33:16,129 [ERROR] LogOutputStream:74 - [STDERR_REDIRECT] [Fatal Error] :1:1: Premature end of file.
2024-08-07 00:33:16,130 [ERROR] LogOutputStream:74 - [STDERR_REDIRECT] 
2024-08-07 00:33:16,218 [ERROR] LogOutputStream:74 - [STDERR_REDIRECT] [Fatal Error] :1:1: Premature end of file.
2024-08-07 00:33:16,219 [ERROR] LogOutputStream:74 - [STDERR_REDIRECT] 
2024-08-07 00:33:16,302 [ERROR] LogOutputStream:74 - [STDERR_REDIRECT] [Fatal Error] :1:1: Premature end of file.
2024-08-07 00:33:16,302 [ERROR] LogOutputStream:74 - [STDERR_REDIRECT] 
2024-08-07 00:33:16,396 [ERROR] LogOutputStream:74 - [STDERR_REDIRECT] [Fatal Error] :1:1: Premature end of file.
2024-08-07 00:33:16,397 [ERROR] LogOutputStream:74 - [STDERR_REDIRECT] 
2024-08-07 00:33:16,480 [ERROR] LogOutputStream:74 - [STDERR_REDIRECT] [Fatal Error] :1:1: Premature end of file.
2024-08-07 00:33:16,481 [ERROR] LogOutputStream:74 - [STDERR_REDIRECT] 
2024-08-07 00:33:16,562 [ERROR] LogOutputStream:74 - [STDERR_REDIRECT] [Fatal Error] :1:1: Premature end of file.
2024-08-07 00:33:16,563 [ERROR] LogOutputStream:74 - [STDERR_REDIRECT] 
2024-08-07 00:33:16,646 [ERROR] LogOutputStream:74 - [STDERR_REDIRECT] [Fatal Error] :1:1: Premature end of file.
2024-08-07 00:33:16,647 [ERROR] LogOutputStream:74 - [STDERR_REDIRECT] 
