2024-08-26 14:55:18,168 [INFO] Activator:178 - 


2024-08-26 14:55:18,200 [INFO] Activator:179 - !SESSION log4j initialized
2024-08-26 14:55:26,073 [ERROR] LogOutputStream:74 - [STDERR_REDIRECT] [Fatal Error] :1:1: Premature end of file.
2024-08-26 14:55:26,075 [ERROR] LogOutputStream:74 - [STDERR_REDIRECT] 
2024-08-26 14:55:26,152 [ERROR] LogOutputStream:74 - [STDERR_REDIRECT] [Fatal Error] :1:1: Premature end of file.
2024-08-26 14:55:26,153 [ERROR] LogOutputStream:74 - [STDERR_REDIRECT] 
2024-08-26 14:55:26,327 [ERROR] LogOutputStream:74 - [STDERR_REDIRECT] [Fatal Error] :1:1: Premature end of file.
2024-08-26 14:55:26,328 [ERROR] LogOutputStream:74 - [STDERR_REDIRECT] 
2024-08-26 14:56:02,210 [INFO] ApplicationProperties:181 - Using Application install path: E:\Embedded System\Unit3\Setup\STM32CubeIDE_1.4.0\STM32CubeIDE\plugins\com.st.stm32cube.common.mx_6.0.0.202007160824
2024-08-26 14:56:02,250 [INFO] DbMcusXml:70 - Set database path to: E:\Embedded System\Unit3\Setup\STM32CubeIDE_1.4.0\STM32CubeIDE\plugins\com.st.stm32cube.common.mx_6.0.0.202007160824\\db\/mcu/
2024-08-26 14:56:02,256 [INFO] DbBoardsPdsc:56 - Set plugin database path to: E:\Embedded System\Unit3\Setup\STM32CubeIDE_1.4.0\STM32CubeIDE\plugins\com.st.stm32cube.common.mx_6.0.0.202007160824\\db\/plugins/boardmanager/
2024-08-26 14:56:02,256 [INFO] DbMcus:258 - Set plugin images path to: E:\Embedded System\Unit3\Setup\STM32CubeIDE_1.4.0\STM32CubeIDE\plugins\com.st.stm32cube.common.mx_6.0.0.202007160824\\db\/plugins/mcufinder/images/
2024-08-26 14:56:02,257 [INFO] DbBoards:264 - Set plugin images path to: E:\Embedded System\Unit3\Setup\STM32CubeIDE_1.4.0\STM32CubeIDE\plugins\com.st.stm32cube.common.mx_6.0.0.202007160824\\db\/plugins/mcufinder/images/
2024-08-26 14:56:02,261 [INFO] DbExamples:326 - Set plugin images path to: E:\Embedded System\Unit3\Setup\STM32CubeIDE_1.4.0\STM32CubeIDE\plugins\com.st.stm32cube.common.mx_6.0.0.202007160824\\db\/plugins/mcufinder/images/
2024-08-26 14:56:02,328 [INFO] DbMcusDocs:112 - Set database path to: C:\Users\HP\.stmcufinder\plugins\mcufinder//mcu/
2024-08-26 14:56:02,332 [INFO] DbMcusJson:63 - Set database path to: C:\Users\HP\.stmcufinder\plugins\mcufinder//mcu/
2024-08-26 14:56:02,333 [INFO] DbBoardsDocs:112 - Set database path to: C:\Users\HP\.stmcufinder\plugins\mcufinder//mcu/
2024-08-26 14:56:02,335 [INFO] DbBoardsJson:56 - Set database path to: C:\Users\HP\.stmcufinder\plugins\mcufinder//mcu/
2024-08-26 14:56:02,344 [INFO] CrossReferenceDbSqlite:196 - Set database path to: C:\Users\HP\.stmcufinder\plugins\mcufinder//mcu/cs/
2024-08-26 14:56:02,349 [INFO] DbExamplesSqlite:800 - Set database path to: C:\Users\HP\.stmcufinder\plugins\mcufinder//mcu/
2024-08-26 14:56:02,646 [INFO] RulesReader:52 - Compatibility file has been processed (209 Rules)
2024-08-26 14:56:02,883 [INFO] MicroXplorer:564 - Detected Java Version = 1.8.0_252
2024-08-26 14:56:02,883 [INFO] DbMcusXml:70 - Set database path to: E:\Embedded System\Unit3\Setup\STM32CubeIDE_1.4.0\STM32CubeIDE\plugins\com.st.stm32cube.common.mx_6.0.0.202007160824\\db\/mcu/
2024-08-26 14:56:02,884 [INFO] DbBoardsPdsc:56 - Set plugin database path to: E:\Embedded System\Unit3\Setup\STM32CubeIDE_1.4.0\STM32CubeIDE\plugins\com.st.stm32cube.common.mx_6.0.0.202007160824\\db\/plugins/boardmanager/
2024-08-26 14:56:02,885 [INFO] DbMcus:258 - Set plugin images path to: E:\Embedded System\Unit3\Setup\STM32CubeIDE_1.4.0\STM32CubeIDE\plugins\com.st.stm32cube.common.mx_6.0.0.202007160824\\db\/plugins/mcufinder/images/
2024-08-26 14:56:02,885 [INFO] DbBoards:264 - Set plugin images path to: E:\Embedded System\Unit3\Setup\STM32CubeIDE_1.4.0\STM32CubeIDE\plugins\com.st.stm32cube.common.mx_6.0.0.202007160824\\db\/plugins/mcufinder/images/
2024-08-26 14:56:02,885 [INFO] DbExamples:326 - Set plugin images path to: E:\Embedded System\Unit3\Setup\STM32CubeIDE_1.4.0\STM32CubeIDE\plugins\com.st.stm32cube.common.mx_6.0.0.202007160824\\db\/plugins/mcufinder/images/
2024-08-26 14:56:02,885 [WARN] DbFile:36 - Overriding database path with different value: C:\Users\HP\.stmcufinder\plugins\mcufinder/ => C:\Users\HP\.stmcufinder\plugins\mcufinder
2024-08-26 14:56:02,885 [INFO] DbMcusDocs:112 - Set database path to: C:\Users\HP\.stmcufinder\plugins\mcufinder//mcu/
2024-08-26 14:56:02,885 [WARN] DbFile:36 - Overriding database path with different value: C:\Users\HP\.stmcufinder\plugins\mcufinder/ => C:\Users\HP\.stmcufinder\plugins\mcufinder
2024-08-26 14:56:02,885 [INFO] DbMcusJson:63 - Set database path to: C:\Users\HP\.stmcufinder\plugins\mcufinder//mcu/
2024-08-26 14:56:02,885 [WARN] DbFile:36 - Overriding database path with different value: C:\Users\HP\.stmcufinder\plugins\mcufinder/ => C:\Users\HP\.stmcufinder\plugins\mcufinder
2024-08-26 14:56:02,886 [INFO] DbBoardsDocs:112 - Set database path to: C:\Users\HP\.stmcufinder\plugins\mcufinder//mcu/
2024-08-26 14:56:02,886 [WARN] DbFile:36 - Overriding database path with different value: C:\Users\HP\.stmcufinder\plugins\mcufinder/ => C:\Users\HP\.stmcufinder\plugins\mcufinder
2024-08-26 14:56:02,886 [INFO] DbBoardsJson:56 - Set database path to: C:\Users\HP\.stmcufinder\plugins\mcufinder//mcu/
2024-08-26 14:56:02,886 [WARN] DbFile:36 - Overriding database path with different value: C:\Users\HP\.stmcufinder\plugins\mcufinder/ => C:\Users\HP\.stmcufinder\plugins\mcufinder
2024-08-26 14:56:02,886 [WARN] DbFile:36 - Overriding database path with different value: C:\Users\HP\.stmcufinder\plugins\mcufinder/ => C:\Users\HP\.stmcufinder\plugins\mcufinder
2024-08-26 14:56:02,886 [INFO] CrossReferenceDbSqlite:196 - Set database path to: C:\Users\HP\.stmcufinder\plugins\mcufinder//mcu/cs/
2024-08-26 14:56:02,887 [WARN] DbFile:36 - Overriding database path with different value: C:\Users\HP\.stmcufinder\plugins\mcufinder/ => C:\Users\HP\.stmcufinder\plugins\mcufinder
2024-08-26 14:56:02,887 [INFO] DbExamplesSqlite:800 - Set database path to: C:\Users\HP\.stmcufinder\plugins\mcufinder//mcu/
2024-08-26 14:56:03,089 [INFO] MainPanel:189 - HeapMemory: 558891008
2024-08-26 14:56:03,261 [INFO] DbMcusXml:70 - Set database path to: E:\Embedded System\Unit3\Setup\STM32CubeIDE_1.4.0\STM32CubeIDE\plugins\com.st.stm32cube.common.mx_6.0.0.202007160824\\db\/mcu/
2024-08-26 14:56:03,261 [INFO] DbBoardsPdsc:56 - Set plugin database path to: E:\Embedded System\Unit3\Setup\STM32CubeIDE_1.4.0\STM32CubeIDE\plugins\com.st.stm32cube.common.mx_6.0.0.202007160824\\db\/plugins/boardmanager/
2024-08-26 14:56:03,262 [INFO] DbMcus:258 - Set plugin images path to: E:\Embedded System\Unit3\Setup\STM32CubeIDE_1.4.0\STM32CubeIDE\plugins\com.st.stm32cube.common.mx_6.0.0.202007160824\\db\/plugins/mcufinder/images/
2024-08-26 14:56:03,262 [INFO] DbBoards:264 - Set plugin images path to: E:\Embedded System\Unit3\Setup\STM32CubeIDE_1.4.0\STM32CubeIDE\plugins\com.st.stm32cube.common.mx_6.0.0.202007160824\\db\/plugins/mcufinder/images/
2024-08-26 14:56:03,262 [INFO] DbExamples:326 - Set plugin images path to: E:\Embedded System\Unit3\Setup\STM32CubeIDE_1.4.0\STM32CubeIDE\plugins\com.st.stm32cube.common.mx_6.0.0.202007160824\\db\/plugins/mcufinder/images/
2024-08-26 14:56:03,263 [WARN] DbFile:36 - Overriding database path with different value: C:\Users\HP\.stmcufinder\plugins\mcufinder/ => C:\Users\HP\.stmcufinder\plugins\mcufinder
2024-08-26 14:56:03,263 [INFO] DbMcusDocs:112 - Set database path to: C:\Users\HP\.stmcufinder\plugins\mcufinder//mcu/
2024-08-26 14:56:03,263 [WARN] DbFile:36 - Overriding database path with different value: C:\Users\HP\.stmcufinder\plugins\mcufinder/ => C:\Users\HP\.stmcufinder\plugins\mcufinder
2024-08-26 14:56:03,263 [INFO] DbMcusJson:63 - Set database path to: C:\Users\HP\.stmcufinder\plugins\mcufinder//mcu/
2024-08-26 14:56:03,264 [WARN] DbFile:36 - Overriding database path with different value: C:\Users\HP\.stmcufinder\plugins\mcufinder/ => C:\Users\HP\.stmcufinder\plugins\mcufinder
2024-08-26 14:56:03,264 [INFO] DbBoardsDocs:112 - Set database path to: C:\Users\HP\.stmcufinder\plugins\mcufinder//mcu/
2024-08-26 14:56:03,264 [WARN] DbFile:36 - Overriding database path with different value: C:\Users\HP\.stmcufinder\plugins\mcufinder/ => C:\Users\HP\.stmcufinder\plugins\mcufinder
2024-08-26 14:56:03,264 [INFO] DbBoardsJson:56 - Set database path to: C:\Users\HP\.stmcufinder\plugins\mcufinder//mcu/
2024-08-26 14:56:03,264 [WARN] DbFile:36 - Overriding database path with different value: C:\Users\HP\.stmcufinder\plugins\mcufinder/ => C:\Users\HP\.stmcufinder\plugins\mcufinder
2024-08-26 14:56:03,264 [WARN] DbFile:36 - Overriding database path with different value: C:\Users\HP\.stmcufinder\plugins\mcufinder/ => C:\Users\HP\.stmcufinder\plugins\mcufinder
2024-08-26 14:56:03,265 [INFO] CrossReferenceDbSqlite:196 - Set database path to: C:\Users\HP\.stmcufinder\plugins\mcufinder//mcu/cs/
2024-08-26 14:56:03,265 [WARN] DbFile:36 - Overriding database path with different value: C:\Users\HP\.stmcufinder\plugins\mcufinder/ => C:\Users\HP\.stmcufinder\plugins\mcufinder
2024-08-26 14:56:03,265 [INFO] DbExamplesSqlite:800 - Set database path to: C:\Users\HP\.stmcufinder\plugins\mcufinder//mcu/
2024-08-26 14:56:03,290 [INFO] ApplicationProperties:181 - Using Application install path: E:\Embedded System\Unit3\Setup\STM32CubeIDE_1.4.0\STM32CubeIDE\plugins\com.st.stm32cube.common.mx_6.0.0.202007160824
2024-08-26 14:56:03,292 [INFO] PluginManage:178 - Search for loadable plugins [exclusion list=, ]
2024-08-26 14:56:03,294 [INFO] PluginManage:292 - Check plugin analytics
2024-08-26 14:56:03,550 [INFO] AnalyticsPlugin:203 - Accepted Software Licenses: 
2024-08-26 14:56:03,551 [INFO] AnalyticsPlugin:205 - Accepted CMSIS Pack Licenses: 
2024-08-26 14:56:03,552 [INFO] AnalyticsPlugin:207 - Accepted Firmware Licenses: 
2024-08-26 14:56:03,553 [INFO] PluginManage:342 - Loaded plugin analytics (category:tool,tabindex:-1)
2024-08-26 14:56:03,553 [INFO] PluginManage:292 - Check plugin clock
2024-08-26 14:56:03,591 [INFO] PluginManage:342 - Loaded plugin clock (category:base,tabindex:2)
2024-08-26 14:56:03,592 [INFO] PluginManage:292 - Check plugin ddr
2024-08-26 14:56:03,604 [INFO] PluginManage:342 - Loaded plugin ddr (category:tool,tabindex:6)
2024-08-26 14:56:03,604 [INFO] PluginManage:292 - Check plugin filemanager
2024-08-26 14:56:03,827 [INFO] PluginManage:342 - Loaded plugin filemanager (category:base,tabindex:10)
2024-08-26 14:56:03,828 [INFO] PluginManage:292 - Check plugin ipmanager
2024-08-26 14:56:03,923 [INFO] PluginManage:342 - Loaded plugin ipmanager (category:base,tabindex:5)
2024-08-26 14:56:03,923 [INFO] PluginManage:292 - Check plugin pinoutandconfiguration
2024-08-26 14:56:03,970 [INFO] PluginManage:342 - Loaded plugin pinoutandconfiguration (category:base,tabindex:1)
2024-08-26 14:56:03,970 [INFO] PluginManage:292 - Check plugin pinoutconfig
2024-08-26 14:56:04,074 [INFO] PluginManage:342 - Loaded plugin pinoutconfig (category:base,tabindex:0)
2024-08-26 14:56:04,075 [INFO] PluginManage:292 - Check plugin power
2024-08-26 14:56:04,093 [ERROR] LogOutputStream:74 - [STDERR_REDIRECT] [Fatal Error] :1:1: Premature end of file.
2024-08-26 14:56:04,095 [ERROR] LogOutputStream:74 - [STDERR_REDIRECT] 
2024-08-26 14:56:04,132 [INFO] PluginManage:342 - Loaded plugin power (category:power,tabindex:4)
2024-08-26 14:56:04,133 [INFO] PluginManage:292 - Check plugin projectmanager
2024-08-26 14:56:04,190 [INFO] PluginManage:342 - Loaded plugin projectmanager (category:projectmanager,tabindex:3)
2024-08-26 14:56:04,190 [INFO] PluginManage:292 - Check plugin thirdparty
2024-08-26 14:56:04,228 [ERROR] LogOutputStream:74 - [STDERR_REDIRECT] [Fatal Error] :1:1: Premature end of file.
2024-08-26 14:56:04,228 [ERROR] LogOutputStream:74 - [STDERR_REDIRECT] 
2024-08-26 14:56:04,310 [ERROR] LogOutputStream:74 - [STDERR_REDIRECT] [Fatal Error] :1:1: Premature end of file.
2024-08-26 14:56:04,311 [ERROR] LogOutputStream:74 - [STDERR_REDIRECT] 
2024-08-26 14:56:04,362 [INFO] ThirdPartyDb:333 - Open Third Party DataBase File (C:/Users/HP/.stm32cubemx/plugins/thirdparty/db/thirdparties_db.xml) : 69 ms. number of Sw pack : 49
2024-08-26 14:56:04,367 [INFO] PluginManage:342 - Loaded plugin thirdparty (category:base,tabindex:-1)
2024-08-26 14:56:04,368 [INFO] PluginManage:292 - Check plugin tools
2024-08-26 14:56:04,383 [INFO] PluginManage:342 - Loaded plugin tools (category:base,tabindex:7)
2024-08-26 14:56:04,384 [INFO] PluginManage:292 - Check plugin tutovideos
2024-08-26 14:56:04,859 [INFO] PluginManage:342 - Loaded plugin tutovideos (category:base,tabindex:-1)
2024-08-26 14:56:04,859 [INFO] PluginManage:292 - Check plugin updater
2024-08-26 14:56:04,912 [INFO] PluginManage:342 - Loaded plugin updater (category:base,tabindex:12)
2024-08-26 14:56:04,914 [INFO] PluginManage:265 - PluginManage : Loaded plugins [13]
2024-08-26 14:56:05,206 [INFO] PinOutPanel:1418 - setPackage(No Configuration,No Configuration)
2024-08-26 14:56:05,367 [INFO] IPUIPlugin:64 - create IPUIPlugin
2024-08-26 14:56:05,367 [INFO] PluginManager:200 - loadIPPluginJar : add adc
2024-08-26 14:56:05,386 [INFO] IPUIPlugin:64 - create IPUIPlugin
2024-08-26 14:56:05,386 [INFO] PluginManager:200 - loadIPPluginJar : add aes
2024-08-26 14:56:05,414 [INFO] IPUIPlugin:64 - create IPUIPlugin
2024-08-26 14:56:05,415 [INFO] PluginManager:200 - loadIPPluginJar : add can
2024-08-26 14:56:05,418 [INFO] IPUIPlugin:64 - create IPUIPlugin
2024-08-26 14:56:05,418 [INFO] PluginManager:200 - loadIPPluginJar : add comp
2024-08-26 14:56:05,421 [INFO] IPUIPlugin:64 - create IPUIPlugin
2024-08-26 14:56:05,421 [INFO] PluginManager:200 - loadIPPluginJar : add cryp
2024-08-26 14:56:05,425 [INFO] IPUIPlugin:64 - create IPUIPlugin
2024-08-26 14:56:05,425 [INFO] PluginManager:200 - loadIPPluginJar : add dfsdm
2024-08-26 14:56:05,440 [INFO] IPUIPlugin:64 - create IPUIPlugin
2024-08-26 14:56:05,440 [INFO] PluginManager:200 - loadIPPluginJar : add dma
2024-08-26 14:56:05,443 [INFO] IPUIPlugin:64 - create IPUIPlugin
2024-08-26 14:56:05,443 [INFO] PluginManager:200 - loadIPPluginJar : add fatfs
2024-08-26 14:56:05,457 [INFO] IPUIPlugin:64 - create IPUIPlugin
2024-08-26 14:56:05,457 [INFO] PluginManager:200 - loadIPPluginJar : add fmc
2024-08-26 14:56:05,477 [INFO] IPUIPlugin:64 - create IPUIPlugin
2024-08-26 14:56:05,478 [INFO] PluginManager:200 - loadIPPluginJar : add freertos
2024-08-26 14:56:05,480 [INFO] IPUIPlugin:64 - create IPUIPlugin
2024-08-26 14:56:05,480 [INFO] PluginManager:200 - loadIPPluginJar : add genericplugin
2024-08-26 14:56:05,483 [INFO] IPUIPlugin:64 - create IPUIPlugin
2024-08-26 14:56:05,483 [INFO] PluginManager:200 - loadIPPluginJar : add gfxmmu
2024-08-26 14:56:05,497 [INFO] IPUIPlugin:64 - create IPUIPlugin
2024-08-26 14:56:05,497 [INFO] PluginManager:200 - loadIPPluginJar : add gic
2024-08-26 14:56:05,503 [INFO] IPUIPlugin:64 - create IPUIPlugin
2024-08-26 14:56:05,504 [INFO] PluginManager:200 - loadIPPluginJar : add gpio
2024-08-26 14:56:05,523 [INFO] IPUIPlugin:64 - create IPUIPlugin
2024-08-26 14:56:05,523 [INFO] PluginManager:200 - loadIPPluginJar : add gtzc
2024-08-26 14:56:05,527 [INFO] IPUIPlugin:64 - create IPUIPlugin
2024-08-26 14:56:05,527 [INFO] PluginManager:200 - loadIPPluginJar : add hash
2024-08-26 14:56:05,531 [INFO] IPUIPlugin:64 - create IPUIPlugin
2024-08-26 14:56:05,531 [INFO] PluginManager:200 - loadIPPluginJar : add i2c
2024-08-26 14:56:05,535 [INFO] IPUIPlugin:64 - create IPUIPlugin
2024-08-26 14:56:05,536 [INFO] PluginManager:200 - loadIPPluginJar : add i2s
2024-08-26 14:56:05,541 [INFO] IPUIPlugin:64 - create IPUIPlugin
2024-08-26 14:56:05,541 [INFO] PluginManager:200 - loadIPPluginJar : add ipddr
2024-08-26 14:56:05,556 [INFO] IPUIPlugin:64 - create IPUIPlugin
2024-08-26 14:56:05,556 [INFO] PluginManager:200 - loadIPPluginJar : add ltdc
2024-08-26 14:56:05,561 [INFO] IPUIPlugin:64 - create IPUIPlugin
2024-08-26 14:56:05,561 [INFO] PluginManager:200 - loadIPPluginJar : add mdma
2024-08-26 14:56:05,566 [INFO] IPUIPlugin:64 - create IPUIPlugin
2024-08-26 14:56:05,566 [INFO] PluginManager:200 - loadIPPluginJar : add nvic
2024-08-26 14:56:05,572 [INFO] IPUIPlugin:64 - create IPUIPlugin
2024-08-26 14:56:05,572 [INFO] PluginManager:200 - loadIPPluginJar : add opamp
2024-08-26 14:56:05,575 [INFO] IPUIPlugin:64 - create IPUIPlugin
2024-08-26 14:56:05,576 [INFO] PluginManager:200 - loadIPPluginJar : add openamp
2024-08-26 14:56:05,584 [INFO] IPUIPlugin:64 - create IPUIPlugin
2024-08-26 14:56:05,585 [INFO] PluginManager:200 - loadIPPluginJar : add pdm2pcm
2024-08-26 14:56:05,593 [INFO] IPUIPlugin:64 - create IPUIPlugin
2024-08-26 14:56:05,598 [INFO] PluginManager:200 - loadIPPluginJar : add plateformsettings
2024-08-26 14:56:05,602 [INFO] IPUIPlugin:64 - create IPUIPlugin
2024-08-26 14:56:05,603 [INFO] PluginManager:200 - loadIPPluginJar : add quadspi
2024-08-26 14:56:05,611 [INFO] IPUIPlugin:64 - create IPUIPlugin
2024-08-26 14:56:05,611 [INFO] PluginManager:200 - loadIPPluginJar : add resmgrutility
2024-08-26 14:56:05,615 [INFO] IPUIPlugin:64 - create IPUIPlugin
2024-08-26 14:56:05,616 [INFO] PluginManager:200 - loadIPPluginJar : add sai
2024-08-26 14:56:05,634 [INFO] IPUIPlugin:64 - create IPUIPlugin
2024-08-26 14:56:05,635 [INFO] PluginManager:200 - loadIPPluginJar : add spi
2024-08-26 14:56:05,640 [INFO] IPUIPlugin:64 - create IPUIPlugin
2024-08-26 14:56:05,640 [INFO] PluginManager:200 - loadIPPluginJar : add stm32_wpan
2024-08-26 14:56:05,643 [INFO] IPUIPlugin:64 - create IPUIPlugin
2024-08-26 14:56:05,644 [INFO] PluginManager:200 - loadIPPluginJar : add tim
2024-08-26 14:56:05,650 [INFO] IPUIPlugin:64 - create IPUIPlugin
2024-08-26 14:56:05,650 [INFO] PluginManager:200 - loadIPPluginJar : add touchsensing
2024-08-26 14:56:05,653 [INFO] IPUIPlugin:64 - create IPUIPlugin
2024-08-26 14:56:05,654 [INFO] PluginManager:200 - loadIPPluginJar : add tracer_emb
2024-08-26 14:56:05,657 [INFO] IPUIPlugin:64 - create IPUIPlugin
2024-08-26 14:56:05,657 [INFO] PluginManager:200 - loadIPPluginJar : add ts
2024-08-26 14:56:05,660 [INFO] IPUIPlugin:64 - create IPUIPlugin
2024-08-26 14:56:05,660 [INFO] PluginManager:200 - loadIPPluginJar : add tsc
2024-08-26 14:56:05,663 [INFO] IPUIPlugin:64 - create IPUIPlugin
2024-08-26 14:56:05,663 [INFO] PluginManager:200 - loadIPPluginJar : add ucpd
2024-08-26 14:56:05,667 [INFO] IPUIPlugin:64 - create IPUIPlugin
2024-08-26 14:56:05,667 [INFO] PluginManager:200 - loadIPPluginJar : add usart
2024-08-26 14:56:07,130 [INFO] CubeProgrammer:457 - [DDR PANEL] - PathOfProgrammer: null
2024-08-26 14:56:08,421 [FATAL] Updater:282 - Updater called before beeing initialized
2024-08-26 14:56:08,794 [FATAL] Updater:282 - Updater called before beeing initialized
2024-08-26 14:56:08,795 [WARN] ThirdParty:775 - waiting for thirdparty lock release [close project]
2024-08-26 14:56:08,795 [INFO] ThirdParty:777 - entering critical section [close project]
2024-08-26 14:56:08,796 [INFO] ThirdParty:790 - exiting critical section [close project]
2024-08-26 14:56:08,800 [INFO] PinOutPanel:1418 - setPackage(No Configuration,No Configuration)
2024-08-26 14:56:08,802 [FATAL] Updater:282 - Updater called before beeing initialized
2024-08-26 14:56:08,810 [ERROR] Updater:967 - MainUpdater not yet initialized. External WinMGr cannot be set.
2024-08-26 14:56:08,812 [INFO] CubeProgrammer:457 - [DDR PANEL] - PathOfProgrammer: E:\Embedded System\Unit3\Setup\STM32CubeIDE_1.4.0\STM32CubeIDE\plugins\com.st.stm32cube.ide.mcu.externaltools.cubeprogrammer.win32_1.4.0.202007081208\tools\bin
2024-08-26 14:56:08,818 [INFO] ProgrammerExecThread:148 - [ProgrammerAPI] CubeProgrammer command construction: E:\Embedded System\Unit3\Setup\STM32CubeIDE_1.4.0\STM32CubeIDE\plugins\com.st.stm32cube.ide.mcu.externaltools.cubeprogrammer.win32_1.4.0.202007081208\tools\bin\STM32_Programmer_CLI.exe -l
2024-08-26 14:56:09,466 [INFO] MainDdrPanel:49 - [DDR PANEL] SETTER - Set cubeProgrammerPath to: E:\Embedded System\Unit3\Setup\STM32CubeIDE_1.4.0\STM32CubeIDE\plugins\com.st.stm32cube.ide.mcu.externaltools.cubeprogrammer.win32_1.4.0.202007081208\tools\bin
2024-08-26 14:56:09,684 [INFO] Updater:904 - Updater Version found : 6.0.0
2024-08-26 14:56:09,752 [INFO] ApplicationProperties:181 - Using Application install path: E:\Embedded System\Unit3\Setup\STM32CubeIDE_1.4.0\STM32CubeIDE\plugins\com.st.stm32cube.common.mx_6.0.0.202007160824
2024-08-26 14:56:10,928 [INFO] MainUpdater:2268 - connection check result : 10
2024-08-26 14:56:10,930 [INFO] MainUpdater:239 - Updater Check For Update Now.
2024-08-26 14:56:10,930 [INFO] MicroXplorer:414 - Change Database Version : DB.6.0.0
2024-08-26 14:56:11,035 [INFO] CheckServerUpdateThread:102 - End of CheckServer Thread
2024-08-26 14:56:11,087 [INFO] MainUpdater:2268 - connection check result : 10
2024-08-26 14:56:11,548 [INFO] ServerAccessManage:348 - Download File mcusDocs.json._tmp_
2024-08-26 14:56:12,644 [INFO] LoadUrlFilesThread:135 - End of LoadUrlFiles Thread
2024-08-26 14:56:12,825 [INFO] ServerAccessManage:348 - Download File mcusFeaturesAndDescription.json._tmp_
2024-08-26 14:56:13,401 [WARN] IntegrityCheckThread:61 - waiting for thirdparty lock release [integrity check]
2024-08-26 14:56:13,401 [INFO] IntegrityCheckThread:63 - entering critical section [integrity check]
2024-08-26 14:56:13,402 [WARN] MainUpdater:1087 - Updater busy. Cannot search thirdparties
2024-08-26 14:56:16,417 [WARN] MainUpdater:1087 - Updater busy. Cannot search thirdparties
2024-08-26 14:56:19,423 [WARN] MainUpdater:1087 - Updater busy. Cannot search thirdparties
2024-08-26 14:56:22,439 [WARN] MainUpdater:1087 - Updater busy. Cannot search thirdparties
2024-08-26 14:56:25,448 [WARN] MainUpdater:1087 - Updater busy. Cannot search thirdparties
2024-08-26 14:56:28,450 [WARN] MainUpdater:1087 - Updater busy. Cannot search thirdparties
2024-08-26 14:56:31,450 [WARN] MainUpdater:1087 - Updater busy. Cannot search thirdparties
2024-08-26 14:56:34,461 [WARN] MainUpdater:1087 - Updater busy. Cannot search thirdparties
2024-08-26 14:56:37,464 [INFO] LoadUrlFilesThread:135 - End of LoadUrlFiles Thread
2024-08-26 14:56:37,468 [ERROR] WebUtils:615 - Updater is busy
2024-08-26 14:56:37,468 [ERROR] WebUtils:615 - Updater is busy
2024-08-26 14:56:37,469 [ERROR] WebUtils:615 - Updater is busy
2024-08-26 14:56:37,491 [ERROR] WebUtils:615 - Updater is busy
2024-08-26 14:56:37,492 [ERROR] WebUtils:615 - Updater is busy
2024-08-26 14:56:37,599 [INFO] DbMcusDocs:145 - JSON generation date=Tue Nov 16 18:17:54 EET 2021 (1637079474)
2024-08-26 14:56:37,615 [INFO] DbMcusXml:100 - Load MCU database from E:\Embedded System\Unit3\Setup\STM32CubeIDE_1.4.0\STM32CubeIDE\plugins\com.st.stm32cube.common.mx_6.0.0.202007160824\\db\/mcu/families.xml
2024-08-26 14:56:38,737 [INFO] ThirdPartyDb:299 - Save Third Party DataBase File (C:/Users/HP/.stm32cubemx/plugins/thirdparty/db/thirdparties_db.xml) [forced]
2024-08-26 14:56:39,065 [INFO] ThirdPartyDb:299 - Save Third Party DataBase File (C:/Users/HP/.stm32cubemx/plugins/thirdparty/db/thirdparties_db.xml) [forced]
2024-08-26 14:56:39,261 [INFO] IntegrityCheckThread:76 - exiting critical section [integrity check]
2024-08-26 14:56:39,261 [INFO] IntegrityCheckThread:79 - End integrity checks thread
2024-08-26 14:56:39,457 [INFO] DbMcusJson:92 - JSON generation date=Tue Nov 16 18:17:54 EET 2021 (1637079474)
2024-08-26 14:56:40,945 [INFO] DbMcus:175 - Found 1761 MCUs (1722 are supported by CubeMX, 1911 are visible in CubeMX)
2024-08-26 14:56:40,946 [INFO] ApiDb:201 - Load user favorites file C:\Users\HP/.stm32cubemx/favorites.mcus.txt: 0 item(s)
2024-08-26 14:56:40,946 [INFO] ApiDb:205 - User favorites MCUs=[]
2024-08-26 14:56:40,947 [INFO] DbMcus:187 - Set 0 / 0 favorites MCUs
2024-08-26 14:56:41,460 [INFO] DbMcusDocs:81 - Found 682 MCUs documents
2024-08-26 14:56:41,463 [INFO] ApiDb:226 - Save user favorites file C:\Users\HP/.stm32cubemx/favorites.mcus.txt: 0 item(s)
2024-08-26 14:56:41,463 [INFO] ApiDb:230 - User favorites MCUs=[]
2024-08-26 14:56:41,464 [INFO] DbMcusXml:100 - Load MCU database from E:\Embedded System\Unit3\Setup\STM32CubeIDE_1.4.0\STM32CubeIDE\plugins\com.st.stm32cube.common.mx_6.0.0.202007160824\\db\/mcu/families.xml
2024-08-26 14:56:42,071 [INFO] DbMcusJson:92 - JSON generation date=Tue Nov 16 18:17:54 EET 2021 (1637079474)
2024-08-26 14:56:42,913 [INFO] DbMcus:175 - Found 1761 MCUs (1722 are supported by CubeMX, 1911 are visible in CubeMX)
2024-08-26 14:56:42,914 [INFO] ApiDb:201 - Load user favorites file C:\Users\HP/.stm32cubemx/favorites.mcus.txt: 0 item(s)
2024-08-26 14:56:42,914 [INFO] ApiDb:205 - User favorites MCUs=[]
2024-08-26 14:56:42,915 [INFO] DbMcus:187 - Set 0 / 0 favorites MCUs
2024-08-26 14:56:42,926 [ERROR] DbUtils:114 - File not found: C:\Users\HP\.stmcufinder\plugins\mcufinder//mcu/boardsDocs.json._tmp_
2024-08-26 14:56:42,926 [WARN] DbUtils:163 - success is not a boolean!
2024-08-26 14:56:42,927 [ERROR] DbBoardsDocs:83 - No boards documents found !
2024-08-26 14:56:42,927 [ERROR] DbFile:108 - Temporary file not found: C:\Users\HP\.stmcufinder\plugins\mcufinder\mcu\boardsDocs.json._tmp_
2024-08-26 14:56:42,939 [INFO] DbBoardsDocs:145 - JSON generation date=Tue Nov 16 18:17:54 EET 2021 (1637079474)
2024-08-26 14:56:42,978 [INFO] DbBoardsPdsc:94 - Found 23 items
2024-08-26 14:56:42,988 [INFO] DbBoardsPdsc:94 - Found 9 items
2024-08-26 14:56:43,009 [INFO] DbBoardsPdsc:94 - Found 29 items
2024-08-26 14:56:43,011 [INFO] DbBoardsPdsc:94 - Found 1 items
2024-08-26 14:56:43,051 [INFO] DbBoardsPdsc:94 - Found 44 items
2024-08-26 14:56:43,068 [INFO] DbBoardsPdsc:94 - Found 40 items
2024-08-26 14:56:43,072 [INFO] DbBoardsPdsc:94 - Found 2 items
2024-08-26 14:56:43,085 [INFO] DbBoardsPdsc:94 - Found 4 items
2024-08-26 14:56:43,101 [WARN] DbBoardsPdsc:258 - Board STM32H7B3I-DK: unknown feature type=Audio, name=, username=Audio stereo codec with Headphone Amp (CS42L51-CNZ), n=1
2024-08-26 14:56:43,102 [WARN] DbBoardsPdsc:258 - Board STM32H735G-DK: unknown feature type=Audio, name=, username=Audio stereo codec with Headphone Amp (WM8994ECS/R), n=1
2024-08-26 14:56:43,108 [WARN] DbBoardsPdsc:258 - Board STM32H7B3I-EVAL: unknown feature type=Audio, name=, username=Multi-Channel Audio Codec (CS42L51-CNZ), n=1
2024-08-26 14:56:43,110 [WARN] DbBoardsPdsc:258 - Board STM32H7B3I-EVAL: unknown feature type=Meter, name=, username=Power-metering and Temperature-monitoring with sigma-delta modulators, n=1
2024-08-26 14:56:43,110 [WARN] DbBoardsPdsc:258 - Board STM32H7B3I-EVAL: unknown feature type=Motor, name=, username=Motor Control, n=1
2024-08-26 14:56:43,114 [ERROR] DbUtils:114 - File not found: C:\Users\HP\.stmcufinder\plugins\mcufinder//mcu/boards.json._tmp_
2024-08-26 14:56:43,114 [WARN] DbUtils:163 - success is not a boolean!
2024-08-26 14:56:43,115 [ERROR] DbFile:108 - Temporary file not found: C:\Users\HP\.stmcufinder\plugins\mcufinder\mcu\boards.json._tmp_
2024-08-26 14:56:43,116 [INFO] DbBoards:117 - Found 152 boards (149 are supported by CubeMX)
2024-08-26 14:56:43,120 [INFO] DbBoardsDocs:145 - JSON generation date=Tue Nov 16 18:17:54 EET 2021 (1637079474)
2024-08-26 14:56:43,128 [ERROR] DbBoardsDocs:83 - No boards documents found !
2024-08-26 14:56:43,133 [INFO] DbBoardsDocs:145 - JSON generation date=Tue Nov 16 18:17:54 EET 2021 (1637079474)
2024-08-26 14:56:43,137 [ERROR] DbBoardsDocs:83 - No boards documents found !
2024-08-26 14:56:43,138 [WARN] DbBoards:127 - board B-G474E-DPOW1 has no document id list !
2024-08-26 14:56:43,138 [WARN] DbBoards:127 - board B-L072Z-LRWAN1 has no document id list !
2024-08-26 14:56:43,139 [WARN] DbBoards:127 - board B-L462E-CELL1 has no document id list !
2024-08-26 14:56:43,139 [WARN] DbBoards:127 - board B-L475E-IOT01A1 has no document id list !
2024-08-26 14:56:43,139 [WARN] DbBoards:127 - board B-L475E-IOT01A2 has no document id list !
2024-08-26 14:56:43,139 [WARN] DbBoards:127 - board B-L4S5I-IOT01A has no document id list !
2024-08-26 14:56:43,140 [WARN] DbBoards:127 - board NUCLEO-F030R8 has no document id list !
2024-08-26 14:56:43,140 [WARN] DbBoards:127 - board NUCLEO-F031K6 has no document id list !
2024-08-26 14:56:43,140 [WARN] DbBoards:127 - board NUCLEO-F042K6 has no document id list !
2024-08-26 14:56:43,140 [WARN] DbBoards:127 - board NUCLEO-F070RB has no document id list !
2024-08-26 14:56:43,140 [WARN] DbBoards:127 - board NUCLEO-F072RB has no document id list !
2024-08-26 14:56:43,140 [WARN] DbBoards:127 - board NUCLEO-F091RC has no document id list !
2024-08-26 14:56:43,140 [WARN] DbBoards:127 - board NUCLEO-F103RB has no document id list !
2024-08-26 14:56:43,140 [WARN] DbBoards:127 - board NUCLEO-F207ZG has no document id list !
2024-08-26 14:56:43,141 [WARN] DbBoards:127 - board NUCLEO-F302R8 has no document id list !
2024-08-26 14:56:43,141 [WARN] DbBoards:127 - board NUCLEO-F303K8 has no document id list !
2024-08-26 14:56:43,141 [WARN] DbBoards:127 - board NUCLEO-F303RE has no document id list !
2024-08-26 14:56:43,141 [WARN] DbBoards:127 - board NUCLEO-F303ZE has no document id list !
2024-08-26 14:56:43,141 [WARN] DbBoards:127 - board NUCLEO-F334R8 has no document id list !
2024-08-26 14:56:43,141 [WARN] DbBoards:127 - board NUCLEO-F401RE has no document id list !
2024-08-26 14:56:43,142 [WARN] DbBoards:127 - board NUCLEO-F410RB has no document id list !
2024-08-26 14:56:43,142 [WARN] DbBoards:127 - board NUCLEO-F411RE has no document id list !
2024-08-26 14:56:43,142 [WARN] DbBoards:127 - board NUCLEO-F412ZG has no document id list !
2024-08-26 14:56:43,142 [WARN] DbBoards:127 - board NUCLEO-F413ZH has no document id list !
2024-08-26 14:56:43,142 [WARN] DbBoards:127 - board NUCLEO-F429ZI has no document id list !
2024-08-26 14:56:43,142 [WARN] DbBoards:127 - board NUCLEO-F439ZI has no document id list !
2024-08-26 14:56:43,143 [WARN] DbBoards:127 - board NUCLEO-F446RE has no document id list !
2024-08-26 14:56:43,143 [WARN] DbBoards:127 - board NUCLEO-F446ZE has no document id list !
2024-08-26 14:56:43,143 [WARN] DbBoards:127 - board NUCLEO-F722ZE has no document id list !
2024-08-26 14:56:43,143 [WARN] DbBoards:127 - board NUCLEO-F746ZG has no document id list !
2024-08-26 14:56:43,143 [WARN] DbBoards:127 - board NUCLEO-F767ZI has no document id list !
2024-08-26 14:56:43,143 [WARN] DbBoards:127 - board NUCLEO-G031K8 has no document id list !
2024-08-26 14:56:43,144 [WARN] DbBoards:127 - board NUCLEO-G070RB has no document id list !
2024-08-26 14:56:43,144 [WARN] DbBoards:127 - board NUCLEO-G071RB has no document id list !
2024-08-26 14:56:43,144 [WARN] DbBoards:127 - board NUCLEO-G431KB has no document id list !
2024-08-26 14:56:43,144 [WARN] DbBoards:127 - board NUCLEO-G431RB has no document id list !
2024-08-26 14:56:43,144 [WARN] DbBoards:127 - board NUCLEO-G474RE has no document id list !
2024-08-26 14:56:43,144 [WARN] DbBoards:127 - board NUCLEO-G491RE has no document id list !
2024-08-26 14:56:43,145 [WARN] DbBoards:127 - board NUCLEO-H723ZG has no document id list !
2024-08-26 14:56:43,145 [WARN] DbBoards:127 - board NUCLEO-H743ZI has no document id list !
2024-08-26 14:56:43,145 [WARN] DbBoards:127 - board NUCLEO-H743ZI2 has no document id list !
2024-08-26 14:56:43,145 [WARN] DbBoards:127 - board NUCLEO-H745ZI-Q has no document id list !
2024-08-26 14:56:43,145 [WARN] DbBoards:127 - board NUCLEO-H753ZI has no document id list !
2024-08-26 14:56:43,145 [WARN] DbBoards:127 - board NUCLEO-H755ZI-Q has no document id list !
2024-08-26 14:56:43,146 [WARN] DbBoards:127 - board NUCLEO-H7A3ZI-Q has no document id list !
2024-08-26 14:56:43,146 [WARN] DbBoards:127 - board NUCLEO-L010RB has no document id list !
2024-08-26 14:56:43,146 [WARN] DbBoards:127 - board NUCLEO-L011K4 has no document id list !
2024-08-26 14:56:43,146 [WARN] DbBoards:127 - board NUCLEO-L031K6 has no document id list !
2024-08-26 14:56:43,146 [WARN] DbBoards:127 - board NUCLEO-L053R8 has no document id list !
2024-08-26 14:56:43,146 [WARN] DbBoards:127 - board NUCLEO-L073RZ has no document id list !
2024-08-26 14:56:43,146 [WARN] DbBoards:127 - board NUCLEO-L152RE has no document id list !
2024-08-26 14:56:43,147 [WARN] DbBoards:127 - board NUCLEO-L412KB has no document id list !
2024-08-26 14:56:43,147 [WARN] DbBoards:127 - board NUCLEO-L412RB-P has no document id list !
2024-08-26 14:56:43,147 [WARN] DbBoards:127 - board NUCLEO-L432KC has no document id list !
2024-08-26 14:56:43,147 [WARN] DbBoards:127 - board NUCLEO-L433RC-P has no document id list !
2024-08-26 14:56:43,147 [WARN] DbBoards:127 - board NUCLEO-L452RE has no document id list !
2024-08-26 14:56:43,147 [WARN] DbBoards:127 - board NUCLEO-L452RE-P has no document id list !
2024-08-26 14:56:43,148 [WARN] DbBoards:127 - board NUCLEO-L476RG has no document id list !
2024-08-26 14:56:43,148 [WARN] DbBoards:127 - board NUCLEO-L496ZG has no document id list !
2024-08-26 14:56:43,148 [WARN] DbBoards:127 - board NUCLEO-L496ZG-P has no document id list !
2024-08-26 14:56:43,148 [WARN] DbBoards:127 - board NUCLEO-L4P5ZG has no document id list !
2024-08-26 14:56:43,148 [WARN] DbBoards:127 - board NUCLEO-L4R5ZI has no document id list !
2024-08-26 14:56:43,148 [WARN] DbBoards:127 - board NUCLEO-L4R5ZI-P has no document id list !
2024-08-26 14:56:43,148 [WARN] DbBoards:127 - board NUCLEO-L552ZE-Q has no document id list !
2024-08-26 14:56:43,148 [WARN] DbBoards:127 - board NUCLEO-WB55RG has no document id list !
2024-08-26 14:56:43,150 [WARN] DbBoards:127 - board P-NUCLEO-WB55 has no document id list !
2024-08-26 14:56:43,150 [WARN] DbBoards:127 - board P-NUCLEO-WB55-Nucleo has no document id list !
2024-08-26 14:56:43,150 [WARN] DbBoards:127 - board P-NUCLEO-WB55-USBDongle has no document id list !
2024-08-26 14:56:43,150 [WARN] DbBoards:127 - board STEVAL-BFA001V1B has no document id list !
2024-08-26 14:56:43,150 [WARN] DbBoards:127 - board STEVAL-BFA001V2B has no document id list !
2024-08-26 14:56:43,150 [WARN] DbBoards:127 - board STEVAL-IDP005V1 has no document id list !
2024-08-26 14:56:43,151 [WARN] DbBoards:127 - board STEVAL-IDP005V2 has no document id list !
2024-08-26 14:56:43,151 [WARN] DbBoards:127 - board STEVAL-MKSBOX1V1 has no document id list !
2024-08-26 14:56:43,151 [WARN] DbBoards:127 - board STEVAL-STWINKT1 has no document id list !
2024-08-26 14:56:43,151 [WARN] DbBoards:127 - board STM32072B-EVAL has no document id list !
2024-08-26 14:56:43,152 [WARN] DbBoards:127 - board STM32091C-EVAL has no document id list !
2024-08-26 14:56:43,152 [WARN] DbBoards:127 - board STM32100E-EVAL has no document id list !
2024-08-26 14:56:43,152 [WARN] DbBoards:127 - board STM3210C-EVAL has no document id list !
2024-08-26 14:56:43,152 [WARN] DbBoards:127 - board STM3210E-EVAL has no document id list !
2024-08-26 14:56:43,153 [WARN] DbBoards:127 - board STM3220G-EVAL has no document id list !
2024-08-26 14:56:43,153 [WARN] DbBoards:127 - board STM3221G-EVAL has no document id list !
2024-08-26 14:56:43,153 [WARN] DbBoards:127 - board STM32303C-EVAL has no document id list !
2024-08-26 14:56:43,153 [WARN] DbBoards:127 - board STM32303E-EVAL has no document id list !
2024-08-26 14:56:43,153 [WARN] DbBoards:127 - board STM32373C-EVAL has no document id list !
2024-08-26 14:56:43,154 [WARN] DbBoards:127 - board STM3240G-EVAL has no document id list !
2024-08-26 14:56:43,154 [WARN] DbBoards:127 - board STM3241G-EVAL has no document id list !
2024-08-26 14:56:43,154 [WARN] DbBoards:127 - board STM32429I-EVAL1 has no document id list !
2024-08-26 14:56:43,154 [WARN] DbBoards:127 - board STM32439I-EVAL2 has no document id list !
2024-08-26 14:56:43,154 [WARN] DbBoards:127 - board STM32446E-EVAL has no document id list !
2024-08-26 14:56:43,154 [WARN] DbBoards:127 - board STM32469I-EVAL has no document id list !
2024-08-26 14:56:43,155 [WARN] DbBoards:127 - board STM32479I-EVAL has no document id list !
2024-08-26 14:56:43,155 [WARN] DbBoards:127 - board STM32746G-EVAL2 has no document id list !
2024-08-26 14:56:43,155 [WARN] DbBoards:127 - board STM32756G-EVAL2 has no document id list !
2024-08-26 14:56:43,155 [WARN] DbBoards:127 - board STM32F0308-DISCO has no document id list !
2024-08-26 14:56:43,155 [WARN] DbBoards:127 - board STM32F072B-DISCO has no document id list !
2024-08-26 14:56:43,155 [WARN] DbBoards:127 - board STM32F0DISCOVERY has no document id list !
2024-08-26 14:56:43,156 [WARN] DbBoards:127 - board STM32F3348-DISCO has no document id list !
2024-08-26 14:56:43,156 [WARN] DbBoards:127 - board STM32F3DISCOVERY has no document id list !
2024-08-26 14:56:43,156 [WARN] DbBoards:127 - board STM32F401C-DISCO has no document id list !
2024-08-26 14:56:43,156 [WARN] DbBoards:127 - board STM32F407G-DISC1 has no document id list !
2024-08-26 14:56:43,156 [WARN] DbBoards:127 - board STM32F411E-DISCO has no document id list !
2024-08-26 14:56:43,156 [WARN] DbBoards:127 - board STM32F412G-DISCO has no document id list !
2024-08-26 14:56:43,157 [WARN] DbBoards:127 - board STM32F413H-DISCO has no document id list !
2024-08-26 14:56:43,157 [WARN] DbBoards:127 - board STM32F429I-DISC1 has no document id list !
2024-08-26 14:56:43,157 [WARN] DbBoards:127 - board STM32F469I-DISCO has no document id list !
2024-08-26 14:56:43,157 [WARN] DbBoards:127 - board STM32F723E-DISCO has no document id list !
2024-08-26 14:56:43,157 [WARN] DbBoards:127 - board STM32F7308-DK has no document id list !
2024-08-26 14:56:43,157 [WARN] DbBoards:127 - board STM32F746G-DISCO has no document id list !
2024-08-26 14:56:43,158 [WARN] DbBoards:127 - board STM32F7508-DK has no document id list !
2024-08-26 14:56:43,158 [WARN] DbBoards:127 - board STM32F769I-DISC1 has no document id list !
2024-08-26 14:56:43,158 [WARN] DbBoards:127 - board STM32F769I-DISCO has no document id list !
2024-08-26 14:56:43,158 [WARN] DbBoards:127 - board STM32F769I-EVAL has no document id list !
2024-08-26 14:56:43,158 [WARN] DbBoards:127 - board STM32F779I-EVAL has no document id list !
2024-08-26 14:56:43,158 [WARN] DbBoards:127 - board STM32G0316-DISCO has no document id list !
2024-08-26 14:56:43,158 [WARN] DbBoards:127 - board STM32G071B-DISCO has no document id list !
2024-08-26 14:56:43,159 [WARN] DbBoards:127 - board STM32G081B-EVAL has no document id list !
2024-08-26 14:56:43,159 [WARN] DbBoards:127 - board STM32G474E-EVAL has no document id list !
2024-08-26 14:56:43,159 [WARN] DbBoards:127 - board STM32G474E-EVAL1 has no document id list !
2024-08-26 14:56:43,159 [WARN] DbBoards:127 - board STM32G484E-EVAL has no document id list !
2024-08-26 14:56:43,159 [WARN] DbBoards:127 - board STM32H735G-DK has no document id list !
2024-08-26 14:56:43,159 [WARN] DbBoards:127 - board STM32H743I-EVAL has no document id list !
2024-08-26 14:56:43,160 [WARN] DbBoards:127 - board STM32H743I-EVAL2 has no document id list !
2024-08-26 14:56:43,160 [WARN] DbBoards:127 - board STM32H745I-DISCO has no document id list !
2024-08-26 14:56:43,160 [WARN] DbBoards:127 - board STM32H747I-DISC1 has no document id list !
2024-08-26 14:56:43,160 [WARN] DbBoards:127 - board STM32H747I-DISCO has no document id list !
2024-08-26 14:56:43,160 [WARN] DbBoards:127 - board STM32H747I-EVAL has no document id list !
2024-08-26 14:56:43,160 [WARN] DbBoards:127 - board STM32H750B-DK has no document id list !
2024-08-26 14:56:43,160 [WARN] DbBoards:127 - board STM32H753I-EVAL has no document id list !
2024-08-26 14:56:43,160 [WARN] DbBoards:127 - board STM32H753I-EVAL2 has no document id list !
2024-08-26 14:56:43,160 [WARN] DbBoards:127 - board STM32H757I-EVAL has no document id list !
2024-08-26 14:56:43,161 [WARN] DbBoards:127 - board STM32H7B3I-DK has no document id list !
2024-08-26 14:56:43,161 [WARN] DbBoards:127 - board STM32H7B3I-EVAL has no document id list !
2024-08-26 14:56:43,161 [WARN] DbBoards:127 - board STM32L-DISCOVERY has no document id list !
2024-08-26 14:56:43,161 [WARN] DbBoards:127 - board STM32L0538-DISCO has no document id list !
2024-08-26 14:56:43,161 [WARN] DbBoards:127 - board STM32L073Z-EVAL has no document id list !
2024-08-26 14:56:43,161 [WARN] DbBoards:127 - board STM32L100C-DISCO has no document id list !
2024-08-26 14:56:43,162 [WARN] DbBoards:127 - board STM32L152C-DISCO has no document id list !
2024-08-26 14:56:43,162 [WARN] DbBoards:127 - board STM32L152D-EVAL has no document id list !
2024-08-26 14:56:43,162 [WARN] DbBoards:127 - board STM32L476G-DISCO has no document id list !
2024-08-26 14:56:43,162 [WARN] DbBoards:127 - board STM32L476G-EVAL has no document id list !
2024-08-26 14:56:43,162 [WARN] DbBoards:127 - board STM32L496G-DISCO has no document id list !
2024-08-26 14:56:43,162 [WARN] DbBoards:127 - board STM32L4P5G-DK has no document id list !
2024-08-26 14:56:43,163 [WARN] DbBoards:127 - board STM32L4R9I-DISCO has no document id list !
2024-08-26 14:56:43,163 [WARN] DbBoards:127 - board STM32L4R9I-EVAL has no document id list !
2024-08-26 14:56:43,163 [WARN] DbBoards:127 - board STM32L552E-EV has no document id list !
2024-08-26 14:56:43,163 [WARN] DbBoards:127 - board STM32L562E-DK has no document id list !
2024-08-26 14:56:43,163 [WARN] DbBoards:127 - board STM32MP157A-DK1 has no document id list !
2024-08-26 14:56:43,163 [WARN] DbBoards:127 - board STM32MP157A-EV1 has no document id list !
2024-08-26 14:56:43,164 [WARN] DbBoards:127 - board STM32MP157C-DK2 has no document id list !
2024-08-26 14:56:43,164 [WARN] DbBoards:127 - board STM32MP157C-EV1 has no document id list !
2024-08-26 14:56:43,164 [WARN] DbBoards:127 - board STM32MP157F-EV1 has no document id list !
2024-08-26 14:56:43,164 [WARN] DbBoards:127 - board STM32VLDISCOVERY has no document id list !
2024-08-26 14:56:43,516 [ERROR] DbBoards:192 - No image file URL for board B-L462E-CELL1
2024-08-26 14:56:45,553 [INFO] ApiDb:201 - Load user favorites file C:\Users\HP/.stm32cubemx/favorites.boards.txt: 0 item(s)
2024-08-26 14:56:45,553 [INFO] ApiDb:205 - User favorites Boards=[]
2024-08-26 14:56:45,553 [INFO] DbBoards:206 - Set 0 / 0 favorites Boards
2024-08-26 14:56:45,555 [ERROR] DbBoardsDocs:83 - No boards documents found !
2024-08-26 14:56:45,555 [INFO] ApiDb:226 - Save user favorites file C:\Users\HP/.stm32cubemx/favorites.boards.txt: 0 item(s)
2024-08-26 14:56:45,555 [INFO] ApiDb:230 - User favorites Boards=[]
2024-08-26 14:56:45,558 [INFO] DbBoardsPdsc:94 - Found 23 items
2024-08-26 14:56:45,560 [INFO] DbBoardsPdsc:94 - Found 9 items
2024-08-26 14:56:45,563 [INFO] DbBoardsPdsc:94 - Found 29 items
2024-08-26 14:56:45,564 [INFO] DbBoardsPdsc:94 - Found 1 items
2024-08-26 14:56:45,568 [INFO] DbBoardsPdsc:94 - Found 44 items
2024-08-26 14:56:45,573 [INFO] DbBoardsPdsc:94 - Found 40 items
2024-08-26 14:56:45,574 [INFO] DbBoardsPdsc:94 - Found 2 items
2024-08-26 14:56:45,576 [INFO] DbBoardsPdsc:94 - Found 4 items
2024-08-26 14:56:45,578 [WARN] DbBoardsPdsc:258 - Board STM32H7B3I-DK: unknown feature type=Audio, name=, username=Audio stereo codec with Headphone Amp (CS42L51-CNZ), n=1
2024-08-26 14:56:45,578 [WARN] DbBoardsPdsc:258 - Board STM32H735G-DK: unknown feature type=Audio, name=, username=Audio stereo codec with Headphone Amp (WM8994ECS/R), n=1
2024-08-26 14:56:45,580 [WARN] DbBoardsPdsc:258 - Board STM32H7B3I-EVAL: unknown feature type=Audio, name=, username=Multi-Channel Audio Codec (CS42L51-CNZ), n=1
2024-08-26 14:56:45,580 [WARN] DbBoardsPdsc:258 - Board STM32H7B3I-EVAL: unknown feature type=Meter, name=, username=Power-metering and Temperature-monitoring with sigma-delta modulators, n=1
2024-08-26 14:56:45,580 [WARN] DbBoardsPdsc:258 - Board STM32H7B3I-EVAL: unknown feature type=Motor, name=, username=Motor Control, n=1
2024-08-26 14:56:45,594 [INFO] DbBoardsJson:85 - JSON generation date=Tue Nov 16 18:17:54 EET 2021 (1637079474)
2024-08-26 14:56:45,600 [INFO] DbBoards:117 - Found 166 boards (149 are supported by CubeMX)
2024-08-26 14:56:45,628 [INFO] DbBoardsDocs:145 - JSON generation date=Tue Nov 16 18:17:54 EET 2021 (1637079474)
2024-08-26 14:56:45,636 [INFO] DbBoardsDocs:81 - Found 209 boards documents
2024-08-26 14:56:45,636 [WARN] DbBoards:127 - board B-L475E-IOT01A2 has no document id list !
2024-08-26 14:56:45,637 [WARN] DbBoards:127 - board NUCLEO-H743ZI has no document id list !
2024-08-26 14:56:45,638 [WARN] DbBoards:127 - board P-NUCLEO-WB55-Nucleo has no document id list !
2024-08-26 14:56:45,638 [WARN] DbBoards:127 - board P-NUCLEO-WB55-USBDongle has no document id list !
2024-08-26 14:56:45,638 [WARN] DbBoards:127 - board STEVAL-BFA001V1B has no document id list !
2024-08-26 14:56:45,638 [WARN] DbBoards:127 - board STEVAL-BFA001V2B has no document id list !
2024-08-26 14:56:45,638 [WARN] DbBoards:127 - board STEVAL-IDP005V1 has no document id list !
2024-08-26 14:56:45,638 [WARN] DbBoards:127 - board STEVAL-IDP005V2 has no document id list !
2024-08-26 14:56:45,638 [WARN] DbBoards:127 - board STEVAL-MKSBOX1V1 has no document id list !
2024-08-26 14:56:45,638 [WARN] DbBoards:127 - board STEVAL-STWINKT1 has no document id list !
2024-08-26 14:56:45,639 [WARN] DbBoards:127 - board STEVAL-STWINKT1B has no document id list !
2024-08-26 14:56:45,639 [WARN] DbBoards:127 - board STM32439I-EVAL2 has no document id list !
2024-08-26 14:56:45,639 [WARN] DbBoards:127 - board STM32F401C-DISCO has no document id list !
2024-08-26 14:56:45,639 [WARN] DbBoards:127 - board STM32F769I-DISC1 has no document id list !
2024-08-26 14:56:45,640 [WARN] DbBoards:127 - board STM32G474E-EVAL1 has no document id list !
2024-08-26 14:56:45,640 [WARN] DbBoards:127 - board STM32H743I-EVAL2 has no document id list !
2024-08-26 14:56:45,640 [WARN] DbBoards:127 - board STM32H747I-DISC1 has no document id list !
2024-08-26 14:56:45,640 [WARN] DbBoards:127 - board STM32H753I-EVAL2 has no document id list !
2024-08-26 14:56:45,640 [WARN] DbBoards:127 - board STM32L-DISCOVERY has no document id list !
2024-08-26 14:56:45,679 [ERROR] DbBoards:189 - Image file not found for board B-L462E-CELL1: E:\Embedded System\Unit3\Setup\STM32CubeIDE_1.4.0\STM32CubeIDE\plugins\com.st.stm32cube.common.mx_6.0.0.202007160824\\db\/plugins/mcufinder/images/boards/B-L462E-CELL1_small.jpg
2024-08-26 14:56:45,711 [ERROR] DbBoards:189 - Image file not found for board B-U585I-IOT02A: E:\Embedded System\Unit3\Setup\STM32CubeIDE_1.4.0\STM32CubeIDE\plugins\com.st.stm32cube.common.mx_6.0.0.202007160824\\db\/plugins/mcufinder/images/boards/B-U585I-IOT02A_small.jpg
2024-08-26 14:56:45,782 [ERROR] DbBoards:189 - Image file not found for board NUCLEO-F413ZH: E:\Embedded System\Unit3\Setup\STM32CubeIDE_1.4.0\STM32CubeIDE\plugins\com.st.stm32cube.common.mx_6.0.0.202007160824\\db\/plugins/mcufinder/images/boards/nucleo-f413zh_small.jpg
2024-08-26 14:56:45,967 [ERROR] DbBoards:189 - Image file not found for board NUCLEO-L552ZE-Q: E:\Embedded System\Unit3\Setup\STM32CubeIDE_1.4.0\STM32CubeIDE\plugins\com.st.stm32cube.common.mx_6.0.0.202007160824\\db\/plugins/mcufinder/images/boards/nucleo_l552ze_q_small.jpg
2024-08-26 14:56:45,967 [ERROR] DbBoards:189 - Image file not found for board NUCLEO-U575ZI-Q: E:\Embedded System\Unit3\Setup\STM32CubeIDE_1.4.0\STM32CubeIDE\plugins\com.st.stm32cube.common.mx_6.0.0.202007160824\\db\/plugins/mcufinder/images/boards/nucleo-u575zi-q_small.jpg
2024-08-26 14:56:45,967 [ERROR] DbBoards:189 - Image file not found for board NUCLEO-WB15CC: E:\Embedded System\Unit3\Setup\STM32CubeIDE_1.4.0\STM32CubeIDE\plugins\com.st.stm32cube.common.mx_6.0.0.202007160824\\db\/plugins/mcufinder/images/boards/nucleo-wb15cc_small.jpg
2024-08-26 14:56:45,967 [ERROR] DbBoards:189 - Image file not found for board NUCLEO-WB55RG: E:\Embedded System\Unit3\Setup\STM32CubeIDE_1.4.0\STM32CubeIDE\plugins\com.st.stm32cube.common.mx_6.0.0.202007160824\\db\/plugins/mcufinder/images/boards/nucleo-wb55rg_small.jpg
2024-08-26 14:56:45,968 [ERROR] DbBoards:189 - Image file not found for board NUCLEO-WL55JC: E:\Embedded System\Unit3\Setup\STM32CubeIDE_1.4.0\STM32CubeIDE\plugins\com.st.stm32cube.common.mx_6.0.0.202007160824\\db\/plugins/mcufinder/images/boards/nucleo-wl55jc-small.jpg
2024-08-26 14:56:46,121 [ERROR] DbBoards:189 - Image file not found for board STEVAL-STWINKT1B: E:\Embedded System\Unit3\Setup\STM32CubeIDE_1.4.0\STM32CubeIDE\plugins\com.st.stm32cube.common.mx_6.0.0.202007160824\\db\/plugins/mcufinder/images/boards/steval-stwinkt1b_small.jpg
2024-08-26 14:56:46,417 [ERROR] DbBoards:189 - Image file not found for board STM32G0C1E-EV: E:\Embedded System\Unit3\Setup\STM32CubeIDE_1.4.0\STM32CubeIDE\plugins\com.st.stm32cube.common.mx_6.0.0.202007160824\\db\/plugins/mcufinder/images/boards/stm32g0c1e-eval_small.jpg
2024-08-26 14:56:46,500 [ERROR] DbBoards:189 - Image file not found for board STM32H7B3I-EVAL: E:\Embedded System\Unit3\Setup\STM32CubeIDE_1.4.0\STM32CubeIDE\plugins\com.st.stm32cube.common.mx_6.0.0.202007160824\\db\/plugins/mcufinder/images/boards/stm32h7b3ieval_small.jpg
2024-08-26 14:56:46,705 [ERROR] DbBoards:189 - Image file not found for board STM32U575I-EV: E:\Embedded System\Unit3\Setup\STM32CubeIDE_1.4.0\STM32CubeIDE\plugins\com.st.stm32cube.common.mx_6.0.0.202007160824\\db\/plugins/mcufinder/images/boards/stm32u575i-ev_small.jpg
2024-08-26 14:56:46,734 [ERROR] DbBoards:189 - Image file not found for board STM32WB5MM-DK: E:\Embedded System\Unit3\Setup\STM32CubeIDE_1.4.0\STM32CubeIDE\plugins\com.st.stm32cube.common.mx_6.0.0.202007160824\\db\/plugins/mcufinder/images/boards/STM32WB5MM-DK_small.jpg
2024-08-26 14:56:46,735 [INFO] ApiDb:201 - Load user favorites file C:\Users\HP/.stm32cubemx/favorites.boards.txt: 0 item(s)
2024-08-26 14:56:46,735 [INFO] ApiDb:205 - User favorites Boards=[]
2024-08-26 14:56:46,735 [INFO] DbBoards:206 - Set 0 / 0 favorites Boards
2024-08-26 14:56:47,336 [INFO] McuFinderGlobals:40 - Set McuFinder mode to 2 (CubeIDE integrated)
2024-08-26 14:56:47,512 [INFO] CrossSelectorPresenter:1330 - Cross Selector saved comparison directory: C:\Users\HP\.stmcufinder\plugins\mcufinder\mcu\cs_comparisons_mx
2024-08-26 14:56:47,519 [INFO] MultiScanPanel:193 - Auto-refresh data requested => check proxy status ongoing
2024-08-26 14:56:47,521 [INFO] FinderPluginLoader:87 - Searching for filters in installed packs
2024-08-26 14:56:48,444 [INFO] LoadUrlFilesThread:162 - End of LoadServerUrlFiles without Thread
2024-08-26 14:56:48,459 [INFO] DetailPanel:331 - Set advertising image to C:/Users/HP/STM32Cube/Repository/\stm32cubemx-promo_image.jpg
2024-08-26 14:56:49,253 [INFO] ServerAccessManage:348 - Download File mcusDocs.json._tmp_
2024-08-26 14:56:49,631 [INFO] LoadUrlFilesThread:135 - End of LoadUrlFiles Thread
2024-08-26 14:56:49,783 [INFO] ServerAccessManage:348 - Download File mcusFeaturesAndDescription.json._tmp_
2024-08-26 14:57:15,159 [INFO] LoadUrlFilesThread:135 - End of LoadUrlFiles Thread
2024-08-26 14:57:15,300 [INFO] ServerAccessManage:348 - Download File boardsDocs.json._tmp_
2024-08-26 14:57:15,441 [INFO] LoadUrlFilesThread:135 - End of LoadUrlFiles Thread
2024-08-26 14:57:15,594 [INFO] ServerAccessManage:348 - Download File boards.json._tmp_
2024-08-26 14:57:17,586 [INFO] LoadUrlFilesThread:135 - End of LoadUrlFiles Thread
2024-08-26 14:57:18,878 [INFO] ServerAccessManage:348 - Download File cube-finder-db.zip
2024-08-26 14:59:24,964 [INFO] FileExtend:225 - Unzip File : cube-finder-db.zip
2024-08-26 14:59:24,968 [INFO] FileExtend:240 - Standard Zip Deflate
2024-08-26 14:59:26,904 [INFO] LoadUrlFilesThread:135 - End of LoadUrlFiles Thread
2024-08-26 14:59:28,313 [INFO] ServerAccessManage:348 - Download File crdb.zip
2024-08-26 14:59:35,146 [INFO] FileExtend:225 - Unzip File : crdb.zip
2024-08-26 14:59:35,152 [INFO] FileExtend:240 - Standard Zip Deflate
2024-08-26 14:59:35,217 [INFO] LoadUrlFilesThread:135 - End of LoadUrlFiles Thread
2024-08-26 14:59:35,915 [INFO] ServerAccessManage:348 - Download File tutoVideoDB.zip
2024-08-26 14:59:36,608 [INFO] FileExtend:225 - Unzip File : tutoVideoDB.zip
2024-08-26 14:59:36,614 [INFO] FileExtend:240 - Standard Zip Deflate
2024-08-26 14:59:36,641 [INFO] LoadUrlFilesThread:135 - End of LoadUrlFiles Thread
2024-08-26 14:59:36,662 [INFO] DbMcusDocs:145 - JSON generation date=Tue Nov 16 18:17:54 EET 2021 (1637079474)
2024-08-26 14:59:36,987 [INFO] DbMcusDocs:81 - Found 682 MCUs documents
2024-08-26 14:59:36,990 [INFO] ApiDb:226 - Save user favorites file C:\Users\HP/.stm32cubeide/favorites.mcus.txt: 0 item(s)
2024-08-26 14:59:36,990 [INFO] ApiDb:230 - User favorites MCUs=[]
2024-08-26 14:59:36,991 [INFO] DbMcusXml:100 - Load MCU database from E:\Embedded System\Unit3\Setup\STM32CubeIDE_1.4.0\STM32CubeIDE\plugins\com.st.stm32cube.common.mx_6.0.0.202007160824\\db\/mcu/families.xml
2024-08-26 14:59:39,884 [INFO] DbMcusJson:92 - JSON generation date=Tue Nov 16 18:17:54 EET 2021 (1637079474)
2024-08-26 14:59:40,605 [INFO] DbMcus:175 - Found 1761 MCUs (1722 are supported by CubeMX, 1911 are visible in CubeMX)
2024-08-26 14:59:40,605 [INFO] ApiDb:201 - Load user favorites file C:\Users\HP/.stm32cubeide/favorites.mcus.txt: 0 item(s)
2024-08-26 14:59:40,606 [INFO] ApiDb:205 - User favorites MCUs=[]
2024-08-26 14:59:40,606 [INFO] DbMcus:187 - Set 0 / 0 favorites MCUs
2024-08-26 14:59:40,685 [INFO] McuFilterPanel:245 - Update 0 favorites MCUs
2024-08-26 14:59:41,191 [INFO] DbBoardsDocs:145 - JSON generation date=Tue Nov 16 18:17:54 EET 2021 (1637079474)
2024-08-26 14:59:41,194 [INFO] DbBoardsDocs:81 - Found 209 boards documents
2024-08-26 14:59:41,196 [INFO] ApiDb:226 - Save user favorites file C:\Users\HP/.stm32cubeide/favorites.boards.txt: 0 item(s)
2024-08-26 14:59:41,196 [INFO] ApiDb:230 - User favorites Boards=[]
2024-08-26 14:59:41,203 [INFO] DbBoardsPdsc:94 - Found 23 items
2024-08-26 14:59:41,211 [INFO] DbBoardsPdsc:94 - Found 9 items
2024-08-26 14:59:41,222 [INFO] DbBoardsPdsc:94 - Found 29 items
2024-08-26 14:59:41,235 [INFO] DbBoardsPdsc:94 - Found 1 items
2024-08-26 14:59:41,250 [INFO] DbBoardsPdsc:94 - Found 44 items
2024-08-26 14:59:41,257 [INFO] DbBoardsPdsc:94 - Found 40 items
2024-08-26 14:59:41,258 [INFO] DbBoardsPdsc:94 - Found 2 items
2024-08-26 14:59:41,274 [INFO] DbBoardsPdsc:94 - Found 4 items
2024-08-26 14:59:41,278 [WARN] DbBoardsPdsc:258 - Board STM32H7B3I-DK: unknown feature type=Audio, name=, username=Audio stereo codec with Headphone Amp (CS42L51-CNZ), n=1
2024-08-26 14:59:41,278 [WARN] DbBoardsPdsc:258 - Board STM32H735G-DK: unknown feature type=Audio, name=, username=Audio stereo codec with Headphone Amp (WM8994ECS/R), n=1
2024-08-26 14:59:41,280 [WARN] DbBoardsPdsc:258 - Board STM32H7B3I-EVAL: unknown feature type=Audio, name=, username=Multi-Channel Audio Codec (CS42L51-CNZ), n=1
2024-08-26 14:59:41,281 [WARN] DbBoardsPdsc:258 - Board STM32H7B3I-EVAL: unknown feature type=Meter, name=, username=Power-metering and Temperature-monitoring with sigma-delta modulators, n=1
2024-08-26 14:59:41,281 [WARN] DbBoardsPdsc:258 - Board STM32H7B3I-EVAL: unknown feature type=Motor, name=, username=Motor Control, n=1
2024-08-26 14:59:41,327 [INFO] DbBoardsJson:85 - JSON generation date=Tue Nov 16 18:17:54 EET 2021 (1637079474)
2024-08-26 14:59:41,337 [INFO] DbBoards:117 - Found 166 boards (149 are supported by CubeMX)
2024-08-26 14:59:41,337 [WARN] DbBoards:127 - board B-L475E-IOT01A2 has no document id list !
2024-08-26 14:59:41,338 [WARN] DbBoards:127 - board NUCLEO-H743ZI has no document id list !
2024-08-26 14:59:41,339 [WARN] DbBoards:127 - board P-NUCLEO-WB55-Nucleo has no document id list !
2024-08-26 14:59:41,339 [WARN] DbBoards:127 - board P-NUCLEO-WB55-USBDongle has no document id list !
2024-08-26 14:59:41,339 [WARN] DbBoards:127 - board STEVAL-BFA001V1B has no document id list !
2024-08-26 14:59:41,339 [WARN] DbBoards:127 - board STEVAL-BFA001V2B has no document id list !
2024-08-26 14:59:41,340 [WARN] DbBoards:127 - board STEVAL-IDP005V1 has no document id list !
2024-08-26 14:59:41,340 [WARN] DbBoards:127 - board STEVAL-IDP005V2 has no document id list !
2024-08-26 14:59:41,340 [WARN] DbBoards:127 - board STEVAL-MKSBOX1V1 has no document id list !
2024-08-26 14:59:41,340 [WARN] DbBoards:127 - board STEVAL-STWINKT1 has no document id list !
2024-08-26 14:59:41,340 [WARN] DbBoards:127 - board STEVAL-STWINKT1B has no document id list !
2024-08-26 14:59:41,340 [WARN] DbBoards:127 - board STM32439I-EVAL2 has no document id list !
2024-08-26 14:59:41,340 [WARN] DbBoards:127 - board STM32F401C-DISCO has no document id list !
2024-08-26 14:59:41,341 [WARN] DbBoards:127 - board STM32F769I-DISC1 has no document id list !
2024-08-26 14:59:41,341 [WARN] DbBoards:127 - board STM32G474E-EVAL1 has no document id list !
2024-08-26 14:59:41,342 [WARN] DbBoards:127 - board STM32H743I-EVAL2 has no document id list !
2024-08-26 14:59:41,342 [WARN] DbBoards:127 - board STM32H747I-DISC1 has no document id list !
2024-08-26 14:59:41,342 [WARN] DbBoards:127 - board STM32H753I-EVAL2 has no document id list !
2024-08-26 14:59:41,342 [WARN] DbBoards:127 - board STM32L-DISCOVERY has no document id list !
2024-08-26 14:59:41,503 [ERROR] DbBoards:189 - Image file not found for board B-L462E-CELL1: E:\Embedded System\Unit3\Setup\STM32CubeIDE_1.4.0\STM32CubeIDE\plugins\com.st.stm32cube.common.mx_6.0.0.202007160824\\db\/plugins/mcufinder/images/boards/B-L462E-CELL1_small.jpg
2024-08-26 14:59:41,548 [ERROR] DbBoards:189 - Image file not found for board B-U585I-IOT02A: E:\Embedded System\Unit3\Setup\STM32CubeIDE_1.4.0\STM32CubeIDE\plugins\com.st.stm32cube.common.mx_6.0.0.202007160824\\db\/plugins/mcufinder/images/boards/B-U585I-IOT02A_small.jpg
2024-08-26 14:59:41,625 [ERROR] DbBoards:189 - Image file not found for board NUCLEO-F413ZH: E:\Embedded System\Unit3\Setup\STM32CubeIDE_1.4.0\STM32CubeIDE\plugins\com.st.stm32cube.common.mx_6.0.0.202007160824\\db\/plugins/mcufinder/images/boards/nucleo-f413zh_small.jpg
2024-08-26 14:59:41,822 [ERROR] DbBoards:189 - Image file not found for board NUCLEO-L552ZE-Q: E:\Embedded System\Unit3\Setup\STM32CubeIDE_1.4.0\STM32CubeIDE\plugins\com.st.stm32cube.common.mx_6.0.0.202007160824\\db\/plugins/mcufinder/images/boards/nucleo_l552ze_q_small.jpg
2024-08-26 14:59:41,822 [ERROR] DbBoards:189 - Image file not found for board NUCLEO-U575ZI-Q: E:\Embedded System\Unit3\Setup\STM32CubeIDE_1.4.0\STM32CubeIDE\plugins\com.st.stm32cube.common.mx_6.0.0.202007160824\\db\/plugins/mcufinder/images/boards/nucleo-u575zi-q_small.jpg
2024-08-26 14:59:41,822 [ERROR] DbBoards:189 - Image file not found for board NUCLEO-WB15CC: E:\Embedded System\Unit3\Setup\STM32CubeIDE_1.4.0\STM32CubeIDE\plugins\com.st.stm32cube.common.mx_6.0.0.202007160824\\db\/plugins/mcufinder/images/boards/nucleo-wb15cc_small.jpg
2024-08-26 14:59:41,822 [ERROR] DbBoards:189 - Image file not found for board NUCLEO-WB55RG: E:\Embedded System\Unit3\Setup\STM32CubeIDE_1.4.0\STM32CubeIDE\plugins\com.st.stm32cube.common.mx_6.0.0.202007160824\\db\/plugins/mcufinder/images/boards/nucleo-wb55rg_small.jpg
2024-08-26 14:59:41,822 [ERROR] DbBoards:189 - Image file not found for board NUCLEO-WL55JC: E:\Embedded System\Unit3\Setup\STM32CubeIDE_1.4.0\STM32CubeIDE\plugins\com.st.stm32cube.common.mx_6.0.0.202007160824\\db\/plugins/mcufinder/images/boards/nucleo-wl55jc-small.jpg
2024-08-26 14:59:41,988 [ERROR] DbBoards:189 - Image file not found for board STEVAL-STWINKT1B: E:\Embedded System\Unit3\Setup\STM32CubeIDE_1.4.0\STM32CubeIDE\plugins\com.st.stm32cube.common.mx_6.0.0.202007160824\\db\/plugins/mcufinder/images/boards/steval-stwinkt1b_small.jpg
2024-08-26 14:59:42,368 [ERROR] DbBoards:189 - Image file not found for board STM32G0C1E-EV: E:\Embedded System\Unit3\Setup\STM32CubeIDE_1.4.0\STM32CubeIDE\plugins\com.st.stm32cube.common.mx_6.0.0.202007160824\\db\/plugins/mcufinder/images/boards/stm32g0c1e-eval_small.jpg
2024-08-26 14:59:42,486 [ERROR] DbBoards:189 - Image file not found for board STM32H7B3I-EVAL: E:\Embedded System\Unit3\Setup\STM32CubeIDE_1.4.0\STM32CubeIDE\plugins\com.st.stm32cube.common.mx_6.0.0.202007160824\\db\/plugins/mcufinder/images/boards/stm32h7b3ieval_small.jpg
2024-08-26 14:59:42,778 [ERROR] DbBoards:189 - Image file not found for board STM32U575I-EV: E:\Embedded System\Unit3\Setup\STM32CubeIDE_1.4.0\STM32CubeIDE\plugins\com.st.stm32cube.common.mx_6.0.0.202007160824\\db\/plugins/mcufinder/images/boards/stm32u575i-ev_small.jpg
2024-08-26 14:59:42,798 [ERROR] DbBoards:189 - Image file not found for board STM32WB5MM-DK: E:\Embedded System\Unit3\Setup\STM32CubeIDE_1.4.0\STM32CubeIDE\plugins\com.st.stm32cube.common.mx_6.0.0.202007160824\\db\/plugins/mcufinder/images/boards/STM32WB5MM-DK_small.jpg
2024-08-26 14:59:42,800 [INFO] ApiDb:201 - Load user favorites file C:\Users\HP/.stm32cubeide/favorites.boards.txt: 0 item(s)
2024-08-26 14:59:42,800 [INFO] ApiDb:205 - User favorites Boards=[]
2024-08-26 14:59:42,800 [INFO] DbBoards:206 - Set 0 / 0 favorites Boards
2024-08-26 14:59:42,960 [INFO] LoadUrlFilesThread:162 - End of LoadServerUrlFiles without Thread
2024-08-26 14:59:42,960 [INFO] MultiScanPanel:787 - Refresh data is succesful
2024-08-26 14:59:42,962 [INFO] McuFilterPanel:245 - Update 0 favorites MCUs
2024-08-26 15:02:37,080 [INFO] LogOutputStream:76 - [STDOUT_REDIRECT] withoutVersionV1.8.4
2024-08-26 15:02:37,082 [INFO] LogOutputStream:76 - [STDOUT_REDIRECT] withoutVersionV1.8.3
2024-08-26 15:02:37,084 [INFO] LogOutputStream:76 - [STDOUT_REDIRECT] withoutVersionV1.8.2
2024-08-26 15:02:37,085 [INFO] LogOutputStream:76 - [STDOUT_REDIRECT] withoutVersionV1.8.1
2024-08-26 15:02:37,087 [INFO] LogOutputStream:76 - [STDOUT_REDIRECT] withoutVersionV1.8.0
2024-08-26 15:02:51,561 [ERROR] LogOutputStream:74 - [STDERR_REDIRECT] [Fatal Error] :1:1: Premature end of file.
2024-08-26 15:02:51,562 [ERROR] LogOutputStream:74 - [STDERR_REDIRECT] 
2024-08-26 15:02:51,648 [ERROR] LogOutputStream:74 - [STDERR_REDIRECT] [Fatal Error] :1:1: Premature end of file.
2024-08-26 15:02:51,649 [ERROR] LogOutputStream:74 - [STDERR_REDIRECT] 
2024-08-26 15:02:51,726 [ERROR] LogOutputStream:74 - [STDERR_REDIRECT] [Fatal Error] :1:1: Premature end of file.
2024-08-26 15:02:51,727 [ERROR] LogOutputStream:74 - [STDERR_REDIRECT] 
2024-08-26 15:02:51,820 [ERROR] LogOutputStream:74 - [STDERR_REDIRECT] [Fatal Error] :1:1: Premature end of file.
2024-08-26 15:02:51,821 [ERROR] LogOutputStream:74 - [STDERR_REDIRECT] 
2024-08-26 15:02:51,915 [ERROR] LogOutputStream:74 - [STDERR_REDIRECT] [Fatal Error] :1:1: Premature end of file.
2024-08-26 15:02:51,915 [ERROR] LogOutputStream:74 - [STDERR_REDIRECT] 
2024-08-26 15:02:51,998 [ERROR] LogOutputStream:74 - [STDERR_REDIRECT] [Fatal Error] :1:1: Premature end of file.
2024-08-26 15:02:51,999 [ERROR] LogOutputStream:74 - [STDERR_REDIRECT] 
2024-08-26 15:02:52,080 [ERROR] LogOutputStream:74 - [STDERR_REDIRECT] [Fatal Error] :1:1: Premature end of file.
2024-08-26 15:02:52,082 [ERROR] LogOutputStream:74 - [STDERR_REDIRECT] 
2024-08-26 15:02:52,166 [ERROR] LogOutputStream:74 - [STDERR_REDIRECT] [Fatal Error] :1:1: Premature end of file.
2024-08-26 15:02:52,168 [ERROR] LogOutputStream:74 - [STDERR_REDIRECT] 
2024-08-26 15:02:52,251 [ERROR] LogOutputStream:74 - [STDERR_REDIRECT] [Fatal Error] :1:1: Premature end of file.
2024-08-26 15:02:52,252 [ERROR] LogOutputStream:74 - [STDERR_REDIRECT] 
2024-08-26 15:02:52,400 [ERROR] LogOutputStream:74 - [STDERR_REDIRECT] [Fatal Error] :1:1: Premature end of file.
2024-08-26 15:02:52,401 [ERROR] LogOutputStream:74 - [STDERR_REDIRECT] 
2024-08-26 15:02:52,479 [ERROR] LogOutputStream:74 - [STDERR_REDIRECT] [Fatal Error] :1:1: Premature end of file.
2024-08-26 15:02:52,480 [ERROR] LogOutputStream:74 - [STDERR_REDIRECT] 
2024-08-26 15:02:52,574 [ERROR] LogOutputStream:74 - [STDERR_REDIRECT] [Fatal Error] :1:1: Premature end of file.
2024-08-26 15:02:52,574 [ERROR] LogOutputStream:74 - [STDERR_REDIRECT] 
2024-08-26 15:02:56,074 [INFO] ApiDb:226 - Save user favorites file C:\Users\HP/.stm32cubeide/favorites.mcus.txt: 0 item(s)
2024-08-26 15:02:56,076 [INFO] ApiDb:230 - User favorites MCUs=[]
2024-08-26 17:53:44,050 [ERROR] LogOutputStream:74 - [STDERR_REDIRECT] [Fatal Error] :1:1: Premature end of file.
2024-08-26 17:53:44,085 [ERROR] LogOutputStream:74 - [STDERR_REDIRECT] 
2024-08-26 17:53:44,132 [ERROR] LogOutputStream:74 - [STDERR_REDIRECT] [Fatal Error] :1:1: Premature end of file.
2024-08-26 17:53:44,132 [ERROR] LogOutputStream:74 - [STDERR_REDIRECT] 
2024-08-26 17:53:44,181 [ERROR] LogOutputStream:74 - [STDERR_REDIRECT] [Fatal Error] :1:1: Premature end of file.
2024-08-26 17:53:44,184 [ERROR] LogOutputStream:74 - [STDERR_REDIRECT] 
2024-08-26 18:57:52,708 [ERROR] LogOutputStream:74 - [STDERR_REDIRECT] [Fatal Error] :1:1: Premature end of file.
2024-08-26 18:57:52,709 [ERROR] LogOutputStream:74 - [STDERR_REDIRECT] 
2024-08-26 18:57:52,763 [ERROR] LogOutputStream:74 - [STDERR_REDIRECT] [Fatal Error] :1:1: Premature end of file.
2024-08-26 18:57:52,764 [ERROR] LogOutputStream:74 - [STDERR_REDIRECT] 
2024-08-26 18:57:52,808 [ERROR] LogOutputStream:74 - [STDERR_REDIRECT] [Fatal Error] :1:1: Premature end of file.
2024-08-26 18:57:52,809 [ERROR] LogOutputStream:74 - [STDERR_REDIRECT] 
2024-08-26 18:59:24,844 [ERROR] LogOutputStream:74 - [STDERR_REDIRECT] [Fatal Error] :1:1: Premature end of file.
2024-08-26 18:59:24,845 [ERROR] LogOutputStream:74 - [STDERR_REDIRECT] 
2024-08-26 18:59:24,892 [ERROR] LogOutputStream:74 - [STDERR_REDIRECT] [Fatal Error] :1:1: Premature end of file.
2024-08-26 18:59:25,282 [ERROR] LogOutputStream:74 - [STDERR_REDIRECT] 
2024-08-26 18:59:25,336 [ERROR] LogOutputStream:74 - [STDERR_REDIRECT] [Fatal Error] :1:1: Premature end of file.
2024-08-26 18:59:25,337 [ERROR] LogOutputStream:74 - [STDERR_REDIRECT] 
2024-08-26 18:59:34,377 [ERROR] LogOutputStream:74 - [STDERR_REDIRECT] [Fatal Error] :1:1: Premature end of file.
2024-08-26 18:59:34,380 [ERROR] LogOutputStream:74 - [STDERR_REDIRECT] 
2024-08-26 18:59:34,435 [ERROR] LogOutputStream:74 - [STDERR_REDIRECT] [Fatal Error] :1:1: Premature end of file.
2024-08-26 18:59:34,436 [ERROR] LogOutputStream:74 - [STDERR_REDIRECT] 
2024-08-26 18:59:34,492 [ERROR] LogOutputStream:74 - [STDERR_REDIRECT] [Fatal Error] :1:1: Premature end of file.
2024-08-26 18:59:34,494 [ERROR] LogOutputStream:74 - [STDERR_REDIRECT] 
2024-08-26 19:38:11,506 [INFO] Activator:178 - 


2024-08-26 19:38:11,549 [INFO] Activator:179 - !SESSION log4j initialized
2024-08-26 21:12:31,652 [ERROR] LogOutputStream:74 - [STDERR_REDIRECT] [Fatal Error] :1:1: Premature end of file.
2024-08-26 21:12:31,653 [ERROR] LogOutputStream:74 - [STDERR_REDIRECT] 
2024-08-26 21:12:31,695 [ERROR] LogOutputStream:74 - [STDERR_REDIRECT] [Fatal Error] :1:1: Premature end of file.
2024-08-26 21:12:31,696 [ERROR] LogOutputStream:74 - [STDERR_REDIRECT] 
2024-08-26 21:12:31,741 [ERROR] LogOutputStream:74 - [STDERR_REDIRECT] [Fatal Error] :1:1: Premature end of file.
2024-08-26 21:12:31,741 [ERROR] LogOutputStream:74 - [STDERR_REDIRECT] 
2024-08-26 21:12:31,790 [ERROR] LogOutputStream:74 - [STDERR_REDIRECT] [Fatal Error] :1:1: Premature end of file.
2024-08-26 21:12:31,790 [ERROR] LogOutputStream:74 - [STDERR_REDIRECT] 
2024-08-26 21:12:31,834 [ERROR] LogOutputStream:74 - [STDERR_REDIRECT] [Fatal Error] :1:1: Premature end of file.
2024-08-26 21:12:31,834 [ERROR] LogOutputStream:74 - [STDERR_REDIRECT] 
2024-08-26 21:12:31,877 [ERROR] LogOutputStream:74 - [STDERR_REDIRECT] [Fatal Error] :1:1: Premature end of file.
2024-08-26 21:12:31,878 [ERROR] LogOutputStream:74 - [STDERR_REDIRECT] 
2024-08-26 21:12:31,926 [ERROR] LogOutputStream:74 - [STDERR_REDIRECT] [Fatal Error] :1:1: Premature end of file.
2024-08-26 21:12:31,926 [ERROR] LogOutputStream:74 - [STDERR_REDIRECT] 
2024-08-26 21:12:31,972 [ERROR] LogOutputStream:74 - [STDERR_REDIRECT] [Fatal Error] :1:1: Premature end of file.
2024-08-26 21:12:31,972 [ERROR] LogOutputStream:74 - [STDERR_REDIRECT] 
2024-08-26 21:12:32,019 [ERROR] LogOutputStream:74 - [STDERR_REDIRECT] [Fatal Error] :1:1: Premature end of file.
2024-08-26 21:12:32,019 [ERROR] LogOutputStream:74 - [STDERR_REDIRECT] 
2024-08-26 21:12:32,125 [ERROR] LogOutputStream:74 - [STDERR_REDIRECT] [Fatal Error] :1:1: Premature end of file.
2024-08-26 21:12:32,125 [ERROR] LogOutputStream:74 - [STDERR_REDIRECT] 
2024-08-26 21:12:32,168 [ERROR] LogOutputStream:74 - [STDERR_REDIRECT] [Fatal Error] :1:1: Premature end of file.
2024-08-26 21:12:32,169 [ERROR] LogOutputStream:74 - [STDERR_REDIRECT] 
2024-08-26 21:12:32,213 [ERROR] LogOutputStream:74 - [STDERR_REDIRECT] [Fatal Error] :1:1: Premature end of file.
2024-08-26 21:12:32,213 [ERROR] LogOutputStream:74 - [STDERR_REDIRECT] 
2024-08-26 21:38:13,019 [ERROR] LogOutputStream:74 - [STDERR_REDIRECT] [Fatal Error] :1:1: Premature end of file.
2024-08-26 21:38:13,019 [ERROR] LogOutputStream:74 - [STDERR_REDIRECT] 
2024-08-26 21:38:13,065 [ERROR] LogOutputStream:74 - [STDERR_REDIRECT] [Fatal Error] :1:1: Premature end of file.
2024-08-26 21:38:13,065 [ERROR] LogOutputStream:74 - [STDERR_REDIRECT] 
2024-08-26 21:38:13,113 [ERROR] LogOutputStream:74 - [STDERR_REDIRECT] [Fatal Error] :1:1: Premature end of file.
2024-08-26 21:38:13,113 [ERROR] LogOutputStream:74 - [STDERR_REDIRECT] 
2024-08-26 22:24:01,400 [ERROR] LogOutputStream:74 - [STDERR_REDIRECT] [Fatal Error] :1:1: Premature end of file.
2024-08-26 22:24:01,402 [ERROR] LogOutputStream:74 - [STDERR_REDIRECT] 
2024-08-26 22:24:01,452 [ERROR] LogOutputStream:74 - [STDERR_REDIRECT] [Fatal Error] :1:1: Premature end of file.
2024-08-26 22:24:01,455 [ERROR] LogOutputStream:74 - [STDERR_REDIRECT] 
2024-08-26 22:24:01,503 [ERROR] LogOutputStream:74 - [STDERR_REDIRECT] [Fatal Error] :1:1: Premature end of file.
2024-08-26 22:24:01,505 [ERROR] LogOutputStream:74 - [STDERR_REDIRECT] 
