2025-04-01 15:18:12,928 [INFO] Activator:178 - 


2025-04-01 15:18:13,111 [INFO] Activator:179 - !SESSION log4j initialized
2025-04-01 15:18:30,021 [ERROR] LogOutputStream:74 - [STDERR_REDIRECT] [Fatal Error] :1:1: Premature end of file.
2025-04-01 15:18:30,023 [ERROR] LogOutputStream:74 - [STDERR_REDIRECT] 
2025-04-01 15:18:30,217 [ERROR] LogOutputStream:74 - [STDERR_REDIRECT] [Fatal Error] :1:1: Premature end of file.
2025-04-01 15:18:30,218 [ERROR] LogOutputStream:74 - [STDERR_REDIRECT] 
2025-04-01 15:18:30,387 [ERROR] LogOutputStream:74 - [STDERR_REDIRECT] [Fatal Error] :1:1: Premature end of file.
2025-04-01 15:18:30,388 [ERROR] LogOutputStream:74 - [STDERR_REDIRECT] 
2025-04-01 15:19:23,508 [INFO] ApplicationProperties:181 - Using Application install path: E:\Embedded System\Unit3\Setup\STM32CubeIDE_1.4.0\STM32CubeIDE\plugins\com.st.stm32cube.common.mx_6.0.0.202007160824
2025-04-01 15:19:24,002 [INFO] DbMcusXml:70 - Set database path to: E:\Embedded System\Unit3\Setup\STM32CubeIDE_1.4.0\STM32CubeIDE\plugins\com.st.stm32cube.common.mx_6.0.0.202007160824\\db\/mcu/
2025-04-01 15:19:24,013 [INFO] DbBoardsPdsc:56 - Set plugin database path to: E:\Embedded System\Unit3\Setup\STM32CubeIDE_1.4.0\STM32CubeIDE\plugins\com.st.stm32cube.common.mx_6.0.0.202007160824\\db\/plugins/boardmanager/
2025-04-01 15:19:24,014 [INFO] DbMcus:258 - Set plugin images path to: E:\Embedded System\Unit3\Setup\STM32CubeIDE_1.4.0\STM32CubeIDE\plugins\com.st.stm32cube.common.mx_6.0.0.202007160824\\db\/plugins/mcufinder/images/
2025-04-01 15:19:24,014 [INFO] DbBoards:264 - Set plugin images path to: E:\Embedded System\Unit3\Setup\STM32CubeIDE_1.4.0\STM32CubeIDE\plugins\com.st.stm32cube.common.mx_6.0.0.202007160824\\db\/plugins/mcufinder/images/
2025-04-01 15:19:24,129 [INFO] DbExamples:326 - Set plugin images path to: E:\Embedded System\Unit3\Setup\STM32CubeIDE_1.4.0\STM32CubeIDE\plugins\com.st.stm32cube.common.mx_6.0.0.202007160824\\db\/plugins/mcufinder/images/
2025-04-01 15:19:25,204 [INFO] DbMcusDocs:112 - Set database path to: C:\Users\HP\.stmcufinder\plugins\mcufinder//mcu/
2025-04-01 15:19:25,225 [INFO] DbMcusJson:63 - Set database path to: C:\Users\HP\.stmcufinder\plugins\mcufinder//mcu/
2025-04-01 15:19:25,228 [INFO] DbBoardsDocs:112 - Set database path to: C:\Users\HP\.stmcufinder\plugins\mcufinder//mcu/
2025-04-01 15:19:25,233 [INFO] DbBoardsJson:56 - Set database path to: C:\Users\HP\.stmcufinder\plugins\mcufinder//mcu/
2025-04-01 15:19:25,583 [INFO] CrossReferenceDbSqlite:196 - Set database path to: C:\Users\HP\.stmcufinder\plugins\mcufinder//mcu/cs/
2025-04-01 15:19:25,589 [INFO] DbExamplesSqlite:800 - Set database path to: C:\Users\HP\.stmcufinder\plugins\mcufinder//mcu/
2025-04-01 15:19:27,215 [INFO] RulesReader:52 - Compatibility file has been processed (209 Rules)
2025-04-01 15:19:29,022 [INFO] MicroXplorer:564 - Detected Java Version = 1.8.0_252
2025-04-01 15:19:29,023 [INFO] DbMcusXml:70 - Set database path to: E:\Embedded System\Unit3\Setup\STM32CubeIDE_1.4.0\STM32CubeIDE\plugins\com.st.stm32cube.common.mx_6.0.0.202007160824\\db\/mcu/
2025-04-01 15:19:29,023 [INFO] DbBoardsPdsc:56 - Set plugin database path to: E:\Embedded System\Unit3\Setup\STM32CubeIDE_1.4.0\STM32CubeIDE\plugins\com.st.stm32cube.common.mx_6.0.0.202007160824\\db\/plugins/boardmanager/
2025-04-01 15:19:29,024 [INFO] DbMcus:258 - Set plugin images path to: E:\Embedded System\Unit3\Setup\STM32CubeIDE_1.4.0\STM32CubeIDE\plugins\com.st.stm32cube.common.mx_6.0.0.202007160824\\db\/plugins/mcufinder/images/
2025-04-01 15:19:29,024 [INFO] DbBoards:264 - Set plugin images path to: E:\Embedded System\Unit3\Setup\STM32CubeIDE_1.4.0\STM32CubeIDE\plugins\com.st.stm32cube.common.mx_6.0.0.202007160824\\db\/plugins/mcufinder/images/
2025-04-01 15:19:29,024 [INFO] DbExamples:326 - Set plugin images path to: E:\Embedded System\Unit3\Setup\STM32CubeIDE_1.4.0\STM32CubeIDE\plugins\com.st.stm32cube.common.mx_6.0.0.202007160824\\db\/plugins/mcufinder/images/
2025-04-01 15:19:29,024 [WARN] DbFile:36 - Overriding database path with different value: C:\Users\HP\.stmcufinder\plugins\mcufinder/ => C:\Users\HP\.stmcufinder\plugins\mcufinder
2025-04-01 15:19:29,025 [INFO] DbMcusDocs:112 - Set database path to: C:\Users\HP\.stmcufinder\plugins\mcufinder//mcu/
2025-04-01 15:19:29,025 [WARN] DbFile:36 - Overriding database path with different value: C:\Users\HP\.stmcufinder\plugins\mcufinder/ => C:\Users\HP\.stmcufinder\plugins\mcufinder
2025-04-01 15:19:29,025 [INFO] DbMcusJson:63 - Set database path to: C:\Users\HP\.stmcufinder\plugins\mcufinder//mcu/
2025-04-01 15:19:29,025 [WARN] DbFile:36 - Overriding database path with different value: C:\Users\HP\.stmcufinder\plugins\mcufinder/ => C:\Users\HP\.stmcufinder\plugins\mcufinder
2025-04-01 15:19:29,025 [INFO] DbBoardsDocs:112 - Set database path to: C:\Users\HP\.stmcufinder\plugins\mcufinder//mcu/
2025-04-01 15:19:29,026 [WARN] DbFile:36 - Overriding database path with different value: C:\Users\HP\.stmcufinder\plugins\mcufinder/ => C:\Users\HP\.stmcufinder\plugins\mcufinder
2025-04-01 15:19:29,026 [INFO] DbBoardsJson:56 - Set database path to: C:\Users\HP\.stmcufinder\plugins\mcufinder//mcu/
2025-04-01 15:19:29,026 [WARN] DbFile:36 - Overriding database path with different value: C:\Users\HP\.stmcufinder\plugins\mcufinder/ => C:\Users\HP\.stmcufinder\plugins\mcufinder
2025-04-01 15:19:29,026 [WARN] DbFile:36 - Overriding database path with different value: C:\Users\HP\.stmcufinder\plugins\mcufinder/ => C:\Users\HP\.stmcufinder\plugins\mcufinder
2025-04-01 15:19:29,026 [INFO] CrossReferenceDbSqlite:196 - Set database path to: C:\Users\HP\.stmcufinder\plugins\mcufinder//mcu/cs/
2025-04-01 15:19:29,027 [WARN] DbFile:36 - Overriding database path with different value: C:\Users\HP\.stmcufinder\plugins\mcufinder/ => C:\Users\HP\.stmcufinder\plugins\mcufinder
2025-04-01 15:19:29,027 [INFO] DbExamplesSqlite:800 - Set database path to: C:\Users\HP\.stmcufinder\plugins\mcufinder//mcu/
2025-04-01 15:19:31,143 [INFO] MainPanel:189 - HeapMemory: 268435456
2025-04-01 15:19:33,614 [INFO] DbMcusXml:70 - Set database path to: E:\Embedded System\Unit3\Setup\STM32CubeIDE_1.4.0\STM32CubeIDE\plugins\com.st.stm32cube.common.mx_6.0.0.202007160824\\db\/mcu/
2025-04-01 15:19:33,614 [INFO] DbBoardsPdsc:56 - Set plugin database path to: E:\Embedded System\Unit3\Setup\STM32CubeIDE_1.4.0\STM32CubeIDE\plugins\com.st.stm32cube.common.mx_6.0.0.202007160824\\db\/plugins/boardmanager/
2025-04-01 15:19:33,615 [INFO] DbMcus:258 - Set plugin images path to: E:\Embedded System\Unit3\Setup\STM32CubeIDE_1.4.0\STM32CubeIDE\plugins\com.st.stm32cube.common.mx_6.0.0.202007160824\\db\/plugins/mcufinder/images/
2025-04-01 15:19:33,615 [INFO] DbBoards:264 - Set plugin images path to: E:\Embedded System\Unit3\Setup\STM32CubeIDE_1.4.0\STM32CubeIDE\plugins\com.st.stm32cube.common.mx_6.0.0.202007160824\\db\/plugins/mcufinder/images/
2025-04-01 15:19:33,615 [INFO] DbExamples:326 - Set plugin images path to: E:\Embedded System\Unit3\Setup\STM32CubeIDE_1.4.0\STM32CubeIDE\plugins\com.st.stm32cube.common.mx_6.0.0.202007160824\\db\/plugins/mcufinder/images/
2025-04-01 15:19:33,643 [WARN] DbFile:36 - Overriding database path with different value: C:\Users\HP\.stmcufinder\plugins\mcufinder/ => C:\Users\HP\.stmcufinder\plugins\mcufinder
2025-04-01 15:19:33,644 [INFO] DbMcusDocs:112 - Set database path to: C:\Users\HP\.stmcufinder\plugins\mcufinder//mcu/
2025-04-01 15:19:33,644 [WARN] DbFile:36 - Overriding database path with different value: C:\Users\HP\.stmcufinder\plugins\mcufinder/ => C:\Users\HP\.stmcufinder\plugins\mcufinder
2025-04-01 15:19:33,644 [INFO] DbMcusJson:63 - Set database path to: C:\Users\HP\.stmcufinder\plugins\mcufinder//mcu/
2025-04-01 15:19:33,644 [WARN] DbFile:36 - Overriding database path with different value: C:\Users\HP\.stmcufinder\plugins\mcufinder/ => C:\Users\HP\.stmcufinder\plugins\mcufinder
2025-04-01 15:19:33,644 [INFO] DbBoardsDocs:112 - Set database path to: C:\Users\HP\.stmcufinder\plugins\mcufinder//mcu/
2025-04-01 15:19:33,644 [WARN] DbFile:36 - Overriding database path with different value: C:\Users\HP\.stmcufinder\plugins\mcufinder/ => C:\Users\HP\.stmcufinder\plugins\mcufinder
2025-04-01 15:19:33,645 [INFO] DbBoardsJson:56 - Set database path to: C:\Users\HP\.stmcufinder\plugins\mcufinder//mcu/
2025-04-01 15:19:33,645 [WARN] DbFile:36 - Overriding database path with different value: C:\Users\HP\.stmcufinder\plugins\mcufinder/ => C:\Users\HP\.stmcufinder\plugins\mcufinder
2025-04-01 15:19:33,645 [WARN] DbFile:36 - Overriding database path with different value: C:\Users\HP\.stmcufinder\plugins\mcufinder/ => C:\Users\HP\.stmcufinder\plugins\mcufinder
2025-04-01 15:19:33,645 [INFO] CrossReferenceDbSqlite:196 - Set database path to: C:\Users\HP\.stmcufinder\plugins\mcufinder//mcu/cs/
2025-04-01 15:19:33,645 [WARN] DbFile:36 - Overriding database path with different value: C:\Users\HP\.stmcufinder\plugins\mcufinder/ => C:\Users\HP\.stmcufinder\plugins\mcufinder
2025-04-01 15:19:33,647 [INFO] DbExamplesSqlite:800 - Set database path to: C:\Users\HP\.stmcufinder\plugins\mcufinder//mcu/
2025-04-01 15:19:33,864 [INFO] ApplicationProperties:181 - Using Application install path: E:\Embedded System\Unit3\Setup\STM32CubeIDE_1.4.0\STM32CubeIDE\plugins\com.st.stm32cube.common.mx_6.0.0.202007160824
2025-04-01 15:19:33,867 [INFO] PluginManage:178 - Search for loadable plugins [exclusion list=, ]
2025-04-01 15:19:33,897 [INFO] PluginManage:292 - Check plugin analytics
2025-04-01 15:19:35,074 [INFO] AnalyticsPlugin:203 - Accepted Software Licenses: STM32CubeMX.6.14.0
2025-04-01 15:19:35,074 [INFO] AnalyticsPlugin:205 - Accepted CMSIS Pack Licenses: 
2025-04-01 15:19:35,075 [INFO] AnalyticsPlugin:207 - Accepted Firmware Licenses: 
2025-04-01 15:19:35,075 [INFO] PluginManage:342 - Loaded plugin analytics (category:tool,tabindex:-1)
2025-04-01 15:19:35,076 [INFO] PluginManage:292 - Check plugin clock
2025-04-01 15:19:35,295 [INFO] PluginManage:342 - Loaded plugin clock (category:base,tabindex:2)
2025-04-01 15:19:35,295 [INFO] PluginManage:292 - Check plugin ddr
2025-04-01 15:19:35,465 [INFO] PluginManage:342 - Loaded plugin ddr (category:tool,tabindex:6)
2025-04-01 15:19:35,467 [INFO] PluginManage:292 - Check plugin filemanager
2025-04-01 15:19:36,672 [INFO] PluginManage:342 - Loaded plugin filemanager (category:base,tabindex:10)
2025-04-01 15:19:36,673 [INFO] PluginManage:292 - Check plugin ipmanager
2025-04-01 15:19:36,849 [INFO] PluginManage:342 - Loaded plugin ipmanager (category:base,tabindex:5)
2025-04-01 15:19:36,850 [INFO] PluginManage:292 - Check plugin pinoutandconfiguration
2025-04-01 15:19:36,928 [INFO] PluginManage:342 - Loaded plugin pinoutandconfiguration (category:base,tabindex:1)
2025-04-01 15:19:36,929 [INFO] PluginManage:292 - Check plugin pinoutconfig
2025-04-01 15:19:37,408 [ERROR] LogOutputStream:74 - [STDERR_REDIRECT] [Fatal Error] :1:1: Premature end of file.
2025-04-01 15:19:37,409 [ERROR] LogOutputStream:74 - [STDERR_REDIRECT] 
2025-04-01 15:19:37,707 [INFO] PluginManage:342 - Loaded plugin pinoutconfig (category:base,tabindex:0)
2025-04-01 15:19:37,707 [INFO] PluginManage:292 - Check plugin power
2025-04-01 15:19:37,911 [INFO] PluginManage:342 - Loaded plugin power (category:power,tabindex:4)
2025-04-01 15:19:37,912 [INFO] PluginManage:292 - Check plugin projectmanager
2025-04-01 15:19:37,935 [INFO] PluginManage:342 - Loaded plugin projectmanager (category:projectmanager,tabindex:3)
2025-04-01 15:19:37,935 [INFO] PluginManage:292 - Check plugin thirdparty
2025-04-01 15:19:38,052 [ERROR] LogOutputStream:74 - [STDERR_REDIRECT] [Fatal Error] :1:1: Premature end of file.
2025-04-01 15:19:38,053 [ERROR] LogOutputStream:74 - [STDERR_REDIRECT] 
2025-04-01 15:19:38,738 [ERROR] LogOutputStream:74 - [STDERR_REDIRECT] [Fatal Error] :1:1: Premature end of file.
2025-04-01 15:19:38,738 [ERROR] LogOutputStream:74 - [STDERR_REDIRECT] 
2025-04-01 15:19:39,016 [INFO] ThirdPartyDb:333 - Open Third Party DataBase File (C:/Users/HP/.stm32cubemx/plugins/thirdparty/db/thirdparties_db.xml) : 344 ms. number of Sw pack : 62
2025-04-01 15:19:39,021 [INFO] PluginManage:342 - Loaded plugin thirdparty (category:base,tabindex:-1)
2025-04-01 15:19:39,022 [INFO] PluginManage:292 - Check plugin tools
2025-04-01 15:19:39,094 [INFO] PluginManage:342 - Loaded plugin tools (category:base,tabindex:7)
2025-04-01 15:19:39,094 [INFO] PluginManage:292 - Check plugin tutovideos
2025-04-01 15:19:41,652 [INFO] PluginManage:342 - Loaded plugin tutovideos (category:base,tabindex:-1)
2025-04-01 15:19:41,652 [INFO] PluginManage:292 - Check plugin updater
2025-04-01 15:19:41,808 [INFO] PluginManage:342 - Loaded plugin updater (category:base,tabindex:12)
2025-04-01 15:19:41,809 [INFO] PluginManage:265 - PluginManage : Loaded plugins [13]
2025-04-01 15:19:44,770 [INFO] PinOutPanel:1418 - setPackage(No Configuration,No Configuration)
2025-04-01 15:19:46,070 [INFO] IPUIPlugin:64 - create IPUIPlugin
2025-04-01 15:19:46,071 [INFO] PluginManager:200 - loadIPPluginJar : add adc
2025-04-01 15:19:46,128 [INFO] IPUIPlugin:64 - create IPUIPlugin
2025-04-01 15:19:46,129 [INFO] PluginManager:200 - loadIPPluginJar : add aes
2025-04-01 15:19:46,229 [INFO] IPUIPlugin:64 - create IPUIPlugin
2025-04-01 15:19:46,231 [INFO] PluginManager:200 - loadIPPluginJar : add can
2025-04-01 15:19:46,241 [INFO] IPUIPlugin:64 - create IPUIPlugin
2025-04-01 15:19:46,241 [INFO] PluginManager:200 - loadIPPluginJar : add comp
2025-04-01 15:19:46,254 [INFO] IPUIPlugin:64 - create IPUIPlugin
2025-04-01 15:19:46,255 [INFO] PluginManager:200 - loadIPPluginJar : add cryp
2025-04-01 15:19:46,345 [INFO] IPUIPlugin:64 - create IPUIPlugin
2025-04-01 15:19:46,347 [INFO] PluginManager:200 - loadIPPluginJar : add dfsdm
2025-04-01 15:19:46,399 [INFO] IPUIPlugin:64 - create IPUIPlugin
2025-04-01 15:19:46,401 [INFO] PluginManager:200 - loadIPPluginJar : add dma
2025-04-01 15:19:46,406 [INFO] IPUIPlugin:64 - create IPUIPlugin
2025-04-01 15:19:46,406 [INFO] PluginManager:200 - loadIPPluginJar : add fatfs
2025-04-01 15:19:46,482 [INFO] IPUIPlugin:64 - create IPUIPlugin
2025-04-01 15:19:46,482 [INFO] PluginManager:200 - loadIPPluginJar : add fmc
2025-04-01 15:19:46,653 [INFO] IPUIPlugin:64 - create IPUIPlugin
2025-04-01 15:19:46,653 [INFO] PluginManager:200 - loadIPPluginJar : add freertos
2025-04-01 15:19:46,660 [INFO] IPUIPlugin:64 - create IPUIPlugin
2025-04-01 15:19:46,660 [INFO] PluginManager:200 - loadIPPluginJar : add genericplugin
2025-04-01 15:19:46,763 [INFO] IPUIPlugin:64 - create IPUIPlugin
2025-04-01 15:19:46,764 [INFO] PluginManager:200 - loadIPPluginJar : add gfxmmu
2025-04-01 15:19:46,806 [INFO] IPUIPlugin:64 - create IPUIPlugin
2025-04-01 15:19:46,806 [INFO] PluginManager:200 - loadIPPluginJar : add gic
2025-04-01 15:19:46,888 [INFO] IPUIPlugin:64 - create IPUIPlugin
2025-04-01 15:19:46,889 [INFO] PluginManager:200 - loadIPPluginJar : add gpio
2025-04-01 15:19:46,941 [INFO] IPUIPlugin:64 - create IPUIPlugin
2025-04-01 15:19:46,942 [INFO] PluginManager:200 - loadIPPluginJar : add gtzc
2025-04-01 15:19:46,989 [INFO] IPUIPlugin:64 - create IPUIPlugin
2025-04-01 15:19:46,989 [INFO] PluginManager:200 - loadIPPluginJar : add hash
2025-04-01 15:19:46,995 [INFO] IPUIPlugin:64 - create IPUIPlugin
2025-04-01 15:19:46,996 [INFO] PluginManager:200 - loadIPPluginJar : add i2c
2025-04-01 15:19:47,003 [INFO] IPUIPlugin:64 - create IPUIPlugin
2025-04-01 15:19:47,003 [INFO] PluginManager:200 - loadIPPluginJar : add i2s
2025-04-01 15:19:47,121 [INFO] IPUIPlugin:64 - create IPUIPlugin
2025-04-01 15:19:47,121 [INFO] PluginManager:200 - loadIPPluginJar : add ipddr
2025-04-01 15:19:47,178 [INFO] IPUIPlugin:64 - create IPUIPlugin
2025-04-01 15:19:47,178 [INFO] PluginManager:200 - loadIPPluginJar : add ltdc
2025-04-01 15:19:47,186 [INFO] IPUIPlugin:64 - create IPUIPlugin
2025-04-01 15:19:47,187 [INFO] PluginManager:200 - loadIPPluginJar : add mdma
2025-04-01 15:19:47,194 [INFO] IPUIPlugin:64 - create IPUIPlugin
2025-04-01 15:19:47,195 [INFO] PluginManager:200 - loadIPPluginJar : add nvic
2025-04-01 15:19:47,204 [INFO] IPUIPlugin:64 - create IPUIPlugin
2025-04-01 15:19:47,204 [INFO] PluginManager:200 - loadIPPluginJar : add opamp
2025-04-01 15:19:47,295 [INFO] IPUIPlugin:64 - create IPUIPlugin
2025-04-01 15:19:47,296 [INFO] PluginManager:200 - loadIPPluginJar : add openamp
2025-04-01 15:19:47,335 [INFO] IPUIPlugin:64 - create IPUIPlugin
2025-04-01 15:19:47,335 [INFO] PluginManager:200 - loadIPPluginJar : add pdm2pcm
2025-04-01 15:19:47,441 [INFO] IPUIPlugin:64 - create IPUIPlugin
2025-04-01 15:19:47,445 [INFO] PluginManager:200 - loadIPPluginJar : add plateformsettings
2025-04-01 15:19:47,455 [INFO] IPUIPlugin:64 - create IPUIPlugin
2025-04-01 15:19:47,455 [INFO] PluginManager:200 - loadIPPluginJar : add quadspi
2025-04-01 15:19:47,565 [INFO] IPUIPlugin:64 - create IPUIPlugin
2025-04-01 15:19:47,565 [INFO] PluginManager:200 - loadIPPluginJar : add resmgrutility
2025-04-01 15:19:47,573 [INFO] IPUIPlugin:64 - create IPUIPlugin
2025-04-01 15:19:47,573 [INFO] PluginManager:200 - loadIPPluginJar : add sai
2025-04-01 15:19:47,606 [INFO] IPUIPlugin:64 - create IPUIPlugin
2025-04-01 15:19:47,606 [INFO] PluginManager:200 - loadIPPluginJar : add spi
2025-04-01 15:19:47,615 [INFO] IPUIPlugin:64 - create IPUIPlugin
2025-04-01 15:19:47,616 [INFO] PluginManager:200 - loadIPPluginJar : add stm32_wpan
2025-04-01 15:19:47,622 [INFO] IPUIPlugin:64 - create IPUIPlugin
2025-04-01 15:19:47,623 [INFO] PluginManager:200 - loadIPPluginJar : add tim
2025-04-01 15:19:47,631 [INFO] IPUIPlugin:64 - create IPUIPlugin
2025-04-01 15:19:47,632 [INFO] PluginManager:200 - loadIPPluginJar : add touchsensing
2025-04-01 15:19:47,850 [INFO] IPUIPlugin:64 - create IPUIPlugin
2025-04-01 15:19:47,851 [INFO] PluginManager:200 - loadIPPluginJar : add tracer_emb
2025-04-01 15:19:47,867 [INFO] IPUIPlugin:64 - create IPUIPlugin
2025-04-01 15:19:47,868 [INFO] PluginManager:200 - loadIPPluginJar : add ts
2025-04-01 15:19:47,873 [INFO] IPUIPlugin:64 - create IPUIPlugin
2025-04-01 15:19:47,873 [INFO] PluginManager:200 - loadIPPluginJar : add tsc
2025-04-01 15:19:47,903 [INFO] IPUIPlugin:64 - create IPUIPlugin
2025-04-01 15:19:47,904 [INFO] PluginManager:200 - loadIPPluginJar : add ucpd
2025-04-01 15:19:47,976 [INFO] IPUIPlugin:64 - create IPUIPlugin
2025-04-01 15:19:47,977 [INFO] PluginManager:200 - loadIPPluginJar : add usart
2025-04-01 15:19:56,210 [INFO] CubeProgrammer:457 - [DDR PANEL] - PathOfProgrammer: null
2025-04-01 15:19:59,121 [FATAL] Updater:282 - Updater called before beeing initialized
2025-04-01 15:20:02,936 [FATAL] Updater:282 - Updater called before beeing initialized
2025-04-01 15:20:02,936 [WARN] ThirdParty:775 - waiting for thirdparty lock release [close project]
2025-04-01 15:20:02,937 [INFO] ThirdParty:777 - entering critical section [close project]
2025-04-01 15:20:02,938 [INFO] ThirdParty:790 - exiting critical section [close project]
2025-04-01 15:20:02,943 [INFO] PinOutPanel:1418 - setPackage(No Configuration,No Configuration)
2025-04-01 15:20:02,943 [FATAL] Updater:282 - Updater called before beeing initialized
2025-04-01 15:20:03,138 [ERROR] Updater:967 - MainUpdater not yet initialized. External WinMGr cannot be set.
2025-04-01 15:20:03,143 [INFO] CubeProgrammer:457 - [DDR PANEL] - PathOfProgrammer: E:\Embedded System\Unit3\Setup\STM32CubeIDE_1.4.0\STM32CubeIDE\plugins\com.st.stm32cube.ide.mcu.externaltools.cubeprogrammer.win32_1.4.0.202007081208\tools\bin
2025-04-01 15:20:03,185 [INFO] ProgrammerExecThread:148 - [ProgrammerAPI] CubeProgrammer command construction: E:\Embedded System\Unit3\Setup\STM32CubeIDE_1.4.0\STM32CubeIDE\plugins\com.st.stm32cube.ide.mcu.externaltools.cubeprogrammer.win32_1.4.0.202007081208\tools\bin\STM32_Programmer_CLI.exe -l
2025-04-01 15:20:07,115 [INFO] MainDdrPanel:49 - [DDR PANEL] SETTER - Set cubeProgrammerPath to: E:\Embedded System\Unit3\Setup\STM32CubeIDE_1.4.0\STM32CubeIDE\plugins\com.st.stm32cube.ide.mcu.externaltools.cubeprogrammer.win32_1.4.0.202007081208\tools\bin
2025-04-01 15:20:08,585 [INFO] Updater:904 - Updater Version found : 6.0.0
2025-04-01 15:20:08,851 [INFO] ApplicationProperties:181 - Using Application install path: E:\Embedded System\Unit3\Setup\STM32CubeIDE_1.4.0\STM32CubeIDE\plugins\com.st.stm32cube.common.mx_6.0.0.202007160824
2025-04-01 15:20:11,827 [INFO] MainUpdater:463 - Copy updater definitions from MX database
2025-04-01 15:20:19,380 [INFO] MainUpdater:2268 - connection check result : 10
2025-04-01 15:20:19,382 [INFO] MainUpdater:2935 - Updater definition file requires update
2025-04-01 15:20:19,383 [INFO] MainUpdater:239 - Updater Check For Update Now.
2025-04-01 15:20:19,384 [INFO] MicroXplorer:414 - Change Database Version : DB.6.0.0
2025-04-01 15:20:21,158 [WARN] IntegrityCheckThread:61 - waiting for thirdparty lock release [integrity check]
2025-04-01 15:20:21,158 [INFO] IntegrityCheckThread:63 - entering critical section [integrity check]
2025-04-01 15:20:21,158 [WARN] MainUpdater:1087 - Updater busy. Cannot search thirdparties
2025-04-01 15:20:24,174 [WARN] MainUpdater:1087 - Updater busy. Cannot search thirdparties
2025-04-01 15:20:24,559 [INFO] ServerAccessManage:348 - Download File updaters.zip
2025-04-01 15:20:27,175 [WARN] MainUpdater:1087 - Updater busy. Cannot search thirdparties
2025-04-01 15:20:27,858 [INFO] FileExtend:225 - Unzip File : updaters.zip
2025-04-01 15:20:27,858 [INFO] FileExtend:240 - Standard Zip Deflate
2025-04-01 15:20:30,189 [WARN] MainUpdater:1087 - Updater busy. Cannot search thirdparties
2025-04-01 15:20:30,250 [INFO] MainUpdater:2268 - connection check result : 10
2025-04-01 15:20:33,199 [WARN] MainUpdater:1087 - Updater busy. Cannot search thirdparties
2025-04-01 15:20:35,774 [INFO] ServerAccessManage:348 - Download File PacksControlFlags.xml
2025-04-01 15:20:36,213 [WARN] MainUpdater:1087 - Updater busy. Cannot search thirdparties
2025-04-01 15:20:39,216 [WARN] MainUpdater:1087 - Updater busy. Cannot search thirdparties
2025-04-01 15:20:42,219 [WARN] MainUpdater:1087 - Updater busy. Cannot search thirdparties
2025-04-01 15:20:43,304 [INFO] ServerAccessManage:348 - Download File cubemx.pidx
2025-04-01 15:20:44,618 [INFO] McuFinderGlobals:40 - Set McuFinder mode to 2 (CubeIDE integrated)
2025-04-01 15:20:45,227 [WARN] MainUpdater:1087 - Updater busy. Cannot search thirdparties
2025-04-01 15:20:47,006 [INFO] CrossSelectorPresenter:1330 - Cross Selector saved comparison directory: C:\Users\HP\.stmcufinder\plugins\mcufinder\mcu\cs_comparisons_mx
2025-04-01 15:20:47,141 [INFO] MultiScanPanel:193 - Auto-refresh data requested => check proxy status ongoing
2025-04-01 15:20:47,230 [INFO] FinderPluginLoader:87 - Searching for filters in installed packs
2025-04-01 15:20:47,322 [INFO] DbMcusXml:100 - Load MCU database from E:\Embedded System\Unit3\Setup\STM32CubeIDE_1.4.0\STM32CubeIDE\plugins\com.st.stm32cube.common.mx_6.0.0.202007160824\\db\/mcu/families.xml
2025-04-01 15:20:48,232 [WARN] MainUpdater:1087 - Updater busy. Cannot search thirdparties
2025-04-01 15:20:49,274 [INFO] DbMcusJson:92 - JSON generation date=Tue Nov 16 18:17:54 EET 2021 (1637079474)
2025-04-01 15:20:51,241 [INFO] DbMcus:175 - Found 1761 MCUs (1722 are supported by CubeMX, 1911 are visible in CubeMX)
2025-04-01 15:20:51,243 [INFO] ApiDb:201 - Load user favorites file C:\Users\HP/.stm32cubeide/favorites.mcus.txt: 0 item(s)
2025-04-01 15:20:51,244 [INFO] ApiDb:205 - User favorites MCUs=[]
2025-04-01 15:20:51,244 [INFO] DbMcus:187 - Set 0 / 0 favorites MCUs
2025-04-01 15:20:51,245 [WARN] MainUpdater:1087 - Updater busy. Cannot search thirdparties
2025-04-01 15:20:54,600 [WARN] MainUpdater:1087 - Updater busy. Cannot search thirdparties
2025-04-01 15:20:54,839 [ERROR] WebUtils:355 - Updater is busy
2025-04-01 15:20:54,839 [WARN] DetailPanel:334 - Failed to get advertising image, set to default
2025-04-01 15:20:55,788 [ERROR] WebUtils:615 - Updater is busy
2025-04-01 15:20:55,788 [ERROR] WebUtils:615 - Updater is busy
2025-04-01 15:20:55,789 [ERROR] WebUtils:615 - Updater is busy
2025-04-01 15:20:55,789 [ERROR] WebUtils:615 - Updater is busy
2025-04-01 15:20:55,789 [ERROR] WebUtils:615 - Updater is busy
2025-04-01 15:20:55,802 [ERROR] WebUtils:615 - Updater is busy
2025-04-01 15:20:55,802 [ERROR] WebUtils:615 - Updater is busy
2025-04-01 15:20:55,803 [ERROR] DbUtils:114 - File not found: C:\Users\HP\.stmcufinder\plugins\mcufinder//mcu/mcusDocs.json._tmp_
2025-04-01 15:20:55,804 [WARN] DbUtils:163 - success is not a boolean!
2025-04-01 15:20:55,804 [ERROR] DbMcusDocs:83 - No MCUs documents found !
2025-04-01 15:20:55,804 [ERROR] DbFile:108 - Temporary file not found: C:\Users\HP\.stmcufinder\plugins\mcufinder\mcu\mcusDocs.json._tmp_
2025-04-01 15:20:55,851 [INFO] DbMcusDocs:145 - JSON generation date=Tue Nov 16 18:17:54 EET 2021 (1637079474)
2025-04-01 15:20:56,148 [INFO] ServerAccessManage:348 - Download File STMicroelectronics.X-CUBE-DPOWER.pdsc
2025-04-01 15:20:56,357 [INFO] DbMcusDocs:81 - Found 682 MCUs documents
2025-04-01 15:20:56,358 [INFO] ApiDb:226 - Save user favorites file C:\Users\HP/.stm32cubeide/favorites.mcus.txt: 0 item(s)
2025-04-01 15:20:56,358 [INFO] ApiDb:230 - User favorites MCUs=[]
2025-04-01 15:20:56,358 [INFO] DbMcusXml:100 - Load MCU database from E:\Embedded System\Unit3\Setup\STM32CubeIDE_1.4.0\STM32CubeIDE\plugins\com.st.stm32cube.common.mx_6.0.0.202007160824\\db\/mcu/families.xml
2025-04-01 15:20:56,561 [ERROR] DbUtils:114 - File not found: C:\Users\HP\.stmcufinder\plugins\mcufinder//mcu/mcusFeaturesAndDescription.json._tmp_
2025-04-01 15:20:56,562 [WARN] DbUtils:163 - success is not a boolean!
2025-04-01 15:20:56,562 [ERROR] DbFile:108 - Temporary file not found: C:\Users\HP\.stmcufinder\plugins\mcufinder\mcu\mcusFeaturesAndDescription.json._tmp_
2025-04-01 15:20:56,567 [INFO] DbMcus:175 - Found 1761 MCUs (1722 are supported by CubeMX, 1722 are visible in CubeMX)
2025-04-01 15:20:56,567 [INFO] ApiDb:201 - Load user favorites file C:\Users\HP/.stm32cubeide/favorites.mcus.txt: 0 item(s)
2025-04-01 15:20:56,569 [INFO] ApiDb:205 - User favorites MCUs=[]
2025-04-01 15:20:56,569 [INFO] DbMcus:187 - Set 0 / 0 favorites MCUs
2025-04-01 15:20:56,701 [INFO] McuFilterPanel:245 - Update 0 favorites MCUs
2025-04-01 15:20:57,396 [ERROR] DbUtils:114 - File not found: C:\Users\HP\.stmcufinder\plugins\mcufinder//mcu/boardsDocs.json._tmp_
2025-04-01 15:20:57,397 [WARN] DbUtils:163 - success is not a boolean!
2025-04-01 15:20:57,397 [ERROR] DbBoardsDocs:83 - No boards documents found !
2025-04-01 15:20:57,397 [ERROR] DbFile:108 - Temporary file not found: C:\Users\HP\.stmcufinder\plugins\mcufinder\mcu\boardsDocs.json._tmp_
2025-04-01 15:20:57,513 [INFO] DbBoardsDocs:145 - JSON generation date=Tue Nov 16 18:17:54 EET 2021 (1637079474)
2025-04-01 15:20:57,606 [WARN] MainUpdater:1087 - Updater busy. Cannot search thirdparties
2025-04-01 15:20:57,699 [INFO] DbBoardsPdsc:94 - Found 23 items
2025-04-01 15:20:57,740 [INFO] DbBoardsPdsc:94 - Found 9 items
2025-04-01 15:20:57,797 [INFO] DbBoardsPdsc:94 - Found 29 items
2025-04-01 15:20:57,800 [INFO] DbBoardsPdsc:94 - Found 1 items
2025-04-01 15:20:57,844 [INFO] DbBoardsPdsc:94 - Found 44 items
2025-04-01 15:20:57,884 [INFO] DbBoardsPdsc:94 - Found 40 items
2025-04-01 15:20:57,898 [INFO] DbBoardsPdsc:94 - Found 2 items
2025-04-01 15:20:57,944 [INFO] DbBoardsPdsc:94 - Found 4 items
2025-04-01 15:20:57,960 [WARN] DbBoardsPdsc:258 - Board STM32H7B3I-DK: unknown feature type=Audio, name=, username=Audio stereo codec with Headphone Amp (CS42L51-CNZ), n=1
2025-04-01 15:20:57,961 [WARN] DbBoardsPdsc:258 - Board STM32H735G-DK: unknown feature type=Audio, name=, username=Audio stereo codec with Headphone Amp (WM8994ECS/R), n=1
2025-04-01 15:20:57,966 [WARN] DbBoardsPdsc:258 - Board STM32H7B3I-EVAL: unknown feature type=Audio, name=, username=Multi-Channel Audio Codec (CS42L51-CNZ), n=1
2025-04-01 15:20:57,966 [WARN] DbBoardsPdsc:258 - Board STM32H7B3I-EVAL: unknown feature type=Meter, name=, username=Power-metering and Temperature-monitoring with sigma-delta modulators, n=1
2025-04-01 15:20:57,967 [WARN] DbBoardsPdsc:258 - Board STM32H7B3I-EVAL: unknown feature type=Motor, name=, username=Motor Control, n=1
2025-04-01 15:20:57,971 [ERROR] DbUtils:114 - File not found: C:\Users\HP\.stmcufinder\plugins\mcufinder//mcu/boards.json._tmp_
2025-04-01 15:20:57,971 [WARN] DbUtils:163 - success is not a boolean!
2025-04-01 15:20:57,972 [ERROR] DbFile:108 - Temporary file not found: C:\Users\HP\.stmcufinder\plugins\mcufinder\mcu\boards.json._tmp_
2025-04-01 15:20:57,973 [INFO] DbBoards:117 - Found 152 boards (149 are supported by CubeMX)
2025-04-01 15:20:57,976 [INFO] DbBoardsDocs:145 - JSON generation date=Tue Nov 16 18:17:54 EET 2021 (1637079474)
2025-04-01 15:20:57,987 [ERROR] DbBoardsDocs:83 - No boards documents found !
2025-04-01 15:20:57,990 [INFO] DbBoardsDocs:145 - JSON generation date=Tue Nov 16 18:17:54 EET 2021 (1637079474)
2025-04-01 15:20:57,994 [ERROR] DbBoardsDocs:83 - No boards documents found !
2025-04-01 15:20:57,994 [WARN] DbBoards:127 - board B-G474E-DPOW1 has no document id list !
2025-04-01 15:20:57,994 [WARN] DbBoards:127 - board B-L072Z-LRWAN1 has no document id list !
2025-04-01 15:20:57,995 [WARN] DbBoards:127 - board B-L462E-CELL1 has no document id list !
2025-04-01 15:20:57,995 [WARN] DbBoards:127 - board B-L475E-IOT01A1 has no document id list !
2025-04-01 15:20:57,996 [WARN] DbBoards:127 - board B-L475E-IOT01A2 has no document id list !
2025-04-01 15:20:57,996 [WARN] DbBoards:127 - board B-L4S5I-IOT01A has no document id list !
2025-04-01 15:20:57,997 [WARN] DbBoards:127 - board NUCLEO-F030R8 has no document id list !
2025-04-01 15:20:57,997 [WARN] DbBoards:127 - board NUCLEO-F031K6 has no document id list !
2025-04-01 15:20:57,997 [WARN] DbBoards:127 - board NUCLEO-F042K6 has no document id list !
2025-04-01 15:20:57,998 [WARN] DbBoards:127 - board NUCLEO-F070RB has no document id list !
2025-04-01 15:20:57,998 [WARN] DbBoards:127 - board NUCLEO-F072RB has no document id list !
2025-04-01 15:20:57,998 [WARN] DbBoards:127 - board NUCLEO-F091RC has no document id list !
2025-04-01 15:20:57,998 [WARN] DbBoards:127 - board NUCLEO-F103RB has no document id list !
2025-04-01 15:20:57,999 [WARN] DbBoards:127 - board NUCLEO-F207ZG has no document id list !
2025-04-01 15:20:58,000 [WARN] DbBoards:127 - board NUCLEO-F302R8 has no document id list !
2025-04-01 15:20:58,001 [WARN] DbBoards:127 - board NUCLEO-F303K8 has no document id list !
2025-04-01 15:20:58,002 [WARN] DbBoards:127 - board NUCLEO-F303RE has no document id list !
2025-04-01 15:20:58,003 [WARN] DbBoards:127 - board NUCLEO-F303ZE has no document id list !
2025-04-01 15:20:58,003 [WARN] DbBoards:127 - board NUCLEO-F334R8 has no document id list !
2025-04-01 15:20:58,004 [WARN] DbBoards:127 - board NUCLEO-F401RE has no document id list !
2025-04-01 15:20:58,005 [WARN] DbBoards:127 - board NUCLEO-F410RB has no document id list !
2025-04-01 15:20:58,006 [WARN] DbBoards:127 - board NUCLEO-F411RE has no document id list !
2025-04-01 15:20:58,006 [WARN] DbBoards:127 - board NUCLEO-F412ZG has no document id list !
2025-04-01 15:20:58,007 [WARN] DbBoards:127 - board NUCLEO-F413ZH has no document id list !
2025-04-01 15:20:58,007 [WARN] DbBoards:127 - board NUCLEO-F429ZI has no document id list !
2025-04-01 15:20:58,008 [WARN] DbBoards:127 - board NUCLEO-F439ZI has no document id list !
2025-04-01 15:20:58,008 [WARN] DbBoards:127 - board NUCLEO-F446RE has no document id list !
2025-04-01 15:20:58,009 [WARN] DbBoards:127 - board NUCLEO-F446ZE has no document id list !
2025-04-01 15:20:58,010 [WARN] DbBoards:127 - board NUCLEO-F722ZE has no document id list !
2025-04-01 15:20:58,010 [WARN] DbBoards:127 - board NUCLEO-F746ZG has no document id list !
2025-04-01 15:20:58,011 [WARN] DbBoards:127 - board NUCLEO-F767ZI has no document id list !
2025-04-01 15:20:58,012 [WARN] DbBoards:127 - board NUCLEO-G031K8 has no document id list !
2025-04-01 15:20:58,013 [WARN] DbBoards:127 - board NUCLEO-G070RB has no document id list !
2025-04-01 15:20:58,013 [WARN] DbBoards:127 - board NUCLEO-G071RB has no document id list !
2025-04-01 15:20:58,014 [WARN] DbBoards:127 - board NUCLEO-G431KB has no document id list !
2025-04-01 15:20:58,015 [WARN] DbBoards:127 - board NUCLEO-G431RB has no document id list !
2025-04-01 15:20:58,015 [WARN] DbBoards:127 - board NUCLEO-G474RE has no document id list !
2025-04-01 15:20:58,015 [WARN] DbBoards:127 - board NUCLEO-G491RE has no document id list !
2025-04-01 15:20:58,016 [WARN] DbBoards:127 - board NUCLEO-H723ZG has no document id list !
2025-04-01 15:20:58,016 [WARN] DbBoards:127 - board NUCLEO-H743ZI has no document id list !
2025-04-01 15:20:58,018 [WARN] DbBoards:127 - board NUCLEO-H743ZI2 has no document id list !
2025-04-01 15:20:58,018 [WARN] DbBoards:127 - board NUCLEO-H745ZI-Q has no document id list !
2025-04-01 15:20:58,018 [WARN] DbBoards:127 - board NUCLEO-H753ZI has no document id list !
2025-04-01 15:20:58,019 [WARN] DbBoards:127 - board NUCLEO-H755ZI-Q has no document id list !
2025-04-01 15:20:58,019 [WARN] DbBoards:127 - board NUCLEO-H7A3ZI-Q has no document id list !
2025-04-01 15:20:58,020 [WARN] DbBoards:127 - board NUCLEO-L010RB has no document id list !
2025-04-01 15:20:58,020 [WARN] DbBoards:127 - board NUCLEO-L011K4 has no document id list !
2025-04-01 15:20:58,020 [WARN] DbBoards:127 - board NUCLEO-L031K6 has no document id list !
2025-04-01 15:20:58,021 [WARN] DbBoards:127 - board NUCLEO-L053R8 has no document id list !
2025-04-01 15:20:58,021 [WARN] DbBoards:127 - board NUCLEO-L073RZ has no document id list !
2025-04-01 15:20:58,022 [WARN] DbBoards:127 - board NUCLEO-L152RE has no document id list !
2025-04-01 15:20:58,022 [WARN] DbBoards:127 - board NUCLEO-L412KB has no document id list !
2025-04-01 15:20:58,022 [WARN] DbBoards:127 - board NUCLEO-L412RB-P has no document id list !
2025-04-01 15:20:58,023 [WARN] DbBoards:127 - board NUCLEO-L432KC has no document id list !
2025-04-01 15:20:58,023 [WARN] DbBoards:127 - board NUCLEO-L433RC-P has no document id list !
2025-04-01 15:20:58,024 [WARN] DbBoards:127 - board NUCLEO-L452RE has no document id list !
2025-04-01 15:20:58,024 [WARN] DbBoards:127 - board NUCLEO-L452RE-P has no document id list !
2025-04-01 15:20:58,024 [WARN] DbBoards:127 - board NUCLEO-L476RG has no document id list !
2025-04-01 15:20:58,025 [WARN] DbBoards:127 - board NUCLEO-L496ZG has no document id list !
2025-04-01 15:20:58,025 [WARN] DbBoards:127 - board NUCLEO-L496ZG-P has no document id list !
2025-04-01 15:20:58,025 [WARN] DbBoards:127 - board NUCLEO-L4P5ZG has no document id list !
2025-04-01 15:20:58,025 [WARN] DbBoards:127 - board NUCLEO-L4R5ZI has no document id list !
2025-04-01 15:20:58,026 [WARN] DbBoards:127 - board NUCLEO-L4R5ZI-P has no document id list !
2025-04-01 15:20:58,026 [WARN] DbBoards:127 - board NUCLEO-L552ZE-Q has no document id list !
2025-04-01 15:20:58,026 [WARN] DbBoards:127 - board NUCLEO-WB55RG has no document id list !
2025-04-01 15:20:58,027 [WARN] DbBoards:127 - board P-NUCLEO-WB55 has no document id list !
2025-04-01 15:20:58,027 [WARN] DbBoards:127 - board P-NUCLEO-WB55-Nucleo has no document id list !
2025-04-01 15:20:58,027 [WARN] DbBoards:127 - board P-NUCLEO-WB55-USBDongle has no document id list !
2025-04-01 15:20:58,028 [WARN] DbBoards:127 - board STEVAL-BFA001V1B has no document id list !
2025-04-01 15:20:58,028 [WARN] DbBoards:127 - board STEVAL-BFA001V2B has no document id list !
2025-04-01 15:20:58,030 [WARN] DbBoards:127 - board STEVAL-IDP005V1 has no document id list !
2025-04-01 15:20:58,030 [WARN] DbBoards:127 - board STEVAL-IDP005V2 has no document id list !
2025-04-01 15:20:58,031 [WARN] DbBoards:127 - board STEVAL-MKSBOX1V1 has no document id list !
2025-04-01 15:20:58,031 [WARN] DbBoards:127 - board STEVAL-STWINKT1 has no document id list !
2025-04-01 15:20:58,032 [WARN] DbBoards:127 - board STM32072B-EVAL has no document id list !
2025-04-01 15:20:58,032 [WARN] DbBoards:127 - board STM32091C-EVAL has no document id list !
2025-04-01 15:20:58,033 [WARN] DbBoards:127 - board STM32100E-EVAL has no document id list !
2025-04-01 15:20:58,033 [WARN] DbBoards:127 - board STM3210C-EVAL has no document id list !
2025-04-01 15:20:58,034 [WARN] DbBoards:127 - board STM3210E-EVAL has no document id list !
2025-04-01 15:20:58,034 [WARN] DbBoards:127 - board STM3220G-EVAL has no document id list !
2025-04-01 15:20:58,035 [WARN] DbBoards:127 - board STM3221G-EVAL has no document id list !
2025-04-01 15:20:58,035 [WARN] DbBoards:127 - board STM32303C-EVAL has no document id list !
2025-04-01 15:20:58,036 [WARN] DbBoards:127 - board STM32303E-EVAL has no document id list !
2025-04-01 15:20:58,036 [WARN] DbBoards:127 - board STM32373C-EVAL has no document id list !
2025-04-01 15:20:58,037 [WARN] DbBoards:127 - board STM3240G-EVAL has no document id list !
2025-04-01 15:20:58,037 [WARN] DbBoards:127 - board STM3241G-EVAL has no document id list !
2025-04-01 15:20:58,037 [WARN] DbBoards:127 - board STM32429I-EVAL1 has no document id list !
2025-04-01 15:20:58,037 [WARN] DbBoards:127 - board STM32439I-EVAL2 has no document id list !
2025-04-01 15:20:58,037 [WARN] DbBoards:127 - board STM32446E-EVAL has no document id list !
2025-04-01 15:20:58,038 [WARN] DbBoards:127 - board STM32469I-EVAL has no document id list !
2025-04-01 15:20:58,038 [WARN] DbBoards:127 - board STM32479I-EVAL has no document id list !
2025-04-01 15:20:58,038 [WARN] DbBoards:127 - board STM32746G-EVAL2 has no document id list !
2025-04-01 15:20:58,039 [WARN] DbBoards:127 - board STM32756G-EVAL2 has no document id list !
2025-04-01 15:20:58,039 [WARN] DbBoards:127 - board STM32F0308-DISCO has no document id list !
2025-04-01 15:20:58,040 [WARN] DbBoards:127 - board STM32F072B-DISCO has no document id list !
2025-04-01 15:20:58,040 [WARN] DbBoards:127 - board STM32F0DISCOVERY has no document id list !
2025-04-01 15:20:58,040 [WARN] DbBoards:127 - board STM32F3348-DISCO has no document id list !
2025-04-01 15:20:58,040 [WARN] DbBoards:127 - board STM32F3DISCOVERY has no document id list !
2025-04-01 15:20:58,042 [WARN] DbBoards:127 - board STM32F401C-DISCO has no document id list !
2025-04-01 15:20:58,042 [WARN] DbBoards:127 - board STM32F407G-DISC1 has no document id list !
2025-04-01 15:20:58,042 [WARN] DbBoards:127 - board STM32F411E-DISCO has no document id list !
2025-04-01 15:20:58,043 [WARN] DbBoards:127 - board STM32F412G-DISCO has no document id list !
2025-04-01 15:20:58,043 [WARN] DbBoards:127 - board STM32F413H-DISCO has no document id list !
2025-04-01 15:20:58,043 [WARN] DbBoards:127 - board STM32F429I-DISC1 has no document id list !
2025-04-01 15:20:58,044 [WARN] DbBoards:127 - board STM32F469I-DISCO has no document id list !
2025-04-01 15:20:58,044 [WARN] DbBoards:127 - board STM32F723E-DISCO has no document id list !
2025-04-01 15:20:58,044 [WARN] DbBoards:127 - board STM32F7308-DK has no document id list !
2025-04-01 15:20:58,044 [WARN] DbBoards:127 - board STM32F746G-DISCO has no document id list !
2025-04-01 15:20:58,045 [WARN] DbBoards:127 - board STM32F7508-DK has no document id list !
2025-04-01 15:20:58,046 [WARN] DbBoards:127 - board STM32F769I-DISC1 has no document id list !
2025-04-01 15:20:58,046 [WARN] DbBoards:127 - board STM32F769I-DISCO has no document id list !
2025-04-01 15:20:58,046 [WARN] DbBoards:127 - board STM32F769I-EVAL has no document id list !
2025-04-01 15:20:58,046 [WARN] DbBoards:127 - board STM32F779I-EVAL has no document id list !
2025-04-01 15:20:58,047 [WARN] DbBoards:127 - board STM32G0316-DISCO has no document id list !
2025-04-01 15:20:58,047 [WARN] DbBoards:127 - board STM32G071B-DISCO has no document id list !
2025-04-01 15:20:58,048 [WARN] DbBoards:127 - board STM32G081B-EVAL has no document id list !
2025-04-01 15:20:58,048 [WARN] DbBoards:127 - board STM32G474E-EVAL has no document id list !
2025-04-01 15:20:58,048 [WARN] DbBoards:127 - board STM32G474E-EVAL1 has no document id list !
2025-04-01 15:20:58,049 [WARN] DbBoards:127 - board STM32G484E-EVAL has no document id list !
2025-04-01 15:20:58,049 [WARN] DbBoards:127 - board STM32H735G-DK has no document id list !
2025-04-01 15:20:58,049 [WARN] DbBoards:127 - board STM32H743I-EVAL has no document id list !
2025-04-01 15:20:58,050 [WARN] DbBoards:127 - board STM32H743I-EVAL2 has no document id list !
2025-04-01 15:20:58,050 [WARN] DbBoards:127 - board STM32H745I-DISCO has no document id list !
2025-04-01 15:20:58,050 [WARN] DbBoards:127 - board STM32H747I-DISC1 has no document id list !
2025-04-01 15:20:58,051 [WARN] DbBoards:127 - board STM32H747I-DISCO has no document id list !
2025-04-01 15:20:58,051 [WARN] DbBoards:127 - board STM32H747I-EVAL has no document id list !
2025-04-01 15:20:58,052 [WARN] DbBoards:127 - board STM32H750B-DK has no document id list !
2025-04-01 15:20:58,052 [WARN] DbBoards:127 - board STM32H753I-EVAL has no document id list !
2025-04-01 15:20:58,052 [WARN] DbBoards:127 - board STM32H753I-EVAL2 has no document id list !
2025-04-01 15:20:58,052 [WARN] DbBoards:127 - board STM32H757I-EVAL has no document id list !
2025-04-01 15:20:58,053 [WARN] DbBoards:127 - board STM32H7B3I-DK has no document id list !
2025-04-01 15:20:58,053 [WARN] DbBoards:127 - board STM32H7B3I-EVAL has no document id list !
2025-04-01 15:20:58,053 [WARN] DbBoards:127 - board STM32L-DISCOVERY has no document id list !
2025-04-01 15:20:58,054 [WARN] DbBoards:127 - board STM32L0538-DISCO has no document id list !
2025-04-01 15:20:58,054 [WARN] DbBoards:127 - board STM32L073Z-EVAL has no document id list !
2025-04-01 15:20:58,054 [WARN] DbBoards:127 - board STM32L100C-DISCO has no document id list !
2025-04-01 15:20:58,055 [WARN] DbBoards:127 - board STM32L152C-DISCO has no document id list !
2025-04-01 15:20:58,055 [WARN] DbBoards:127 - board STM32L152D-EVAL has no document id list !
2025-04-01 15:20:58,055 [WARN] DbBoards:127 - board STM32L476G-DISCO has no document id list !
2025-04-01 15:20:58,056 [WARN] DbBoards:127 - board STM32L476G-EVAL has no document id list !
2025-04-01 15:20:58,056 [WARN] DbBoards:127 - board STM32L496G-DISCO has no document id list !
2025-04-01 15:20:58,056 [WARN] DbBoards:127 - board STM32L4P5G-DK has no document id list !
2025-04-01 15:20:58,057 [WARN] DbBoards:127 - board STM32L4R9I-DISCO has no document id list !
2025-04-01 15:20:58,057 [WARN] DbBoards:127 - board STM32L4R9I-EVAL has no document id list !
2025-04-01 15:20:58,057 [WARN] DbBoards:127 - board STM32L552E-EV has no document id list !
2025-04-01 15:20:58,058 [WARN] DbBoards:127 - board STM32L562E-DK has no document id list !
2025-04-01 15:20:58,058 [WARN] DbBoards:127 - board STM32MP157A-DK1 has no document id list !
2025-04-01 15:20:58,058 [WARN] DbBoards:127 - board STM32MP157A-EV1 has no document id list !
2025-04-01 15:20:58,059 [WARN] DbBoards:127 - board STM32MP157C-DK2 has no document id list !
2025-04-01 15:20:58,059 [WARN] DbBoards:127 - board STM32MP157C-EV1 has no document id list !
2025-04-01 15:20:58,059 [WARN] DbBoards:127 - board STM32MP157F-EV1 has no document id list !
2025-04-01 15:20:58,059 [WARN] DbBoards:127 - board STM32VLDISCOVERY has no document id list !
2025-04-01 15:20:58,772 [ERROR] DbBoards:192 - No image file URL for board B-L462E-CELL1
2025-04-01 15:21:00,618 [WARN] MainUpdater:1087 - Updater busy. Cannot search thirdparties
2025-04-01 15:21:03,628 [WARN] MainUpdater:1087 - Updater busy. Cannot search thirdparties
2025-04-01 15:21:04,901 [INFO] ApiDb:201 - Load user favorites file C:\Users\HP/.stm32cubeide/favorites.boards.txt: 0 item(s)
2025-04-01 15:21:04,901 [INFO] ApiDb:205 - User favorites Boards=[]
2025-04-01 15:21:04,901 [INFO] DbBoards:206 - Set 0 / 0 favorites Boards
2025-04-01 15:21:05,081 [ERROR] DbBoardsDocs:83 - No boards documents found !
2025-04-01 15:21:05,084 [INFO] ApiDb:226 - Save user favorites file C:\Users\HP/.stm32cubeide/favorites.boards.txt: 0 item(s)
2025-04-01 15:21:05,084 [INFO] ApiDb:230 - User favorites Boards=[]
2025-04-01 15:21:05,089 [INFO] DbBoardsPdsc:94 - Found 23 items
2025-04-01 15:21:05,097 [INFO] DbBoardsPdsc:94 - Found 9 items
2025-04-01 15:21:05,103 [INFO] DbBoardsPdsc:94 - Found 29 items
2025-04-01 15:21:05,107 [INFO] DbBoardsPdsc:94 - Found 1 items
2025-04-01 15:21:05,116 [INFO] DbBoardsPdsc:94 - Found 44 items
2025-04-01 15:21:05,133 [INFO] DbBoardsPdsc:94 - Found 40 items
2025-04-01 15:21:05,136 [INFO] DbBoardsPdsc:94 - Found 2 items
2025-04-01 15:21:05,138 [INFO] DbBoardsPdsc:94 - Found 4 items
2025-04-01 15:21:05,143 [WARN] DbBoardsPdsc:258 - Board STM32H7B3I-DK: unknown feature type=Audio, name=, username=Audio stereo codec with Headphone Amp (CS42L51-CNZ), n=1
2025-04-01 15:21:05,144 [WARN] DbBoardsPdsc:258 - Board STM32H735G-DK: unknown feature type=Audio, name=, username=Audio stereo codec with Headphone Amp (WM8994ECS/R), n=1
2025-04-01 15:21:05,147 [WARN] DbBoardsPdsc:258 - Board STM32H7B3I-EVAL: unknown feature type=Audio, name=, username=Multi-Channel Audio Codec (CS42L51-CNZ), n=1
2025-04-01 15:21:05,148 [WARN] DbBoardsPdsc:258 - Board STM32H7B3I-EVAL: unknown feature type=Meter, name=, username=Power-metering and Temperature-monitoring with sigma-delta modulators, n=1
2025-04-01 15:21:05,148 [WARN] DbBoardsPdsc:258 - Board STM32H7B3I-EVAL: unknown feature type=Motor, name=, username=Motor Control, n=1
2025-04-01 15:21:05,191 [INFO] DbBoardsJson:85 - JSON generation date=Tue Nov 16 18:17:54 EET 2021 (1637079474)
2025-04-01 15:21:05,211 [INFO] DbBoards:117 - Found 166 boards (149 are supported by CubeMX)
2025-04-01 15:21:05,214 [INFO] DbBoardsDocs:145 - JSON generation date=Tue Nov 16 18:17:54 EET 2021 (1637079474)
2025-04-01 15:21:05,233 [INFO] DbBoardsDocs:81 - Found 209 boards documents
2025-04-01 15:21:05,234 [WARN] DbBoards:127 - board B-L475E-IOT01A2 has no document id list !
2025-04-01 15:21:05,239 [WARN] DbBoards:127 - board NUCLEO-H743ZI has no document id list !
2025-04-01 15:21:05,245 [WARN] DbBoards:127 - board P-NUCLEO-WB55-Nucleo has no document id list !
2025-04-01 15:21:05,245 [WARN] DbBoards:127 - board P-NUCLEO-WB55-USBDongle has no document id list !
2025-04-01 15:21:05,245 [WARN] DbBoards:127 - board STEVAL-BFA001V1B has no document id list !
2025-04-01 15:21:05,248 [WARN] DbBoards:127 - board STEVAL-BFA001V2B has no document id list !
2025-04-01 15:21:05,248 [WARN] DbBoards:127 - board STEVAL-IDP005V1 has no document id list !
2025-04-01 15:21:05,248 [WARN] DbBoards:127 - board STEVAL-IDP005V2 has no document id list !
2025-04-01 15:21:05,249 [WARN] DbBoards:127 - board STEVAL-MKSBOX1V1 has no document id list !
2025-04-01 15:21:05,249 [WARN] DbBoards:127 - board STEVAL-STWINKT1 has no document id list !
2025-04-01 15:21:05,249 [WARN] DbBoards:127 - board STEVAL-STWINKT1B has no document id list !
2025-04-01 15:21:05,250 [WARN] DbBoards:127 - board STM32439I-EVAL2 has no document id list !
2025-04-01 15:21:05,250 [WARN] DbBoards:127 - board STM32F401C-DISCO has no document id list !
2025-04-01 15:21:05,250 [WARN] DbBoards:127 - board STM32F769I-DISC1 has no document id list !
2025-04-01 15:21:05,252 [WARN] DbBoards:127 - board STM32G474E-EVAL1 has no document id list !
2025-04-01 15:21:05,252 [WARN] DbBoards:127 - board STM32H743I-EVAL2 has no document id list !
2025-04-01 15:21:05,253 [WARN] DbBoards:127 - board STM32H747I-DISC1 has no document id list !
2025-04-01 15:21:05,253 [WARN] DbBoards:127 - board STM32H753I-EVAL2 has no document id list !
2025-04-01 15:21:05,253 [WARN] DbBoards:127 - board STM32L-DISCOVERY has no document id list !
2025-04-01 15:21:05,315 [ERROR] DbBoards:189 - Image file not found for board B-L462E-CELL1: E:\Embedded System\Unit3\Setup\STM32CubeIDE_1.4.0\STM32CubeIDE\plugins\com.st.stm32cube.common.mx_6.0.0.202007160824\\db\/plugins/mcufinder/images/boards/B-L462E-CELL1_small.jpg
2025-04-01 15:21:05,365 [ERROR] DbBoards:189 - Image file not found for board B-U585I-IOT02A: E:\Embedded System\Unit3\Setup\STM32CubeIDE_1.4.0\STM32CubeIDE\plugins\com.st.stm32cube.common.mx_6.0.0.202007160824\\db\/plugins/mcufinder/images/boards/B-U585I-IOT02A_small.jpg
2025-04-01 15:21:05,483 [ERROR] DbBoards:189 - Image file not found for board NUCLEO-F413ZH: E:\Embedded System\Unit3\Setup\STM32CubeIDE_1.4.0\STM32CubeIDE\plugins\com.st.stm32cube.common.mx_6.0.0.202007160824\\db\/plugins/mcufinder/images/boards/nucleo-f413zh_small.jpg
2025-04-01 15:21:05,757 [ERROR] DbBoards:189 - Image file not found for board NUCLEO-L552ZE-Q: E:\Embedded System\Unit3\Setup\STM32CubeIDE_1.4.0\STM32CubeIDE\plugins\com.st.stm32cube.common.mx_6.0.0.202007160824\\db\/plugins/mcufinder/images/boards/nucleo_l552ze_q_small.jpg
2025-04-01 15:21:05,758 [ERROR] DbBoards:189 - Image file not found for board NUCLEO-U575ZI-Q: E:\Embedded System\Unit3\Setup\STM32CubeIDE_1.4.0\STM32CubeIDE\plugins\com.st.stm32cube.common.mx_6.0.0.202007160824\\db\/plugins/mcufinder/images/boards/nucleo-u575zi-q_small.jpg
2025-04-01 15:21:05,758 [ERROR] DbBoards:189 - Image file not found for board NUCLEO-WB15CC: E:\Embedded System\Unit3\Setup\STM32CubeIDE_1.4.0\STM32CubeIDE\plugins\com.st.stm32cube.common.mx_6.0.0.202007160824\\db\/plugins/mcufinder/images/boards/nucleo-wb15cc_small.jpg
2025-04-01 15:21:05,758 [ERROR] DbBoards:189 - Image file not found for board NUCLEO-WB55RG: E:\Embedded System\Unit3\Setup\STM32CubeIDE_1.4.0\STM32CubeIDE\plugins\com.st.stm32cube.common.mx_6.0.0.202007160824\\db\/plugins/mcufinder/images/boards/nucleo-wb55rg_small.jpg
2025-04-01 15:21:05,758 [ERROR] DbBoards:189 - Image file not found for board NUCLEO-WL55JC: E:\Embedded System\Unit3\Setup\STM32CubeIDE_1.4.0\STM32CubeIDE\plugins\com.st.stm32cube.common.mx_6.0.0.202007160824\\db\/plugins/mcufinder/images/boards/nucleo-wl55jc-small.jpg
2025-04-01 15:21:05,936 [ERROR] DbBoards:189 - Image file not found for board STEVAL-STWINKT1B: E:\Embedded System\Unit3\Setup\STM32CubeIDE_1.4.0\STM32CubeIDE\plugins\com.st.stm32cube.common.mx_6.0.0.202007160824\\db\/plugins/mcufinder/images/boards/steval-stwinkt1b_small.jpg
2025-04-01 15:21:06,525 [ERROR] DbBoards:189 - Image file not found for board STM32G0C1E-EV: E:\Embedded System\Unit3\Setup\STM32CubeIDE_1.4.0\STM32CubeIDE\plugins\com.st.stm32cube.common.mx_6.0.0.202007160824\\db\/plugins/mcufinder/images/boards/stm32g0c1e-eval_small.jpg
2025-04-01 15:21:06,615 [ERROR] DbBoards:189 - Image file not found for board STM32H7B3I-EVAL: E:\Embedded System\Unit3\Setup\STM32CubeIDE_1.4.0\STM32CubeIDE\plugins\com.st.stm32cube.common.mx_6.0.0.202007160824\\db\/plugins/mcufinder/images/boards/stm32h7b3ieval_small.jpg
2025-04-01 15:21:06,635 [ERROR] IntegrityCheckThread:67 - Unexpected exception IntegrityCheckThread Thread:
2025-04-01 15:21:06,635 [ERROR] IntegrityCheckThread:70 - java.lang.Exception: Updater error
	at com.st.microxplorer.plugins.thirdparty.engine.IntegrityCheckThread.getUpdaterThirdPartyList(IntegrityCheckThread.java:296)
	at com.st.microxplorer.plugins.thirdparty.engine.IntegrityCheckThread.runProcess(IntegrityCheckThread.java:84)
	at com.st.microxplorer.plugins.thirdparty.engine.IntegrityCheckThread.run(IntegrityCheckThread.java:65)

2025-04-01 15:21:06,636 [INFO] ThirdPartyDb:299 - Save Third Party DataBase File (C:/Users/HP/.stm32cubemx/plugins/thirdparty/db/thirdparties_db.xml) [forced]
2025-04-01 15:21:06,865 [ERROR] DbBoards:189 - Image file not found for board STM32U575I-EV: E:\Embedded System\Unit3\Setup\STM32CubeIDE_1.4.0\STM32CubeIDE\plugins\com.st.stm32cube.common.mx_6.0.0.202007160824\\db\/plugins/mcufinder/images/boards/stm32u575i-ev_small.jpg
2025-04-01 15:21:06,909 [ERROR] DbBoards:189 - Image file not found for board STM32WB5MM-DK: E:\Embedded System\Unit3\Setup\STM32CubeIDE_1.4.0\STM32CubeIDE\plugins\com.st.stm32cube.common.mx_6.0.0.202007160824\\db\/plugins/mcufinder/images/boards/STM32WB5MM-DK_small.jpg
2025-04-01 15:21:06,910 [INFO] ApiDb:201 - Load user favorites file C:\Users\HP/.stm32cubeide/favorites.boards.txt: 0 item(s)
2025-04-01 15:21:06,910 [INFO] ApiDb:205 - User favorites Boards=[]
2025-04-01 15:21:06,911 [INFO] DbBoards:206 - Set 0 / 0 favorites Boards
2025-04-01 15:21:06,965 [INFO] IntegrityCheckThread:76 - exiting critical section [integrity check]
2025-04-01 15:21:06,965 [INFO] IntegrityCheckThread:79 - End integrity checks thread
2025-04-01 15:21:07,321 [ERROR] MultiScanPanel:793 - Unable to refresh data
2025-04-01 15:21:07,322 [INFO] McuFilterPanel:245 - Update 0 favorites MCUs
2025-04-01 15:21:14,190 [ERROR] ServerAccessManage:947 - Problem, file not found on Server
2025-04-01 15:21:19,148 [ERROR] ServerAccessManage:947 - Problem, file not found on Server
2025-04-01 15:21:25,140 [ERROR] ServerAccessManage:947 - Problem, file not found on Server
2025-04-01 15:21:43,197 [ERROR] ServerAccessManage:947 - Problem, file not found on Server
2025-04-01 15:21:50,699 [ERROR] ServerAccessManage:947 - Problem, file not found on Server
2025-04-01 15:22:00,404 [ERROR] ServerAccessManage:947 - Problem, file not found on Server
2025-04-01 15:22:05,587 [ERROR] ServerAccessManage:947 - Problem, file not found on Server
2025-04-01 15:22:14,135 [ERROR] ServerAccessManage:947 - Problem, file not found on Server
2025-04-01 15:22:20,024 [ERROR] ServerAccessManage:947 - Problem, file not found on Server
2025-04-01 15:22:25,284 [ERROR] ServerAccessManage:947 - Problem, file not found on Server
2025-04-01 15:22:31,239 [ERROR] ServerAccessManage:947 - Problem, file not found on Server
2025-04-01 15:22:40,020 [INFO] ServerAccessManage:348 - Download File STMicroelectronics.X-CUBE-AZRTOS-H7RS.pdsc
2025-04-01 15:23:05,584 [WARN] PopulateThirdPartyThread:96 - Error when creating pack: C:/Users/HP/.stm32cubemx/thirdparties/pdsc/STMicroelectronics.X-CUBE-DPOWER.pdsc
2025-04-01 15:23:05,721 [INFO] CheckServerUpdateThread:102 - End of CheckServer Thread
2025-04-01 15:23:05,816 [INFO] ThirdPartyDb:299 - Save Third Party DataBase File (C:/Users/HP/.stm32cubemx/plugins/thirdparty/db/thirdparties_db.xml) [forced]
2025-04-01 15:23:05,907 [INFO] PopulateThirdPartyThread:50 - Ending populate Thread
2025-04-01 15:23:05,908 [INFO] ThirdPartyDb:299 - Save Third Party DataBase File (C:/Users/HP/.stm32cubemx/plugins/thirdparty/db/thirdparties_db.xml) [forced]
2025-04-01 15:23:05,992 [INFO] Engine:289 - softwarePackList size : 63
2025-04-01 15:23:06,054 [INFO] Engine:301 - compute dependency for SwPack FP-ATR-ASTRA1 have been done, and update is requested
2025-04-01 15:23:06,125 [INFO] Engine:301 - compute dependency for SwPack FP-ATR-SIGFOX1 have been done, and update is requested
2025-04-01 15:23:06,161 [INFO] Engine:301 - compute dependency for SwPack X-CUBE-AI have been done, and update is requested
2025-04-01 15:23:06,195 [INFO] Engine:301 - compute dependency for SwPack X-CUBE-BLE1 have been done, and update is requested
2025-04-01 15:23:06,231 [INFO] Engine:301 - compute dependency for SwPack X-CUBE-BLE2 have been done, and update is requested
2025-04-01 15:23:06,320 [INFO] Engine:301 - compute dependency for SwPack X-CUBE-EEPRMA1 have been done, and update is requested
2025-04-01 15:23:06,381 [INFO] Engine:301 - compute dependency for SwPack X-CUBE-GNSS1 have been done, and update is requested
2025-04-01 15:23:06,431 [INFO] Engine:301 - compute dependency for SwPack X-CUBE-ISPU have been done, and update is requested
2025-04-01 15:23:08,404 [INFO] Engine:301 - compute dependency for SwPack X-CUBE-MEMS1 have been done, and update is requested
2025-04-01 15:23:08,467 [INFO] Engine:301 - compute dependency for SwPack X-CUBE-NFC4 have been done, and update is requested
2025-04-01 15:23:08,555 [INFO] Engine:301 - compute dependency for SwPack X-CUBE-NFC6 have been done, and update is requested
2025-04-01 15:23:08,627 [INFO] Engine:301 - compute dependency for SwPack X-CUBE-NFC7 have been done, and update is requested
2025-04-01 15:23:08,693 [INFO] Engine:301 - compute dependency for SwPack X-CUBE-SFXS2LP1 have been done, and update is requested
2025-04-01 15:23:08,736 [INFO] Engine:301 - compute dependency for SwPack X-CUBE-SAFEA1 have been done, and update is requested
2025-04-01 15:23:08,841 [INFO] Engine:301 - compute dependency for SwPack X-CUBE-SUBG2 have been done, and update is requested
2025-04-01 15:23:08,869 [INFO] Engine:305 - compute dependency for SwPack X-CUBE-TOUCHGFX have been done, no update is requested
2025-04-01 15:23:08,878 [INFO] Engine:301 - compute dependency for SwPack X-CUBE-ALGOBUILD have been done, and update is requested
2025-04-01 15:23:08,911 [INFO] Engine:301 - compute dependency for SwPack X-CUBE-AZRTOS-H7 have been done, and update is requested
2025-04-01 15:23:08,949 [INFO] Engine:301 - compute dependency for SwPack X-CUBE-AZRTOS-H7RS have been done, and update is requested
2025-04-01 15:23:08,982 [INFO] Engine:301 - compute dependency for SwPack X-CUBE-AZRTOS-F4 have been done, and update is requested
2025-04-01 15:23:09,007 [INFO] Engine:301 - compute dependency for SwPack X-CUBE-AZRTOS-F7 have been done, and update is requested
2025-04-01 15:23:09,031 [INFO] Engine:301 - compute dependency for SwPack X-CUBE-AZRTOS-L4 have been done, and update is requested
2025-04-01 15:23:09,042 [ERROR] DependencyParser:1297 - StateRcvOpen_Cte Bad Token : )
2025-04-01 15:23:09,042 [ERROR] DependencyParser:1297 - StateRcvOpen_Cte Bad Token : )
2025-04-01 15:23:09,042 [ERROR] DependencyParser:1297 - StateRcvOpen_Cte Bad Token : )
2025-04-01 15:23:09,042 [ERROR] DependencyParser:1297 - StateRcvOpen_Cte Bad Token : )
2025-04-01 15:23:09,042 [ERROR] DependencyParser:1297 - StateRcvOpen_Cte Bad Token : )
2025-04-01 15:23:09,042 [ERROR] DependencyParser:1297 - StateRcvOpen_Cte Bad Token : )
2025-04-01 15:23:09,042 [ERROR] DependencyParser:1297 - StateRcvOpen_Cte Bad Token : )
2025-04-01 15:23:09,043 [ERROR] DependencyParser:1297 - StateRcvOpen_Cte Bad Token : )
2025-04-01 15:23:09,043 [ERROR] DependencyParser:1297 - StateRcvOpen_Cte Bad Token : )
2025-04-01 15:23:09,043 [ERROR] DependencyParser:1297 - StateRcvOpen_Cte Bad Token : )
2025-04-01 15:23:09,043 [ERROR] DependencyParser:1297 - StateRcvOpen_Cte Bad Token : )
2025-04-01 15:23:09,043 [ERROR] DependencyParser:1297 - StateRcvOpen_Cte Bad Token : )
2025-04-01 15:23:09,043 [ERROR] DependencyParser:1297 - StateRcvOpen_Cte Bad Token : )
2025-04-01 15:23:09,043 [ERROR] DependencyParser:1297 - StateRcvOpen_Cte Bad Token : )
2025-04-01 15:23:09,043 [ERROR] DependencyParser:1297 - StateRcvOpen_Cte Bad Token : )
2025-04-01 15:23:09,043 [ERROR] DependencyParser:1297 - StateRcvOpen_Cte Bad Token : )
2025-04-01 15:23:09,043 [ERROR] DependencyParser:1297 - StateRcvOpen_Cte Bad Token : )
2025-04-01 15:23:09,043 [ERROR] DependencyParser:1297 - StateRcvOpen_Cte Bad Token : )
2025-04-01 15:23:09,043 [ERROR] DependencyParser:1297 - StateRcvOpen_Cte Bad Token : )
2025-04-01 15:23:09,043 [ERROR] DependencyParser:1297 - StateRcvOpen_Cte Bad Token : )
2025-04-01 15:23:09,043 [ERROR] DependencyParser:1297 - StateRcvOpen_Cte Bad Token : )
2025-04-01 15:23:09,043 [ERROR] DependencyParser:1297 - StateRcvOpen_Cte Bad Token : )
2025-04-01 15:23:09,044 [ERROR] DependencyParser:1297 - StateRcvOpen_Cte Bad Token : )
2025-04-01 15:23:09,044 [ERROR] DependencyParser:1297 - StateRcvOpen_Cte Bad Token : )
2025-04-01 15:23:09,044 [ERROR] DependencyParser:1297 - StateRcvOpen_Cte Bad Token : )
2025-04-01 15:23:09,044 [ERROR] DependencyParser:1297 - StateRcvOpen_Cte Bad Token : )
2025-04-01 15:23:09,044 [ERROR] DependencyParser:1297 - StateRcvOpen_Cte Bad Token : )
2025-04-01 15:23:09,044 [ERROR] DependencyParser:1297 - StateRcvOpen_Cte Bad Token : )
2025-04-01 15:23:09,044 [ERROR] DependencyParser:1297 - StateRcvOpen_Cte Bad Token : )
2025-04-01 15:23:09,044 [ERROR] DependencyParser:1297 - StateRcvOpen_Cte Bad Token : )
2025-04-01 15:23:09,044 [ERROR] DependencyParser:1297 - StateRcvOpen_Cte Bad Token : )
2025-04-01 15:23:09,044 [ERROR] DependencyParser:1297 - StateRcvOpen_Cte Bad Token : )
2025-04-01 15:23:09,044 [ERROR] DependencyParser:1297 - StateRcvOpen_Cte Bad Token : )
2025-04-01 15:23:09,044 [ERROR] DependencyParser:1297 - StateRcvOpen_Cte Bad Token : )
2025-04-01 15:23:09,044 [ERROR] DependencyParser:1297 - StateRcvOpen_Cte Bad Token : )
2025-04-01 15:23:09,045 [ERROR] DependencyParser:1297 - StateRcvOpen_Cte Bad Token : )
2025-04-01 15:23:09,045 [ERROR] DependencyParser:1297 - StateRcvOpen_Cte Bad Token : )
2025-04-01 15:23:09,045 [ERROR] DependencyParser:1297 - StateRcvOpen_Cte Bad Token : )
2025-04-01 15:23:09,045 [ERROR] DependencyParser:1297 - StateRcvOpen_Cte Bad Token : )
2025-04-01 15:23:09,045 [ERROR] DependencyParser:1297 - StateRcvOpen_Cte Bad Token : )
2025-04-01 15:23:09,045 [ERROR] DependencyParser:1297 - StateRcvOpen_Cte Bad Token : )
2025-04-01 15:23:09,045 [ERROR] DependencyParser:1297 - StateRcvOpen_Cte Bad Token : )
2025-04-01 15:23:09,045 [ERROR] DependencyParser:1297 - StateRcvOpen_Cte Bad Token : )
2025-04-01 15:23:09,045 [ERROR] DependencyParser:1297 - StateRcvOpen_Cte Bad Token : )
2025-04-01 15:23:09,045 [ERROR] DependencyParser:1297 - StateRcvOpen_Cte Bad Token : )
2025-04-01 15:23:09,045 [ERROR] DependencyParser:1297 - StateRcvOpen_Cte Bad Token : )
2025-04-01 15:23:09,045 [INFO] Engine:305 - compute dependency for SwPack X-CUBE-AZRTOS-L5 have been done, no update is requested
2025-04-01 15:23:09,054 [INFO] Engine:301 - compute dependency for SwPack X-CUBE-AZRTOS-G0 have been done, and update is requested
2025-04-01 15:23:09,073 [INFO] Engine:301 - compute dependency for SwPack X-CUBE-AZRTOS-G4 have been done, and update is requested
2025-04-01 15:23:09,092 [INFO] Engine:301 - compute dependency for SwPack X-CUBE-AZRTOS-WB have been done, and update is requested
2025-04-01 15:23:09,105 [INFO] Engine:301 - compute dependency for SwPack X-CUBE-AZRTOS-WL have been done, and update is requested
2025-04-01 15:23:09,116 [INFO] Engine:301 - compute dependency for SwPack I-CUBE-wolfSSL have been done, and update is requested
2025-04-01 15:23:09,127 [INFO] Engine:301 - compute dependency for SwPack I-CUBE-wolfMQTT have been done, and update is requested
2025-04-01 15:23:09,164 [INFO] Engine:301 - compute dependency for SwPack I-CUBE-wolfTPM have been done, and update is requested
2025-04-01 15:23:09,173 [INFO] Engine:301 - compute dependency for SwPack I-CUBE-wolfSSH have been done, and update is requested
2025-04-01 15:23:09,701 [INFO] Engine:301 - compute dependency for SwPack I-CUBE-embOS have been done, and update is requested
2025-04-01 15:23:09,719 [INFO] Engine:301 - compute dependency for SwPack I-Cube-SoM-uGOAL have been done, and update is requested
2025-04-01 15:23:09,749 [INFO] Engine:301 - compute dependency for SwPack I-CUBE-Cesium have been done, and update is requested
2025-04-01 15:23:09,776 [INFO] Engine:305 - compute dependency for SwPack FreeRTOS have been done, no update is requested
2025-04-01 15:23:09,776 [INFO] Engine:305 - compute dependency for SwPack lwIP have been done, no update is requested
2025-04-01 15:23:09,776 [INFO] Engine:305 - compute dependency for SwPack lwIP have been done, no update is requested
2025-04-01 15:23:09,776 [INFO] Engine:305 - compute dependency for SwPack MBEDTLS have been done, no update is requested
2025-04-01 15:23:09,777 [INFO] Engine:305 - compute dependency for SwPack MBEDTLS have been done, no update is requested
2025-04-01 15:23:09,777 [INFO] Engine:305 - compute dependency for SwPack PDM2PCM have been done, no update is requested
2025-04-01 15:23:09,777 [INFO] Engine:305 - compute dependency for SwPack PDM2PCM have been done, no update is requested
2025-04-01 15:23:09,777 [INFO] Engine:305 - compute dependency for SwPack PDM2PCM have been done, no update is requested
2025-04-01 15:23:09,781 [INFO] Engine:305 - compute dependency for SwPack USB_DEVICE have been done, no update is requested
2025-04-01 15:23:09,782 [INFO] Engine:305 - compute dependency for SwPack USB_DEVICE have been done, no update is requested
2025-04-01 15:23:09,782 [INFO] Engine:305 - compute dependency for SwPack USB_DEVICE have been done, no update is requested
2025-04-01 15:23:09,788 [INFO] Engine:305 - compute dependency for SwPack USB_HOST have been done, no update is requested
2025-04-01 15:23:09,788 [INFO] Engine:305 - compute dependency for SwPack USB_HOST have been done, no update is requested
2025-04-01 15:23:11,356 [INFO] Engine:301 - compute dependency for SwPack X-CUBE-MEMS1 have been done, and update is requested
2025-04-01 15:23:11,385 [INFO] Engine:301 - compute dependency for SwPack X-CUBE-AZRTOS-H7 have been done, and update is requested
2025-04-01 15:23:11,397 [INFO] Engine:301 - compute dependency for SwPack X-CUBE-AI have been done, and update is requested
2025-04-01 15:23:11,415 [INFO] Engine:301 - compute dependency for SwPack X-CUBE-GNSS1 have been done, and update is requested
2025-04-01 15:23:11,431 [INFO] Engine:301 - compute dependency for SwPack X-CUBE-ISPU have been done, and update is requested
2025-04-01 15:23:11,457 [INFO] Engine:301 - compute dependency for SwPack X-CUBE-NFC9 have been done, and update is requested
2025-04-01 15:23:11,484 [INFO] Engine:301 - compute dependency for SwPack X-CUBE-NFC10 have been done, and update is requested
2025-04-01 15:23:11,498 [INFO] Engine:305 - compute dependency for SwPack X-CUBE-TOUCHGFX have been done, no update is requested
2025-04-01 15:23:11,502 [INFO] Engine:301 - compute dependency for SwPack X-CUBE-WB05N have been done, and update is requested
2025-04-01 15:23:11,523 [INFO] Engine:301 - compute dependency for SwPack FP-ATR-ASTRA1 have been done, and update is requested
2025-04-01 15:23:11,539 [INFO] Engine:301 - compute dependency for SwPack X-CUBE-AI have been done, and update is requested
2025-04-01 15:23:11,553 [INFO] Engine:301 - compute dependency for SwPack X-CUBE-BLE1 have been done, and update is requested
2025-04-01 15:23:11,574 [INFO] Engine:301 - compute dependency for SwPack X-CUBE-GNSS1 have been done, and update is requested
2025-04-01 15:23:13,720 [INFO] Engine:301 - compute dependency for SwPack X-CUBE-MEMS1 have been done, and update is requested
2025-04-01 15:23:13,758 [INFO] Engine:305 - compute dependency for SwPack X-CUBE-TOUCHGFX have been done, no update is requested
2025-04-01 15:23:13,862 [INFO] Engine:301 - compute dependency for SwPack X-CUBE-AZRTOS-H7RS have been done, and update is requested
2025-04-01 15:23:13,880 [INFO] ThirdPartyDb:299 - Save Third Party DataBase File (C:/Users/HP/.stm32cubemx/plugins/thirdparty/db/thirdparties_db.xml) [forced]
2025-04-01 15:23:13,939 [INFO] LoadServerUpdatesThread:309 - End of LoadServerUpdate Thread
2025-04-01 15:35:43,794 [INFO] LogOutputStream:76 - [STDOUT_REDIRECT] withoutVersionV1.8.4
2025-04-01 15:35:43,846 [INFO] LogOutputStream:76 - [STDOUT_REDIRECT] withoutVersionV1.8.3
2025-04-01 15:35:43,846 [INFO] LogOutputStream:76 - [STDOUT_REDIRECT] withoutVersionV1.8.2
2025-04-01 15:35:43,847 [INFO] LogOutputStream:76 - [STDOUT_REDIRECT] withoutVersionV1.8.1
2025-04-01 15:35:43,847 [INFO] LogOutputStream:76 - [STDOUT_REDIRECT] withoutVersionV1.8.0
2025-04-01 15:37:11,654 [ERROR] LogOutputStream:74 - [STDERR_REDIRECT] [Fatal Error] :1:1: Premature end of file.
2025-04-01 15:37:11,655 [ERROR] LogOutputStream:74 - [STDERR_REDIRECT] 
2025-04-01 15:37:12,140 [ERROR] LogOutputStream:74 - [STDERR_REDIRECT] [Fatal Error] :1:1: Premature end of file.
2025-04-01 15:37:12,141 [ERROR] LogOutputStream:74 - [STDERR_REDIRECT] 
2025-04-01 15:37:12,903 [ERROR] LogOutputStream:74 - [STDERR_REDIRECT] [Fatal Error] :1:1: Premature end of file.
2025-04-01 15:37:12,903 [ERROR] LogOutputStream:74 - [STDERR_REDIRECT] 
2025-04-01 15:37:13,834 [ERROR] LogOutputStream:74 - [STDERR_REDIRECT] [Fatal Error] :1:1: Premature end of file.
2025-04-01 15:37:13,834 [ERROR] LogOutputStream:74 - [STDERR_REDIRECT] 
2025-04-01 15:37:14,469 [ERROR] LogOutputStream:74 - [STDERR_REDIRECT] [Fatal Error] :1:1: Premature end of file.
2025-04-01 15:37:14,469 [ERROR] LogOutputStream:74 - [STDERR_REDIRECT] 
2025-04-01 15:37:15,250 [ERROR] LogOutputStream:74 - [STDERR_REDIRECT] [Fatal Error] :1:1: Premature end of file.
2025-04-01 15:37:15,250 [ERROR] LogOutputStream:74 - [STDERR_REDIRECT] 
2025-04-01 15:37:16,162 [ERROR] LogOutputStream:74 - [STDERR_REDIRECT] [Fatal Error] :1:1: Premature end of file.
2025-04-01 15:37:16,163 [ERROR] LogOutputStream:74 - [STDERR_REDIRECT] 
2025-04-01 15:37:17,047 [ERROR] LogOutputStream:74 - [STDERR_REDIRECT] [Fatal Error] :1:1: Premature end of file.
2025-04-01 15:37:17,047 [ERROR] LogOutputStream:74 - [STDERR_REDIRECT] 
2025-04-01 15:37:17,227 [INFO] ApiDb:226 - Save user favorites file C:\Users\HP/.stm32cubeide/favorites.mcus.txt: 0 item(s)
2025-04-01 15:37:17,227 [INFO] ApiDb:230 - User favorites MCUs=[]
2025-04-01 15:38:04,575 [ERROR] LogOutputStream:74 - [STDERR_REDIRECT] [Fatal Error] :1:1: Premature end of file.
2025-04-01 15:38:04,575 [ERROR] LogOutputStream:74 - [STDERR_REDIRECT] 
2025-04-01 15:38:05,341 [ERROR] LogOutputStream:74 - [STDERR_REDIRECT] [Fatal Error] :1:1: Premature end of file.
2025-04-01 15:38:05,341 [ERROR] LogOutputStream:74 - [STDERR_REDIRECT] 
2025-04-01 15:38:06,241 [ERROR] LogOutputStream:74 - [STDERR_REDIRECT] [Fatal Error] :1:1: Premature end of file.
2025-04-01 15:38:06,242 [ERROR] LogOutputStream:74 - [STDERR_REDIRECT] 
2025-04-01 16:16:50,428 [ERROR] LogOutputStream:74 - [STDERR_REDIRECT] [Fatal Error] :1:1: Premature end of file.
2025-04-01 16:16:50,429 [ERROR] LogOutputStream:74 - [STDERR_REDIRECT] 
2025-04-01 16:16:51,149 [ERROR] LogOutputStream:74 - [STDERR_REDIRECT] [Fatal Error] :1:1: Premature end of file.
2025-04-01 16:16:51,149 [ERROR] LogOutputStream:74 - [STDERR_REDIRECT] 
2025-04-01 16:16:52,176 [ERROR] LogOutputStream:74 - [STDERR_REDIRECT] [Fatal Error] :1:1: Premature end of file.
2025-04-01 16:16:52,290 [ERROR] LogOutputStream:74 - [STDERR_REDIRECT] 
2025-05-24 19:40:07,433 [INFO] Activator:178 - 


2025-05-24 19:40:07,470 [INFO] Activator:179 - !SESSION log4j initialized
2025-05-24 19:40:21,912 [ERROR] LogOutputStream:74 - [STDERR_REDIRECT] [Fatal Error] :1:1: Premature end of file.
2025-05-24 19:40:21,916 [ERROR] LogOutputStream:74 - [STDERR_REDIRECT] 
2025-05-24 19:40:22,475 [ERROR] LogOutputStream:74 - [STDERR_REDIRECT] [Fatal Error] :1:1: Premature end of file.
2025-05-24 19:40:22,475 [ERROR] LogOutputStream:74 - [STDERR_REDIRECT] 
2025-05-24 19:40:22,915 [ERROR] LogOutputStream:74 - [STDERR_REDIRECT] [Fatal Error] :1:1: Premature end of file.
2025-05-24 19:40:22,915 [ERROR] LogOutputStream:74 - [STDERR_REDIRECT] 
2025-05-24 19:41:25,644 [INFO] Activator:178 - 


2025-05-24 19:41:25,694 [INFO] Activator:179 - !SESSION log4j initialized
2025-05-24 19:41:47,607 [ERROR] LogOutputStream:74 - [STDERR_REDIRECT] [Fatal Error] :1:1: Premature end of file.
2025-05-24 19:41:47,614 [ERROR] LogOutputStream:74 - [STDERR_REDIRECT] 
2025-05-24 19:41:47,699 [ERROR] LogOutputStream:74 - [STDERR_REDIRECT] [Fatal Error] :1:1: Premature end of file.
2025-05-24 19:41:47,699 [ERROR] LogOutputStream:74 - [STDERR_REDIRECT] 
2025-05-24 19:41:47,775 [ERROR] LogOutputStream:74 - [STDERR_REDIRECT] [Fatal Error] :1:1: Premature end of file.
2025-05-24 19:41:47,775 [ERROR] LogOutputStream:74 - [STDERR_REDIRECT] 
2025-05-24 19:41:57,541 [ERROR] LogOutputStream:74 - [STDERR_REDIRECT] [Fatal Error] :1:1: Premature end of file.
2025-05-24 19:41:57,541 [ERROR] LogOutputStream:74 - [STDERR_REDIRECT] 
2025-05-24 19:41:57,649 [ERROR] LogOutputStream:74 - [STDERR_REDIRECT] [Fatal Error] :1:1: Premature end of file.
2025-05-24 19:41:57,651 [ERROR] LogOutputStream:74 - [STDERR_REDIRECT] 
2025-05-24 19:41:57,739 [ERROR] LogOutputStream:74 - [STDERR_REDIRECT] [Fatal Error] :1:1: Premature end of file.
2025-05-24 19:41:57,739 [ERROR] LogOutputStream:74 - [STDERR_REDIRECT] 
2025-05-24 19:41:57,859 [ERROR] LogOutputStream:74 - [STDERR_REDIRECT] [Fatal Error] :1:1: Premature end of file.
2025-05-24 19:41:57,859 [ERROR] LogOutputStream:74 - [STDERR_REDIRECT] 
2025-05-24 19:41:57,964 [ERROR] LogOutputStream:74 - [STDERR_REDIRECT] [Fatal Error] :1:1: Premature end of file.
2025-05-24 19:41:57,964 [ERROR] LogOutputStream:74 - [STDERR_REDIRECT] 
2025-05-24 19:41:58,218 [ERROR] LogOutputStream:74 - [STDERR_REDIRECT] [Fatal Error] :1:1: Premature end of file.
2025-05-24 19:41:58,218 [ERROR] LogOutputStream:74 - [STDERR_REDIRECT] 
2025-05-24 19:41:58,389 [ERROR] LogOutputStream:74 - [STDERR_REDIRECT] [Fatal Error] :1:1: Premature end of file.
2025-05-24 19:41:58,393 [ERROR] LogOutputStream:74 - [STDERR_REDIRECT] 
2025-05-24 19:41:58,739 [ERROR] LogOutputStream:74 - [STDERR_REDIRECT] [Fatal Error] :1:1: Premature end of file.
2025-05-24 19:41:58,741 [ERROR] LogOutputStream:74 - [STDERR_REDIRECT] 
2025-05-24 19:41:59,195 [ERROR] LogOutputStream:74 - [STDERR_REDIRECT] [Fatal Error] :1:1: Premature end of file.
2025-05-24 19:41:59,200 [ERROR] LogOutputStream:74 - [STDERR_REDIRECT] 
2025-05-24 19:41:59,419 [ERROR] LogOutputStream:74 - [STDERR_REDIRECT] [Fatal Error] :1:1: Premature end of file.
2025-05-24 19:41:59,419 [ERROR] LogOutputStream:74 - [STDERR_REDIRECT] 
2025-05-24 19:41:59,609 [ERROR] LogOutputStream:74 - [STDERR_REDIRECT] [Fatal Error] :1:1: Premature end of file.
2025-05-24 19:41:59,780 [ERROR] LogOutputStream:74 - [STDERR_REDIRECT] 
2025-05-24 19:41:59,969 [ERROR] LogOutputStream:74 - [STDERR_REDIRECT] [Fatal Error] :1:1: Premature end of file.
2025-05-24 19:41:59,969 [ERROR] LogOutputStream:74 - [STDERR_REDIRECT] 
2025-05-24 19:46:46,258 [INFO] Activator:178 - 


2025-05-24 19:46:46,296 [INFO] Activator:179 - !SESSION log4j initialized
2025-05-24 20:25:26,538 [ERROR] LogOutputStream:74 - [STDERR_REDIRECT] [Fatal Error] :1:1: Premature end of file.
2025-05-24 20:25:26,554 [ERROR] LogOutputStream:74 - [STDERR_REDIRECT] 
2025-05-24 20:25:26,634 [ERROR] LogOutputStream:74 - [STDERR_REDIRECT] [Fatal Error] :1:1: Premature end of file.
2025-05-24 20:25:26,634 [ERROR] LogOutputStream:74 - [STDERR_REDIRECT] 
2025-05-24 20:25:26,715 [ERROR] LogOutputStream:74 - [STDERR_REDIRECT] [Fatal Error] :1:1: Premature end of file.
2025-05-24 20:25:26,715 [ERROR] LogOutputStream:74 - [STDERR_REDIRECT] 
2025-05-24 20:25:26,781 [ERROR] LogOutputStream:74 - [STDERR_REDIRECT] [Fatal Error] :1:1: Premature end of file.
2025-05-24 20:25:26,781 [ERROR] LogOutputStream:74 - [STDERR_REDIRECT] 
2025-05-24 20:25:26,845 [ERROR] LogOutputStream:74 - [STDERR_REDIRECT] [Fatal Error] :1:1: Premature end of file.
2025-05-24 20:25:26,845 [ERROR] LogOutputStream:74 - [STDERR_REDIRECT] 
2025-05-24 20:25:26,927 [ERROR] LogOutputStream:74 - [STDERR_REDIRECT] [Fatal Error] :1:1: Premature end of file.
2025-05-24 20:25:26,927 [ERROR] LogOutputStream:74 - [STDERR_REDIRECT] 
2025-05-24 20:25:26,993 [ERROR] LogOutputStream:74 - [STDERR_REDIRECT] [Fatal Error] :1:1: Premature end of file.
2025-05-24 20:25:26,993 [ERROR] LogOutputStream:74 - [STDERR_REDIRECT] 
2025-05-24 20:25:27,070 [ERROR] LogOutputStream:74 - [STDERR_REDIRECT] [Fatal Error] :1:1: Premature end of file.
2025-05-24 20:25:27,071 [ERROR] LogOutputStream:74 - [STDERR_REDIRECT] 
2025-05-24 20:25:27,152 [ERROR] LogOutputStream:74 - [STDERR_REDIRECT] [Fatal Error] :1:1: Premature end of file.
2025-05-24 20:25:27,152 [ERROR] LogOutputStream:74 - [STDERR_REDIRECT] 
2025-05-24 20:25:27,215 [ERROR] LogOutputStream:74 - [STDERR_REDIRECT] [Fatal Error] :1:1: Premature end of file.
2025-05-24 20:25:27,226 [ERROR] LogOutputStream:74 - [STDERR_REDIRECT] 
2025-05-24 20:25:27,297 [ERROR] LogOutputStream:74 - [STDERR_REDIRECT] [Fatal Error] :1:1: Premature end of file.
2025-05-24 20:25:27,299 [ERROR] LogOutputStream:74 - [STDERR_REDIRECT] 
2025-05-24 20:25:27,361 [ERROR] LogOutputStream:74 - [STDERR_REDIRECT] [Fatal Error] :1:1: Premature end of file.
2025-05-24 20:25:27,491 [ERROR] LogOutputStream:74 - [STDERR_REDIRECT] 
2025-05-24 21:49:22,695 [INFO] Activator:178 - 


2025-05-24 21:49:22,735 [INFO] Activator:179 - !SESSION log4j initialized
2025-05-24 21:49:42,055 [ERROR] LogOutputStream:74 - [STDERR_REDIRECT] [Fatal Error] :1:1: Premature end of file.
2025-05-24 21:49:42,055 [ERROR] LogOutputStream:74 - [STDERR_REDIRECT] 
2025-05-24 21:49:42,152 [ERROR] LogOutputStream:74 - [STDERR_REDIRECT] [Fatal Error] :1:1: Premature end of file.
2025-05-24 21:49:42,152 [ERROR] LogOutputStream:74 - [STDERR_REDIRECT] 
2025-05-24 21:49:42,241 [ERROR] LogOutputStream:74 - [STDERR_REDIRECT] [Fatal Error] :1:1: Premature end of file.
2025-05-24 21:49:42,244 [ERROR] LogOutputStream:74 - [STDERR_REDIRECT] 
2025-05-24 21:58:23,692 [ERROR] LogOutputStream:74 - [STDERR_REDIRECT] [Fatal Error] :1:1: Premature end of file.
2025-05-24 21:58:23,707 [ERROR] LogOutputStream:74 - [STDERR_REDIRECT] 
2025-05-24 21:58:23,794 [ERROR] LogOutputStream:74 - [STDERR_REDIRECT] [Fatal Error] :1:1: Premature end of file.
2025-05-24 21:58:23,796 [ERROR] LogOutputStream:74 - [STDERR_REDIRECT] 
2025-05-24 21:58:23,877 [ERROR] LogOutputStream:74 - [STDERR_REDIRECT] [Fatal Error] :1:1: Premature end of file.
2025-05-24 21:58:23,879 [ERROR] LogOutputStream:74 - [STDERR_REDIRECT] 
2025-05-24 21:58:23,961 [ERROR] LogOutputStream:74 - [STDERR_REDIRECT] [Fatal Error] :1:1: Premature end of file.
2025-05-24 21:58:23,963 [ERROR] LogOutputStream:74 - [STDERR_REDIRECT] 
2025-05-24 21:58:24,108 [ERROR] LogOutputStream:74 - [STDERR_REDIRECT] [Fatal Error] :1:1: Premature end of file.
2025-05-24 21:58:24,110 [ERROR] LogOutputStream:74 - [STDERR_REDIRECT] 
2025-05-24 21:58:24,192 [ERROR] LogOutputStream:74 - [STDERR_REDIRECT] [Fatal Error] :1:1: Premature end of file.
2025-05-24 21:58:24,194 [ERROR] LogOutputStream:74 - [STDERR_REDIRECT] 
2025-05-24 21:58:24,273 [ERROR] LogOutputStream:74 - [STDERR_REDIRECT] [Fatal Error] :1:1: Premature end of file.
2025-05-24 21:58:24,275 [ERROR] LogOutputStream:74 - [STDERR_REDIRECT] 
2025-05-24 21:58:24,353 [ERROR] LogOutputStream:74 - [STDERR_REDIRECT] [Fatal Error] :1:1: Premature end of file.
2025-05-24 21:58:24,355 [ERROR] LogOutputStream:74 - [STDERR_REDIRECT] 
2025-05-24 21:58:24,434 [ERROR] LogOutputStream:74 - [STDERR_REDIRECT] [Fatal Error] :1:1: Premature end of file.
2025-05-24 21:58:24,435 [ERROR] LogOutputStream:74 - [STDERR_REDIRECT] 
2025-05-24 21:58:24,520 [ERROR] LogOutputStream:74 - [STDERR_REDIRECT] [Fatal Error] :1:1: Premature end of file.
2025-05-24 21:58:24,523 [ERROR] LogOutputStream:74 - [STDERR_REDIRECT] 
2025-05-24 21:58:24,624 [ERROR] LogOutputStream:74 - [STDERR_REDIRECT] [Fatal Error] :1:1: Premature end of file.
2025-05-24 21:58:24,627 [ERROR] LogOutputStream:74 - [STDERR_REDIRECT] 
2025-05-24 21:58:24,710 [ERROR] LogOutputStream:74 - [STDERR_REDIRECT] [Fatal Error] :1:1: Premature end of file.
2025-05-24 21:58:24,712 [ERROR] LogOutputStream:74 - [STDERR_REDIRECT] 
2025-05-24 22:16:15,517 [INFO] Activator:178 - 


2025-05-24 22:16:15,573 [INFO] Activator:179 - !SESSION log4j initialized
2025-05-24 22:16:36,009 [ERROR] LogOutputStream:74 - [STDERR_REDIRECT] [Fatal Error] :1:1: Premature end of file.
2025-05-24 22:16:36,009 [ERROR] LogOutputStream:74 - [STDERR_REDIRECT] 
2025-05-24 22:16:36,206 [ERROR] LogOutputStream:74 - [STDERR_REDIRECT] [Fatal Error] :1:1: Premature end of file.
2025-05-24 22:16:36,206 [ERROR] LogOutputStream:74 - [STDERR_REDIRECT] 
2025-05-24 22:16:36,418 [ERROR] LogOutputStream:74 - [STDERR_REDIRECT] [Fatal Error] :1:1: Premature end of file.
2025-05-24 22:16:36,423 [ERROR] LogOutputStream:74 - [STDERR_REDIRECT] 
2025-05-24 22:38:37,090 [INFO] Activator:178 - 


2025-05-24 22:38:37,125 [INFO] Activator:179 - !SESSION log4j initialized
2025-05-24 22:38:49,418 [ERROR] LogOutputStream:74 - [STDERR_REDIRECT] [Fatal Error] :1:1: Premature end of file.
2025-05-24 22:38:49,434 [ERROR] LogOutputStream:74 - [STDERR_REDIRECT] 
2025-05-24 22:38:49,512 [ERROR] LogOutputStream:74 - [STDERR_REDIRECT] [Fatal Error] :1:1: Premature end of file.
2025-05-24 22:38:49,512 [ERROR] LogOutputStream:74 - [STDERR_REDIRECT] 
2025-05-24 22:38:49,587 [ERROR] LogOutputStream:74 - [STDERR_REDIRECT] [Fatal Error] :1:1: Premature end of file.
2025-05-24 22:38:49,589 [ERROR] LogOutputStream:74 - [STDERR_REDIRECT] 
2025-05-25 02:09:01,165 [ERROR] LogOutputStream:74 - [STDERR_REDIRECT] [Fatal Error] :1:1: Premature end of file.
2025-05-25 02:09:01,195 [ERROR] LogOutputStream:74 - [STDERR_REDIRECT] 
2025-05-25 02:09:01,309 [ERROR] LogOutputStream:74 - [STDERR_REDIRECT] [Fatal Error] :1:1: Premature end of file.
2025-05-25 02:09:01,311 [ERROR] LogOutputStream:74 - [STDERR_REDIRECT] 
2025-05-25 02:09:01,377 [ERROR] LogOutputStream:74 - [STDERR_REDIRECT] [Fatal Error] :1:1: Premature end of file.
2025-05-25 02:09:01,377 [ERROR] LogOutputStream:74 - [STDERR_REDIRECT] 
2025-05-25 02:09:01,454 [ERROR] LogOutputStream:74 - [STDERR_REDIRECT] [Fatal Error] :1:1: Premature end of file.
2025-05-25 02:09:01,454 [ERROR] LogOutputStream:74 - [STDERR_REDIRECT] 
2025-05-25 02:09:01,515 [ERROR] LogOutputStream:74 - [STDERR_REDIRECT] [Fatal Error] :1:1: Premature end of file.
2025-05-25 02:09:01,515 [ERROR] LogOutputStream:74 - [STDERR_REDIRECT] 
2025-05-25 02:09:01,595 [ERROR] LogOutputStream:74 - [STDERR_REDIRECT] [Fatal Error] :1:1: Premature end of file.
2025-05-25 02:09:01,599 [ERROR] LogOutputStream:74 - [STDERR_REDIRECT] 
2025-05-25 02:09:01,659 [ERROR] LogOutputStream:74 - [STDERR_REDIRECT] [Fatal Error] :1:1: Premature end of file.
2025-05-25 02:09:01,874 [ERROR] LogOutputStream:74 - [STDERR_REDIRECT] 
2025-05-25 02:09:01,954 [ERROR] LogOutputStream:74 - [STDERR_REDIRECT] [Fatal Error] :1:1: Premature end of file.
2025-05-25 02:09:01,954 [ERROR] LogOutputStream:74 - [STDERR_REDIRECT] 
2025-05-25 02:09:02,017 [ERROR] LogOutputStream:74 - [STDERR_REDIRECT] [Fatal Error] :1:1: Premature end of file.
2025-05-25 02:09:02,017 [ERROR] LogOutputStream:74 - [STDERR_REDIRECT] 
2025-05-25 02:09:02,096 [ERROR] LogOutputStream:74 - [STDERR_REDIRECT] [Fatal Error] :1:1: Premature end of file.
2025-05-25 02:09:02,096 [ERROR] LogOutputStream:74 - [STDERR_REDIRECT] 
2025-05-25 02:09:02,170 [ERROR] LogOutputStream:74 - [STDERR_REDIRECT] [Fatal Error] :1:1: Premature end of file.
2025-05-25 02:09:02,172 [ERROR] LogOutputStream:74 - [STDERR_REDIRECT] 
2025-05-25 02:09:02,239 [ERROR] LogOutputStream:74 - [STDERR_REDIRECT] [Fatal Error] :1:1: Premature end of file.
2025-05-25 02:09:02,243 [ERROR] LogOutputStream:74 - [STDERR_REDIRECT] 
2025-05-25 02:10:49,923 [INFO] Activator:178 - 


2025-05-25 02:10:49,955 [INFO] Activator:179 - !SESSION log4j initialized
2025-05-25 02:11:06,544 [ERROR] LogOutputStream:74 - [STDERR_REDIRECT] [Fatal Error] :1:1: Premature end of file.
2025-05-25 02:11:06,544 [ERROR] LogOutputStream:74 - [STDERR_REDIRECT] 
2025-05-25 02:11:06,623 [ERROR] LogOutputStream:74 - [STDERR_REDIRECT] [Fatal Error] :1:1: Premature end of file.
2025-05-25 02:11:06,627 [ERROR] LogOutputStream:74 - [STDERR_REDIRECT] 
2025-05-25 02:11:06,697 [ERROR] LogOutputStream:74 - [STDERR_REDIRECT] [Fatal Error] :1:1: Premature end of file.
2025-05-25 02:11:06,697 [ERROR] LogOutputStream:74 - [STDERR_REDIRECT] 
2025-05-25 02:23:51,354 [ERROR] LogOutputStream:74 - [STDERR_REDIRECT] [Fatal Error] :1:1: Premature end of file.
2025-05-25 02:23:51,358 [ERROR] LogOutputStream:74 - [STDERR_REDIRECT] 
2025-05-25 02:23:51,435 [ERROR] LogOutputStream:74 - [STDERR_REDIRECT] [Fatal Error] :1:1: Premature end of file.
2025-05-25 02:23:51,435 [ERROR] LogOutputStream:74 - [STDERR_REDIRECT] 
2025-05-25 02:23:51,515 [ERROR] LogOutputStream:74 - [STDERR_REDIRECT] [Fatal Error] :1:1: Premature end of file.
2025-05-25 02:23:51,515 [ERROR] LogOutputStream:74 - [STDERR_REDIRECT] 
2025-05-25 02:23:51,596 [ERROR] LogOutputStream:74 - [STDERR_REDIRECT] [Fatal Error] :1:1: Premature end of file.
2025-05-25 02:23:51,611 [ERROR] LogOutputStream:74 - [STDERR_REDIRECT] 
2025-05-25 02:23:51,691 [ERROR] LogOutputStream:74 - [STDERR_REDIRECT] [Fatal Error] :1:1: Premature end of file.
2025-05-25 02:23:51,691 [ERROR] LogOutputStream:74 - [STDERR_REDIRECT] 
2025-05-25 02:23:51,772 [ERROR] LogOutputStream:74 - [STDERR_REDIRECT] [Fatal Error] :1:1: Premature end of file.
2025-05-25 02:23:51,772 [ERROR] LogOutputStream:74 - [STDERR_REDIRECT] 
2025-05-25 02:23:51,852 [ERROR] LogOutputStream:74 - [STDERR_REDIRECT] [Fatal Error] :1:1: Premature end of file.
2025-05-25 02:23:51,852 [ERROR] LogOutputStream:74 - [STDERR_REDIRECT] 
2025-05-25 02:23:51,949 [ERROR] LogOutputStream:74 - [STDERR_REDIRECT] [Fatal Error] :1:1: Premature end of file.
2025-05-25 02:23:51,949 [ERROR] LogOutputStream:74 - [STDERR_REDIRECT] 
2025-05-25 02:23:52,030 [ERROR] LogOutputStream:74 - [STDERR_REDIRECT] [Fatal Error] :1:1: Premature end of file.
2025-05-25 02:23:52,030 [ERROR] LogOutputStream:74 - [STDERR_REDIRECT] 
2025-05-25 02:23:52,115 [ERROR] LogOutputStream:74 - [STDERR_REDIRECT] [Fatal Error] :1:1: Premature end of file.
2025-05-25 02:23:52,117 [ERROR] LogOutputStream:74 - [STDERR_REDIRECT] 
2025-05-25 02:23:52,192 [ERROR] LogOutputStream:74 - [STDERR_REDIRECT] [Fatal Error] :1:1: Premature end of file.
2025-05-25 02:23:52,192 [ERROR] LogOutputStream:74 - [STDERR_REDIRECT] 
2025-05-25 02:23:52,256 [ERROR] LogOutputStream:74 - [STDERR_REDIRECT] [Fatal Error] :1:1: Premature end of file.
2025-05-25 02:23:52,272 [ERROR] LogOutputStream:74 - [STDERR_REDIRECT] 
2025-05-25 11:04:24,891 [INFO] Activator:178 - 


2025-05-25 11:04:24,967 [INFO] Activator:179 - !SESSION log4j initialized
2025-05-25 11:04:45,279 [ERROR] LogOutputStream:74 - [STDERR_REDIRECT] [Fatal Error] :1:1: Premature end of file.
2025-05-25 11:04:45,279 [ERROR] LogOutputStream:74 - [STDERR_REDIRECT] 
2025-05-25 11:04:45,367 [ERROR] LogOutputStream:74 - [STDERR_REDIRECT] [Fatal Error] :1:1: Premature end of file.
2025-05-25 11:04:45,367 [ERROR] LogOutputStream:74 - [STDERR_REDIRECT] 
2025-05-25 11:04:45,446 [ERROR] LogOutputStream:74 - [STDERR_REDIRECT] [Fatal Error] :1:1: Premature end of file.
2025-05-25 11:04:45,447 [ERROR] LogOutputStream:74 - [STDERR_REDIRECT] 
2025-05-25 12:31:11,718 [INFO] Activator:178 - 


2025-05-25 12:31:11,778 [INFO] Activator:179 - !SESSION log4j initialized
2025-05-25 12:31:35,688 [ERROR] LogOutputStream:74 - [STDERR_REDIRECT] [Fatal Error] :1:1: Premature end of file.
2025-05-25 12:31:35,693 [ERROR] LogOutputStream:74 - [STDERR_REDIRECT] 
2025-05-25 12:31:35,788 [ERROR] LogOutputStream:74 - [STDERR_REDIRECT] [Fatal Error] :1:1: Premature end of file.
2025-05-25 12:31:35,788 [ERROR] LogOutputStream:74 - [STDERR_REDIRECT] 
2025-05-25 12:31:35,875 [ERROR] LogOutputStream:74 - [STDERR_REDIRECT] [Fatal Error] :1:1: Premature end of file.
2025-05-25 12:31:35,875 [ERROR] LogOutputStream:74 - [STDERR_REDIRECT] 
2025-05-25 12:49:30,121 [INFO] Activator:178 - 


2025-05-25 12:49:30,164 [INFO] Activator:179 - !SESSION log4j initialized
2025-05-25 12:49:51,432 [ERROR] LogOutputStream:74 - [STDERR_REDIRECT] [Fatal Error] :1:1: Premature end of file.
2025-05-25 12:49:51,438 [ERROR] LogOutputStream:74 - [STDERR_REDIRECT] 
2025-05-25 12:49:51,532 [ERROR] LogOutputStream:74 - [STDERR_REDIRECT] [Fatal Error] :1:1: Premature end of file.
2025-05-25 12:49:51,532 [ERROR] LogOutputStream:74 - [STDERR_REDIRECT] 
2025-05-25 12:49:51,624 [ERROR] LogOutputStream:74 - [STDERR_REDIRECT] [Fatal Error] :1:1: Premature end of file.
2025-05-25 12:49:51,626 [ERROR] LogOutputStream:74 - [STDERR_REDIRECT] 
2025-05-25 13:21:44,195 [ERROR] LogOutputStream:74 - [STDERR_REDIRECT] [Fatal Error] :1:1: Premature end of file.
2025-05-25 13:21:44,198 [ERROR] LogOutputStream:74 - [STDERR_REDIRECT] 
2025-05-25 13:21:44,282 [ERROR] LogOutputStream:74 - [STDERR_REDIRECT] [Fatal Error] :1:1: Premature end of file.
2025-05-25 13:21:44,282 [ERROR] LogOutputStream:74 - [STDERR_REDIRECT] 
2025-05-25 13:21:44,371 [ERROR] LogOutputStream:74 - [STDERR_REDIRECT] [Fatal Error] :1:1: Premature end of file.
2025-05-25 13:21:44,375 [ERROR] LogOutputStream:74 - [STDERR_REDIRECT] 
2025-05-25 13:21:44,463 [ERROR] LogOutputStream:74 - [STDERR_REDIRECT] [Fatal Error] :1:1: Premature end of file.
2025-05-25 13:21:44,463 [ERROR] LogOutputStream:74 - [STDERR_REDIRECT] 
2025-05-25 13:21:44,556 [ERROR] LogOutputStream:74 - [STDERR_REDIRECT] [Fatal Error] :1:1: Premature end of file.
2025-05-25 13:21:44,557 [ERROR] LogOutputStream:74 - [STDERR_REDIRECT] 
2025-05-25 13:21:44,641 [ERROR] LogOutputStream:74 - [STDERR_REDIRECT] [Fatal Error] :1:1: Premature end of file.
2025-05-25 13:21:44,647 [ERROR] LogOutputStream:74 - [STDERR_REDIRECT] 
2025-05-25 13:21:44,737 [ERROR] LogOutputStream:74 - [STDERR_REDIRECT] [Fatal Error] :1:1: Premature end of file.
2025-05-25 13:21:44,737 [ERROR] LogOutputStream:74 - [STDERR_REDIRECT] 
2025-05-25 13:21:44,821 [ERROR] LogOutputStream:74 - [STDERR_REDIRECT] [Fatal Error] :1:1: Premature end of file.
2025-05-25 13:21:44,821 [ERROR] LogOutputStream:74 - [STDERR_REDIRECT] 
2025-05-25 13:21:44,911 [ERROR] LogOutputStream:74 - [STDERR_REDIRECT] [Fatal Error] :1:1: Premature end of file.
2025-05-25 13:21:44,913 [ERROR] LogOutputStream:74 - [STDERR_REDIRECT] 
2025-05-25 13:21:45,001 [ERROR] LogOutputStream:74 - [STDERR_REDIRECT] [Fatal Error] :1:1: Premature end of file.
2025-05-25 13:21:45,001 [ERROR] LogOutputStream:74 - [STDERR_REDIRECT] 
2025-05-25 13:21:45,093 [ERROR] LogOutputStream:74 - [STDERR_REDIRECT] [Fatal Error] :1:1: Premature end of file.
2025-05-25 13:21:45,095 [ERROR] LogOutputStream:74 - [STDERR_REDIRECT] 
2025-05-25 13:21:45,171 [ERROR] LogOutputStream:74 - [STDERR_REDIRECT] [Fatal Error] :1:1: Premature end of file.
2025-05-25 13:21:45,181 [ERROR] LogOutputStream:74 - [STDERR_REDIRECT] 
2025-05-26 23:28:00,824 [INFO] Activator:178 - 


2025-05-26 23:28:00,864 [INFO] Activator:179 - !SESSION log4j initialized
2025-05-26 23:28:22,668 [ERROR] LogOutputStream:74 - [STDERR_REDIRECT] [Fatal Error] :1:1: Premature end of file.
2025-05-26 23:28:22,674 [ERROR] LogOutputStream:74 - [STDERR_REDIRECT] 
2025-05-26 23:28:23,347 [ERROR] LogOutputStream:74 - [STDERR_REDIRECT] [Fatal Error] :1:1: Premature end of file.
2025-05-26 23:28:23,347 [ERROR] LogOutputStream:74 - [STDERR_REDIRECT] 
2025-05-26 23:28:24,008 [ERROR] LogOutputStream:74 - [STDERR_REDIRECT] [Fatal Error] :1:1: Premature end of file.
2025-05-26 23:28:24,008 [ERROR] LogOutputStream:74 - [STDERR_REDIRECT] 
2025-05-28 03:04:14,441 [INFO] Activator:178 - 


2025-05-28 03:04:14,478 [INFO] Activator:179 - !SESSION log4j initialized
2025-05-28 03:04:37,038 [ERROR] LogOutputStream:74 - [STDERR_REDIRECT] [Fatal Error] :1:1: Premature end of file.
2025-05-28 03:04:37,044 [ERROR] LogOutputStream:74 - [STDERR_REDIRECT] 
2025-05-28 03:04:37,373 [ERROR] LogOutputStream:74 - [STDERR_REDIRECT] [Fatal Error] :1:1: Premature end of file.
2025-05-28 03:04:37,373 [ERROR] LogOutputStream:74 - [STDERR_REDIRECT] 
2025-05-28 03:04:37,444 [ERROR] LogOutputStream:74 - [STDERR_REDIRECT] [Fatal Error] :1:1: Premature end of file.
2025-05-28 03:04:37,444 [ERROR] LogOutputStream:74 - [STDERR_REDIRECT] 
2025-05-28 03:18:22,310 [ERROR] LogOutputStream:74 - [STDERR_REDIRECT] [Fatal Error] :1:1: Premature end of file.
2025-05-28 03:18:22,313 [ERROR] LogOutputStream:74 - [STDERR_REDIRECT] 
2025-05-28 03:18:22,393 [ERROR] LogOutputStream:74 - [STDERR_REDIRECT] [Fatal Error] :1:1: Premature end of file.
2025-05-28 03:18:22,393 [ERROR] LogOutputStream:74 - [STDERR_REDIRECT] 
2025-05-28 03:18:22,482 [ERROR] LogOutputStream:74 - [STDERR_REDIRECT] [Fatal Error] :1:1: Premature end of file.
2025-05-28 03:18:22,484 [ERROR] LogOutputStream:74 - [STDERR_REDIRECT] 
2025-05-28 03:18:22,569 [ERROR] LogOutputStream:74 - [STDERR_REDIRECT] [Fatal Error] :1:1: Premature end of file.
2025-05-28 03:18:22,569 [ERROR] LogOutputStream:74 - [STDERR_REDIRECT] 
2025-05-28 03:18:22,661 [ERROR] LogOutputStream:74 - [STDERR_REDIRECT] [Fatal Error] :1:1: Premature end of file.
2025-05-28 03:18:22,663 [ERROR] LogOutputStream:74 - [STDERR_REDIRECT] 
2025-05-28 03:18:22,730 [ERROR] LogOutputStream:74 - [STDERR_REDIRECT] [Fatal Error] :1:1: Premature end of file.
2025-05-28 03:18:22,745 [ERROR] LogOutputStream:74 - [STDERR_REDIRECT] 
2025-05-28 03:18:22,841 [ERROR] LogOutputStream:74 - [STDERR_REDIRECT] [Fatal Error] :1:1: Premature end of file.
2025-05-28 03:18:22,843 [ERROR] LogOutputStream:74 - [STDERR_REDIRECT] 
2025-05-28 03:18:22,921 [ERROR] LogOutputStream:74 - [STDERR_REDIRECT] [Fatal Error] :1:1: Premature end of file.
2025-05-28 03:18:22,921 [ERROR] LogOutputStream:74 - [STDERR_REDIRECT] 
2025-05-28 03:18:23,002 [ERROR] LogOutputStream:74 - [STDERR_REDIRECT] [Fatal Error] :1:1: Premature end of file.
2025-05-28 03:18:23,002 [ERROR] LogOutputStream:74 - [STDERR_REDIRECT] 
2025-05-28 03:18:23,091 [ERROR] LogOutputStream:74 - [STDERR_REDIRECT] [Fatal Error] :1:1: Premature end of file.
2025-05-28 03:18:23,097 [ERROR] LogOutputStream:74 - [STDERR_REDIRECT] 
2025-05-28 03:18:23,177 [ERROR] LogOutputStream:74 - [STDERR_REDIRECT] [Fatal Error] :1:1: Premature end of file.
2025-05-28 03:18:23,177 [ERROR] LogOutputStream:74 - [STDERR_REDIRECT] 
2025-05-28 03:18:23,258 [ERROR] LogOutputStream:74 - [STDERR_REDIRECT] [Fatal Error] :1:1: Premature end of file.
2025-05-28 03:18:23,258 [ERROR] LogOutputStream:74 - [STDERR_REDIRECT] 
2025-05-28 12:57:49,529 [INFO] Activator:178 - 


2025-05-28 12:57:49,562 [INFO] Activator:179 - !SESSION log4j initialized
2025-05-28 12:58:12,332 [ERROR] LogOutputStream:74 - [STDERR_REDIRECT] [Fatal Error] :1:1: Premature end of file.
2025-05-28 12:58:12,337 [ERROR] LogOutputStream:74 - [STDERR_REDIRECT] 
2025-05-28 12:58:12,898 [ERROR] LogOutputStream:74 - [STDERR_REDIRECT] [Fatal Error] :1:1: Premature end of file.
2025-05-28 12:58:12,898 [ERROR] LogOutputStream:74 - [STDERR_REDIRECT] 
2025-05-28 12:58:12,996 [ERROR] LogOutputStream:74 - [STDERR_REDIRECT] [Fatal Error] :1:1: Premature end of file.
2025-05-28 12:58:13,006 [ERROR] LogOutputStream:74 - [STDERR_REDIRECT] 
