2025-05-24 19:42:22,869 [INFO] Activator:178 - 


2025-05-24 19:42:22,876 [INFO] Activator:179 - !SESSION log4j initialized
2025-05-24 19:42:34,188 [ERROR] LogOutputStream:74 - [STDERR_REDIRECT] [Fatal Error] :1:1: Premature end of file.
2025-05-24 19:42:34,195 [ERROR] LogOutputStream:74 - [STDERR_REDIRECT] 
2025-05-24 19:42:34,268 [ERROR] LogOutputStream:74 - [STDERR_REDIRECT] [Fatal Error] :1:1: Premature end of file.
2025-05-24 19:42:34,268 [ERROR] LogOutputStream:74 - [STDERR_REDIRECT] 
2025-05-24 19:42:34,352 [ERROR] LogOutputStream:74 - [STDERR_REDIRECT] [Fatal Error] :1:1: Premature end of file.
2025-05-24 19:42:34,352 [ERROR] LogOutputStream:74 - [STDERR_REDIRECT] 
2025-05-24 19:42:49,538 [ERROR] LogOutputStream:74 - [STDERR_REDIRECT] [Fatal Error] :1:1: Premature end of file.
2025-05-24 19:42:49,541 [ERROR] LogOutputStream:74 - [STDERR_REDIRECT] 
2025-05-24 19:42:49,638 [ERROR] LogOutputStream:74 - [STDERR_REDIRECT] [Fatal Error] :1:1: Premature end of file.
2025-05-24 19:42:49,638 [ERROR] LogOutputStream:74 - [STDERR_REDIRECT] 
2025-05-24 19:42:49,708 [ERROR] LogOutputStream:74 - [STDERR_REDIRECT] [Fatal Error] :1:1: Premature end of file.
2025-05-24 19:42:49,718 [ERROR] LogOutputStream:74 - [STDERR_REDIRECT] 
2025-05-24 19:42:49,800 [ERROR] LogOutputStream:74 - [STDERR_REDIRECT] [Fatal Error] :1:1: Premature end of file.
2025-05-24 19:42:49,800 [ERROR] LogOutputStream:74 - [STDERR_REDIRECT] 
2025-05-24 19:42:49,878 [ERROR] LogOutputStream:74 - [STDERR_REDIRECT] [Fatal Error] :1:1: Premature end of file.
2025-05-24 19:42:49,878 [ERROR] LogOutputStream:74 - [STDERR_REDIRECT] 
2025-05-24 19:42:49,953 [ERROR] LogOutputStream:74 - [STDERR_REDIRECT] [Fatal Error] :1:1: Premature end of file.
2025-05-24 19:42:49,953 [ERROR] LogOutputStream:74 - [STDERR_REDIRECT] 
2025-05-24 19:42:50,048 [ERROR] LogOutputStream:74 - [STDERR_REDIRECT] [Fatal Error] :1:1: Premature end of file.
2025-05-24 19:42:50,053 [ERROR] LogOutputStream:74 - [STDERR_REDIRECT] 
2025-05-24 19:42:50,130 [ERROR] LogOutputStream:74 - [STDERR_REDIRECT] [Fatal Error] :1:1: Premature end of file.
2025-05-24 19:42:50,130 [ERROR] LogOutputStream:74 - [STDERR_REDIRECT] 
2025-05-24 19:42:50,222 [ERROR] LogOutputStream:74 - [STDERR_REDIRECT] [Fatal Error] :1:1: Premature end of file.
2025-05-24 19:42:50,224 [ERROR] LogOutputStream:74 - [STDERR_REDIRECT] 
2025-05-24 19:42:50,308 [ERROR] LogOutputStream:74 - [STDERR_REDIRECT] [Fatal Error] :1:1: Premature end of file.
2025-05-24 19:42:50,308 [ERROR] LogOutputStream:74 - [STDERR_REDIRECT] 
2025-05-24 19:42:50,391 [ERROR] LogOutputStream:74 - [STDERR_REDIRECT] [Fatal Error] :1:1: Premature end of file.
2025-05-24 19:42:50,391 [ERROR] LogOutputStream:74 - [STDERR_REDIRECT] 
2025-05-24 19:42:50,498 [ERROR] LogOutputStream:74 - [STDERR_REDIRECT] [Fatal Error] :1:1: Premature end of file.
2025-05-24 19:42:50,498 [ERROR] LogOutputStream:74 - [STDERR_REDIRECT] 
2025-05-24 19:42:52,148 [INFO] RetryExec:97 - I/O exception (java.net.SocketException) caught when processing request to {}->http://sw-center.st.com:80: Socket Closed
2025-05-24 19:42:52,157 [INFO] RetryExec:113 - Retrying request to {}->http://sw-center.st.com:80
2025-05-24 19:44:05,642 [INFO] Activator:178 - 


2025-05-24 19:44:05,643 [INFO] Activator:179 - !SESSION log4j initialized
2025-05-24 19:44:19,185 [ERROR] LogOutputStream:74 - [STDERR_REDIRECT] [Fatal Error] :1:1: Premature end of file.
2025-05-24 19:44:19,193 [ERROR] LogOutputStream:74 - [STDERR_REDIRECT] 
2025-05-24 19:44:19,286 [ERROR] LogOutputStream:74 - [STDERR_REDIRECT] [Fatal Error] :1:1: Premature end of file.
2025-05-24 19:44:19,287 [ERROR] LogOutputStream:74 - [STDERR_REDIRECT] 
2025-05-24 19:44:19,383 [ERROR] LogOutputStream:74 - [STDERR_REDIRECT] [Fatal Error] :1:1: Premature end of file.
2025-05-24 19:44:19,383 [ERROR] LogOutputStream:74 - [STDERR_REDIRECT] 
