2024-08-22 03:31:11,103 [INFO] Activator:178 - 


2024-08-22 03:31:11,105 [INFO] Activator:179 - !SESSION log4j initialized
2024-08-22 03:31:15,589 [ERROR] LogOutputStream:74 - [STDERR_REDIRECT] [Fatal Error] :1:1: Premature end of file.
2024-08-22 03:31:15,591 [ERROR] LogOutputStream:74 - [STDERR_REDIRECT] 
2024-08-22 03:31:15,693 [ERROR] LogOutputStream:74 - [STDERR_REDIRECT] [Fatal Error] :1:1: Premature end of file.
2024-08-22 03:31:15,693 [ERROR] LogOutputStream:74 - [STDERR_REDIRECT] 
2024-08-22 03:31:15,797 [ERROR] LogOutputStream:74 - [STDERR_REDIRECT] [Fatal Error] :1:1: Premature end of file.
2024-08-22 03:31:15,797 [ERROR] LogOutputStream:74 - [STDERR_REDIRECT] 
2024-08-22 03:31:19,789 [INFO] ApplicationProperties:181 - Using Application install path: E:\Embedded System\Unit3\Setup\STM32CubeIDE_1.4.0\STM32CubeIDE\plugins\com.st.stm32cube.common.mx_6.0.0.202007160824
2024-08-22 03:31:19,816 [INFO] DbMcusXml:70 - Set database path to: E:\Embedded System\Unit3\Setup\STM32CubeIDE_1.4.0\STM32CubeIDE\plugins\com.st.stm32cube.common.mx_6.0.0.202007160824\\db\/mcu/
2024-08-22 03:31:19,820 [INFO] DbBoardsPdsc:56 - Set plugin database path to: E:\Embedded System\Unit3\Setup\STM32CubeIDE_1.4.0\STM32CubeIDE\plugins\com.st.stm32cube.common.mx_6.0.0.202007160824\\db\/plugins/boardmanager/
2024-08-22 03:31:19,821 [INFO] DbMcus:258 - Set plugin images path to: E:\Embedded System\Unit3\Setup\STM32CubeIDE_1.4.0\STM32CubeIDE\plugins\com.st.stm32cube.common.mx_6.0.0.202007160824\\db\/plugins/mcufinder/images/
2024-08-22 03:31:19,821 [INFO] DbBoards:264 - Set plugin images path to: E:\Embedded System\Unit3\Setup\STM32CubeIDE_1.4.0\STM32CubeIDE\plugins\com.st.stm32cube.common.mx_6.0.0.202007160824\\db\/plugins/mcufinder/images/
2024-08-22 03:31:19,823 [INFO] DbExamples:326 - Set plugin images path to: E:\Embedded System\Unit3\Setup\STM32CubeIDE_1.4.0\STM32CubeIDE\plugins\com.st.stm32cube.common.mx_6.0.0.202007160824\\db\/plugins/mcufinder/images/
2024-08-22 03:31:19,904 [INFO] DbMcusDocs:112 - Set database path to: C:\Users\HP\.stmcufinder\plugins\mcufinder//mcu/
2024-08-22 03:31:19,907 [INFO] DbMcusJson:63 - Set database path to: C:\Users\HP\.stmcufinder\plugins\mcufinder//mcu/
2024-08-22 03:31:19,908 [INFO] DbBoardsDocs:112 - Set database path to: C:\Users\HP\.stmcufinder\plugins\mcufinder//mcu/
2024-08-22 03:31:19,909 [INFO] DbBoardsJson:56 - Set database path to: C:\Users\HP\.stmcufinder\plugins\mcufinder//mcu/
2024-08-22 03:31:19,913 [INFO] CrossReferenceDbSqlite:196 - Set database path to: C:\Users\HP\.stmcufinder\plugins\mcufinder//mcu/cs/
2024-08-22 03:31:19,916 [INFO] DbExamplesSqlite:800 - Set database path to: C:\Users\HP\.stmcufinder\plugins\mcufinder//mcu/
2024-08-22 03:31:20,072 [INFO] RulesReader:52 - Compatibility file has been processed (209 Rules)
2024-08-22 03:31:20,281 [INFO] MicroXplorer:564 - Detected Java Version = 1.8.0_252
2024-08-22 03:31:20,282 [INFO] DbMcusXml:70 - Set database path to: E:\Embedded System\Unit3\Setup\STM32CubeIDE_1.4.0\STM32CubeIDE\plugins\com.st.stm32cube.common.mx_6.0.0.202007160824\\db\/mcu/
2024-08-22 03:31:20,282 [INFO] DbBoardsPdsc:56 - Set plugin database path to: E:\Embedded System\Unit3\Setup\STM32CubeIDE_1.4.0\STM32CubeIDE\plugins\com.st.stm32cube.common.mx_6.0.0.202007160824\\db\/plugins/boardmanager/
2024-08-22 03:31:20,282 [INFO] DbMcus:258 - Set plugin images path to: E:\Embedded System\Unit3\Setup\STM32CubeIDE_1.4.0\STM32CubeIDE\plugins\com.st.stm32cube.common.mx_6.0.0.202007160824\\db\/plugins/mcufinder/images/
2024-08-22 03:31:20,283 [INFO] DbBoards:264 - Set plugin images path to: E:\Embedded System\Unit3\Setup\STM32CubeIDE_1.4.0\STM32CubeIDE\plugins\com.st.stm32cube.common.mx_6.0.0.202007160824\\db\/plugins/mcufinder/images/
2024-08-22 03:31:20,283 [INFO] DbExamples:326 - Set plugin images path to: E:\Embedded System\Unit3\Setup\STM32CubeIDE_1.4.0\STM32CubeIDE\plugins\com.st.stm32cube.common.mx_6.0.0.202007160824\\db\/plugins/mcufinder/images/
2024-08-22 03:31:20,283 [WARN] DbFile:36 - Overriding database path with different value: C:\Users\HP\.stmcufinder\plugins\mcufinder/ => C:\Users\HP\.stmcufinder\plugins\mcufinder
2024-08-22 03:31:20,283 [INFO] DbMcusDocs:112 - Set database path to: C:\Users\HP\.stmcufinder\plugins\mcufinder//mcu/
2024-08-22 03:31:20,283 [WARN] DbFile:36 - Overriding database path with different value: C:\Users\HP\.stmcufinder\plugins\mcufinder/ => C:\Users\HP\.stmcufinder\plugins\mcufinder
2024-08-22 03:31:20,283 [INFO] DbMcusJson:63 - Set database path to: C:\Users\HP\.stmcufinder\plugins\mcufinder//mcu/
2024-08-22 03:31:20,283 [WARN] DbFile:36 - Overriding database path with different value: C:\Users\HP\.stmcufinder\plugins\mcufinder/ => C:\Users\HP\.stmcufinder\plugins\mcufinder
2024-08-22 03:31:20,283 [INFO] DbBoardsDocs:112 - Set database path to: C:\Users\HP\.stmcufinder\plugins\mcufinder//mcu/
2024-08-22 03:31:20,283 [WARN] DbFile:36 - Overriding database path with different value: C:\Users\HP\.stmcufinder\plugins\mcufinder/ => C:\Users\HP\.stmcufinder\plugins\mcufinder
2024-08-22 03:31:20,284 [INFO] DbBoardsJson:56 - Set database path to: C:\Users\HP\.stmcufinder\plugins\mcufinder//mcu/
2024-08-22 03:31:20,284 [WARN] DbFile:36 - Overriding database path with different value: C:\Users\HP\.stmcufinder\plugins\mcufinder/ => C:\Users\HP\.stmcufinder\plugins\mcufinder
2024-08-22 03:31:20,284 [WARN] DbFile:36 - Overriding database path with different value: C:\Users\HP\.stmcufinder\plugins\mcufinder/ => C:\Users\HP\.stmcufinder\plugins\mcufinder
2024-08-22 03:31:20,284 [INFO] CrossReferenceDbSqlite:196 - Set database path to: C:\Users\HP\.stmcufinder\plugins\mcufinder//mcu/cs/
2024-08-22 03:31:20,284 [WARN] DbFile:36 - Overriding database path with different value: C:\Users\HP\.stmcufinder\plugins\mcufinder/ => C:\Users\HP\.stmcufinder\plugins\mcufinder
2024-08-22 03:31:20,284 [INFO] DbExamplesSqlite:800 - Set database path to: C:\Users\HP\.stmcufinder\plugins\mcufinder//mcu/
2024-08-22 03:31:20,481 [INFO] MainPanel:189 - HeapMemory: 268435456
2024-08-22 03:31:20,628 [INFO] DbMcusXml:70 - Set database path to: E:\Embedded System\Unit3\Setup\STM32CubeIDE_1.4.0\STM32CubeIDE\plugins\com.st.stm32cube.common.mx_6.0.0.202007160824\\db\/mcu/
2024-08-22 03:31:20,629 [INFO] DbBoardsPdsc:56 - Set plugin database path to: E:\Embedded System\Unit3\Setup\STM32CubeIDE_1.4.0\STM32CubeIDE\plugins\com.st.stm32cube.common.mx_6.0.0.202007160824\\db\/plugins/boardmanager/
2024-08-22 03:31:20,629 [INFO] DbMcus:258 - Set plugin images path to: E:\Embedded System\Unit3\Setup\STM32CubeIDE_1.4.0\STM32CubeIDE\plugins\com.st.stm32cube.common.mx_6.0.0.202007160824\\db\/plugins/mcufinder/images/
2024-08-22 03:31:20,629 [INFO] DbBoards:264 - Set plugin images path to: E:\Embedded System\Unit3\Setup\STM32CubeIDE_1.4.0\STM32CubeIDE\plugins\com.st.stm32cube.common.mx_6.0.0.202007160824\\db\/plugins/mcufinder/images/
2024-08-22 03:31:20,629 [INFO] DbExamples:326 - Set plugin images path to: E:\Embedded System\Unit3\Setup\STM32CubeIDE_1.4.0\STM32CubeIDE\plugins\com.st.stm32cube.common.mx_6.0.0.202007160824\\db\/plugins/mcufinder/images/
2024-08-22 03:31:20,630 [WARN] DbFile:36 - Overriding database path with different value: C:\Users\HP\.stmcufinder\plugins\mcufinder/ => C:\Users\HP\.stmcufinder\plugins\mcufinder
2024-08-22 03:31:20,630 [INFO] DbMcusDocs:112 - Set database path to: C:\Users\HP\.stmcufinder\plugins\mcufinder//mcu/
2024-08-22 03:31:20,630 [WARN] DbFile:36 - Overriding database path with different value: C:\Users\HP\.stmcufinder\plugins\mcufinder/ => C:\Users\HP\.stmcufinder\plugins\mcufinder
2024-08-22 03:31:20,630 [INFO] DbMcusJson:63 - Set database path to: C:\Users\HP\.stmcufinder\plugins\mcufinder//mcu/
2024-08-22 03:31:20,630 [WARN] DbFile:36 - Overriding database path with different value: C:\Users\HP\.stmcufinder\plugins\mcufinder/ => C:\Users\HP\.stmcufinder\plugins\mcufinder
2024-08-22 03:31:20,630 [INFO] DbBoardsDocs:112 - Set database path to: C:\Users\HP\.stmcufinder\plugins\mcufinder//mcu/
2024-08-22 03:31:20,630 [WARN] DbFile:36 - Overriding database path with different value: C:\Users\HP\.stmcufinder\plugins\mcufinder/ => C:\Users\HP\.stmcufinder\plugins\mcufinder
2024-08-22 03:31:20,630 [INFO] DbBoardsJson:56 - Set database path to: C:\Users\HP\.stmcufinder\plugins\mcufinder//mcu/
2024-08-22 03:31:20,631 [WARN] DbFile:36 - Overriding database path with different value: C:\Users\HP\.stmcufinder\plugins\mcufinder/ => C:\Users\HP\.stmcufinder\plugins\mcufinder
2024-08-22 03:31:20,631 [WARN] DbFile:36 - Overriding database path with different value: C:\Users\HP\.stmcufinder\plugins\mcufinder/ => C:\Users\HP\.stmcufinder\plugins\mcufinder
2024-08-22 03:31:20,631 [INFO] CrossReferenceDbSqlite:196 - Set database path to: C:\Users\HP\.stmcufinder\plugins\mcufinder//mcu/cs/
2024-08-22 03:31:20,631 [WARN] DbFile:36 - Overriding database path with different value: C:\Users\HP\.stmcufinder\plugins\mcufinder/ => C:\Users\HP\.stmcufinder\plugins\mcufinder
2024-08-22 03:31:20,631 [INFO] DbExamplesSqlite:800 - Set database path to: C:\Users\HP\.stmcufinder\plugins\mcufinder//mcu/
2024-08-22 03:31:20,651 [INFO] ApplicationProperties:181 - Using Application install path: E:\Embedded System\Unit3\Setup\STM32CubeIDE_1.4.0\STM32CubeIDE\plugins\com.st.stm32cube.common.mx_6.0.0.202007160824
2024-08-22 03:31:20,653 [INFO] PluginManage:178 - Search for loadable plugins [exclusion list=, ]
2024-08-22 03:31:20,655 [INFO] PluginManage:292 - Check plugin analytics
2024-08-22 03:31:20,872 [INFO] AnalyticsPlugin:203 - Accepted Software Licenses: 
2024-08-22 03:31:20,872 [INFO] AnalyticsPlugin:205 - Accepted CMSIS Pack Licenses: 
2024-08-22 03:31:20,873 [INFO] AnalyticsPlugin:207 - Accepted Firmware Licenses: 
2024-08-22 03:31:20,873 [INFO] PluginManage:342 - Loaded plugin analytics (category:tool,tabindex:-1)
2024-08-22 03:31:20,873 [INFO] PluginManage:292 - Check plugin clock
2024-08-22 03:31:20,900 [INFO] PluginManage:342 - Loaded plugin clock (category:base,tabindex:2)
2024-08-22 03:31:20,900 [INFO] PluginManage:292 - Check plugin ddr
2024-08-22 03:31:20,911 [INFO] PluginManage:342 - Loaded plugin ddr (category:tool,tabindex:6)
2024-08-22 03:31:20,911 [INFO] PluginManage:292 - Check plugin filemanager
2024-08-22 03:31:21,057 [ERROR] LogOutputStream:74 - [STDERR_REDIRECT] [Fatal Error] :1:1: Premature end of file.
2024-08-22 03:31:21,057 [ERROR] LogOutputStream:74 - [STDERR_REDIRECT] 
2024-08-22 03:31:21,071 [INFO] PluginManage:342 - Loaded plugin filemanager (category:base,tabindex:10)
2024-08-22 03:31:21,071 [INFO] PluginManage:292 - Check plugin ipmanager
2024-08-22 03:31:21,105 [INFO] PluginManage:342 - Loaded plugin ipmanager (category:base,tabindex:5)
2024-08-22 03:31:21,105 [INFO] PluginManage:292 - Check plugin pinoutandconfiguration
2024-08-22 03:31:21,120 [INFO] PluginManage:342 - Loaded plugin pinoutandconfiguration (category:base,tabindex:1)
2024-08-22 03:31:21,120 [INFO] PluginManage:292 - Check plugin pinoutconfig
2024-08-22 03:31:21,148 [ERROR] LogOutputStream:74 - [STDERR_REDIRECT] [Fatal Error] :1:1: Premature end of file.
2024-08-22 03:31:21,148 [ERROR] LogOutputStream:74 - [STDERR_REDIRECT] 
2024-08-22 03:31:21,158 [INFO] PluginManage:342 - Loaded plugin pinoutconfig (category:base,tabindex:0)
2024-08-22 03:31:21,158 [INFO] PluginManage:292 - Check plugin power
2024-08-22 03:31:21,204 [INFO] PluginManage:342 - Loaded plugin power (category:power,tabindex:4)
2024-08-22 03:31:21,204 [INFO] PluginManage:292 - Check plugin projectmanager
2024-08-22 03:31:21,226 [INFO] PluginManage:342 - Loaded plugin projectmanager (category:projectmanager,tabindex:3)
2024-08-22 03:31:21,226 [INFO] PluginManage:292 - Check plugin thirdparty
2024-08-22 03:31:21,237 [ERROR] LogOutputStream:74 - [STDERR_REDIRECT] [Fatal Error] :1:1: Premature end of file.
2024-08-22 03:31:21,237 [ERROR] LogOutputStream:74 - [STDERR_REDIRECT] 
2024-08-22 03:31:21,369 [INFO] ThirdPartyDb:333 - Open Third Party DataBase File (C:/Users/HP/.stm32cubemx/plugins/thirdparty/db/thirdparties_db.xml) : 64 ms. number of Sw pack : 49
2024-08-22 03:31:21,394 [INFO] PluginManage:342 - Loaded plugin thirdparty (category:base,tabindex:-1)
2024-08-22 03:31:21,395 [INFO] PluginManage:292 - Check plugin tools
2024-08-22 03:31:21,403 [INFO] PluginManage:342 - Loaded plugin tools (category:base,tabindex:7)
2024-08-22 03:31:21,403 [INFO] PluginManage:292 - Check plugin tutovideos
2024-08-22 03:31:21,728 [INFO] PluginManage:342 - Loaded plugin tutovideos (category:base,tabindex:-1)
2024-08-22 03:31:21,728 [INFO] PluginManage:292 - Check plugin updater
2024-08-22 03:31:21,762 [INFO] PluginManage:342 - Loaded plugin updater (category:base,tabindex:12)
2024-08-22 03:31:21,762 [INFO] PluginManage:265 - PluginManage : Loaded plugins [13]
2024-08-22 03:31:22,029 [INFO] PinOutPanel:1418 - setPackage(No Configuration,No Configuration)
2024-08-22 03:31:22,155 [INFO] IPUIPlugin:64 - create IPUIPlugin
2024-08-22 03:31:22,155 [INFO] PluginManager:200 - loadIPPluginJar : add adc
2024-08-22 03:31:22,203 [INFO] IPUIPlugin:64 - create IPUIPlugin
2024-08-22 03:31:22,203 [INFO] PluginManager:200 - loadIPPluginJar : add aes
2024-08-22 03:31:22,246 [INFO] IPUIPlugin:64 - create IPUIPlugin
2024-08-22 03:31:22,246 [INFO] PluginManager:200 - loadIPPluginJar : add can
2024-08-22 03:31:22,258 [INFO] IPUIPlugin:64 - create IPUIPlugin
2024-08-22 03:31:22,259 [INFO] PluginManager:200 - loadIPPluginJar : add comp
2024-08-22 03:31:22,276 [INFO] IPUIPlugin:64 - create IPUIPlugin
2024-08-22 03:31:22,276 [INFO] PluginManager:200 - loadIPPluginJar : add cryp
2024-08-22 03:31:22,278 [INFO] IPUIPlugin:64 - create IPUIPlugin
2024-08-22 03:31:22,279 [INFO] PluginManager:200 - loadIPPluginJar : add dfsdm
2024-08-22 03:31:22,303 [INFO] IPUIPlugin:64 - create IPUIPlugin
2024-08-22 03:31:22,303 [INFO] PluginManager:200 - loadIPPluginJar : add dma
2024-08-22 03:31:22,305 [INFO] IPUIPlugin:64 - create IPUIPlugin
2024-08-22 03:31:22,305 [INFO] PluginManager:200 - loadIPPluginJar : add fatfs
2024-08-22 03:31:22,320 [INFO] IPUIPlugin:64 - create IPUIPlugin
2024-08-22 03:31:22,320 [INFO] PluginManager:200 - loadIPPluginJar : add fmc
2024-08-22 03:31:22,340 [INFO] IPUIPlugin:64 - create IPUIPlugin
2024-08-22 03:31:22,340 [INFO] PluginManager:200 - loadIPPluginJar : add freertos
2024-08-22 03:31:22,345 [INFO] IPUIPlugin:64 - create IPUIPlugin
2024-08-22 03:31:22,345 [INFO] PluginManager:200 - loadIPPluginJar : add genericplugin
2024-08-22 03:31:22,347 [INFO] IPUIPlugin:64 - create IPUIPlugin
2024-08-22 03:31:22,347 [INFO] PluginManager:200 - loadIPPluginJar : add gfxmmu
2024-08-22 03:31:22,376 [INFO] IPUIPlugin:64 - create IPUIPlugin
2024-08-22 03:31:22,376 [INFO] PluginManager:200 - loadIPPluginJar : add gic
2024-08-22 03:31:22,392 [INFO] IPUIPlugin:64 - create IPUIPlugin
2024-08-22 03:31:22,393 [INFO] PluginManager:200 - loadIPPluginJar : add gpio
2024-08-22 03:31:22,403 [INFO] IPUIPlugin:64 - create IPUIPlugin
2024-08-22 03:31:22,403 [INFO] PluginManager:200 - loadIPPluginJar : add gtzc
2024-08-22 03:31:22,407 [INFO] IPUIPlugin:64 - create IPUIPlugin
2024-08-22 03:31:22,407 [INFO] PluginManager:200 - loadIPPluginJar : add hash
2024-08-22 03:31:22,410 [INFO] IPUIPlugin:64 - create IPUIPlugin
2024-08-22 03:31:22,411 [INFO] PluginManager:200 - loadIPPluginJar : add i2c
2024-08-22 03:31:22,414 [INFO] IPUIPlugin:64 - create IPUIPlugin
2024-08-22 03:31:22,415 [INFO] PluginManager:200 - loadIPPluginJar : add i2s
2024-08-22 03:31:22,419 [INFO] IPUIPlugin:64 - create IPUIPlugin
2024-08-22 03:31:22,419 [INFO] PluginManager:200 - loadIPPluginJar : add ipddr
2024-08-22 03:31:22,432 [INFO] IPUIPlugin:64 - create IPUIPlugin
2024-08-22 03:31:22,432 [INFO] PluginManager:200 - loadIPPluginJar : add ltdc
2024-08-22 03:31:22,437 [INFO] IPUIPlugin:64 - create IPUIPlugin
2024-08-22 03:31:22,437 [INFO] PluginManager:200 - loadIPPluginJar : add mdma
2024-08-22 03:31:22,441 [INFO] IPUIPlugin:64 - create IPUIPlugin
2024-08-22 03:31:22,441 [INFO] PluginManager:200 - loadIPPluginJar : add nvic
2024-08-22 03:31:22,444 [INFO] IPUIPlugin:64 - create IPUIPlugin
2024-08-22 03:31:22,444 [INFO] PluginManager:200 - loadIPPluginJar : add opamp
2024-08-22 03:31:22,447 [INFO] IPUIPlugin:64 - create IPUIPlugin
2024-08-22 03:31:22,447 [INFO] PluginManager:200 - loadIPPluginJar : add openamp
2024-08-22 03:31:22,456 [INFO] IPUIPlugin:64 - create IPUIPlugin
2024-08-22 03:31:22,456 [INFO] PluginManager:200 - loadIPPluginJar : add pdm2pcm
2024-08-22 03:31:22,462 [INFO] IPUIPlugin:64 - create IPUIPlugin
2024-08-22 03:31:22,464 [INFO] PluginManager:200 - loadIPPluginJar : add plateformsettings
2024-08-22 03:31:22,467 [INFO] IPUIPlugin:64 - create IPUIPlugin
2024-08-22 03:31:22,467 [INFO] PluginManager:200 - loadIPPluginJar : add quadspi
2024-08-22 03:31:22,473 [INFO] IPUIPlugin:64 - create IPUIPlugin
2024-08-22 03:31:22,474 [INFO] PluginManager:200 - loadIPPluginJar : add resmgrutility
2024-08-22 03:31:22,477 [INFO] IPUIPlugin:64 - create IPUIPlugin
2024-08-22 03:31:22,477 [INFO] PluginManager:200 - loadIPPluginJar : add sai
2024-08-22 03:31:22,501 [INFO] IPUIPlugin:64 - create IPUIPlugin
2024-08-22 03:31:22,501 [INFO] PluginManager:200 - loadIPPluginJar : add spi
2024-08-22 03:31:22,505 [INFO] IPUIPlugin:64 - create IPUIPlugin
2024-08-22 03:31:22,506 [INFO] PluginManager:200 - loadIPPluginJar : add stm32_wpan
2024-08-22 03:31:22,508 [INFO] IPUIPlugin:64 - create IPUIPlugin
2024-08-22 03:31:22,508 [INFO] PluginManager:200 - loadIPPluginJar : add tim
2024-08-22 03:31:22,511 [INFO] IPUIPlugin:64 - create IPUIPlugin
2024-08-22 03:31:22,511 [INFO] PluginManager:200 - loadIPPluginJar : add touchsensing
2024-08-22 03:31:22,513 [INFO] IPUIPlugin:64 - create IPUIPlugin
2024-08-22 03:31:22,513 [INFO] PluginManager:200 - loadIPPluginJar : add tracer_emb
2024-08-22 03:31:22,516 [INFO] IPUIPlugin:64 - create IPUIPlugin
2024-08-22 03:31:22,516 [INFO] PluginManager:200 - loadIPPluginJar : add ts
2024-08-22 03:31:22,518 [INFO] IPUIPlugin:64 - create IPUIPlugin
2024-08-22 03:31:22,518 [INFO] PluginManager:200 - loadIPPluginJar : add tsc
2024-08-22 03:31:22,520 [INFO] IPUIPlugin:64 - create IPUIPlugin
2024-08-22 03:31:22,520 [INFO] PluginManager:200 - loadIPPluginJar : add ucpd
2024-08-22 03:31:22,523 [INFO] IPUIPlugin:64 - create IPUIPlugin
2024-08-22 03:31:22,523 [INFO] PluginManager:200 - loadIPPluginJar : add usart
2024-08-22 03:31:23,400 [INFO] CubeProgrammer:457 - [DDR PANEL] - PathOfProgrammer: null
2024-08-22 03:31:24,202 [FATAL] Updater:282 - Updater called before beeing initialized
2024-08-22 03:31:24,471 [FATAL] Updater:282 - Updater called before beeing initialized
2024-08-22 03:31:24,471 [WARN] ThirdParty:775 - waiting for thirdparty lock release [close project]
2024-08-22 03:31:24,471 [INFO] ThirdParty:777 - entering critical section [close project]
2024-08-22 03:31:24,472 [INFO] ThirdParty:790 - exiting critical section [close project]
2024-08-22 03:31:24,474 [INFO] PinOutPanel:1418 - setPackage(No Configuration,No Configuration)
2024-08-22 03:31:24,474 [FATAL] Updater:282 - Updater called before beeing initialized
2024-08-22 03:31:24,482 [ERROR] Updater:967 - MainUpdater not yet initialized. External WinMGr cannot be set.
2024-08-22 03:31:24,483 [INFO] CubeProgrammer:457 - [DDR PANEL] - PathOfProgrammer: E:\Embedded System\Unit3\Setup\STM32CubeIDE_1.4.0\STM32CubeIDE\plugins\com.st.stm32cube.ide.mcu.externaltools.cubeprogrammer.win32_1.4.0.202007081208\tools\bin
2024-08-22 03:31:24,486 [INFO] ProgrammerExecThread:148 - [ProgrammerAPI] CubeProgrammer command construction: E:\Embedded System\Unit3\Setup\STM32CubeIDE_1.4.0\STM32CubeIDE\plugins\com.st.stm32cube.ide.mcu.externaltools.cubeprogrammer.win32_1.4.0.202007081208\tools\bin\STM32_Programmer_CLI.exe -l
2024-08-22 03:31:25,578 [INFO] MainDdrPanel:49 - [DDR PANEL] SETTER - Set cubeProgrammerPath to: E:\Embedded System\Unit3\Setup\STM32CubeIDE_1.4.0\STM32CubeIDE\plugins\com.st.stm32cube.ide.mcu.externaltools.cubeprogrammer.win32_1.4.0.202007081208\tools\bin
2024-08-22 03:31:25,771 [INFO] Updater:904 - Updater Version found : 6.0.0
2024-08-22 03:31:25,805 [INFO] ApplicationProperties:181 - Using Application install path: E:\Embedded System\Unit3\Setup\STM32CubeIDE_1.4.0\STM32CubeIDE\plugins\com.st.stm32cube.common.mx_6.0.0.202007160824
2024-08-22 03:31:26,712 [INFO] MainUpdater:2268 - connection check result : 10
2024-08-22 03:31:26,713 [INFO] MainUpdater:239 - Updater Check For Update Now.
2024-08-22 03:31:26,713 [INFO] MicroXplorer:414 - Change Database Version : DB.6.0.0
2024-08-22 03:31:26,765 [INFO] CheckServerUpdateThread:102 - End of CheckServer Thread
2024-08-22 03:31:26,846 [INFO] MainUpdater:2268 - connection check result : 10
2024-08-22 03:31:27,293 [INFO] ServerAccessManage:348 - Download File mcusDocs.json._tmp_
2024-08-22 03:31:27,408 [WARN] IntegrityCheckThread:61 - waiting for thirdparty lock release [integrity check]
2024-08-22 03:31:27,408 [INFO] IntegrityCheckThread:63 - entering critical section [integrity check]
2024-08-22 03:31:27,408 [WARN] MainUpdater:1087 - Updater busy. Cannot search thirdparties
2024-08-22 03:31:27,879 [INFO] LoadUrlFilesThread:135 - End of LoadUrlFiles Thread
2024-08-22 03:31:28,009 [INFO] ServerAccessManage:348 - Download File mcusFeaturesAndDescription.json._tmp_
2024-08-22 03:31:30,412 [WARN] MainUpdater:1087 - Updater busy. Cannot search thirdparties
2024-08-22 03:31:33,416 [WARN] MainUpdater:1087 - Updater busy. Cannot search thirdparties
2024-08-22 03:31:36,434 [WARN] MainUpdater:1087 - Updater busy. Cannot search thirdparties
2024-08-22 03:31:39,443 [WARN] MainUpdater:1087 - Updater busy. Cannot search thirdparties
2024-08-22 03:31:42,449 [WARN] MainUpdater:1087 - Updater busy. Cannot search thirdparties
2024-08-22 03:31:45,458 [WARN] MainUpdater:1087 - Updater busy. Cannot search thirdparties
2024-08-22 03:31:48,462 [WARN] MainUpdater:1087 - Updater busy. Cannot search thirdparties
2024-08-22 03:31:51,467 [WARN] MainUpdater:1087 - Updater busy. Cannot search thirdparties
2024-08-22 03:31:54,469 [WARN] MainUpdater:1087 - Updater busy. Cannot search thirdparties
2024-08-22 03:31:57,471 [WARN] MainUpdater:1087 - Updater busy. Cannot search thirdparties
2024-08-22 03:32:00,481 [WARN] MainUpdater:1087 - Updater busy. Cannot search thirdparties
2024-08-22 03:32:00,879 [INFO] LoadUrlFilesThread:135 - End of LoadUrlFiles Thread
2024-08-22 03:32:01,047 [INFO] ServerAccessManage:348 - Download File boardsDocs.json._tmp_
2024-08-22 03:32:01,224 [INFO] LoadUrlFilesThread:135 - End of LoadUrlFiles Thread
2024-08-22 03:32:01,414 [INFO] ServerAccessManage:348 - Download File boards.json._tmp_
2024-08-22 03:32:03,080 [INFO] LoadUrlFilesThread:135 - End of LoadUrlFiles Thread
2024-08-22 03:32:03,489 [WARN] MainUpdater:1087 - Updater busy. Cannot search thirdparties
2024-08-22 03:32:03,811 [INFO] ServerAccessManage:348 - Download File cube-finder-db.zip
2024-08-22 03:32:06,500 [WARN] MainUpdater:1087 - Updater busy. Cannot search thirdparties
2024-08-22 03:32:09,500 [WARN] MainUpdater:1087 - Updater busy. Cannot search thirdparties
2024-08-22 03:32:12,501 [ERROR] IntegrityCheckThread:67 - Unexpected exception IntegrityCheckThread Thread:
2024-08-22 03:32:12,501 [ERROR] IntegrityCheckThread:70 - java.lang.Exception: Updater error
	at com.st.microxplorer.plugins.thirdparty.engine.IntegrityCheckThread.getUpdaterThirdPartyList(IntegrityCheckThread.java:296)
	at com.st.microxplorer.plugins.thirdparty.engine.IntegrityCheckThread.runProcess(IntegrityCheckThread.java:84)
	at com.st.microxplorer.plugins.thirdparty.engine.IntegrityCheckThread.run(IntegrityCheckThread.java:65)

2024-08-22 03:32:12,502 [INFO] ThirdPartyDb:299 - Save Third Party DataBase File (C:/Users/HP/.stm32cubemx/plugins/thirdparty/db/thirdparties_db.xml) [forced]
2024-08-22 03:32:12,721 [INFO] IntegrityCheckThread:76 - exiting critical section [integrity check]
2024-08-22 03:32:12,721 [INFO] IntegrityCheckThread:79 - End integrity checks thread
2024-08-22 03:34:12,005 [INFO] FileExtend:225 - Unzip File : cube-finder-db.zip
2024-08-22 03:34:12,006 [INFO] FileExtend:240 - Standard Zip Deflate
2024-08-22 03:34:12,536 [INFO] LoadUrlFilesThread:135 - End of LoadUrlFiles Thread
2024-08-22 03:34:13,267 [INFO] ServerAccessManage:348 - Download File crdb.zip
2024-08-22 03:34:15,644 [INFO] FileExtend:225 - Unzip File : crdb.zip
2024-08-22 03:34:15,646 [INFO] FileExtend:240 - Standard Zip Deflate
2024-08-22 03:34:15,667 [INFO] LoadUrlFilesThread:135 - End of LoadUrlFiles Thread
2024-08-22 03:34:16,390 [INFO] ServerAccessManage:348 - Download File tutoVideoDB.zip
2024-08-22 03:34:16,849 [INFO] FileExtend:225 - Unzip File : tutoVideoDB.zip
2024-08-22 03:34:16,850 [INFO] FileExtend:240 - Standard Zip Deflate
2024-08-22 03:34:16,860 [INFO] LoadUrlFilesThread:135 - End of LoadUrlFiles Thread
2024-08-22 03:34:16,964 [INFO] DbMcusDocs:145 - JSON generation date=Tue Nov 16 18:17:54 EET 2021 (1637079474)
2024-08-22 03:34:16,976 [INFO] DbMcusXml:100 - Load MCU database from E:\Embedded System\Unit3\Setup\STM32CubeIDE_1.4.0\STM32CubeIDE\plugins\com.st.stm32cube.common.mx_6.0.0.202007160824\\db\/mcu/families.xml
2024-08-22 03:34:17,555 [INFO] DbMcusJson:92 - JSON generation date=Tue Nov 16 18:17:54 EET 2021 (1637079474)
2024-08-22 03:34:18,779 [INFO] DbMcus:175 - Found 1761 MCUs (1722 are supported by CubeMX, 1911 are visible in CubeMX)
2024-08-22 03:34:18,780 [INFO] ApiDb:201 - Load user favorites file C:\Users\HP/.stm32cubemx/favorites.mcus.txt: 0 item(s)
2024-08-22 03:34:18,780 [INFO] ApiDb:205 - User favorites MCUs=[]
2024-08-22 03:34:18,781 [INFO] DbMcus:187 - Set 0 / 0 favorites MCUs
2024-08-22 03:34:19,023 [INFO] DbMcusDocs:81 - Found 682 MCUs documents
2024-08-22 03:34:19,025 [INFO] ApiDb:226 - Save user favorites file C:\Users\HP/.stm32cubemx/favorites.mcus.txt: 0 item(s)
2024-08-22 03:34:19,025 [INFO] ApiDb:230 - User favorites MCUs=[]
2024-08-22 03:34:19,025 [INFO] DbMcusXml:100 - Load MCU database from E:\Embedded System\Unit3\Setup\STM32CubeIDE_1.4.0\STM32CubeIDE\plugins\com.st.stm32cube.common.mx_6.0.0.202007160824\\db\/mcu/families.xml
2024-08-22 03:34:19,627 [INFO] DbMcusJson:92 - JSON generation date=Tue Nov 16 18:17:54 EET 2021 (1637079474)
2024-08-22 03:34:20,101 [INFO] DbMcus:175 - Found 1761 MCUs (1722 are supported by CubeMX, 1911 are visible in CubeMX)
2024-08-22 03:34:20,102 [INFO] ApiDb:201 - Load user favorites file C:\Users\HP/.stm32cubemx/favorites.mcus.txt: 0 item(s)
2024-08-22 03:34:20,102 [INFO] ApiDb:205 - User favorites MCUs=[]
2024-08-22 03:34:20,102 [INFO] DbMcus:187 - Set 0 / 0 favorites MCUs
2024-08-22 03:34:20,108 [INFO] DbBoardsDocs:145 - JSON generation date=Tue Nov 16 18:17:54 EET 2021 (1637079474)
2024-08-22 03:34:20,154 [INFO] DbBoardsPdsc:94 - Found 23 items
2024-08-22 03:34:20,166 [INFO] DbBoardsPdsc:94 - Found 9 items
2024-08-22 03:34:20,177 [INFO] DbBoardsPdsc:94 - Found 29 items
2024-08-22 03:34:20,178 [INFO] DbBoardsPdsc:94 - Found 1 items
2024-08-22 03:34:20,188 [INFO] DbBoardsPdsc:94 - Found 44 items
2024-08-22 03:34:20,192 [INFO] DbBoardsPdsc:94 - Found 40 items
2024-08-22 03:34:20,206 [INFO] DbBoardsPdsc:94 - Found 2 items
2024-08-22 03:34:20,212 [INFO] DbBoardsPdsc:94 - Found 4 items
2024-08-22 03:34:20,217 [WARN] DbBoardsPdsc:258 - Board STM32H7B3I-DK: unknown feature type=Audio, name=, username=Audio stereo codec with Headphone Amp (CS42L51-CNZ), n=1
2024-08-22 03:34:20,217 [WARN] DbBoardsPdsc:258 - Board STM32H735G-DK: unknown feature type=Audio, name=, username=Audio stereo codec with Headphone Amp (WM8994ECS/R), n=1
2024-08-22 03:34:20,219 [WARN] DbBoardsPdsc:258 - Board STM32H7B3I-EVAL: unknown feature type=Audio, name=, username=Multi-Channel Audio Codec (CS42L51-CNZ), n=1
2024-08-22 03:34:20,219 [WARN] DbBoardsPdsc:258 - Board STM32H7B3I-EVAL: unknown feature type=Meter, name=, username=Power-metering and Temperature-monitoring with sigma-delta modulators, n=1
2024-08-22 03:34:20,219 [WARN] DbBoardsPdsc:258 - Board STM32H7B3I-EVAL: unknown feature type=Motor, name=, username=Motor Control, n=1
2024-08-22 03:34:20,243 [INFO] DbBoardsJson:85 - JSON generation date=Tue Nov 16 18:17:54 EET 2021 (1637079474)
2024-08-22 03:34:20,250 [INFO] DbBoards:117 - Found 166 boards (149 are supported by CubeMX)
2024-08-22 03:34:20,251 [INFO] DbBoardsDocs:145 - JSON generation date=Tue Nov 16 18:17:54 EET 2021 (1637079474)
2024-08-22 03:34:20,255 [INFO] DbBoardsDocs:81 - Found 209 boards documents
2024-08-22 03:34:20,256 [WARN] DbBoards:127 - board B-L475E-IOT01A2 has no document id list !
2024-08-22 03:34:20,257 [WARN] DbBoards:127 - board NUCLEO-H743ZI has no document id list !
2024-08-22 03:34:20,258 [WARN] DbBoards:127 - board P-NUCLEO-WB55-Nucleo has no document id list !
2024-08-22 03:34:20,258 [WARN] DbBoards:127 - board P-NUCLEO-WB55-USBDongle has no document id list !
2024-08-22 03:34:20,258 [WARN] DbBoards:127 - board STEVAL-BFA001V1B has no document id list !
2024-08-22 03:34:20,258 [WARN] DbBoards:127 - board STEVAL-BFA001V2B has no document id list !
2024-08-22 03:34:20,258 [WARN] DbBoards:127 - board STEVAL-IDP005V1 has no document id list !
2024-08-22 03:34:20,259 [WARN] DbBoards:127 - board STEVAL-IDP005V2 has no document id list !
2024-08-22 03:34:20,259 [WARN] DbBoards:127 - board STEVAL-MKSBOX1V1 has no document id list !
2024-08-22 03:34:20,259 [WARN] DbBoards:127 - board STEVAL-STWINKT1 has no document id list !
2024-08-22 03:34:20,259 [WARN] DbBoards:127 - board STEVAL-STWINKT1B has no document id list !
2024-08-22 03:34:20,259 [WARN] DbBoards:127 - board STM32439I-EVAL2 has no document id list !
2024-08-22 03:34:20,259 [WARN] DbBoards:127 - board STM32F401C-DISCO has no document id list !
2024-08-22 03:34:20,259 [WARN] DbBoards:127 - board STM32F769I-DISC1 has no document id list !
2024-08-22 03:34:20,260 [WARN] DbBoards:127 - board STM32G474E-EVAL1 has no document id list !
2024-08-22 03:34:20,260 [WARN] DbBoards:127 - board STM32H743I-EVAL2 has no document id list !
2024-08-22 03:34:20,260 [WARN] DbBoards:127 - board STM32H747I-DISC1 has no document id list !
2024-08-22 03:34:20,260 [WARN] DbBoards:127 - board STM32H753I-EVAL2 has no document id list !
2024-08-22 03:34:20,260 [WARN] DbBoards:127 - board STM32L-DISCOVERY has no document id list !
2024-08-22 03:34:20,393 [ERROR] DbBoards:189 - Image file not found for board B-L462E-CELL1: E:\Embedded System\Unit3\Setup\STM32CubeIDE_1.4.0\STM32CubeIDE\plugins\com.st.stm32cube.common.mx_6.0.0.202007160824\\db\/plugins/mcufinder/images/boards/B-L462E-CELL1_small.jpg
2024-08-22 03:34:20,439 [ERROR] DbBoards:189 - Image file not found for board B-U585I-IOT02A: E:\Embedded System\Unit3\Setup\STM32CubeIDE_1.4.0\STM32CubeIDE\plugins\com.st.stm32cube.common.mx_6.0.0.202007160824\\db\/plugins/mcufinder/images/boards/B-U585I-IOT02A_small.jpg
2024-08-22 03:34:20,535 [ERROR] DbBoards:189 - Image file not found for board NUCLEO-F413ZH: E:\Embedded System\Unit3\Setup\STM32CubeIDE_1.4.0\STM32CubeIDE\plugins\com.st.stm32cube.common.mx_6.0.0.202007160824\\db\/plugins/mcufinder/images/boards/nucleo-f413zh_small.jpg
2024-08-22 03:34:20,670 [ERROR] DbBoards:189 - Image file not found for board NUCLEO-L552ZE-Q: E:\Embedded System\Unit3\Setup\STM32CubeIDE_1.4.0\STM32CubeIDE\plugins\com.st.stm32cube.common.mx_6.0.0.202007160824\\db\/plugins/mcufinder/images/boards/nucleo_l552ze_q_small.jpg
2024-08-22 03:34:20,671 [ERROR] DbBoards:189 - Image file not found for board NUCLEO-U575ZI-Q: E:\Embedded System\Unit3\Setup\STM32CubeIDE_1.4.0\STM32CubeIDE\plugins\com.st.stm32cube.common.mx_6.0.0.202007160824\\db\/plugins/mcufinder/images/boards/nucleo-u575zi-q_small.jpg
2024-08-22 03:34:20,671 [ERROR] DbBoards:189 - Image file not found for board NUCLEO-WB15CC: E:\Embedded System\Unit3\Setup\STM32CubeIDE_1.4.0\STM32CubeIDE\plugins\com.st.stm32cube.common.mx_6.0.0.202007160824\\db\/plugins/mcufinder/images/boards/nucleo-wb15cc_small.jpg
2024-08-22 03:34:20,671 [ERROR] DbBoards:189 - Image file not found for board NUCLEO-WB55RG: E:\Embedded System\Unit3\Setup\STM32CubeIDE_1.4.0\STM32CubeIDE\plugins\com.st.stm32cube.common.mx_6.0.0.202007160824\\db\/plugins/mcufinder/images/boards/nucleo-wb55rg_small.jpg
2024-08-22 03:34:20,671 [ERROR] DbBoards:189 - Image file not found for board NUCLEO-WL55JC: E:\Embedded System\Unit3\Setup\STM32CubeIDE_1.4.0\STM32CubeIDE\plugins\com.st.stm32cube.common.mx_6.0.0.202007160824\\db\/plugins/mcufinder/images/boards/nucleo-wl55jc-small.jpg
2024-08-22 03:34:20,889 [ERROR] DbBoards:189 - Image file not found for board STEVAL-STWINKT1B: E:\Embedded System\Unit3\Setup\STM32CubeIDE_1.4.0\STM32CubeIDE\plugins\com.st.stm32cube.common.mx_6.0.0.202007160824\\db\/plugins/mcufinder/images/boards/steval-stwinkt1b_small.jpg
2024-08-22 03:34:21,251 [ERROR] DbBoards:189 - Image file not found for board STM32G0C1E-EV: E:\Embedded System\Unit3\Setup\STM32CubeIDE_1.4.0\STM32CubeIDE\plugins\com.st.stm32cube.common.mx_6.0.0.202007160824\\db\/plugins/mcufinder/images/boards/stm32g0c1e-eval_small.jpg
2024-08-22 03:34:21,376 [ERROR] DbBoards:189 - Image file not found for board STM32H7B3I-EVAL: E:\Embedded System\Unit3\Setup\STM32CubeIDE_1.4.0\STM32CubeIDE\plugins\com.st.stm32cube.common.mx_6.0.0.202007160824\\db\/plugins/mcufinder/images/boards/stm32h7b3ieval_small.jpg
2024-08-22 03:34:21,568 [ERROR] DbBoards:189 - Image file not found for board STM32U575I-EV: E:\Embedded System\Unit3\Setup\STM32CubeIDE_1.4.0\STM32CubeIDE\plugins\com.st.stm32cube.common.mx_6.0.0.202007160824\\db\/plugins/mcufinder/images/boards/stm32u575i-ev_small.jpg
2024-08-22 03:34:21,591 [ERROR] DbBoards:189 - Image file not found for board STM32WB5MM-DK: E:\Embedded System\Unit3\Setup\STM32CubeIDE_1.4.0\STM32CubeIDE\plugins\com.st.stm32cube.common.mx_6.0.0.202007160824\\db\/plugins/mcufinder/images/boards/STM32WB5MM-DK_small.jpg
2024-08-22 03:34:21,592 [INFO] ApiDb:201 - Load user favorites file C:\Users\HP/.stm32cubemx/favorites.boards.txt: 0 item(s)
2024-08-22 03:34:21,592 [INFO] ApiDb:205 - User favorites Boards=[]
2024-08-22 03:34:21,592 [INFO] DbBoards:206 - Set 0 / 0 favorites Boards
2024-08-22 03:34:21,594 [INFO] DbBoardsDocs:81 - Found 418 boards documents
2024-08-22 03:34:21,595 [INFO] ApiDb:226 - Save user favorites file C:\Users\HP/.stm32cubemx/favorites.boards.txt: 0 item(s)
2024-08-22 03:34:21,595 [INFO] ApiDb:230 - User favorites Boards=[]
2024-08-22 03:34:21,596 [INFO] DbBoardsPdsc:94 - Found 23 items
2024-08-22 03:34:21,597 [INFO] DbBoardsPdsc:94 - Found 9 items
2024-08-22 03:34:21,598 [INFO] DbBoardsPdsc:94 - Found 29 items
2024-08-22 03:34:21,599 [INFO] DbBoardsPdsc:94 - Found 1 items
2024-08-22 03:34:21,601 [INFO] DbBoardsPdsc:94 - Found 44 items
2024-08-22 03:34:21,604 [INFO] DbBoardsPdsc:94 - Found 40 items
2024-08-22 03:34:21,604 [INFO] DbBoardsPdsc:94 - Found 2 items
2024-08-22 03:34:21,605 [INFO] DbBoardsPdsc:94 - Found 4 items
2024-08-22 03:34:21,607 [WARN] DbBoardsPdsc:258 - Board STM32H7B3I-DK: unknown feature type=Audio, name=, username=Audio stereo codec with Headphone Amp (CS42L51-CNZ), n=1
2024-08-22 03:34:21,608 [WARN] DbBoardsPdsc:258 - Board STM32H735G-DK: unknown feature type=Audio, name=, username=Audio stereo codec with Headphone Amp (WM8994ECS/R), n=1
2024-08-22 03:34:21,609 [WARN] DbBoardsPdsc:258 - Board STM32H7B3I-EVAL: unknown feature type=Audio, name=, username=Multi-Channel Audio Codec (CS42L51-CNZ), n=1
2024-08-22 03:34:21,609 [WARN] DbBoardsPdsc:258 - Board STM32H7B3I-EVAL: unknown feature type=Meter, name=, username=Power-metering and Temperature-monitoring with sigma-delta modulators, n=1
2024-08-22 03:34:21,609 [WARN] DbBoardsPdsc:258 - Board STM32H7B3I-EVAL: unknown feature type=Motor, name=, username=Motor Control, n=1
2024-08-22 03:34:21,616 [INFO] DbBoardsJson:85 - JSON generation date=Tue Nov 16 18:17:54 EET 2021 (1637079474)
2024-08-22 03:34:21,619 [INFO] DbBoards:117 - Found 166 boards (149 are supported by CubeMX)
2024-08-22 03:34:21,620 [WARN] DbBoards:127 - board B-L475E-IOT01A2 has no document id list !
2024-08-22 03:34:21,620 [WARN] DbBoards:127 - board NUCLEO-H743ZI has no document id list !
2024-08-22 03:34:21,620 [WARN] DbBoards:127 - board P-NUCLEO-WB55-Nucleo has no document id list !
2024-08-22 03:34:21,620 [WARN] DbBoards:127 - board P-NUCLEO-WB55-USBDongle has no document id list !
2024-08-22 03:34:21,620 [WARN] DbBoards:127 - board STEVAL-BFA001V1B has no document id list !
2024-08-22 03:34:21,620 [WARN] DbBoards:127 - board STEVAL-BFA001V2B has no document id list !
2024-08-22 03:34:21,620 [WARN] DbBoards:127 - board STEVAL-IDP005V1 has no document id list !
2024-08-22 03:34:21,620 [WARN] DbBoards:127 - board STEVAL-IDP005V2 has no document id list !
2024-08-22 03:34:21,620 [WARN] DbBoards:127 - board STEVAL-MKSBOX1V1 has no document id list !
2024-08-22 03:34:21,620 [WARN] DbBoards:127 - board STEVAL-STWINKT1 has no document id list !
2024-08-22 03:34:21,620 [WARN] DbBoards:127 - board STEVAL-STWINKT1B has no document id list !
2024-08-22 03:34:21,621 [WARN] DbBoards:127 - board STM32439I-EVAL2 has no document id list !
2024-08-22 03:34:21,621 [WARN] DbBoards:127 - board STM32F401C-DISCO has no document id list !
2024-08-22 03:34:21,621 [WARN] DbBoards:127 - board STM32F769I-DISC1 has no document id list !
2024-08-22 03:34:21,621 [WARN] DbBoards:127 - board STM32G474E-EVAL1 has no document id list !
2024-08-22 03:34:21,621 [WARN] DbBoards:127 - board STM32H743I-EVAL2 has no document id list !
2024-08-22 03:34:21,621 [WARN] DbBoards:127 - board STM32H747I-DISC1 has no document id list !
2024-08-22 03:34:21,621 [WARN] DbBoards:127 - board STM32H753I-EVAL2 has no document id list !
2024-08-22 03:34:21,621 [WARN] DbBoards:127 - board STM32L-DISCOVERY has no document id list !
2024-08-22 03:34:21,643 [ERROR] DbBoards:189 - Image file not found for board B-L462E-CELL1: E:\Embedded System\Unit3\Setup\STM32CubeIDE_1.4.0\STM32CubeIDE\plugins\com.st.stm32cube.common.mx_6.0.0.202007160824\\db\/plugins/mcufinder/images/boards/B-L462E-CELL1_small.jpg
2024-08-22 03:34:21,664 [ERROR] DbBoards:189 - Image file not found for board B-U585I-IOT02A: E:\Embedded System\Unit3\Setup\STM32CubeIDE_1.4.0\STM32CubeIDE\plugins\com.st.stm32cube.common.mx_6.0.0.202007160824\\db\/plugins/mcufinder/images/boards/B-U585I-IOT02A_small.jpg
2024-08-22 03:34:21,712 [ERROR] DbBoards:189 - Image file not found for board NUCLEO-F413ZH: E:\Embedded System\Unit3\Setup\STM32CubeIDE_1.4.0\STM32CubeIDE\plugins\com.st.stm32cube.common.mx_6.0.0.202007160824\\db\/plugins/mcufinder/images/boards/nucleo-f413zh_small.jpg
2024-08-22 03:34:21,811 [ERROR] DbBoards:189 - Image file not found for board NUCLEO-L552ZE-Q: E:\Embedded System\Unit3\Setup\STM32CubeIDE_1.4.0\STM32CubeIDE\plugins\com.st.stm32cube.common.mx_6.0.0.202007160824\\db\/plugins/mcufinder/images/boards/nucleo_l552ze_q_small.jpg
2024-08-22 03:34:21,811 [ERROR] DbBoards:189 - Image file not found for board NUCLEO-U575ZI-Q: E:\Embedded System\Unit3\Setup\STM32CubeIDE_1.4.0\STM32CubeIDE\plugins\com.st.stm32cube.common.mx_6.0.0.202007160824\\db\/plugins/mcufinder/images/boards/nucleo-u575zi-q_small.jpg
2024-08-22 03:34:21,812 [ERROR] DbBoards:189 - Image file not found for board NUCLEO-WB15CC: E:\Embedded System\Unit3\Setup\STM32CubeIDE_1.4.0\STM32CubeIDE\plugins\com.st.stm32cube.common.mx_6.0.0.202007160824\\db\/plugins/mcufinder/images/boards/nucleo-wb15cc_small.jpg
2024-08-22 03:34:21,812 [ERROR] DbBoards:189 - Image file not found for board NUCLEO-WB55RG: E:\Embedded System\Unit3\Setup\STM32CubeIDE_1.4.0\STM32CubeIDE\plugins\com.st.stm32cube.common.mx_6.0.0.202007160824\\db\/plugins/mcufinder/images/boards/nucleo-wb55rg_small.jpg
2024-08-22 03:34:21,812 [ERROR] DbBoards:189 - Image file not found for board NUCLEO-WL55JC: E:\Embedded System\Unit3\Setup\STM32CubeIDE_1.4.0\STM32CubeIDE\plugins\com.st.stm32cube.common.mx_6.0.0.202007160824\\db\/plugins/mcufinder/images/boards/nucleo-wl55jc-small.jpg
2024-08-22 03:34:21,880 [ERROR] DbBoards:189 - Image file not found for board STEVAL-STWINKT1B: E:\Embedded System\Unit3\Setup\STM32CubeIDE_1.4.0\STM32CubeIDE\plugins\com.st.stm32cube.common.mx_6.0.0.202007160824\\db\/plugins/mcufinder/images/boards/steval-stwinkt1b_small.jpg
2024-08-22 03:34:22,008 [ERROR] DbBoards:189 - Image file not found for board STM32G0C1E-EV: E:\Embedded System\Unit3\Setup\STM32CubeIDE_1.4.0\STM32CubeIDE\plugins\com.st.stm32cube.common.mx_6.0.0.202007160824\\db\/plugins/mcufinder/images/boards/stm32g0c1e-eval_small.jpg
2024-08-22 03:34:22,053 [ERROR] DbBoards:189 - Image file not found for board STM32H7B3I-EVAL: E:\Embedded System\Unit3\Setup\STM32CubeIDE_1.4.0\STM32CubeIDE\plugins\com.st.stm32cube.common.mx_6.0.0.202007160824\\db\/plugins/mcufinder/images/boards/stm32h7b3ieval_small.jpg
2024-08-22 03:34:22,139 [ERROR] DbBoards:189 - Image file not found for board STM32U575I-EV: E:\Embedded System\Unit3\Setup\STM32CubeIDE_1.4.0\STM32CubeIDE\plugins\com.st.stm32cube.common.mx_6.0.0.202007160824\\db\/plugins/mcufinder/images/boards/stm32u575i-ev_small.jpg
2024-08-22 03:34:22,150 [ERROR] DbBoards:189 - Image file not found for board STM32WB5MM-DK: E:\Embedded System\Unit3\Setup\STM32CubeIDE_1.4.0\STM32CubeIDE\plugins\com.st.stm32cube.common.mx_6.0.0.202007160824\\db\/plugins/mcufinder/images/boards/STM32WB5MM-DK_small.jpg
2024-08-22 03:34:22,151 [INFO] ApiDb:201 - Load user favorites file C:\Users\HP/.stm32cubemx/favorites.boards.txt: 0 item(s)
2024-08-22 03:34:22,151 [INFO] ApiDb:205 - User favorites Boards=[]
2024-08-22 03:34:22,151 [INFO] DbBoards:206 - Set 0 / 0 favorites Boards
2024-08-22 03:34:22,374 [INFO] DbExamplesSqlite:156 - SQLite db open (C:\Users\HP\.stmcufinder\plugins\mcufinder\mcu\cube-finder-db.db)
2024-08-22 03:34:23,151 [INFO] DbExamplesSqlite:447 - Ignored 0 examples not supported by CubeIDE
2024-08-22 03:34:23,151 [INFO] DbExamplesSqlite:448 - Found 8608 examples active
2024-08-22 03:34:23,151 [INFO] DbExamplesSqlite:449 - Found 0 examples obsolete
2024-08-22 03:34:23,151 [INFO] DbExamplesSqlite:450 - Found 0 examples under development
2024-08-22 03:34:23,151 [INFO] DbExamplesSqlite:451 - Found 10 examples not building
2024-08-22 03:34:23,229 [INFO] DbExamplesSqlite:130 - SQLite Data Model version=2.1
2024-08-22 03:34:23,229 [INFO] DbExamplesSqlite:131 - SQLite Configuration version=3.0.39
2024-08-22 03:34:23,229 [INFO] DbExamplesSqlite:132 - SQLite generation date=2024-08-06 (1722941618)
2024-08-22 03:34:23,229 [INFO] DbExamplesSqlite:133 - SQLite FW Pack versions=[FP-ATR-ASTRA1_V2.0.0, FP-SNS-FLIGHT1_V5.0.2, FP-SNS-MOTENV1_V5.0.0, FP-SNS-MOTENVWB1_V1.4.0, FP-SNS-SMARTAG2_V1.2.0, FP-SNS-STBOX1_V2.0.0, STM32Cube_FW_C0_V1.2.0, STM32Cube_FW_F4_V1.28.0, STM32Cube_FW_F7_V1.17.2, STM32Cube_FW_G0_V1.6.2, STM32Cube_FW_G4_V1.6.0, STM32Cube_FW_H5_V1.3.0, STM32Cube_FW_H7RS_V1.1.0, STM32Cube_FW_H7_V1.11.2, STM32Cube_FW_L0_V1.12.2, STM32Cube_FW_L5_V1.5.1, STM32Cube_FW_U0_V1.1.0, STM32Cube_FW_U5_V1.6.0, STM32Cube_FW_WB0_V1.0.0, STM32Cube_FW_WBA_V1.4.1, STM32Cube_FW_WB_V1.20.0, STM32Cube_FW_WL_V1.3.0, X-CUBE-ALGOBUILD_V1.4.0, X-CUBE-ALS_V1.0.2, X-CUBE-AZRTOS-F4_V1.1.0, X-CUBE-AZRTOS-F7_V1.1.0, X-CUBE-AZRTOS-G0_V1.1.0, X-CUBE-AZRTOS-G4_V2.0.0, X-CUBE-AZRTOS-H7RS_V1.0.0, X-CUBE-AZRTOS-H7_V3.2.0, X-CUBE-AZRTOS-L4_V2.0.0, X-CUBE-AZRTOS-L5_V1.1.0, X-CUBE-AZRTOS-WB_V2.0.0, X-CUBE-AZRTOS-WL_V2.0.0, X-CUBE-BLE1_V7.0.0, X-CUBE-BLE2_V3.3.0, X-CUBE-BLEMGR_V3.1.0, X-CUBE-EEPRMA1_V5.1.0, X-CUBE-FREERTOS_V1.2.0, X-CUBE-GNSS1_V6.0.0, X-CUBE-MEMS1_V10.0.0, X-CUBE-NFC4_V3.0.0, X-CUBE-NFC7_V1.0.1, X-CUBE-SFXS2LP1_V4.0.0, X-CUBE-SUBG2_V5.0.0, X-CUBE-TOF1_V3.4.2]
2024-08-22 03:34:23,230 [INFO] DbExamples:123 - Found 8618 examples
2024-08-22 03:34:23,625 [ERROR] DbExamples:199 - Found 8618 examples with invalid data (board or MCU)
2024-08-22 03:34:23,625 [INFO] DbExamples:215 - Found 78 boards with related examples
2024-08-22 03:34:23,626 [INFO] DbExamples:228 - Found 0 MCUs with related examples
2024-08-22 03:34:23,642 [INFO] ApiDb:192 - User favorites file not found: C:\Users\HP/.stm32cubemx/favorites.examples.txt
2024-08-22 03:34:23,642 [INFO] DbExamples:249 - Set 0 / 0 favorites Examples
2024-08-22 03:34:23,922 [INFO] McuFinderGlobals:40 - Set McuFinder mode to 2 (CubeIDE integrated)
2024-08-22 03:34:24,108 [INFO] CrossSelectorPresenter:1330 - Cross Selector saved comparison directory: C:\Users\HP\.stmcufinder\plugins\mcufinder\mcu\cs_comparisons_mx
2024-08-22 03:34:24,113 [INFO] MultiScanPanel:193 - Auto-refresh data requested => check proxy status ongoing
2024-08-22 03:34:24,116 [INFO] FinderPluginLoader:87 - Searching for filters in installed packs
2024-08-22 03:34:24,636 [INFO] LoadUrlFilesThread:162 - End of LoadServerUrlFiles without Thread
2024-08-22 03:34:24,667 [INFO] DetailPanel:331 - Set advertising image to C:/Users/HP/STM32Cube/Repository/\stm32cubemx-promo_image.jpg
2024-08-22 03:34:25,028 [INFO] McuFilterPanel:245 - Update 0 favorites MCUs
2024-08-22 03:35:06,074 [INFO] LogOutputStream:76 - [STDOUT_REDIRECT] withoutVersionV1.8.4
2024-08-22 03:35:06,074 [INFO] LogOutputStream:76 - [STDOUT_REDIRECT] withoutVersionV1.8.3
2024-08-22 03:35:06,075 [INFO] LogOutputStream:76 - [STDOUT_REDIRECT] withoutVersionV1.8.2
2024-08-22 03:35:06,075 [INFO] LogOutputStream:76 - [STDOUT_REDIRECT] withoutVersionV1.8.1
2024-08-22 03:35:06,075 [INFO] LogOutputStream:76 - [STDOUT_REDIRECT] withoutVersionV1.8.0
2024-08-22 03:35:14,468 [ERROR] LogOutputStream:74 - [STDERR_REDIRECT] [Fatal Error] :1:1: Premature end of file.
2024-08-22 03:35:14,469 [ERROR] LogOutputStream:74 - [STDERR_REDIRECT] 
2024-08-22 03:35:14,492 [INFO] ApiDb:226 - Save user favorites file C:\Users\HP/.stm32cubeide/favorites.mcus.txt: 0 item(s)
2024-08-22 03:35:14,493 [INFO] ApiDb:230 - User favorites MCUs=[]
2024-08-22 03:35:15,682 [ERROR] LogOutputStream:74 - [STDERR_REDIRECT] [Fatal Error] :1:1: Premature end of file.
2024-08-22 03:35:15,682 [ERROR] LogOutputStream:74 - [STDERR_REDIRECT] 
2024-08-22 03:35:15,774 [ERROR] LogOutputStream:74 - [STDERR_REDIRECT] [Fatal Error] :1:1: Premature end of file.
2024-08-22 03:35:15,774 [ERROR] LogOutputStream:74 - [STDERR_REDIRECT] 
2024-08-22 03:35:15,871 [ERROR] LogOutputStream:74 - [STDERR_REDIRECT] [Fatal Error] :1:1: Premature end of file.
2024-08-22 03:35:15,871 [ERROR] LogOutputStream:74 - [STDERR_REDIRECT] 
2024-08-22 03:35:15,963 [ERROR] LogOutputStream:74 - [STDERR_REDIRECT] [Fatal Error] :1:1: Premature end of file.
2024-08-22 03:35:15,964 [ERROR] LogOutputStream:74 - [STDERR_REDIRECT] 
2024-08-22 03:35:16,056 [ERROR] LogOutputStream:74 - [STDERR_REDIRECT] [Fatal Error] :1:1: Premature end of file.
2024-08-22 03:35:16,056 [ERROR] LogOutputStream:74 - [STDERR_REDIRECT] 
2024-08-22 03:35:16,151 [ERROR] LogOutputStream:74 - [STDERR_REDIRECT] [Fatal Error] :1:1: Premature end of file.
2024-08-22 03:35:16,151 [ERROR] LogOutputStream:74 - [STDERR_REDIRECT] 
2024-08-22 03:35:16,246 [ERROR] LogOutputStream:74 - [STDERR_REDIRECT] [Fatal Error] :1:1: Premature end of file.
2024-08-22 03:35:16,246 [ERROR] LogOutputStream:74 - [STDERR_REDIRECT] 
2024-08-22 03:35:16,338 [ERROR] LogOutputStream:74 - [STDERR_REDIRECT] [Fatal Error] :1:1: Premature end of file.
2024-08-22 03:35:16,338 [ERROR] LogOutputStream:74 - [STDERR_REDIRECT] 
2024-08-22 03:35:16,540 [ERROR] LogOutputStream:74 - [STDERR_REDIRECT] [Fatal Error] :1:1: Premature end of file.
2024-08-22 03:35:16,540 [ERROR] LogOutputStream:74 - [STDERR_REDIRECT] 
2024-08-22 03:35:16,633 [ERROR] LogOutputStream:74 - [STDERR_REDIRECT] [Fatal Error] :1:1: Premature end of file.
2024-08-22 03:35:16,633 [ERROR] LogOutputStream:74 - [STDERR_REDIRECT] 
2024-08-22 03:35:16,725 [ERROR] LogOutputStream:74 - [STDERR_REDIRECT] [Fatal Error] :1:1: Premature end of file.
2024-08-22 03:35:16,727 [ERROR] LogOutputStream:74 - [STDERR_REDIRECT] 
2024-08-22 03:35:56,721 [ERROR] LogOutputStream:74 - [STDERR_REDIRECT] [Fatal Error] :1:1: Premature end of file.
2024-08-22 03:35:56,721 [ERROR] LogOutputStream:74 - [STDERR_REDIRECT] 
2024-08-22 03:35:56,821 [ERROR] LogOutputStream:74 - [STDERR_REDIRECT] [Fatal Error] :1:1: Premature end of file.
2024-08-22 03:35:56,821 [ERROR] LogOutputStream:74 - [STDERR_REDIRECT] 
2024-08-22 03:35:56,915 [ERROR] LogOutputStream:74 - [STDERR_REDIRECT] [Fatal Error] :1:1: Premature end of file.
2024-08-22 03:35:56,915 [ERROR] LogOutputStream:74 - [STDERR_REDIRECT] 
2024-08-22 03:40:40,369 [INFO] MainUpdater:2268 - connection check result : 10
2024-08-22 03:40:40,559 [INFO] McuFinderGlobals:40 - Set McuFinder mode to 2 (CubeIDE integrated)
2024-08-22 03:40:40,573 [INFO] CrossSelectorPresenter:1330 - Cross Selector saved comparison directory: C:\Users\HP\.stmcufinder\plugins\mcufinder\mcu\cs_comparisons_mx
2024-08-22 03:40:40,575 [INFO] MultiScanPanel:193 - Auto-refresh data requested => check proxy status ongoing
2024-08-22 03:40:40,575 [INFO] FinderPluginLoader:87 - Searching for filters in installed packs
2024-08-22 03:40:40,762 [INFO] LoadUrlFilesThread:162 - End of LoadServerUrlFiles without Thread
2024-08-22 03:40:40,763 [INFO] DetailPanel:331 - Set advertising image to C:/Users/HP/STM32Cube/Repository/\stm32cubemx-promo_image.jpg
2024-08-22 03:40:40,930 [INFO] McuFilterPanel:245 - Update 0 favorites MCUs
2024-08-22 03:41:16,341 [INFO] LogOutputStream:76 - [STDOUT_REDIRECT] withoutVersionV1.8.4
2024-08-22 03:41:16,342 [INFO] LogOutputStream:76 - [STDOUT_REDIRECT] withoutVersionV1.8.3
2024-08-22 03:41:16,343 [INFO] LogOutputStream:76 - [STDOUT_REDIRECT] withoutVersionV1.8.2
2024-08-22 03:41:16,343 [INFO] LogOutputStream:76 - [STDOUT_REDIRECT] withoutVersionV1.8.1
2024-08-22 03:41:16,344 [INFO] LogOutputStream:76 - [STDOUT_REDIRECT] withoutVersionV1.8.0
2024-08-22 03:41:19,620 [INFO] ApiDb:226 - Save user favorites file C:\Users\HP/.stm32cubeide/favorites.mcus.txt: 0 item(s)
2024-08-22 03:41:19,620 [INFO] ApiDb:230 - User favorites MCUs=[]
2024-08-22 03:41:20,798 [ERROR] LogOutputStream:74 - [STDERR_REDIRECT] [Fatal Error] :1:1: Premature end of file.
2024-08-22 03:41:20,798 [ERROR] LogOutputStream:74 - [STDERR_REDIRECT] 
2024-08-22 03:41:20,882 [ERROR] LogOutputStream:74 - [STDERR_REDIRECT] [Fatal Error] :1:1: Premature end of file.
2024-08-22 03:41:20,883 [ERROR] LogOutputStream:74 - [STDERR_REDIRECT] 
2024-08-22 03:41:20,968 [ERROR] LogOutputStream:74 - [STDERR_REDIRECT] [Fatal Error] :1:1: Premature end of file.
2024-08-22 03:41:20,968 [ERROR] LogOutputStream:74 - [STDERR_REDIRECT] 
2024-08-22 03:54:21,563 [ERROR] LogOutputStream:74 - [STDERR_REDIRECT] [Fatal Error] :1:1: Premature end of file.
2024-08-22 03:54:21,564 [ERROR] LogOutputStream:74 - [STDERR_REDIRECT] 
2024-08-22 03:54:21,661 [ERROR] LogOutputStream:74 - [STDERR_REDIRECT] [Fatal Error] :1:1: Premature end of file.
2024-08-22 03:54:21,663 [ERROR] LogOutputStream:74 - [STDERR_REDIRECT] 
2024-08-22 03:54:21,763 [ERROR] LogOutputStream:74 - [STDERR_REDIRECT] [Fatal Error] :1:1: Premature end of file.
2024-08-22 03:54:21,765 [ERROR] LogOutputStream:74 - [STDERR_REDIRECT] 
2024-08-22 11:51:27,390 [INFO] Activator:178 - 


2024-08-22 11:51:27,446 [INFO] Activator:179 - !SESSION log4j initialized
2024-08-22 11:51:41,316 [ERROR] LogOutputStream:74 - [STDERR_REDIRECT] [Fatal Error] :1:1: Premature end of file.
2024-08-22 11:51:41,318 [ERROR] LogOutputStream:74 - [STDERR_REDIRECT] 
2024-08-22 11:51:41,573 [ERROR] LogOutputStream:74 - [STDERR_REDIRECT] [Fatal Error] :1:1: Premature end of file.
2024-08-22 11:51:41,575 [ERROR] LogOutputStream:74 - [STDERR_REDIRECT] 
2024-08-22 11:51:41,785 [ERROR] LogOutputStream:74 - [STDERR_REDIRECT] [Fatal Error] :1:1: Premature end of file.
2024-08-22 11:51:41,786 [ERROR] LogOutputStream:74 - [STDERR_REDIRECT] 
2024-08-22 12:02:30,729 [ERROR] LogOutputStream:74 - [STDERR_REDIRECT] [Fatal Error] :1:1: Premature end of file.
2024-08-22 12:02:30,731 [ERROR] LogOutputStream:74 - [STDERR_REDIRECT] 
2024-08-22 12:02:30,980 [ERROR] LogOutputStream:74 - [STDERR_REDIRECT] [Fatal Error] :1:1: Premature end of file.
2024-08-22 12:02:30,981 [ERROR] LogOutputStream:74 - [STDERR_REDIRECT] 
2024-08-22 12:02:31,117 [ERROR] LogOutputStream:74 - [STDERR_REDIRECT] [Fatal Error] :1:1: Premature end of file.
2024-08-22 12:02:31,117 [ERROR] LogOutputStream:74 - [STDERR_REDIRECT] 
2024-08-22 12:02:31,213 [ERROR] LogOutputStream:74 - [STDERR_REDIRECT] [Fatal Error] :1:1: Premature end of file.
2024-08-22 12:02:31,213 [ERROR] LogOutputStream:74 - [STDERR_REDIRECT] 
2024-08-22 12:02:31,309 [ERROR] LogOutputStream:74 - [STDERR_REDIRECT] [Fatal Error] :1:1: Premature end of file.
2024-08-22 12:02:31,310 [ERROR] LogOutputStream:74 - [STDERR_REDIRECT] 
2024-08-22 12:02:31,397 [ERROR] LogOutputStream:74 - [STDERR_REDIRECT] [Fatal Error] :1:1: Premature end of file.
2024-08-22 12:02:31,398 [ERROR] LogOutputStream:74 - [STDERR_REDIRECT] 
2024-08-22 12:02:31,487 [ERROR] LogOutputStream:74 - [STDERR_REDIRECT] [Fatal Error] :1:1: Premature end of file.
2024-08-22 12:02:31,489 [ERROR] LogOutputStream:74 - [STDERR_REDIRECT] 
2024-08-22 12:02:31,581 [ERROR] LogOutputStream:74 - [STDERR_REDIRECT] [Fatal Error] :1:1: Premature end of file.
2024-08-22 12:02:31,582 [ERROR] LogOutputStream:74 - [STDERR_REDIRECT] 
2024-08-22 12:02:31,677 [ERROR] LogOutputStream:74 - [STDERR_REDIRECT] [Fatal Error] :1:1: Premature end of file.
2024-08-22 12:02:31,678 [ERROR] LogOutputStream:74 - [STDERR_REDIRECT] 
2024-08-22 12:02:32,200 [ERROR] LogOutputStream:74 - [STDERR_REDIRECT] [Fatal Error] :1:1: Premature end of file.
2024-08-22 12:02:32,201 [ERROR] LogOutputStream:74 - [STDERR_REDIRECT] 
2024-08-22 12:02:32,290 [ERROR] LogOutputStream:74 - [STDERR_REDIRECT] [Fatal Error] :1:1: Premature end of file.
2024-08-22 12:02:32,291 [ERROR] LogOutputStream:74 - [STDERR_REDIRECT] 
2024-08-22 12:02:32,381 [ERROR] LogOutputStream:74 - [STDERR_REDIRECT] [Fatal Error] :1:1: Premature end of file.
2024-08-22 12:02:32,382 [ERROR] LogOutputStream:74 - [STDERR_REDIRECT] 
2024-08-22 12:02:32,481 [ERROR] LogOutputStream:74 - [STDERR_REDIRECT] [Fatal Error] :1:1: Premature end of file.
2024-08-22 12:02:32,482 [ERROR] LogOutputStream:74 - [STDERR_REDIRECT] 
2024-08-22 12:02:32,568 [ERROR] LogOutputStream:74 - [STDERR_REDIRECT] [Fatal Error] :1:1: Premature end of file.
2024-08-22 12:02:32,569 [ERROR] LogOutputStream:74 - [STDERR_REDIRECT] 
2024-08-22 12:02:32,655 [ERROR] LogOutputStream:74 - [STDERR_REDIRECT] [Fatal Error] :1:1: Premature end of file.
2024-08-22 12:02:32,656 [ERROR] LogOutputStream:74 - [STDERR_REDIRECT] 
2024-08-22 12:34:59,223 [ERROR] LogOutputStream:74 - [STDERR_REDIRECT] [Fatal Error] :1:1: Premature end of file.
2024-08-22 12:34:59,224 [ERROR] LogOutputStream:74 - [STDERR_REDIRECT] 
2024-08-22 12:34:59,310 [ERROR] LogOutputStream:74 - [STDERR_REDIRECT] [Fatal Error] :1:1: Premature end of file.
2024-08-22 12:34:59,311 [ERROR] LogOutputStream:74 - [STDERR_REDIRECT] 
2024-08-22 12:34:59,404 [ERROR] LogOutputStream:74 - [STDERR_REDIRECT] [Fatal Error] :1:1: Premature end of file.
2024-08-22 12:34:59,405 [ERROR] LogOutputStream:74 - [STDERR_REDIRECT] 
2024-08-22 12:36:36,726 [ERROR] LogOutputStream:74 - [STDERR_REDIRECT] [Fatal Error] :1:1: Premature end of file.
2024-08-22 12:36:36,727 [ERROR] LogOutputStream:74 - [STDERR_REDIRECT] 
2024-08-22 12:36:36,812 [ERROR] LogOutputStream:74 - [STDERR_REDIRECT] [Fatal Error] :1:1: Premature end of file.
2024-08-22 12:36:36,813 [ERROR] LogOutputStream:74 - [STDERR_REDIRECT] 
2024-08-22 12:36:36,897 [ERROR] LogOutputStream:74 - [STDERR_REDIRECT] [Fatal Error] :1:1: Premature end of file.
2024-08-22 12:36:36,898 [ERROR] LogOutputStream:74 - [STDERR_REDIRECT] 
2024-08-22 16:41:48,098 [INFO] Activator:178 - 


2024-08-22 16:41:48,145 [INFO] Activator:179 - !SESSION log4j initialized
2024-08-22 16:42:02,154 [ERROR] LogOutputStream:74 - [STDERR_REDIRECT] [Fatal Error] :1:1: Premature end of file.
2024-08-22 16:42:02,156 [ERROR] LogOutputStream:74 - [STDERR_REDIRECT] 
2024-08-22 16:42:02,240 [ERROR] LogOutputStream:74 - [STDERR_REDIRECT] [Fatal Error] :1:1: Premature end of file.
2024-08-22 16:42:02,241 [ERROR] LogOutputStream:74 - [STDERR_REDIRECT] 
2024-08-22 16:42:02,321 [ERROR] LogOutputStream:74 - [STDERR_REDIRECT] [Fatal Error] :1:1: Premature end of file.
2024-08-22 16:42:02,321 [ERROR] LogOutputStream:74 - [STDERR_REDIRECT] 
2024-08-22 16:45:01,540 [INFO] ApplicationProperties:181 - Using Application install path: E:\Embedded System\Unit3\Setup\STM32CubeIDE_1.4.0\STM32CubeIDE\plugins\com.st.stm32cube.common.mx_6.0.0.202007160824
2024-08-22 16:45:01,609 [INFO] DbMcusXml:70 - Set database path to: E:\Embedded System\Unit3\Setup\STM32CubeIDE_1.4.0\STM32CubeIDE\plugins\com.st.stm32cube.common.mx_6.0.0.202007160824\\db\/mcu/
2024-08-22 16:45:01,622 [INFO] DbBoardsPdsc:56 - Set plugin database path to: E:\Embedded System\Unit3\Setup\STM32CubeIDE_1.4.0\STM32CubeIDE\plugins\com.st.stm32cube.common.mx_6.0.0.202007160824\\db\/plugins/boardmanager/
2024-08-22 16:45:01,623 [INFO] DbMcus:258 - Set plugin images path to: E:\Embedded System\Unit3\Setup\STM32CubeIDE_1.4.0\STM32CubeIDE\plugins\com.st.stm32cube.common.mx_6.0.0.202007160824\\db\/plugins/mcufinder/images/
2024-08-22 16:45:01,624 [INFO] DbBoards:264 - Set plugin images path to: E:\Embedded System\Unit3\Setup\STM32CubeIDE_1.4.0\STM32CubeIDE\plugins\com.st.stm32cube.common.mx_6.0.0.202007160824\\db\/plugins/mcufinder/images/
2024-08-22 16:45:01,632 [INFO] DbExamples:326 - Set plugin images path to: E:\Embedded System\Unit3\Setup\STM32CubeIDE_1.4.0\STM32CubeIDE\plugins\com.st.stm32cube.common.mx_6.0.0.202007160824\\db\/plugins/mcufinder/images/
2024-08-22 16:45:01,713 [INFO] DbMcusDocs:112 - Set database path to: C:\Users\HP\.stmcufinder\plugins\mcufinder//mcu/
2024-08-22 16:45:01,719 [INFO] DbMcusJson:63 - Set database path to: C:\Users\HP\.stmcufinder\plugins\mcufinder//mcu/
2024-08-22 16:45:01,722 [INFO] DbBoardsDocs:112 - Set database path to: C:\Users\HP\.stmcufinder\plugins\mcufinder//mcu/
2024-08-22 16:45:01,728 [INFO] DbBoardsJson:56 - Set database path to: C:\Users\HP\.stmcufinder\plugins\mcufinder//mcu/
2024-08-22 16:45:01,783 [INFO] CrossReferenceDbSqlite:196 - Set database path to: C:\Users\HP\.stmcufinder\plugins\mcufinder//mcu/cs/
2024-08-22 16:45:01,795 [INFO] DbExamplesSqlite:800 - Set database path to: C:\Users\HP\.stmcufinder\plugins\mcufinder//mcu/
2024-08-22 16:45:02,230 [INFO] RulesReader:52 - Compatibility file has been processed (209 Rules)
2024-08-22 16:45:02,473 [INFO] MicroXplorer:564 - Detected Java Version = 1.8.0_252
2024-08-22 16:45:02,474 [INFO] DbMcusXml:70 - Set database path to: E:\Embedded System\Unit3\Setup\STM32CubeIDE_1.4.0\STM32CubeIDE\plugins\com.st.stm32cube.common.mx_6.0.0.202007160824\\db\/mcu/
2024-08-22 16:45:02,474 [INFO] DbBoardsPdsc:56 - Set plugin database path to: E:\Embedded System\Unit3\Setup\STM32CubeIDE_1.4.0\STM32CubeIDE\plugins\com.st.stm32cube.common.mx_6.0.0.202007160824\\db\/plugins/boardmanager/
2024-08-22 16:45:02,475 [INFO] DbMcus:258 - Set plugin images path to: E:\Embedded System\Unit3\Setup\STM32CubeIDE_1.4.0\STM32CubeIDE\plugins\com.st.stm32cube.common.mx_6.0.0.202007160824\\db\/plugins/mcufinder/images/
2024-08-22 16:45:02,475 [INFO] DbBoards:264 - Set plugin images path to: E:\Embedded System\Unit3\Setup\STM32CubeIDE_1.4.0\STM32CubeIDE\plugins\com.st.stm32cube.common.mx_6.0.0.202007160824\\db\/plugins/mcufinder/images/
2024-08-22 16:45:02,475 [INFO] DbExamples:326 - Set plugin images path to: E:\Embedded System\Unit3\Setup\STM32CubeIDE_1.4.0\STM32CubeIDE\plugins\com.st.stm32cube.common.mx_6.0.0.202007160824\\db\/plugins/mcufinder/images/
2024-08-22 16:45:02,476 [WARN] DbFile:36 - Overriding database path with different value: C:\Users\HP\.stmcufinder\plugins\mcufinder/ => C:\Users\HP\.stmcufinder\plugins\mcufinder
2024-08-22 16:45:02,476 [INFO] DbMcusDocs:112 - Set database path to: C:\Users\HP\.stmcufinder\plugins\mcufinder//mcu/
2024-08-22 16:45:02,476 [WARN] DbFile:36 - Overriding database path with different value: C:\Users\HP\.stmcufinder\plugins\mcufinder/ => C:\Users\HP\.stmcufinder\plugins\mcufinder
2024-08-22 16:45:02,476 [INFO] DbMcusJson:63 - Set database path to: C:\Users\HP\.stmcufinder\plugins\mcufinder//mcu/
2024-08-22 16:45:02,476 [WARN] DbFile:36 - Overriding database path with different value: C:\Users\HP\.stmcufinder\plugins\mcufinder/ => C:\Users\HP\.stmcufinder\plugins\mcufinder
2024-08-22 16:45:02,476 [INFO] DbBoardsDocs:112 - Set database path to: C:\Users\HP\.stmcufinder\plugins\mcufinder//mcu/
2024-08-22 16:45:02,477 [WARN] DbFile:36 - Overriding database path with different value: C:\Users\HP\.stmcufinder\plugins\mcufinder/ => C:\Users\HP\.stmcufinder\plugins\mcufinder
2024-08-22 16:45:02,477 [INFO] DbBoardsJson:56 - Set database path to: C:\Users\HP\.stmcufinder\plugins\mcufinder//mcu/
2024-08-22 16:45:02,477 [WARN] DbFile:36 - Overriding database path with different value: C:\Users\HP\.stmcufinder\plugins\mcufinder/ => C:\Users\HP\.stmcufinder\plugins\mcufinder
2024-08-22 16:45:02,477 [WARN] DbFile:36 - Overriding database path with different value: C:\Users\HP\.stmcufinder\plugins\mcufinder/ => C:\Users\HP\.stmcufinder\plugins\mcufinder
2024-08-22 16:45:02,477 [INFO] CrossReferenceDbSqlite:196 - Set database path to: C:\Users\HP\.stmcufinder\plugins\mcufinder//mcu/cs/
2024-08-22 16:45:02,477 [WARN] DbFile:36 - Overriding database path with different value: C:\Users\HP\.stmcufinder\plugins\mcufinder/ => C:\Users\HP\.stmcufinder\plugins\mcufinder
2024-08-22 16:45:02,478 [INFO] DbExamplesSqlite:800 - Set database path to: C:\Users\HP\.stmcufinder\plugins\mcufinder//mcu/
2024-08-22 16:45:02,651 [INFO] MainPanel:189 - HeapMemory: 939524096
2024-08-22 16:45:02,902 [INFO] DbMcusXml:70 - Set database path to: E:\Embedded System\Unit3\Setup\STM32CubeIDE_1.4.0\STM32CubeIDE\plugins\com.st.stm32cube.common.mx_6.0.0.202007160824\\db\/mcu/
2024-08-22 16:45:02,902 [INFO] DbBoardsPdsc:56 - Set plugin database path to: E:\Embedded System\Unit3\Setup\STM32CubeIDE_1.4.0\STM32CubeIDE\plugins\com.st.stm32cube.common.mx_6.0.0.202007160824\\db\/plugins/boardmanager/
2024-08-22 16:45:02,903 [INFO] DbMcus:258 - Set plugin images path to: E:\Embedded System\Unit3\Setup\STM32CubeIDE_1.4.0\STM32CubeIDE\plugins\com.st.stm32cube.common.mx_6.0.0.202007160824\\db\/plugins/mcufinder/images/
2024-08-22 16:45:02,903 [INFO] DbBoards:264 - Set plugin images path to: E:\Embedded System\Unit3\Setup\STM32CubeIDE_1.4.0\STM32CubeIDE\plugins\com.st.stm32cube.common.mx_6.0.0.202007160824\\db\/plugins/mcufinder/images/
2024-08-22 16:45:02,903 [INFO] DbExamples:326 - Set plugin images path to: E:\Embedded System\Unit3\Setup\STM32CubeIDE_1.4.0\STM32CubeIDE\plugins\com.st.stm32cube.common.mx_6.0.0.202007160824\\db\/plugins/mcufinder/images/
2024-08-22 16:45:02,957 [WARN] DbFile:36 - Overriding database path with different value: C:\Users\HP\.stmcufinder\plugins\mcufinder/ => C:\Users\HP\.stmcufinder\plugins\mcufinder
2024-08-22 16:45:02,957 [INFO] DbMcusDocs:112 - Set database path to: C:\Users\HP\.stmcufinder\plugins\mcufinder//mcu/
2024-08-22 16:45:02,957 [WARN] DbFile:36 - Overriding database path with different value: C:\Users\HP\.stmcufinder\plugins\mcufinder/ => C:\Users\HP\.stmcufinder\plugins\mcufinder
2024-08-22 16:45:02,957 [INFO] DbMcusJson:63 - Set database path to: C:\Users\HP\.stmcufinder\plugins\mcufinder//mcu/
2024-08-22 16:45:02,957 [WARN] DbFile:36 - Overriding database path with different value: C:\Users\HP\.stmcufinder\plugins\mcufinder/ => C:\Users\HP\.stmcufinder\plugins\mcufinder
2024-08-22 16:45:02,958 [INFO] DbBoardsDocs:112 - Set database path to: C:\Users\HP\.stmcufinder\plugins\mcufinder//mcu/
2024-08-22 16:45:02,958 [WARN] DbFile:36 - Overriding database path with different value: C:\Users\HP\.stmcufinder\plugins\mcufinder/ => C:\Users\HP\.stmcufinder\plugins\mcufinder
2024-08-22 16:45:02,958 [INFO] DbBoardsJson:56 - Set database path to: C:\Users\HP\.stmcufinder\plugins\mcufinder//mcu/
2024-08-22 16:45:02,958 [WARN] DbFile:36 - Overriding database path with different value: C:\Users\HP\.stmcufinder\plugins\mcufinder/ => C:\Users\HP\.stmcufinder\plugins\mcufinder
2024-08-22 16:45:02,958 [WARN] DbFile:36 - Overriding database path with different value: C:\Users\HP\.stmcufinder\plugins\mcufinder/ => C:\Users\HP\.stmcufinder\plugins\mcufinder
2024-08-22 16:45:02,958 [INFO] CrossReferenceDbSqlite:196 - Set database path to: C:\Users\HP\.stmcufinder\plugins\mcufinder//mcu/cs/
2024-08-22 16:45:02,958 [WARN] DbFile:36 - Overriding database path with different value: C:\Users\HP\.stmcufinder\plugins\mcufinder/ => C:\Users\HP\.stmcufinder\plugins\mcufinder
2024-08-22 16:45:02,959 [INFO] DbExamplesSqlite:800 - Set database path to: C:\Users\HP\.stmcufinder\plugins\mcufinder//mcu/
2024-08-22 16:45:03,019 [INFO] ApplicationProperties:181 - Using Application install path: E:\Embedded System\Unit3\Setup\STM32CubeIDE_1.4.0\STM32CubeIDE\plugins\com.st.stm32cube.common.mx_6.0.0.202007160824
2024-08-22 16:45:03,021 [INFO] PluginManage:178 - Search for loadable plugins [exclusion list=, ]
2024-08-22 16:45:03,033 [INFO] PluginManage:292 - Check plugin analytics
2024-08-22 16:45:03,385 [INFO] AnalyticsPlugin:203 - Accepted Software Licenses: 
2024-08-22 16:45:03,386 [INFO] AnalyticsPlugin:205 - Accepted CMSIS Pack Licenses: 
2024-08-22 16:45:03,386 [INFO] AnalyticsPlugin:207 - Accepted Firmware Licenses: 
2024-08-22 16:45:03,387 [INFO] PluginManage:342 - Loaded plugin analytics (category:tool,tabindex:-1)
2024-08-22 16:45:03,387 [INFO] PluginManage:292 - Check plugin clock
2024-08-22 16:45:03,414 [INFO] PluginManage:342 - Loaded plugin clock (category:base,tabindex:2)
2024-08-22 16:45:03,414 [INFO] PluginManage:292 - Check plugin ddr
2024-08-22 16:45:03,430 [INFO] PluginManage:342 - Loaded plugin ddr (category:tool,tabindex:6)
2024-08-22 16:45:03,430 [INFO] PluginManage:292 - Check plugin filemanager
2024-08-22 16:45:03,619 [ERROR] LogOutputStream:74 - [STDERR_REDIRECT] [Fatal Error] :1:1: Premature end of file.
2024-08-22 16:45:03,622 [ERROR] LogOutputStream:74 - [STDERR_REDIRECT] 
2024-08-22 16:45:03,668 [INFO] PluginManage:342 - Loaded plugin filemanager (category:base,tabindex:10)
2024-08-22 16:45:03,670 [INFO] PluginManage:292 - Check plugin ipmanager
2024-08-22 16:45:03,706 [INFO] PluginManage:342 - Loaded plugin ipmanager (category:base,tabindex:5)
2024-08-22 16:45:03,707 [INFO] PluginManage:292 - Check plugin pinoutandconfiguration
2024-08-22 16:45:03,735 [ERROR] LogOutputStream:74 - [STDERR_REDIRECT] [Fatal Error] :1:1: Premature end of file.
2024-08-22 16:45:03,736 [ERROR] LogOutputStream:74 - [STDERR_REDIRECT] 
2024-08-22 16:45:03,740 [INFO] PluginManage:342 - Loaded plugin pinoutandconfiguration (category:base,tabindex:1)
2024-08-22 16:45:03,740 [INFO] PluginManage:292 - Check plugin pinoutconfig
2024-08-22 16:45:03,829 [INFO] PluginManage:342 - Loaded plugin pinoutconfig (category:base,tabindex:0)
2024-08-22 16:45:03,830 [INFO] PluginManage:292 - Check plugin power
2024-08-22 16:45:03,840 [ERROR] LogOutputStream:74 - [STDERR_REDIRECT] [Fatal Error] :1:1: Premature end of file.
2024-08-22 16:45:03,840 [ERROR] LogOutputStream:74 - [STDERR_REDIRECT] 
2024-08-22 16:45:03,888 [INFO] PluginManage:342 - Loaded plugin power (category:power,tabindex:4)
2024-08-22 16:45:03,898 [INFO] PluginManage:292 - Check plugin projectmanager
2024-08-22 16:45:03,959 [INFO] PluginManage:342 - Loaded plugin projectmanager (category:projectmanager,tabindex:3)
2024-08-22 16:45:03,960 [INFO] PluginManage:292 - Check plugin thirdparty
2024-08-22 16:45:04,182 [INFO] ThirdPartyDb:333 - Open Third Party DataBase File (C:/Users/HP/.stm32cubemx/plugins/thirdparty/db/thirdparties_db.xml) : 55 ms. number of Sw pack : 49
2024-08-22 16:45:04,188 [INFO] PluginManage:342 - Loaded plugin thirdparty (category:base,tabindex:-1)
2024-08-22 16:45:04,188 [INFO] PluginManage:292 - Check plugin tools
2024-08-22 16:45:04,210 [INFO] PluginManage:342 - Loaded plugin tools (category:base,tabindex:7)
2024-08-22 16:45:04,211 [INFO] PluginManage:292 - Check plugin tutovideos
2024-08-22 16:45:04,873 [INFO] PluginManage:342 - Loaded plugin tutovideos (category:base,tabindex:-1)
2024-08-22 16:45:04,873 [INFO] PluginManage:292 - Check plugin updater
2024-08-22 16:45:04,923 [INFO] PluginManage:342 - Loaded plugin updater (category:base,tabindex:12)
2024-08-22 16:45:04,923 [INFO] PluginManage:265 - PluginManage : Loaded plugins [13]
2024-08-22 16:45:05,246 [INFO] PinOutPanel:1418 - setPackage(No Configuration,No Configuration)
2024-08-22 16:45:05,435 [INFO] IPUIPlugin:64 - create IPUIPlugin
2024-08-22 16:45:05,435 [INFO] PluginManager:200 - loadIPPluginJar : add adc
2024-08-22 16:45:05,450 [INFO] IPUIPlugin:64 - create IPUIPlugin
2024-08-22 16:45:05,451 [INFO] PluginManager:200 - loadIPPluginJar : add aes
2024-08-22 16:45:05,479 [INFO] IPUIPlugin:64 - create IPUIPlugin
2024-08-22 16:45:05,479 [INFO] PluginManager:200 - loadIPPluginJar : add can
2024-08-22 16:45:05,481 [INFO] IPUIPlugin:64 - create IPUIPlugin
2024-08-22 16:45:05,481 [INFO] PluginManager:200 - loadIPPluginJar : add comp
2024-08-22 16:45:05,485 [INFO] IPUIPlugin:64 - create IPUIPlugin
2024-08-22 16:45:05,485 [INFO] PluginManager:200 - loadIPPluginJar : add cryp
2024-08-22 16:45:05,489 [INFO] IPUIPlugin:64 - create IPUIPlugin
2024-08-22 16:45:05,489 [INFO] PluginManager:200 - loadIPPluginJar : add dfsdm
2024-08-22 16:45:05,504 [INFO] IPUIPlugin:64 - create IPUIPlugin
2024-08-22 16:45:05,504 [INFO] PluginManager:200 - loadIPPluginJar : add dma
2024-08-22 16:45:05,508 [INFO] IPUIPlugin:64 - create IPUIPlugin
2024-08-22 16:45:05,508 [INFO] PluginManager:200 - loadIPPluginJar : add fatfs
2024-08-22 16:45:05,521 [INFO] IPUIPlugin:64 - create IPUIPlugin
2024-08-22 16:45:05,521 [INFO] PluginManager:200 - loadIPPluginJar : add fmc
2024-08-22 16:45:05,545 [INFO] IPUIPlugin:64 - create IPUIPlugin
2024-08-22 16:45:05,546 [INFO] PluginManager:200 - loadIPPluginJar : add freertos
2024-08-22 16:45:05,550 [INFO] IPUIPlugin:64 - create IPUIPlugin
2024-08-22 16:45:05,551 [INFO] PluginManager:200 - loadIPPluginJar : add genericplugin
2024-08-22 16:45:05,555 [INFO] IPUIPlugin:64 - create IPUIPlugin
2024-08-22 16:45:05,556 [INFO] PluginManager:200 - loadIPPluginJar : add gfxmmu
2024-08-22 16:45:05,572 [INFO] IPUIPlugin:64 - create IPUIPlugin
2024-08-22 16:45:05,573 [INFO] PluginManager:200 - loadIPPluginJar : add gic
2024-08-22 16:45:05,581 [INFO] IPUIPlugin:64 - create IPUIPlugin
2024-08-22 16:45:05,582 [INFO] PluginManager:200 - loadIPPluginJar : add gpio
2024-08-22 16:45:05,595 [INFO] IPUIPlugin:64 - create IPUIPlugin
2024-08-22 16:45:05,596 [INFO] PluginManager:200 - loadIPPluginJar : add gtzc
2024-08-22 16:45:05,601 [INFO] IPUIPlugin:64 - create IPUIPlugin
2024-08-22 16:45:05,601 [INFO] PluginManager:200 - loadIPPluginJar : add hash
2024-08-22 16:45:05,608 [INFO] IPUIPlugin:64 - create IPUIPlugin
2024-08-22 16:45:05,608 [INFO] PluginManager:200 - loadIPPluginJar : add i2c
2024-08-22 16:45:05,614 [INFO] IPUIPlugin:64 - create IPUIPlugin
2024-08-22 16:45:05,614 [INFO] PluginManager:200 - loadIPPluginJar : add i2s
2024-08-22 16:45:05,620 [INFO] IPUIPlugin:64 - create IPUIPlugin
2024-08-22 16:45:05,621 [INFO] PluginManager:200 - loadIPPluginJar : add ipddr
2024-08-22 16:45:05,637 [INFO] IPUIPlugin:64 - create IPUIPlugin
2024-08-22 16:45:05,638 [INFO] PluginManager:200 - loadIPPluginJar : add ltdc
2024-08-22 16:45:05,649 [INFO] IPUIPlugin:64 - create IPUIPlugin
2024-08-22 16:45:05,650 [INFO] PluginManager:200 - loadIPPluginJar : add mdma
2024-08-22 16:45:05,661 [INFO] IPUIPlugin:64 - create IPUIPlugin
2024-08-22 16:45:05,663 [INFO] PluginManager:200 - loadIPPluginJar : add nvic
2024-08-22 16:45:05,672 [INFO] IPUIPlugin:64 - create IPUIPlugin
2024-08-22 16:45:05,673 [INFO] PluginManager:200 - loadIPPluginJar : add opamp
2024-08-22 16:45:05,681 [INFO] IPUIPlugin:64 - create IPUIPlugin
2024-08-22 16:45:05,682 [INFO] PluginManager:200 - loadIPPluginJar : add openamp
2024-08-22 16:45:05,703 [INFO] IPUIPlugin:64 - create IPUIPlugin
2024-08-22 16:45:05,704 [INFO] PluginManager:200 - loadIPPluginJar : add pdm2pcm
2024-08-22 16:45:05,724 [INFO] IPUIPlugin:64 - create IPUIPlugin
2024-08-22 16:45:05,734 [INFO] PluginManager:200 - loadIPPluginJar : add plateformsettings
2024-08-22 16:45:05,742 [INFO] IPUIPlugin:64 - create IPUIPlugin
2024-08-22 16:45:05,743 [INFO] PluginManager:200 - loadIPPluginJar : add quadspi
2024-08-22 16:45:05,773 [INFO] IPUIPlugin:64 - create IPUIPlugin
2024-08-22 16:45:05,774 [INFO] PluginManager:200 - loadIPPluginJar : add resmgrutility
2024-08-22 16:45:05,784 [INFO] IPUIPlugin:64 - create IPUIPlugin
2024-08-22 16:45:05,785 [INFO] PluginManager:200 - loadIPPluginJar : add sai
2024-08-22 16:45:05,800 [INFO] IPUIPlugin:64 - create IPUIPlugin
2024-08-22 16:45:05,801 [INFO] PluginManager:200 - loadIPPluginJar : add spi
2024-08-22 16:45:05,815 [INFO] IPUIPlugin:64 - create IPUIPlugin
2024-08-22 16:45:05,816 [INFO] PluginManager:200 - loadIPPluginJar : add stm32_wpan
2024-08-22 16:45:05,823 [INFO] IPUIPlugin:64 - create IPUIPlugin
2024-08-22 16:45:05,824 [INFO] PluginManager:200 - loadIPPluginJar : add tim
2024-08-22 16:45:05,834 [INFO] IPUIPlugin:64 - create IPUIPlugin
2024-08-22 16:45:05,835 [INFO] PluginManager:200 - loadIPPluginJar : add touchsensing
2024-08-22 16:45:05,842 [INFO] IPUIPlugin:64 - create IPUIPlugin
2024-08-22 16:45:05,843 [INFO] PluginManager:200 - loadIPPluginJar : add tracer_emb
2024-08-22 16:45:05,852 [INFO] IPUIPlugin:64 - create IPUIPlugin
2024-08-22 16:45:05,853 [INFO] PluginManager:200 - loadIPPluginJar : add ts
2024-08-22 16:45:05,860 [INFO] IPUIPlugin:64 - create IPUIPlugin
2024-08-22 16:45:05,861 [INFO] PluginManager:200 - loadIPPluginJar : add tsc
2024-08-22 16:45:05,868 [INFO] IPUIPlugin:64 - create IPUIPlugin
2024-08-22 16:45:05,869 [INFO] PluginManager:200 - loadIPPluginJar : add ucpd
2024-08-22 16:45:05,877 [INFO] IPUIPlugin:64 - create IPUIPlugin
2024-08-22 16:45:05,878 [INFO] PluginManager:200 - loadIPPluginJar : add usart
2024-08-22 16:45:07,457 [INFO] CubeProgrammer:457 - [DDR PANEL] - PathOfProgrammer: null
2024-08-22 16:45:08,504 [FATAL] Updater:282 - Updater called before beeing initialized
2024-08-22 16:45:08,981 [FATAL] Updater:282 - Updater called before beeing initialized
2024-08-22 16:45:08,982 [WARN] ThirdParty:775 - waiting for thirdparty lock release [close project]
2024-08-22 16:45:08,983 [INFO] ThirdParty:777 - entering critical section [close project]
2024-08-22 16:45:08,985 [INFO] ThirdParty:790 - exiting critical section [close project]
2024-08-22 16:45:08,991 [INFO] PinOutPanel:1418 - setPackage(No Configuration,No Configuration)
2024-08-22 16:45:08,993 [FATAL] Updater:282 - Updater called before beeing initialized
2024-08-22 16:45:09,014 [ERROR] Updater:967 - MainUpdater not yet initialized. External WinMGr cannot be set.
2024-08-22 16:45:09,036 [INFO] CubeProgrammer:457 - [DDR PANEL] - PathOfProgrammer: E:\Embedded System\Unit3\Setup\STM32CubeIDE_1.4.0\STM32CubeIDE\plugins\com.st.stm32cube.ide.mcu.externaltools.cubeprogrammer.win32_1.4.0.202007081208\tools\bin
2024-08-22 16:45:09,049 [INFO] ProgrammerExecThread:148 - [ProgrammerAPI] CubeProgrammer command construction: E:\Embedded System\Unit3\Setup\STM32CubeIDE_1.4.0\STM32CubeIDE\plugins\com.st.stm32cube.ide.mcu.externaltools.cubeprogrammer.win32_1.4.0.202007081208\tools\bin\STM32_Programmer_CLI.exe -l
2024-08-22 16:45:15,259 [INFO] MainDdrPanel:49 - [DDR PANEL] SETTER - Set cubeProgrammerPath to: E:\Embedded System\Unit3\Setup\STM32CubeIDE_1.4.0\STM32CubeIDE\plugins\com.st.stm32cube.ide.mcu.externaltools.cubeprogrammer.win32_1.4.0.202007081208\tools\bin
2024-08-22 16:45:15,611 [INFO] Updater:904 - Updater Version found : 6.0.0
2024-08-22 16:45:15,682 [INFO] ApplicationProperties:181 - Using Application install path: E:\Embedded System\Unit3\Setup\STM32CubeIDE_1.4.0\STM32CubeIDE\plugins\com.st.stm32cube.common.mx_6.0.0.202007160824
2024-08-22 16:45:19,292 [INFO] MainUpdater:2268 - connection check result : 10
2024-08-22 16:45:19,294 [INFO] MainUpdater:239 - Updater Check For Update Now.
2024-08-22 16:45:19,295 [INFO] MicroXplorer:414 - Change Database Version : DB.6.0.0
2024-08-22 16:45:19,583 [INFO] CheckServerUpdateThread:102 - End of CheckServer Thread
2024-08-22 16:45:19,620 [INFO] MainUpdater:2268 - connection check result : 10
2024-08-22 16:45:20,696 [INFO] McuFinderGlobals:40 - Set McuFinder mode to 2 (CubeIDE integrated)
2024-08-22 16:45:21,146 [INFO] CrossSelectorPresenter:1330 - Cross Selector saved comparison directory: C:\Users\HP\.stmcufinder\plugins\mcufinder\mcu\cs_comparisons_mx
2024-08-22 16:45:21,161 [INFO] MultiScanPanel:193 - Auto-refresh data requested => check proxy status ongoing
2024-08-22 16:45:21,168 [INFO] FinderPluginLoader:87 - Searching for filters in installed packs
2024-08-22 16:45:21,211 [INFO] DbMcusXml:100 - Load MCU database from E:\Embedded System\Unit3\Setup\STM32CubeIDE_1.4.0\STM32CubeIDE\plugins\com.st.stm32cube.common.mx_6.0.0.202007160824\\db\/mcu/families.xml
2024-08-22 16:45:22,240 [WARN] IntegrityCheckThread:61 - waiting for thirdparty lock release [integrity check]
2024-08-22 16:45:22,240 [INFO] IntegrityCheckThread:63 - entering critical section [integrity check]
2024-08-22 16:45:22,710 [INFO] DbMcusJson:92 - JSON generation date=Tue Nov 16 18:17:54 EET 2021 (1637079474)
2024-08-22 16:45:23,193 [INFO] ThirdPartyDb:299 - Save Third Party DataBase File (C:/Users/HP/.stm32cubemx/plugins/thirdparty/db/thirdparties_db.xml) [forced]
2024-08-22 16:45:23,399 [INFO] ThirdPartyDb:299 - Save Third Party DataBase File (C:/Users/HP/.stm32cubemx/plugins/thirdparty/db/thirdparties_db.xml) [forced]
2024-08-22 16:45:23,438 [INFO] IntegrityCheckThread:76 - exiting critical section [integrity check]
2024-08-22 16:45:23,438 [INFO] IntegrityCheckThread:79 - End integrity checks thread
2024-08-22 16:45:24,191 [INFO] DbMcus:175 - Found 1761 MCUs (1722 are supported by CubeMX, 1911 are visible in CubeMX)
2024-08-22 16:45:24,203 [INFO] ApiDb:201 - Load user favorites file C:\Users\HP/.stm32cubeide/favorites.mcus.txt: 0 item(s)
2024-08-22 16:45:24,203 [INFO] ApiDb:205 - User favorites MCUs=[]
2024-08-22 16:45:24,203 [INFO] DbMcus:187 - Set 0 / 0 favorites MCUs
2024-08-22 16:45:25,302 [INFO] LoadUrlFilesThread:162 - End of LoadServerUrlFiles without Thread
2024-08-22 16:45:25,379 [INFO] DetailPanel:331 - Set advertising image to C:/Users/HP/STM32Cube/Repository/\stm32cubemx-promo_image.jpg
2024-08-22 16:45:25,876 [INFO] McuFilterPanel:245 - Update 0 favorites MCUs
2024-08-22 16:45:26,112 [INFO] DbBoardsPdsc:94 - Found 23 items
2024-08-22 16:45:26,127 [INFO] DbBoardsPdsc:94 - Found 9 items
2024-08-22 16:45:26,147 [INFO] DbBoardsPdsc:94 - Found 29 items
2024-08-22 16:45:26,150 [INFO] DbBoardsPdsc:94 - Found 1 items
2024-08-22 16:45:26,162 [INFO] DbBoardsPdsc:94 - Found 44 items
2024-08-22 16:45:26,172 [INFO] DbBoardsPdsc:94 - Found 40 items
2024-08-22 16:45:26,175 [INFO] DbBoardsPdsc:94 - Found 2 items
2024-08-22 16:45:26,190 [INFO] DbBoardsPdsc:94 - Found 4 items
2024-08-22 16:45:26,199 [WARN] DbBoardsPdsc:258 - Board STM32H7B3I-DK: unknown feature type=Audio, name=, username=Audio stereo codec with Headphone Amp (CS42L51-CNZ), n=1
2024-08-22 16:45:26,200 [WARN] DbBoardsPdsc:258 - Board STM32H735G-DK: unknown feature type=Audio, name=, username=Audio stereo codec with Headphone Amp (WM8994ECS/R), n=1
2024-08-22 16:45:26,203 [WARN] DbBoardsPdsc:258 - Board STM32H7B3I-EVAL: unknown feature type=Audio, name=, username=Multi-Channel Audio Codec (CS42L51-CNZ), n=1
2024-08-22 16:45:26,203 [WARN] DbBoardsPdsc:258 - Board STM32H7B3I-EVAL: unknown feature type=Meter, name=, username=Power-metering and Temperature-monitoring with sigma-delta modulators, n=1
2024-08-22 16:45:26,204 [WARN] DbBoardsPdsc:258 - Board STM32H7B3I-EVAL: unknown feature type=Motor, name=, username=Motor Control, n=1
2024-08-22 16:45:26,233 [INFO] DbBoardsJson:85 - JSON generation date=Tue Nov 16 18:17:54 EET 2021 (1637079474)
2024-08-22 16:45:26,243 [INFO] DbBoards:117 - Found 166 boards (149 are supported by CubeMX)
2024-08-22 16:45:26,249 [INFO] DbBoardsDocs:145 - JSON generation date=Tue Nov 16 18:17:54 EET 2021 (1637079474)
2024-08-22 16:45:26,257 [INFO] DbBoardsDocs:81 - Found 209 boards documents
2024-08-22 16:45:26,258 [WARN] DbBoards:127 - board B-L475E-IOT01A2 has no document id list !
2024-08-22 16:45:26,260 [WARN] DbBoards:127 - board NUCLEO-H743ZI has no document id list !
2024-08-22 16:45:26,262 [WARN] DbBoards:127 - board P-NUCLEO-WB55-Nucleo has no document id list !
2024-08-22 16:45:26,262 [WARN] DbBoards:127 - board P-NUCLEO-WB55-USBDongle has no document id list !
2024-08-22 16:45:26,263 [WARN] DbBoards:127 - board STEVAL-BFA001V1B has no document id list !
2024-08-22 16:45:26,263 [WARN] DbBoards:127 - board STEVAL-BFA001V2B has no document id list !
2024-08-22 16:45:26,263 [WARN] DbBoards:127 - board STEVAL-IDP005V1 has no document id list !
2024-08-22 16:45:26,263 [WARN] DbBoards:127 - board STEVAL-IDP005V2 has no document id list !
2024-08-22 16:45:26,263 [WARN] DbBoards:127 - board STEVAL-MKSBOX1V1 has no document id list !
2024-08-22 16:45:26,264 [WARN] DbBoards:127 - board STEVAL-STWINKT1 has no document id list !
2024-08-22 16:45:26,264 [WARN] DbBoards:127 - board STEVAL-STWINKT1B has no document id list !
2024-08-22 16:45:26,264 [WARN] DbBoards:127 - board STM32439I-EVAL2 has no document id list !
2024-08-22 16:45:26,265 [WARN] DbBoards:127 - board STM32F401C-DISCO has no document id list !
2024-08-22 16:45:26,266 [WARN] DbBoards:127 - board STM32F769I-DISC1 has no document id list !
2024-08-22 16:45:26,267 [WARN] DbBoards:127 - board STM32G474E-EVAL1 has no document id list !
2024-08-22 16:45:26,267 [WARN] DbBoards:127 - board STM32H743I-EVAL2 has no document id list !
2024-08-22 16:45:26,267 [WARN] DbBoards:127 - board STM32H747I-DISC1 has no document id list !
2024-08-22 16:45:26,268 [WARN] DbBoards:127 - board STM32H753I-EVAL2 has no document id list !
2024-08-22 16:45:26,268 [WARN] DbBoards:127 - board STM32L-DISCOVERY has no document id list !
2024-08-22 16:45:26,451 [ERROR] DbBoards:189 - Image file not found for board B-L462E-CELL1: E:\Embedded System\Unit3\Setup\STM32CubeIDE_1.4.0\STM32CubeIDE\plugins\com.st.stm32cube.common.mx_6.0.0.202007160824\\db\/plugins/mcufinder/images/boards/B-L462E-CELL1_small.jpg
2024-08-22 16:45:26,655 [ERROR] DbBoards:189 - Image file not found for board B-U585I-IOT02A: E:\Embedded System\Unit3\Setup\STM32CubeIDE_1.4.0\STM32CubeIDE\plugins\com.st.stm32cube.common.mx_6.0.0.202007160824\\db\/plugins/mcufinder/images/boards/B-U585I-IOT02A_small.jpg
2024-08-22 16:45:26,976 [ERROR] DbBoards:189 - Image file not found for board NUCLEO-F413ZH: E:\Embedded System\Unit3\Setup\STM32CubeIDE_1.4.0\STM32CubeIDE\plugins\com.st.stm32cube.common.mx_6.0.0.202007160824\\db\/plugins/mcufinder/images/boards/nucleo-f413zh_small.jpg
2024-08-22 16:45:27,350 [ERROR] DbBoards:189 - Image file not found for board NUCLEO-L552ZE-Q: E:\Embedded System\Unit3\Setup\STM32CubeIDE_1.4.0\STM32CubeIDE\plugins\com.st.stm32cube.common.mx_6.0.0.202007160824\\db\/plugins/mcufinder/images/boards/nucleo_l552ze_q_small.jpg
2024-08-22 16:45:27,351 [ERROR] DbBoards:189 - Image file not found for board NUCLEO-U575ZI-Q: E:\Embedded System\Unit3\Setup\STM32CubeIDE_1.4.0\STM32CubeIDE\plugins\com.st.stm32cube.common.mx_6.0.0.202007160824\\db\/plugins/mcufinder/images/boards/nucleo-u575zi-q_small.jpg
2024-08-22 16:45:27,351 [ERROR] DbBoards:189 - Image file not found for board NUCLEO-WB15CC: E:\Embedded System\Unit3\Setup\STM32CubeIDE_1.4.0\STM32CubeIDE\plugins\com.st.stm32cube.common.mx_6.0.0.202007160824\\db\/plugins/mcufinder/images/boards/nucleo-wb15cc_small.jpg
2024-08-22 16:45:27,351 [ERROR] DbBoards:189 - Image file not found for board NUCLEO-WB55RG: E:\Embedded System\Unit3\Setup\STM32CubeIDE_1.4.0\STM32CubeIDE\plugins\com.st.stm32cube.common.mx_6.0.0.202007160824\\db\/plugins/mcufinder/images/boards/nucleo-wb55rg_small.jpg
2024-08-22 16:45:27,352 [ERROR] DbBoards:189 - Image file not found for board NUCLEO-WL55JC: E:\Embedded System\Unit3\Setup\STM32CubeIDE_1.4.0\STM32CubeIDE\plugins\com.st.stm32cube.common.mx_6.0.0.202007160824\\db\/plugins/mcufinder/images/boards/nucleo-wl55jc-small.jpg
2024-08-22 16:45:27,633 [ERROR] DbBoards:189 - Image file not found for board STEVAL-STWINKT1B: E:\Embedded System\Unit3\Setup\STM32CubeIDE_1.4.0\STM32CubeIDE\plugins\com.st.stm32cube.common.mx_6.0.0.202007160824\\db\/plugins/mcufinder/images/boards/steval-stwinkt1b_small.jpg
2024-08-22 16:45:28,384 [ERROR] DbBoards:189 - Image file not found for board STM32G0C1E-EV: E:\Embedded System\Unit3\Setup\STM32CubeIDE_1.4.0\STM32CubeIDE\plugins\com.st.stm32cube.common.mx_6.0.0.202007160824\\db\/plugins/mcufinder/images/boards/stm32g0c1e-eval_small.jpg
2024-08-22 16:45:28,729 [ERROR] DbBoards:189 - Image file not found for board STM32H7B3I-EVAL: E:\Embedded System\Unit3\Setup\STM32CubeIDE_1.4.0\STM32CubeIDE\plugins\com.st.stm32cube.common.mx_6.0.0.202007160824\\db\/plugins/mcufinder/images/boards/stm32h7b3ieval_small.jpg
2024-08-22 16:45:29,247 [ERROR] DbBoards:189 - Image file not found for board STM32U575I-EV: E:\Embedded System\Unit3\Setup\STM32CubeIDE_1.4.0\STM32CubeIDE\plugins\com.st.stm32cube.common.mx_6.0.0.202007160824\\db\/plugins/mcufinder/images/boards/stm32u575i-ev_small.jpg
2024-08-22 16:45:29,283 [ERROR] DbBoards:189 - Image file not found for board STM32WB5MM-DK: E:\Embedded System\Unit3\Setup\STM32CubeIDE_1.4.0\STM32CubeIDE\plugins\com.st.stm32cube.common.mx_6.0.0.202007160824\\db\/plugins/mcufinder/images/boards/STM32WB5MM-DK_small.jpg
2024-08-22 16:45:29,284 [INFO] ApiDb:201 - Load user favorites file C:\Users\HP/.stm32cubeide/favorites.boards.txt: 0 item(s)
2024-08-22 16:45:29,284 [INFO] ApiDb:205 - User favorites Boards=[]
2024-08-22 16:45:29,284 [INFO] DbBoards:206 - Set 0 / 0 favorites Boards
2024-08-22 16:45:44,145 [INFO] DbMcusDocs:145 - JSON generation date=Tue Nov 16 18:17:54 EET 2021 (1637079474)
2024-08-22 16:45:44,629 [INFO] DbMcusDocs:81 - Found 682 MCUs documents
2024-08-22 16:46:06,277 [INFO] LogOutputStream:76 - [STDOUT_REDIRECT] withoutVersionV1.8.4
2024-08-22 16:46:06,278 [INFO] LogOutputStream:76 - [STDOUT_REDIRECT] withoutVersionV1.8.3
2024-08-22 16:46:06,278 [INFO] LogOutputStream:76 - [STDOUT_REDIRECT] withoutVersionV1.8.2
2024-08-22 16:46:06,279 [INFO] LogOutputStream:76 - [STDOUT_REDIRECT] withoutVersionV1.8.1
2024-08-22 16:46:06,279 [INFO] LogOutputStream:76 - [STDOUT_REDIRECT] withoutVersionV1.8.0
2024-08-22 16:46:21,919 [ERROR] LogOutputStream:74 - [STDERR_REDIRECT] [Fatal Error] :1:1: Premature end of file.
2024-08-22 16:46:21,920 [ERROR] LogOutputStream:74 - [STDERR_REDIRECT] 
2024-08-22 16:46:22,015 [ERROR] LogOutputStream:74 - [STDERR_REDIRECT] [Fatal Error] :1:1: Premature end of file.
2024-08-22 16:46:22,016 [ERROR] LogOutputStream:74 - [STDERR_REDIRECT] 
2024-08-22 16:46:22,117 [ERROR] LogOutputStream:74 - [STDERR_REDIRECT] [Fatal Error] :1:1: Premature end of file.
2024-08-22 16:46:22,118 [ERROR] LogOutputStream:74 - [STDERR_REDIRECT] 
2024-08-22 16:46:22,207 [ERROR] LogOutputStream:74 - [STDERR_REDIRECT] [Fatal Error] :1:1: Premature end of file.
2024-08-22 16:46:22,208 [ERROR] LogOutputStream:74 - [STDERR_REDIRECT] 
2024-08-22 16:46:22,292 [ERROR] LogOutputStream:74 - [STDERR_REDIRECT] [Fatal Error] :1:1: Premature end of file.
2024-08-22 16:46:22,292 [ERROR] LogOutputStream:74 - [STDERR_REDIRECT] 
2024-08-22 16:46:22,375 [ERROR] LogOutputStream:74 - [STDERR_REDIRECT] [Fatal Error] :1:1: Premature end of file.
2024-08-22 16:46:22,376 [ERROR] LogOutputStream:74 - [STDERR_REDIRECT] 
2024-08-22 16:46:22,463 [ERROR] LogOutputStream:74 - [STDERR_REDIRECT] [Fatal Error] :1:1: Premature end of file.
2024-08-22 16:46:22,463 [ERROR] LogOutputStream:74 - [STDERR_REDIRECT] 
2024-08-22 16:46:22,549 [ERROR] LogOutputStream:74 - [STDERR_REDIRECT] [Fatal Error] :1:1: Premature end of file.
2024-08-22 16:46:22,549 [ERROR] LogOutputStream:74 - [STDERR_REDIRECT] 
2024-08-22 16:46:22,637 [ERROR] LogOutputStream:74 - [STDERR_REDIRECT] [Fatal Error] :1:1: Premature end of file.
2024-08-22 16:46:22,639 [ERROR] LogOutputStream:74 - [STDERR_REDIRECT] 
2024-08-22 16:46:22,856 [ERROR] LogOutputStream:74 - [STDERR_REDIRECT] [Fatal Error] :1:1: Premature end of file.
2024-08-22 16:46:22,857 [ERROR] LogOutputStream:74 - [STDERR_REDIRECT] 
2024-08-22 16:46:22,940 [ERROR] LogOutputStream:74 - [STDERR_REDIRECT] [Fatal Error] :1:1: Premature end of file.
2024-08-22 16:46:22,941 [ERROR] LogOutputStream:74 - [STDERR_REDIRECT] 
2024-08-22 16:46:23,023 [ERROR] LogOutputStream:74 - [STDERR_REDIRECT] [Fatal Error] :1:1: Premature end of file.
2024-08-22 16:46:23,024 [ERROR] LogOutputStream:74 - [STDERR_REDIRECT] 
2024-08-22 16:46:27,087 [INFO] ApiDb:226 - Save user favorites file C:\Users\HP/.stm32cubeide/favorites.mcus.txt: 0 item(s)
2024-08-22 16:46:27,088 [INFO] ApiDb:230 - User favorites MCUs=[]
2024-08-22 16:52:59,567 [ERROR] LogOutputStream:74 - [STDERR_REDIRECT] [Fatal Error] :1:1: Premature end of file.
2024-08-22 16:52:59,570 [ERROR] LogOutputStream:74 - [STDERR_REDIRECT] 
2024-08-22 16:52:59,708 [ERROR] LogOutputStream:74 - [STDERR_REDIRECT] [Fatal Error] :1:1: Premature end of file.
2024-08-22 16:52:59,711 [ERROR] LogOutputStream:74 - [STDERR_REDIRECT] 
2024-08-22 16:52:59,835 [ERROR] LogOutputStream:74 - [STDERR_REDIRECT] [Fatal Error] :1:1: Premature end of file.
2024-08-22 16:52:59,837 [ERROR] LogOutputStream:74 - [STDERR_REDIRECT] 
2024-08-22 17:38:20,689 [INFO] Activator:178 - 


2024-08-22 17:38:20,747 [INFO] Activator:179 - !SESSION log4j initialized
2024-08-22 17:38:30,210 [ERROR] LogOutputStream:74 - [STDERR_REDIRECT] [Fatal Error] :1:1: Premature end of file.
2024-08-22 17:38:30,210 [ERROR] LogOutputStream:74 - [STDERR_REDIRECT] 
2024-08-22 17:38:30,295 [ERROR] LogOutputStream:74 - [STDERR_REDIRECT] [Fatal Error] :1:1: Premature end of file.
2024-08-22 17:38:30,295 [ERROR] LogOutputStream:74 - [STDERR_REDIRECT] 
2024-08-22 17:38:30,378 [ERROR] LogOutputStream:74 - [STDERR_REDIRECT] [Fatal Error] :1:1: Premature end of file.
2024-08-22 17:38:30,378 [ERROR] LogOutputStream:74 - [STDERR_REDIRECT] 
2024-08-22 18:02:24,120 [ERROR] LogOutputStream:74 - [STDERR_REDIRECT] [Fatal Error] :1:1: Premature end of file.
2024-08-22 18:02:24,145 [ERROR] LogOutputStream:74 - [STDERR_REDIRECT] 
2024-08-22 18:02:24,229 [ERROR] LogOutputStream:74 - [STDERR_REDIRECT] [Fatal Error] :1:1: Premature end of file.
2024-08-22 18:02:24,229 [ERROR] LogOutputStream:74 - [STDERR_REDIRECT] 
2024-08-22 18:02:24,311 [ERROR] LogOutputStream:74 - [STDERR_REDIRECT] [Fatal Error] :1:1: Premature end of file.
2024-08-22 18:02:24,312 [ERROR] LogOutputStream:74 - [STDERR_REDIRECT] 
2024-08-22 18:02:24,396 [ERROR] LogOutputStream:74 - [STDERR_REDIRECT] [Fatal Error] :1:1: Premature end of file.
2024-08-22 18:02:24,396 [ERROR] LogOutputStream:74 - [STDERR_REDIRECT] 
2024-08-22 18:02:24,479 [ERROR] LogOutputStream:74 - [STDERR_REDIRECT] [Fatal Error] :1:1: Premature end of file.
2024-08-22 18:02:24,479 [ERROR] LogOutputStream:74 - [STDERR_REDIRECT] 
2024-08-22 18:02:24,561 [ERROR] LogOutputStream:74 - [STDERR_REDIRECT] [Fatal Error] :1:1: Premature end of file.
2024-08-22 18:02:24,562 [ERROR] LogOutputStream:74 - [STDERR_REDIRECT] 
2024-08-22 18:02:24,644 [ERROR] LogOutputStream:74 - [STDERR_REDIRECT] [Fatal Error] :1:1: Premature end of file.
2024-08-22 18:02:24,644 [ERROR] LogOutputStream:74 - [STDERR_REDIRECT] 
2024-08-22 18:02:24,726 [ERROR] LogOutputStream:74 - [STDERR_REDIRECT] [Fatal Error] :1:1: Premature end of file.
2024-08-22 18:02:24,726 [ERROR] LogOutputStream:74 - [STDERR_REDIRECT] 
2024-08-22 18:02:24,807 [ERROR] LogOutputStream:74 - [STDERR_REDIRECT] [Fatal Error] :1:1: Premature end of file.
2024-08-22 18:02:24,808 [ERROR] LogOutputStream:74 - [STDERR_REDIRECT] 
2024-08-22 18:02:25,320 [ERROR] LogOutputStream:74 - [STDERR_REDIRECT] [Fatal Error] :1:1: Premature end of file.
2024-08-22 18:02:25,320 [ERROR] LogOutputStream:74 - [STDERR_REDIRECT] 
2024-08-22 18:02:25,401 [ERROR] LogOutputStream:74 - [STDERR_REDIRECT] [Fatal Error] :1:1: Premature end of file.
2024-08-22 18:02:25,401 [ERROR] LogOutputStream:74 - [STDERR_REDIRECT] 
2024-08-22 18:02:25,484 [ERROR] LogOutputStream:74 - [STDERR_REDIRECT] [Fatal Error] :1:1: Premature end of file.
2024-08-22 18:02:25,484 [ERROR] LogOutputStream:74 - [STDERR_REDIRECT] 
2024-08-22 18:02:41,087 [ERROR] LogOutputStream:74 - [STDERR_REDIRECT] [Fatal Error] :1:1: Premature end of file.
2024-08-22 18:02:41,088 [ERROR] LogOutputStream:74 - [STDERR_REDIRECT] 
2024-08-22 18:02:41,172 [ERROR] LogOutputStream:74 - [STDERR_REDIRECT] [Fatal Error] :1:1: Premature end of file.
2024-08-22 18:02:41,172 [ERROR] LogOutputStream:74 - [STDERR_REDIRECT] 
2024-08-22 18:02:41,255 [ERROR] LogOutputStream:74 - [STDERR_REDIRECT] [Fatal Error] :1:1: Premature end of file.
2024-08-22 18:02:41,255 [ERROR] LogOutputStream:74 - [STDERR_REDIRECT] 
