03:35:53 **** Build of configuration Debug for project Lab1 ****
make -j8 all 
arm-none-eabi-gcc -mcpu=cortex-m3 -g3 -c -x assembler-with-cpp -MMD -MP -MF"Startup/startup_stm32f103c6tx.d" -MT"Startup/startup_stm32f103c6tx.o" --specs=nano.specs -mfloat-abi=soft -mthumb -o "Startup/startup_stm32f103c6tx.o" "../Startup/startup_stm32f103c6tx.s"
arm-none-eabi-gcc "../Src/main.c" -mcpu=cortex-m3 -std=gnu11 -g3 -DSTM32 -DSTM32F1 -DSTM32F103C6Tx -DDEBUG -c -I../Inc -O0 -ffunction-sections -fdata-sections -Wall -fstack-usage -MMD -MP -MF"Src/main.d" -MT"Src/main.o" --specs=nano.specs -mfloat-abi=soft -mthumb -o "Src/main.o"
arm-none-eabi-gcc "../Src/syscalls.c" -mcpu=cortex-m3 -std=gnu11 -g3 -DSTM32 -DSTM32F1 -DSTM32F103C6Tx -DDEBUG -c -I../Inc -O0 -ffunction-sections -fdata-sections -Wall -fstack-usage -MMD -MP -MF"Src/syscalls.d" -MT"Src/syscalls.o" --specs=nano.specs -mfloat-abi=soft -mthumb -o "Src/syscalls.o"
arm-none-eabi-gcc "../Src/sysmem.c" -mcpu=cortex-m3 -std=gnu11 -g3 -DSTM32 -DSTM32F1 -DSTM32F103C6Tx -DDEBUG -c -I../Inc -O0 -ffunction-sections -fdata-sections -Wall -fstack-usage -MMD -MP -MF"Src/sysmem.d" -MT"Src/sysmem.o" --specs=nano.specs -mfloat-abi=soft -mthumb -o "Src/sysmem.o"
arm-none-eabi-gcc -o "Lab1.elf" @"objects.list"   -mcpu=cortex-m3 -T"E:\Embedded System\Basic\Embedded_System_Online_Diploma\Unit6 - MCU_Fundamentals\Lesson3_MCU_Clocks\Lab1\STM32F103C6TX_FLASH.ld" --specs=nosys.specs -Wl,-Map="Lab1.map" -Wl,--gc-sections -static --specs=nano.specs -mfloat-abi=soft -mthumb -Wl,--start-group -lc -lm -Wl,--end-group
Finished building target: Lab1.elf
 
arm-none-eabi-size   Lab1.elf 
arm-none-eabi-objdump -h -S  Lab1.elf  > "Lab1.list"
   text	   data	    bss	    dec	    hex	filename
    672	      8	   1568	   2248	    8c8	Lab1.elf
arm-none-eabi-objcopy  -O binary  Lab1.elf  "Lab1.bin"
Finished building: default.size.stdout
 
Finished building: Lab1.list
 
Finished building: Lab1.bin
 
12:02:10 **** Incremental Build of configuration Debug for project Lab1 ****
make -j8 all 
arm-none-eabi-gcc "../Src/main.c" -mcpu=cortex-m3 -std=gnu11 -g3 -DSTM32 -DSTM32F1 -DSTM32F103C6Tx -DDEBUG -c -I../Inc -O0 -ffunction-sections -fdata-sections -Wall -fstack-usage -MMD -MP -MF"Src/main.d" -MT"Src/main.o" --specs=nano.specs -mfloat-abi=soft -mthumb -o "Src/main.o"
arm-none-eabi-gcc -o "Lab1.elf" @"objects.list"   -mcpu=cortex-m3 -T"E:\Embedded System\Basic\Embedded_System_Online_Diploma\Unit6 - MCU_Fundamentals\Lesson3_MCU_Clocks\Lab1\STM32F103C6TX_FLASH.ld" --specs=nosys.specs -Wl,-Map="Lab1.map" -Wl,--gc-sections -static --specs=nano.specs -mfloat-abi=soft -mthumb -Wl,--start-group -lc -lm -Wl,--end-group
Finished building target: Lab1.elf
 
arm-none-eabi-objdump -h -S  Lab1.elf  > "Lab1.list"
arm-none-eabi-objcopy  -O binary  Lab1.elf  "Lab1.bin"
arm-none-eabi-size   Lab1.elf 
   text	   data	    bss	    dec	    hex	filename
    672	      8	   1568	   2248	    8c8	Lab1.elf
Finished building: default.size.stdout
Finished building: Lab1.list
Finished building: Lab1.bin
 
 
 
12:02:24 **** Build of configuration Debug for project Lab2.1 ****
make -j8 all 
arm-none-eabi-gcc -mcpu=cortex-m3 -g3 -c -x assembler-with-cpp -MMD -MP -MF"Startup/startup_stm32f103c6tx.d" -MT"Startup/startup_stm32f103c6tx.o" --specs=nano.specs -mfloat-abi=soft -mthumb -o "Startup/startup_stm32f103c6tx.o" "../Startup/startup_stm32f103c6tx.s"
arm-none-eabi-gcc "../Src/main.c" -mcpu=cortex-m3 -std=gnu11 -g3 -DSTM32 -DSTM32F1 -DSTM32F103C6Tx -DDEBUG -c -I../Inc -O0 -ffunction-sections -fdata-sections -Wall -fstack-usage -MMD -MP -MF"Src/main.d" -MT"Src/main.o" --specs=nano.specs -mfloat-abi=soft -mthumb -o "Src/main.o"
arm-none-eabi-gcc "../Src/syscalls.c" -mcpu=cortex-m3 -std=gnu11 -g3 -DSTM32 -DSTM32F1 -DSTM32F103C6Tx -DDEBUG -c -I../Inc -O0 -ffunction-sections -fdata-sections -Wall -fstack-usage -MMD -MP -MF"Src/syscalls.d" -MT"Src/syscalls.o" --specs=nano.specs -mfloat-abi=soft -mthumb -o "Src/syscalls.o"
arm-none-eabi-gcc "../Src/sysmem.c" -mcpu=cortex-m3 -std=gnu11 -g3 -DSTM32 -DSTM32F1 -DSTM32F103C6Tx -DDEBUG -c -I../Inc -O0 -ffunction-sections -fdata-sections -Wall -fstack-usage -MMD -MP -MF"Src/sysmem.d" -MT"Src/sysmem.o" --specs=nano.specs -mfloat-abi=soft -mthumb -o "Src/sysmem.o"
arm-none-eabi-gcc -o "Lab2.1.elf" @"objects.list"   -mcpu=cortex-m3 -T"E:\Embedded System\Basic\Embedded_System_Online_Diploma\Unit6 - MCU_Fundamentals\Lesson3_MCU_Clocks\Lab2.1\STM32F103C6TX_FLASH.ld" --specs=nosys.specs -Wl,-Map="Lab2.1.map" -Wl,--gc-sections -static --specs=nano.specs -mfloat-abi=soft -mthumb -Wl,--start-group -lc -lm -Wl,--end-group
Finished building target: Lab2.1.elf
 
arm-none-eabi-size   Lab2.1.elf 
arm-none-eabi-objdump -h -S  Lab2.1.elf  > "Lab2.1.list"
   text	   data	    bss	    dec	    hex	filename
    684	      8	   1568	   2260	    8d4	Lab2.1.elf
arm-none-eabi-objcopy  -O binary  Lab2.1.elf  "Lab2.1.bin"
Finished building: default.size.stdout
Finished building: Lab2.1.list
 
Finished building: Lab2.1.bin
 
 
12:07:05 **** Incremental Build of configuration Debug for project Lab2.1 ****
make -j8 all 
arm-none-eabi-size   Lab2.1.elf 
   text	   data	    bss	    dec	    hex	filename
    684	      8	   1568	   2260	    8d4	Lab2.1.elf
Finished building: default.size.stdout
 
12:34:55 **** Incremental Build of configuration Debug for project Lab2.1 ****
make -j8 all 
arm-none-eabi-gcc "../Src/main.c" -mcpu=cortex-m3 -std=gnu11 -g3 -DSTM32 -DSTM32F1 -DSTM32F103C6Tx -DDEBUG -c -I../Inc -O0 -ffunction-sections -fdata-sections -Wall -fstack-usage -MMD -MP -MF"Src/main.d" -MT"Src/main.o" --specs=nano.specs -mfloat-abi=soft -mthumb -o "Src/main.o"
arm-none-eabi-gcc -o "Lab2.1.elf" @"objects.list"   -mcpu=cortex-m3 -T"E:\Embedded System\Basic\Embedded_System_Online_Diploma\Unit6 - MCU_Fundamentals\Lesson3_MCU_Clocks\Lab2.1\STM32F103C6TX_FLASH.ld" --specs=nosys.specs -Wl,-Map="Lab2.1.map" -Wl,--gc-sections -static --specs=nano.specs -mfloat-abi=soft -mthumb -Wl,--start-group -lc -lm -Wl,--end-group
Finished building target: Lab2.1.elf
 
arm-none-eabi-objdump -h -S  Lab2.1.elf  > "Lab2.1.list"
arm-none-eabi-objcopy  -O binary  Lab2.1.elf  "Lab2.1.bin"
arm-none-eabi-size   Lab2.1.elf 
   text	   data	    bss	    dec	    hex	filename
    684	      8	   1568	   2260	    8d4	Lab2.1.elf
Finished building: Lab2.1.list
Finished building: Lab2.1.bin
Finished building: default.size.stdout
 
 
 
12:36:32 **** Incremental Build of configuration Debug for project Lab2.1 ****
make -j8 all 
arm-none-eabi-gcc "../Src/main.c" -mcpu=cortex-m3 -std=gnu11 -g3 -DSTM32 -DSTM32F1 -DSTM32F103C6Tx -DDEBUG -c -I../Inc -O0 -ffunction-sections -fdata-sections -Wall -fstack-usage -MMD -MP -MF"Src/main.d" -MT"Src/main.o" --specs=nano.specs -mfloat-abi=soft -mthumb -o "Src/main.o"
arm-none-eabi-gcc -o "Lab2.1.elf" @"objects.list"   -mcpu=cortex-m3 -T"E:\Embedded System\Basic\Embedded_System_Online_Diploma\Unit6 - MCU_Fundamentals\Lesson3_MCU_Clocks\Lab2.1\STM32F103C6TX_FLASH.ld" --specs=nosys.specs -Wl,-Map="Lab2.1.map" -Wl,--gc-sections -static --specs=nano.specs -mfloat-abi=soft -mthumb -Wl,--start-group -lc -lm -Wl,--end-group
Finished building target: Lab2.1.elf
 
arm-none-eabi-objdump -h -S  Lab2.1.elf  > "Lab2.1.list"
arm-none-eabi-objcopy  -O binary  Lab2.1.elf  "Lab2.1.bin"
arm-none-eabi-size   Lab2.1.elf 
   text	   data	    bss	    dec	    hex	filename
    684	      8	   1568	   2260	    8d4	Lab2.1.elf
Finished building: Lab2.1.list
Finished building: Lab2.1.bin
Finished building: default.size.stdout
 
 
 
18:01:40 **** Build of configuration Debug for project Lab2.1 ****
make -j8 all 
arm-none-eabi-size   Lab2.1.elf 
   text	   data	    bss	    dec	    hex	filename
    684	      8	   1568	   2260	    8d4	Lab2.1.elf
Finished building: default.size.stdout
 
18:02:15 **** Build of configuration Debug for project Lab2_2 ****
make -j8 all 
arm-none-eabi-gcc -mcpu=cortex-m3 -g3 -c -x assembler-with-cpp -MMD -MP -MF"Startup/startup_stm32f103c6tx.d" -MT"Startup/startup_stm32f103c6tx.o" --specs=nano.specs -mfloat-abi=soft -mthumb -o "Startup/startup_stm32f103c6tx.o" "../Startup/startup_stm32f103c6tx.s"
arm-none-eabi-gcc "../Src/main.c" -mcpu=cortex-m3 -std=gnu11 -g3 -DSTM32 -DSTM32F1 -DSTM32F103C6Tx -DDEBUG -c -I../Inc -O0 -ffunction-sections -fdata-sections -Wall -fstack-usage -MMD -MP -MF"Src/main.d" -MT"Src/main.o" --specs=nano.specs -mfloat-abi=soft -mthumb -o "Src/main.o"
arm-none-eabi-gcc "../Src/syscalls.c" -mcpu=cortex-m3 -std=gnu11 -g3 -DSTM32 -DSTM32F1 -DSTM32F103C6Tx -DDEBUG -c -I../Inc -O0 -ffunction-sections -fdata-sections -Wall -fstack-usage -MMD -MP -MF"Src/syscalls.d" -MT"Src/syscalls.o" --specs=nano.specs -mfloat-abi=soft -mthumb -o "Src/syscalls.o"
arm-none-eabi-gcc "../Src/sysmem.c" -mcpu=cortex-m3 -std=gnu11 -g3 -DSTM32 -DSTM32F1 -DSTM32F103C6Tx -DDEBUG -c -I../Inc -O0 -ffunction-sections -fdata-sections -Wall -fstack-usage -MMD -MP -MF"Src/sysmem.d" -MT"Src/sysmem.o" --specs=nano.specs -mfloat-abi=soft -mthumb -o "Src/sysmem.o"
arm-none-eabi-gcc -o "Lab2_2.elf" @"objects.list"   -mcpu=cortex-m3 -T"E:\Embedded System\Basic\Embedded_System_Online_Diploma\Unit6 - MCU_Fundamentals\Lesson3_MCU_Clocks\Lab2_2\STM32F103C6TX_FLASH.ld" --specs=nosys.specs -Wl,-Map="Lab2_2.map" -Wl,--gc-sections -static --specs=nano.specs -mfloat-abi=soft -mthumb -Wl,--start-group -lc -lm -Wl,--end-group
Finished building target: Lab2_2.elf
 
arm-none-eabi-size   Lab2_2.elf 
arm-none-eabi-objdump -h -S  Lab2_2.elf  > "Lab2_2.list"
   text	   data	    bss	    dec	    hex	filename
    720	      8	   1568	   2296	    8f8	Lab2_2.elf
arm-none-eabi-objcopy  -O binary  Lab2_2.elf  "Lab2_2.bin"
Finished building: default.size.stdout
 
Finished building: Lab2_2.list
 
Finished building: Lab2_2.bin
 
