23:56:11 **** Rebuild of configuration Debug for project LIFO_buffer ****
Info: Internal Builder is used for build
gcc -O0 -g3 -Wall -c -fmessage-length=0 -o main.o "..\\main.c" 
..\main.c: In function 'main':
..\main.c:28:20: error: incompatible type for argument 1 of 'LIFO_Add_item'
   if(LIFO_Add_item(uart_lifo, i) == LIFO_no_full)
                    ^~~~~~~~~
In file included from ..\main.c:8:0:
..\lifo.h:32:13: note: expected 'LIFO_BUF_T * {aka struct <anonymous> *}' but argument is of type 'LIFO_BUF_T {aka struct <anonymous>}'
 LIFO_status LIFO_Add_item(LIFO_BUF_T* lifo_buf, unsigned int item);
             ^~~~~~~~~~~~~
..\main.c:33:21: error: incompatible type for argument 1 of 'LIFO_get_item'
    if(LIFO_get_item(uart_lifo, temp) == LIFO_no_empty)
                     ^~~~~~~~~
In file included from ..\main.c:8:0:
..\lifo.h:33:13: note: expected 'LIFO_BUF_T * {aka struct <anonymous> *}' but argument is of type 'LIFO_BUF_T {aka struct <anonymous>}'
 LIFO_status LIFO_get_item(LIFO_BUF_T* lifo_buf, unsigned int* item);
             ^~~~~~~~~~~~~
..\main.c:33:32: warning: passing argument 2 of 'LIFO_get_item' makes pointer from integer without a cast [-Wint-conversion]
    if(LIFO_get_item(uart_lifo, temp) == LIFO_no_empty)
                                ^~~~
In file included from ..\main.c:8:0:
..\lifo.h:33:13: note: expected 'unsigned int *' but argument is of type 'int'
 LIFO_status LIFO_get_item(LIFO_BUF_T* lifo_buf, unsigned int* item);
             ^~~~~~~~~~~~~
23:56:38 **** Incremental Build of configuration Debug for project LIFO_buffer ****
Info: Internal Builder is used for build
gcc -O0 -g3 -Wall -c -fmessage-length=0 -o lifo.o "..\\lifo.c" 
..\lifo.c: In function 'LIFO_init':
..\lifo.c:13:16: error: 'NULL' undeclared (first use in this function)
     if (buf == NULL)
                ^~~~
..\lifo.c:13:16: note: each undeclared identifier is reported only once for each function it appears in
..\lifo.c:23:1: warning: control reaches end of non-void function [-Wreturn-type]
 }
 ^
23:57:48 **** Incremental Build of configuration Debug for project LIFO_buffer ****
Info: Internal Builder is used for build
gcc -O0 -g3 -Wall -c -fmessage-length=0 -o lifo.o "..\\lifo.c" 
..\lifo.c: In function 'LIFO_init':
..\lifo.c:13:15: error: 'NULL' undeclared (first use in this function)
     if (buf ==NULL)
               ^~~~
..\lifo.c:13:15: note: each undeclared identifier is reported only once for each function it appears in
..\lifo.c:23:1: warning: control reaches end of non-void function [-Wreturn-type]
 }
 ^
23:57:59 **** Incremental Build of configuration Debug for project LIFO_buffer ****
Info: Internal Builder is used for build
gcc -O0 -g3 -Wall -c -fmessage-length=0 -o lifo.o "..\\lifo.c" 
..\lifo.c: In function 'LIFO_init':
..\lifo.c:13:14: error: 'NULL' undeclared (first use in this function)
     if (buf =NULL)
              ^~~~
..\lifo.c:13:14: note: each undeclared identifier is reported only once for each function it appears in
..\lifo.c:23:1: warning: control reaches end of non-void function [-Wreturn-type]
 }
 ^
23:59:15 **** Incremental Build of configuration Debug for project LIFO_buffer ****
Info: Internal Builder is used for build
gcc -O0 -g3 -Wall -c -fmessage-length=0 -o lifo.o "..\\lifo.c" 
..\lifo.c: In function 'LIFO_init':
..\lifo.c:13:15: error: 'NULL' undeclared (first use in this function)
     if(buf == NULL)
               ^~~~
..\lifo.c:13:15: note: each undeclared identifier is reported only once for each function it appears in
..\lifo.c:23:1: warning: control reaches end of non-void function [-Wreturn-type]
 }
 ^
23:59:47 **** Incremental Build of configuration Debug for project LIFO_buffer ****
Info: Internal Builder is used for build
gcc -O0 -g3 -Wall -c -fmessage-length=0 -o main.o "..\\main.c" 
..\main.c: In function 'main':
..\main.c:33:33: warning: passing argument 2 of 'LIFO_get_item' makes pointer from integer without a cast [-Wint-conversion]
    if(LIFO_get_item(&uart_lifo, temp) == LIFO_no_empty)
                                 ^~~~
In file included from ..\main.c:8:0:
..\lifo.h:33:13: note: expected 'unsigned int *' but argument is of type 'int'
 LIFO_status LIFO_get_item(LIFO_BUF_T* lifo_buf, unsigned int* item);
             ^~~~~~~~~~~~~
gcc -O0 -g3 -Wall -c -fmessage-length=0 -o lifo.o "..\\lifo.c" 
..\lifo.c: In function 'LIFO_init':
..\lifo.c:13:8: error: 'NULL' undeclared (first use in this function)
     if(NULL == buf)
        ^~~~
..\lifo.c:13:8: note: each undeclared identifier is reported only once for each function it appears in
..\lifo.c:23:1: warning: control reaches end of non-void function [-Wreturn-type]
 }
 ^
00:01:54 **** Incremental Build of configuration Debug for project LIFO_buffer ****
Info: Internal Builder is used for build
gcc -O0 -g3 -Wall -c -fmessage-length=0 -o lifo.o "..\\lifo.c" 
..\lifo.c: In function 'LIFO_init':
..\lifo.c:23:1: warning: control reaches end of non-void function [-Wreturn-type]
 }
 ^
gcc -o LIFO_buffer.exe lifo.o main.o 
Info: Nothing to build for LIFO_buffer
Info: Nothing to build for LIFO_buffer
00:08:32 **** Incremental Build of configuration Debug for project LIFO_buffer ****
Info: Internal Builder is used for build
gcc -O0 -g3 -Wall -c -fmessage-length=0 -o main.o "..\\main.c" 
..\main.c: In function 'main':
..\main.c:33:33: warning: passing argument 2 of 'LIFO_get_item' makes pointer from integer without a cast [-Wint-conversion]
    if(LIFO_get_item(&uart_lifo, temp) == LIFO_no_error)
                                 ^~~~
In file included from ..\main.c:8:0:
..\lifo.h:33:13: note: expected 'unsigned int *' but argument is of type 'int'
 LIFO_status LIFO_get_item(LIFO_BUF_T* lifo_buf, unsigned int* item);
             ^~~~~~~~~~~~~
gcc -o LIFO_buffer.exe lifo.o main.o 
Info: Nothing to build for LIFO_buffer
Info: Nothing to build for LIFO_buffer
00:09:01 **** Incremental Build of configuration Debug for project LIFO_buffer ****
Info: Internal Builder is used for build
gcc -O0 -g3 -Wall -c -fmessage-length=0 -o main.o "..\\main.c" 
..\main.c: In function 'main':
..\main.c:33:33: warning: passing argument 2 of 'LIFO_get_item' makes pointer from integer without a cast [-Wint-conversion]
    if(LIFO_get_item(&uart_lifo, temp) == LIFO_no_error)
                                 ^~~~
In file included from ..\main.c:8:0:
..\lifo.h:33:13: note: expected 'unsigned int *' but argument is of type 'int'
 LIFO_status LIFO_get_item(LIFO_BUF_T* lifo_buf, unsigned int* item);
             ^~~~~~~~~~~~~
gcc -o LIFO_buffer.exe lifo.o main.o 
Info: Nothing to build for LIFO_buffer
00:10:46 **** Incremental Build of configuration Debug for project LIFO_buffer ****
Info: Internal Builder is used for build
gcc -O0 -g3 -Wall -c -fmessage-length=0 -o main.o "..\\main.c" 
..\main.c: In function 'main':
..\main.c:40:39: warning: pointer targets in passing argument 2 of 'LIFO_get_item' differ in signedness [-Wpointer-sign]
         if (LIFO_get_item(&uart_lifo, &temp) == LIFO_no_empty)  // Check if getting item was successful
                                       ^
In file included from ..\main.c:8:0:
..\lifo.h:33:13: note: expected 'unsigned int *' but argument is of type 'int *'
 LIFO_status LIFO_get_item(LIFO_BUF_T* lifo_buf, unsigned int* item);
             ^~~~~~~~~~~~~
gcc -o LIFO_buffer.exe lifo.o main.o 
Info: Nothing to build for LIFO_buffer
00:12:15 **** Incremental Build of configuration Debug for project LIFO_buffer ****
Info: Internal Builder is used for build
gcc -O0 -g3 -Wall -c -fmessage-length=0 -o main.o "..\\main.c" 
..\main.c: In function 'main':
..\main.c:42:39: warning: pointer targets in passing argument 2 of 'LIFO_get_item' differ in signedness [-Wpointer-sign]
         if (LIFO_get_item(&uart_lifo, &temp) == LIFO_no_empty)
                                       ^
In file included from ..\main.c:8:0:
..\lifo.h:33:13: note: expected 'unsigned int *' but argument is of type 'int *'
 LIFO_status LIFO_get_item(LIFO_BUF_T* lifo_buf, unsigned int* item);
             ^~~~~~~~~~~~~
gcc -o LIFO_buffer.exe lifo.o main.o 
Info: Nothing to build for LIFO_buffer
00:14:44 **** Rebuild of configuration Debug for project LIFO_beffer ****
Info: Internal Builder is used for build
gcc -O0 -g3 -Wall -c -fmessage-length=0 -o main.o "..\\main.c" 
..\main.c: In function 'main':
..\main.c:33:33: warning: pointer targets in passing argument 2 of 'LIFO_get_item' differ in signedness [-Wpointer-sign]
    if(LIFO_get_item(&uart_lifo, &temp) == LIFO_no_empty)
                                 ^
In file included from ..\main.c:8:0:
..\lifo.h:33:13: note: expected 'unsigned int *' but argument is of type 'int *'
 LIFO_status LIFO_get_item(LIFO_BUF_T* lifo_buf, unsigned int* item);
             ^~~~~~~~~~~~~
gcc -O0 -g3 -Wall -c -fmessage-length=0 -o lifo.o "..\\lifo.c" 
..\lifo.c: In function 'LIFO_init':
..\lifo.c:23:1: warning: control reaches end of non-void function [-Wreturn-type]
 }
 ^
gcc -o LIFO_beffer.exe lifo.o main.o 
00:15:20 **** Incremental Build of configuration Debug for project LIFO_beffer ****
Info: Internal Builder is used for build
gcc -O0 -g3 -Wall -c -fmessage-length=0 -o main.o "..\\main.c" 
..\main.c: In function 'main':
..\main.c:33:33: warning: pointer targets in passing argument 2 of 'LIFO_get_item' differ in signedness [-Wpointer-sign]
    if(LIFO_get_item(&uart_lifo, &temp) == LIFO_no_error)
                                 ^
In file included from ..\main.c:8:0:
..\lifo.h:33:13: note: expected 'unsigned int *' but argument is of type 'int *'
 LIFO_status LIFO_get_item(LIFO_BUF_T* lifo_buf, unsigned int* item);
             ^~~~~~~~~~~~~
gcc -o LIFO_beffer.exe lifo.o main.o 
Info: Nothing to build for LIFO_beffer
00:17:22 **** Incremental Build of configuration Debug for project LIFO_beffer ****
Info: Internal Builder is used for build
gcc -O0 -g3 -Wall -c -fmessage-length=0 -o main.o "..\\main.c" 
..\main.c: In function 'main':
..\main.c:17:10: warning: unused variable 'temp' [-Wunused-variable]
  int i , temp=0;
          ^~~~
gcc -o LIFO_beffer.exe lifo.o main.o 
Info: Nothing to build for LIFO_beffer
00:18:12 **** Incremental Build of configuration Debug for project LIFO_beffer ****
Info: Internal Builder is used for build
gcc -O0 -g3 -Wall -c -fmessage-length=0 -o main.o "..\\main.c" 
..\main.c: In function 'main':
..\main.c:33:33: warning: pointer targets in passing argument 2 of 'LIFO_get_item' differ in signedness [-Wpointer-sign]
    if(LIFO_get_item(&uart_lifo, &temp) == LIFO_no_error)
                                 ^
In file included from ..\main.c:8:0:
..\lifo.h:33:13: note: expected 'unsigned int *' but argument is of type 'int *'
 LIFO_status LIFO_get_item(LIFO_BUF_T* lifo_buf, unsigned int* item);
             ^~~~~~~~~~~~~
gcc -o LIFO_beffer.exe lifo.o main.o 
00:18:25 **** Incremental Build of configuration Debug for project LIFO_beffer ****
Info: Internal Builder is used for build
gcc -O0 -g3 -Wall -c -fmessage-length=0 -o main.o "..\\main.c" 
..\main.c: In function 'main':
..\main.c:33:33: warning: pointer targets in passing argument 2 of 'LIFO_get_item' differ in signedness [-Wpointer-sign]
    if(LIFO_get_item(&uart_lifo, &temp) == LIFO_no_error)
                                 ^
In file included from ..\main.c:8:0:
..\lifo.h:33:13: note: expected 'unsigned int *' but argument is of type 'int *'
 LIFO_status LIFO_get_item(LIFO_BUF_T* lifo_buf, unsigned int* item);
             ^~~~~~~~~~~~~
gcc -o LIFO_beffer.exe lifo.o main.o 
Info: Nothing to build for LIFO_beffer
00:19:46 **** Incremental Build of configuration Debug for project LIFO_beffer ****
Info: Internal Builder is used for build
gcc -O0 -g3 -Wall -c -fmessage-length=0 -o main.o "..\\main.c" 
..\main.c: In function 'main':
..\main.c:33:33: warning: pointer targets in passing argument 2 of 'LIFO_get_item' differ in signedness [-Wpointer-sign]
    if(LIFO_get_item(&uart_lifo, &temp) == LIFO_no_error)
                                 ^
In file included from ..\main.c:8:0:
..\lifo.h:33:13: note: expected 'unsigned int *' but argument is of type 'int *'
 LIFO_status LIFO_get_item(LIFO_BUF_T* lifo_buf, unsigned int* item);
             ^~~~~~~~~~~~~
gcc -o LIFO_beffer.exe lifo.o main.o 
Info: Nothing to build for LIFO_beffer
00:23:05 **** Incremental Build of configuration Debug for project LIFO_beffer ****
Info: Internal Builder is used for build
gcc -O0 -g3 -Wall -c -fmessage-length=0 -o main.o "..\\main.c" 
..\main.c: In function 'main':
..\main.c:83:39: warning: pointer targets in passing argument 2 of 'LIFO_get_item' differ in signedness [-Wpointer-sign]
         if (LIFO_get_item(&uart_lifo, &temp) == LIFO_no_error)  // Check if getting item was successful
                                       ^
In file included from ..\main.c:51:0:
..\lifo.h:33:13: note: expected 'unsigned int *' but argument is of type 'int *'
 LIFO_status LIFO_get_item(LIFO_BUF_T* lifo_buf, unsigned int* item);
             ^~~~~~~~~~~~~
gcc -O0 -g3 -Wall -c -fmessage-length=0 -o lifo.o "..\\lifo.c" 
gcc -o LIFO_beffer.exe lifo.o main.o 
Info: Nothing to build for LIFO_beffer
00:24:35 **** Incremental Build of configuration Debug for project LIFO_beffer ****
Info: Internal Builder is used for build
gcc -O0 -g3 -Wall -c -fmessage-length=0 -o main.o "..\\main.c" 
..\main.c: In function 'main':
..\main.c:33:33: warning: pointer targets in passing argument 2 of 'LIFO_get_item' differ in signedness [-Wpointer-sign]
    if(LIFO_get_item(&uart_lifo, &temp) == LIFO_no_error)
                                 ^
In file included from ..\main.c:8:0:
..\lifo.h:33:13: note: expected 'unsigned int *' but argument is of type 'int *'
 LIFO_status LIFO_get_item(LIFO_BUF_T* lifo_buf, unsigned int* item);
             ^~~~~~~~~~~~~
gcc -O0 -g3 -Wall -c -fmessage-length=0 -o lifo.o "..\\lifo.c" 
..\lifo.c: In function 'LIFO_init':
..\lifo.c:23:1: warning: control reaches end of non-void function [-Wreturn-type]
 }
 ^
gcc -o LIFO_beffer.exe lifo.o main.o 
Info: Nothing to build for LIFO_beffer
00:29:47 **** Incremental Build of configuration Debug for project LIFO_beffer ****
Info: Internal Builder is used for build
gcc -O0 -g3 -Wall -c -fmessage-length=0 -o main.o "..\\main.c" 
..\main.c: In function 'main':
..\main.c:34:35: warning: pointer targets in passing argument 2 of 'LIFO_get_item' differ in signedness [-Wpointer-sign]
    if(  LIFO_get_item(&uart_lifo, &temp) == LIFO_no_error)
                                   ^
In file included from ..\main.c:8:0:
..\lifo.h:33:13: note: expected 'unsigned int *' but argument is of type 'int *'
 LIFO_status LIFO_get_item(LIFO_BUF_T* lifo_buf, unsigned int* item);
             ^~~~~~~~~~~~~
gcc -o LIFO_beffer.exe lifo.o main.o 
Info: Nothing to build for LIFO_beffer
00:30:01 **** Incremental Build of configuration Debug for project LIFO_beffer ****
Info: Internal Builder is used for build
gcc -O0 -g3 -Wall -c -fmessage-length=0 -o main.o "..\\main.c" 
..\main.c: In function 'main':
..\main.c:34:35: warning: pointer targets in passing argument 2 of 'LIFO_get_item' differ in signedness [-Wpointer-sign]
    if(  LIFO_get_item(&uart_lifo, &temp) == LIFO_no_error)
                                   ^
In file included from ..\main.c:8:0:
..\lifo.h:33:13: note: expected 'unsigned int *' but argument is of type 'int *'
 LIFO_status LIFO_get_item(LIFO_BUF_T* lifo_buf, unsigned int* item);
             ^~~~~~~~~~~~~
gcc -o LIFO_beffer.exe lifo.o main.o 
Info: Nothing to build for LIFO_beffer
00:30:51 **** Incremental Build of configuration Debug for project LIFO_beffer ****
Info: Internal Builder is used for build
gcc -O0 -g3 -Wall -c -fmessage-length=0 -o main.o "..\\main.c" 
..\main.c: In function 'main':
..\main.c:89:39: warning: pointer targets in passing argument 2 of 'LIFO_get_item' differ in signedness [-Wpointer-sign]
         if (LIFO_get_item(&uart_lifo, &temp) == LIFO_no_error)  // Check if getting item was successful
                                       ^
In file included from ..\main.c:57:0:
..\lifo.h:33:13: note: expected 'unsigned int *' but argument is of type 'int *'
 LIFO_status LIFO_get_item(LIFO_BUF_T* lifo_buf, unsigned int* item);
             ^~~~~~~~~~~~~
gcc -o LIFO_beffer.exe lifo.o main.o 
Info: Nothing to build for LIFO_beffer
00:31:19 **** Incremental Build of configuration Debug for project LIFO_beffer ****
Info: Internal Builder is used for build
gcc -O0 -g3 -Wall -c -fmessage-length=0 -o main.o "..\\main.c" 
..\main.c: In function 'main':
..\main.c:85:39: warning: pointer targets in passing argument 2 of 'LIFO_get_item' differ in signedness [-Wpointer-sign]
         if (LIFO_get_item(&uart_lifo, &temp) == LIFO_no_empty)  // Check if getting item was successful
                                       ^
In file included from ..\main.c:53:0:
..\lifo.h:33:13: note: expected 'unsigned int *' but argument is of type 'int *'
 LIFO_status LIFO_get_item(LIFO_BUF_T* lifo_buf, unsigned int* item);
             ^~~~~~~~~~~~~
gcc -o LIFO_beffer.exe lifo.o main.o 
00:31:36 **** Incremental Build of configuration Debug for project LIFO_beffer ****
Info: Internal Builder is used for build
gcc -O0 -g3 -Wall -c -fmessage-length=0 -o main.o "..\\main.c" 
..\main.c: In function 'main':
..\main.c:85:39: warning: pointer targets in passing argument 2 of 'LIFO_get_item' differ in signedness [-Wpointer-sign]
         if (LIFO_get_item(&uart_lifo, &temp) == LIFO_no_error)  // Check if getting item was successful
                                       ^
In file included from ..\main.c:53:0:
..\lifo.h:33:13: note: expected 'unsigned int *' but argument is of type 'int *'
 LIFO_status LIFO_get_item(LIFO_BUF_T* lifo_buf, unsigned int* item);
             ^~~~~~~~~~~~~
gcc -o LIFO_beffer.exe lifo.o main.o 
Info: Nothing to build for LIFO_beffer
01:29:25 **** Incremental Build of configuration Debug for project LIFO_beffer ****
Info: Internal Builder is used for build
gcc -O0 -g3 -Wall -c -fmessage-length=0 -o lifo.o "..\\lifo.c" 
gcc -o LIFO_beffer.exe lifo.o main.o 
Info: Nothing to build for LIFO_beffer
01:29:54 **** Incremental Build of configuration Debug for project LIFO_beffer ****
Info: Internal Builder is used for build
gcc -O0 -g3 -Wall -c -fmessage-length=0 -o main.o "..\\main.c" 
..\main.c: In function 'main':
..\main.c:85:39: warning: pointer targets in passing argument 2 of 'LIFO_get_item' differ in signedness [-Wpointer-sign]
         if (LIFO_get_item(&uart_lifo, &temp) == LIFO_no_error)  // Check if getting item was successful
                                       ^
In file included from ..\main.c:53:0:
..\lifo.h:33:13: note: expected 'unsigned int *' but argument is of type 'int *'
 LIFO_status LIFO_get_item(LIFO_BUF_T* lifo_buf, unsigned int* item);
             ^~~~~~~~~~~~~
gcc -o LIFO_beffer.exe lifo.o main.o 
Info: Nothing to build for LIFO_beffer
17:15:07 **** Incremental Build of configuration Debug for project LIFO_beffer ****
Info: Internal Builder is used for build
gcc -O0 -g3 -Wall -c -fmessage-length=0 -o main.o "..\\main.c" 
..\main.c: In function 'main':
..\main.c:34:35: warning: pointer targets in passing argument 2 of 'LIFO_get_item' differ in signedness [-Wpointer-sign]
    if(  LIFO_get_item(&uart_lifo, &temp) == LIFO_no_error)
                                   ^
In file included from ..\main.c:8:0:
..\lifo.h:33:13: note: expected 'unsigned int *' but argument is of type 'int *'
 LIFO_status LIFO_get_item(LIFO_BUF_T* lifo_buf, unsigned int* item);
             ^~~~~~~~~~~~~
gcc -o LIFO_beffer.exe lifo.o main.o 
Info: Nothing to build for LIFO_beffer
Info: Nothing to build for LIFO_beffer
Info: Nothing to build for LIFO_beffer
17:20:57 **** Incremental Build of configuration Debug for project LIFO_beffer ****
Info: Internal Builder is used for build
gcc -O0 -g3 -Wall -c -fmessage-length=0 -o main.o "..\\main.c" 
..\main.c: In function 'main':
..\main.c:34:35: warning: pointer targets in passing argument 2 of 'LIFO_get_item' differ in signedness [-Wpointer-sign]
    if(  LIFO_get_item(&uart_lifo, &temp) == LIFO_no_error)
                                   ^
In file included from ..\main.c:8:0:
..\lifo.h:33:13: note: expected 'unsigned int *' but argument is of type 'int *'
 LIFO_status LIFO_get_item(LIFO_BUF_T* lifo_buf, unsigned int* item);
             ^~~~~~~~~~~~~
gcc -o LIFO_beffer.exe lifo.o main.o 
Info: Nothing to build for LIFO_beffer
Info: Nothing to build for LIFO_beffer
Info: Nothing to build for LIFO_beffer
17:31:52 **** Incremental Build of configuration Debug for project LIFO_beffer ****
Info: Internal Builder is used for build
gcc -O0 -g3 -Wall -c -fmessage-length=0 -o main.o "..\\main.c" 
..\main.c: In function 'main':
..\main.c:29:35: error: lvalue required as left operand of assignment
   if(LIFO_Add_item(&uart_lifo, i) = LIFO_no_error)
                                   ^
..\main.c:34:33: warning: pointer targets in passing argument 2 of 'LIFO_get_item' differ in signedness [-Wpointer-sign]
    if(LIFO_get_item(&uart_lifo, &temp) = LIFO_no_error)
                                 ^
In file included from ..\main.c:8:0:
..\lifo.h:33:13: note: expected 'unsigned int *' but argument is of type 'int *'
 LIFO_status LIFO_get_item(LIFO_BUF_T* lifo_buf, unsigned int* item);
             ^~~~~~~~~~~~~
..\main.c:34:40: error: lvalue required as left operand of assignment
    if(LIFO_get_item(&uart_lifo, &temp) = LIFO_no_error)
                                        ^
17:31:59 **** Incremental Build of configuration Debug for project LIFO_beffer ****
Info: Internal Builder is used for build
gcc -O0 -g3 -Wall -c -fmessage-length=0 -o main.o "..\\main.c" 
..\main.c: In function 'main':
..\main.c:34:33: warning: pointer targets in passing argument 2 of 'LIFO_get_item' differ in signedness [-Wpointer-sign]
    if(LIFO_get_item(&uart_lifo, &temp) == LIFO_no_error)
                                 ^
In file included from ..\main.c:8:0:
..\lifo.h:33:13: note: expected 'unsigned int *' but argument is of type 'int *'
 LIFO_status LIFO_get_item(LIFO_BUF_T* lifo_buf, unsigned int* item);
             ^~~~~~~~~~~~~
gcc -o LIFO_beffer.exe lifo.o main.o 
Info: Nothing to build for LIFO_beffer
21:24:38 **** Rebuild of configuration Debug for project FIFO_buffer ****
Info: Internal Builder is used for build
gcc -O0 -g3 -Wall -c -fmessage-length=0 -o fifo.o "..\\fifo.c" 
..\fifo.c: In function 'FIFO_print':
..\fifo.c:79:4: warning: implicit declaration of function 'pirntf' [-Wimplicit-function-declaration]
    pirntf("\t %X \n",*temp);
    ^~~~~~
..\fifo.c:83:1: warning: control reaches end of non-void function [-Wreturn-type]
 }
 ^
gcc -O0 -g3 -Wall -c -fmessage-length=0 -o main.o "..\\main.c" 
..\main.c: In function 'main':
..\main.c:15:27: error: 'uart_buffer' undeclared (first use in this function)
  if(FIFO_init(&FIFO_UART, uart_buffer, 5) == FIFO_no_error)
                           ^~~~~~~~~~~
..\main.c:15:27: note: each undeclared identifier is reported only once for each function it appears in
21:24:42 **** Incremental Build of configuration Debug for project LIFO_beffer ****
Info: Internal Builder is used for build
gcc -O0 -g3 -Wall -c -fmessage-length=0 -o main.o "..\\main.c" 
..\main.c: In function 'main':
..\main.c:34:33: warning: pointer targets in passing argument 2 of 'LIFO_get_item' differ in signedness [-Wpointer-sign]
    if(LIFO_get_item(&uart_lifo, &temp) == LIFO_no_error)
                                 ^
In file included from ..\main.c:8:0:
..\lifo.h:33:13: note: expected 'unsigned int *' but argument is of type 'int *'
 LIFO_status LIFO_get_item(LIFO_BUF_T* lifo_buf, unsigned int* item);
             ^~~~~~~~~~~~~
gcc -o LIFO_beffer.exe lifo.o main.o 
21:25:23 **** Incremental Build of configuration Debug for project FIFO_buffer ****
Info: Internal Builder is used for build
gcc -O0 -g3 -Wall -c -fmessage-length=0 -o main.o "..\\main.c" 
..\main.c: In function 'main':
..\main.c:15:27: error: 'uart_buffer' undeclared (first use in this function)
  if(FIFO_init(&FIFO_UART, uart_buffer, 5) == FIFO_no_error)
                           ^~~~~~~~~~~
..\main.c:15:27: note: each undeclared identifier is reported only once for each function it appears in
21:26:17 **** Incremental Build of configuration Debug for project FIFO_buffer ****
Info: Internal Builder is used for build
gcc -O0 -g3 -Wall -c -fmessage-length=0 -o main.o "..\\main.c" 
..\main.c: In function 'main':
..\main.c:15:27: error: 'uart_buffer' undeclared (first use in this function)
  if(FIFO_init(&FIFO_UART, uart_buffer, 5) == FIFO_no_error)
                           ^~~~~~~~~~~
..\main.c:15:27: note: each undeclared identifier is reported only once for each function it appears in
21:28:39 **** Incremental Build of configuration Debug for project FIFO_buffer ****
Info: Internal Builder is used for build
gcc -O0 -g3 -Wall -c -fmessage-length=0 -o fifo.o "..\\fifo.c" 
..\fifo.c: In function 'FIFO_print':
..\fifo.c:79:4: warning: implicit declaration of function 'pirntf' [-Wimplicit-function-declaration]
    pirntf("\t %X \n",*temp);
    ^~~~~~
..\fifo.c:83:1: warning: control reaches end of non-void function [-Wreturn-type]
 }
 ^
gcc -O0 -g3 -Wall -c -fmessage-length=0 -o main.o "..\\main.c" 
gcc -o FIFO_buffer.exe fifo.o main.o 
fifo.o: In function `FIFO_print':
E:\Embedded System\Basic\Embedded_System_Online_Diploma\Data Structure\Assignment1\FIFO_buffer\Debug/../fifo.c:79: undefined reference to `pirntf'
collect2.exe: error: ld returned 1 exit status
Info: Nothing to build for LIFO_beffer
21:28:50 **** Incremental Build of configuration Debug for project FIFO_buffer ****
Info: Internal Builder is used for build
gcc -o FIFO_buffer.exe fifo.o main.o 
fifo.o: In function `FIFO_print':
E:\Embedded System\Basic\Embedded_System_Online_Diploma\Data Structure\Assignment1\FIFO_buffer\Debug/../fifo.c:79: undefined reference to `pirntf'
collect2.exe: error: ld returned 1 exit status
21:35:12 **** Incremental Build of configuration Debug for project FIFO_buffer ****
Info: Internal Builder is used for build
gcc -o FIFO_buffer.exe fifo.o main.o 
fifo.o: In function `FIFO_print':
E:\Embedded System\Basic\Embedded_System_Online_Diploma\Data Structure\Assignment1\FIFO_buffer\Debug/../fifo.c:79: undefined reference to `pirntf'
collect2.exe: error: ld returned 1 exit status
21:36:01 **** Incremental Build of configuration Debug for project FIFO_buffer ****
Info: Internal Builder is used for build
gcc -O0 -g3 -Wall -c -fmessage-length=0 -o fifo.o "..\\fifo.c" 
..\fifo.c: In function 'FIFO_print':
..\fifo.c:83:1: warning: control reaches end of non-void function [-Wreturn-type]
 }
 ^
gcc -o FIFO_buffer.exe fifo.o main.o 
Info: Nothing to build for FIFO_buffer
21:42:08 **** Incremental Build of configuration Debug for project FIFO_buffer ****
Info: Internal Builder is used for build
gcc -O0 -g3 -Wall -c -fmessage-length=0 -o fifo.o "..\\fifo.c" 
..\fifo.c: In function 'FIFO_print':
..\fifo.c:69:6: warning: unused variable 'i' [-Wunused-variable]
  int i;
      ^
..\fifo.c:83:1: warning: control reaches end of non-void function [-Wreturn-type]
 }
 ^
gcc -o FIFO_buffer.exe fifo.o main.o 
Info: Nothing to build for FIFO_buffer
21:45:37 **** Incremental Build of configuration Debug for project FIFO_buffer ****
Info: Internal Builder is used for build
gcc -O0 -g3 -Wall -c -fmessage-length=0 -o main.o "..\\main.c" 
gcc -O0 -g3 -Wall -c -fmessage-length=0 -o fifo.o "..\\fifo.c" 
..\fifo.c: In function 'FIFO_print':
..\fifo.c:69:6: warning: unused variable 'i' [-Wunused-variable]
  int i;
      ^
gcc -o FIFO_buffer.exe fifo.o main.o 
Info: Nothing to build for FIFO_buffer
21:58:55 **** Incremental Build of configuration Debug for project FIFO_buffer ****
Info: Internal Builder is used for build
gcc -O0 -g3 -Wall -c -fmessage-length=0 -o fifo.o "..\\fifo.c" 
..\fifo.c: In function 'FIFO_print':
..\fifo.c:70:6: warning: unused variable 'i' [-Wunused-variable]
  int i;
      ^
gcc -o FIFO_buffer.exe fifo.o main.o 
Info: Nothing to build for FIFO_buffer
22:02:22 **** Incremental Build of configuration Debug for project FIFO_buffer ****
Info: Internal Builder is used for build
gcc -O0 -g3 -Wall -c -fmessage-length=0 -o fifo.o "..\\fifo.c" 
gcc -o FIFO_buffer.exe fifo.o main.o 
Info: Nothing to build for FIFO_buffer
22:03:13 **** Incremental Build of configuration Debug for project FIFO_buffer ****
Info: Internal Builder is used for build
gcc -O0 -g3 -Wall -c -fmessage-length=0 -o fifo.o "..\\fifo.c" 
..\fifo.c: In function 'FIFO_print':
..\fifo.c:69:6: warning: unused variable 'i' [-Wunused-variable]
  int i = 0;
      ^
gcc -o FIFO_buffer.exe fifo.o main.o 
Info: Nothing to build for FIFO_buffer
19:23:45 **** Rebuild of configuration Debug for project linked_list_students_project ****
Info: Internal Builder is used for build
gcc -O0 -g3 -Wall -c -fmessage-length=0 -o main.o "..\\main.c" 
..\main.c: In function 'delete_student':
..\main.c:95:12: warning: 'return' with a value, in function returning void
     return 1;
            ^
..\main.c:68:6: note: declared here
 void delete_student()
      ^~~~~~~~~~~~~~
..\main.c:102:9: warning: 'return' with a value, in function returning void
  return 0;
         ^
..\main.c:68:6: note: declared here
 void delete_student()
      ^~~~~~~~~~~~~~
..\main.c: At top level:
..\main.c:165:6: warning: return type of 'main' is not 'int' [-Wmain]
 void main ()
      ^~~~
..\main.c: In function 'main':
..\main.c:188:3: error: duplicate case value
   case 1:
   ^~~~
..\main.c:182:3: error: previously used here
   case 1:
   ^~~~
..\main.c:191:3: error: duplicate case value
   case 1:
   ^~~~
..\main.c:182:3: error: previously used here
   case 1:
   ^~~~
19:24:12 **** Incremental Build of configuration Debug for project linked_list_students_project ****
Info: Internal Builder is used for build
gcc -O0 -g3 -Wall -c -fmessage-length=0 -o main.o "..\\main.c" 
..\main.c: In function 'delete_student':
..\main.c:95:12: warning: 'return' with a value, in function returning void
     return 1;
            ^
..\main.c:68:6: note: declared here
 void delete_student()
      ^~~~~~~~~~~~~~
..\main.c:102:9: warning: 'return' with a value, in function returning void
  return 0;
         ^
..\main.c:68:6: note: declared here
 void delete_student()
      ^~~~~~~~~~~~~~
..\main.c: At top level:
..\main.c:165:6: warning: return type of 'main' is not 'int' [-Wmain]
 void main ()
      ^~~~
gcc -o linked_list_students_project.exe main.o 
Info: Nothing to build for linked_list_students_project
19:26:37 **** Incremental Build of configuration Debug for project linked_list_students_project ****
Info: Internal Builder is used for build
gcc -O0 -g3 -Wall -c -fmessage-length=0 -o main.o "..\\main.c" 
..\main.c: In function 'delete_student':
..\main.c:95:12: warning: 'return' with a value, in function returning void
     return 1;
            ^
..\main.c:68:6: note: declared here
 void delete_student()
      ^~~~~~~~~~~~~~
..\main.c:102:9: warning: 'return' with a value, in function returning void
  return 0;
         ^
..\main.c:68:6: note: declared here
 void delete_student()
      ^~~~~~~~~~~~~~
..\main.c: At top level:
..\main.c:165:6: warning: return type of 'main' is not 'int' [-Wmain]
 void main ()
      ^~~~
gcc -o linked_list_students_project.exe main.o 
c:/mingw/bin/../lib/gcc/mingw32/6.3.0/../../../../mingw32/bin/ld.exe: cannot open output file linked_list_students_project.exe: Permission denied
collect2.exe: error: ld returned 1 exit status
19:28:50 **** Incremental Build of configuration Debug for project linked_list_students_project ****
Info: Internal Builder is used for build
gcc -O0 -g3 -Wall -c -fmessage-length=0 -o main.o "..\\main.c" 
..\main.c: In function 'delete_student':
..\main.c:96:12: warning: 'return' with a value, in function returning void
     return 1;
            ^
..\main.c:69:6: note: declared here
 void delete_student()
      ^~~~~~~~~~~~~~
..\main.c:103:9: warning: 'return' with a value, in function returning void
  return 0;
         ^
..\main.c:69:6: note: declared here
 void delete_student()
      ^~~~~~~~~~~~~~
..\main.c: At top level:
..\main.c:166:6: warning: return type of 'main' is not 'int' [-Wmain]
 void main ()
      ^~~~
gcc -o linked_list_students_project.exe main.o 
Info: Nothing to build for linked_list_students_project
23:07:22 **** Incremental Build of configuration Debug for project linked_list_students_project ****
Info: Internal Builder is used for build
gcc -O0 -g3 -Wall -c -fmessage-length=0 -o main.o "..\\main.c" 
..\main.c:10:6: warning: return type of 'main' is not 'int' [-Wmain]
 void main ()
      ^~~~
gcc -o linked_list_students_project.exe main.o 
main.o: In function `main':
E:\Embedded System\Basic\Embedded_System_Online_Diploma\Data Structure\Assignment1\linked_list_students_project\Debug/../main.c:29: undefined reference to `AddStudent'
E:\Embedded System\Basic\Embedded_System_Online_Diploma\Data Structure\Assignment1\linked_list_students_project\Debug/../main.c:32: undefined reference to `delete_student'
E:\Embedded System\Basic\Embedded_System_Online_Diploma\Data Structure\Assignment1\linked_list_students_project\Debug/../main.c:35: undefined reference to `viwe_students'
E:\Embedded System\Basic\Embedded_System_Online_Diploma\Data Structure\Assignment1\linked_list_students_project\Debug/../main.c:38: undefined reference to `DeleteAll'
collect2.exe: error: ld returned 1 exit status
23:10:39 **** Incremental Build of configuration Debug for project linked_list_students_project ****
Info: Internal Builder is used for build
gcc -O0 -g3 -Wall -c -fmessage-length=0 -o main.o "..\\main.c" 
..\main.c:10:6: warning: return type of 'main' is not 'int' [-Wmain]
 void main ()
      ^~~~
gcc -O0 -g3 -Wall -c -fmessage-length=0 -o school.o "..\\school.c" 
..\school.c: In function 'printStudent':
..\school.c:157:38: error: 'struct SStudent' has no member named 'pNewStudent'; did you mean 'PNextStudent'?
         pIndexStudent = pIndexStudent->pNewStudent;
                                      ^~
..\school.c:161:54: error: 'struct Sdata' has no member named 'id'
   printf("\tstudent ID : %d\n",pIndexStudent->student.id);
                                                      ^
..\school.c:163:55: error: 'struct Sdata' has no member named 'age'; did you mean 'name'?
   printf("\tstudent Age : %d\n",pIndexStudent->student.age);
                                                       ^
..\school.c: In function 'nodesnumber':
..\school.c:177:23: error: 'struct SStudent' has no member named 'pNewStudent'; did you mean 'PNextStudent'?
     while(pnodesnumber->pNewStudent)
                       ^~
..\school.c:180:9: error: expected ';' before 'pnodesnumber'
         pnodesnumber = pnodesnumber->pNewStudent;
         ^~~~~~~~~~~~
..\school.c: In function 'printStudentRev':
..\school.c:192:35: warning: initialization from incompatible pointer type [-Wincompatible-pointer-types]
  struct Sstudent* pIndexStudent = gpFirstStudent;
                                   ^~~~~~~~~~~~~~
..\school.c:193:33: warning: initialization from incompatible pointer type [-Wincompatible-pointer-types]
  struct Sstudent* pStudentRev = gpFirstStudent;
                                 ^~~~~~~~~~~~~~
..\school.c:196:19: error: dereferencing pointer to incomplete type 'struct Sstudent'
  while(pStudentRev->pNextStudent){
                   ^~
23:12:08 **** Incremental Build of configuration Debug for project linked_list_students_project ****
Info: Internal Builder is used for build
gcc -O0 -g3 -Wall -c -fmessage-length=0 -o school.o "..\\school.c" 
..\school.c: In function 'printStudent':
..\school.c:159:38: error: 'struct SStudent' has no member named 'pNewStudent'; did you mean 'PNextStudent'?
         pIndexStudent = pIndexStudent->pNewStudent;
                                      ^~
..\school.c:163:54: error: 'struct Sdata' has no member named 'id'
   printf("\tstudent ID : %d\n",pIndexStudent->student.id);
                                                      ^
..\school.c:165:55: error: 'struct Sdata' has no member named 'age'; did you mean 'name'?
   printf("\tstudent Age : %d\n",pIndexStudent->student.age);
                                                       ^
..\school.c: In function 'nodesnumber':
..\school.c:179:23: error: 'struct SStudent' has no member named 'pNewStudent'; did you mean 'PNextStudent'?
     while(pnodesnumber->pNewStudent)
                       ^~
..\school.c:182:9: error: expected ';' before 'pnodesnumber'
         pnodesnumber = pnodesnumber->pNewStudent;
         ^~~~~~~~~~~~
..\school.c: In function 'printStudentRev':
..\school.c:198:19: error: 'struct SStudent' has no member named 'pNextStudent'; did you mean 'PNextStudent'?
  while(pStudentRev->pNextStudent){
                   ^~
..\school.c:200:28: error: 'struct SStudent' has no member named 'pNextStudent'; did you mean 'PNextStudent'?
   pStudentRev = pStudentRev->pNextStudent;
                            ^~
..\school.c:208:32: error: 'struct SStudent' has no member named 'pNextStudent'; did you mean 'PNextStudent'?
   pIndexStudent = pIndexStudent->pNextStudent;
                                ^~
..\school.c:212:54: error: 'struct Sdata' has no member named 'id'
   printf("\tstudent ID : %d\n",pIndexStudent->student.id);
                                                      ^
..\school.c:214:55: error: 'struct Sdata' has no member named 'age'; did you mean 'name'?
   printf("\tstudent Age : %d\n",pIndexStudent->student.age);
                                                       ^
23:13:07 **** Incremental Build of configuration Debug for project linked_list_students_project ****
Info: Internal Builder is used for build
gcc -O0 -g3 -Wall -c -fmessage-length=0 -o school.o "..\\school.c" 
..\school.c: In function 'printStudent':
..\school.c:159:38: error: 'struct SStudent' has no member named 'pNewStudent'; did you mean 'PNextStudent'?
         pIndexStudent = pIndexStudent->pNewStudent;
                                      ^~
..\school.c:165:28: warning: format '%d' expects argument of type 'int', but argument 2 has type 'double' [-Wformat=]
   printf("\tstudent Age : %d\n",pIndexStudent->student.leight);
                            ^
..\school.c: In function 'nodesnumber':
..\school.c:179:23: error: 'struct SStudent' has no member named 'pNewStudent'; did you mean 'PNextStudent'?
     while(pnodesnumber->pNewStudent)
                       ^~
..\school.c:182:9: error: expected ';' before 'pnodesnumber'
         pnodesnumber = pnodesnumber->pNewStudent;
         ^~~~~~~~~~~~
..\school.c: In function 'printStudentRev':
..\school.c:198:19: error: 'struct SStudent' has no member named 'pNextStudent'; did you mean 'PNextStudent'?
  while(pStudentRev->pNextStudent){
                   ^~
..\school.c:200:28: error: 'struct SStudent' has no member named 'pNextStudent'; did you mean 'PNextStudent'?
   pStudentRev = pStudentRev->pNextStudent;
                            ^~
..\school.c:208:32: error: 'struct SStudent' has no member named 'pNextStudent'; did you mean 'PNextStudent'?
   pIndexStudent = pIndexStudent->pNextStudent;
                                ^~
..\school.c:214:28: warning: format '%d' expects argument of type 'int', but argument 2 has type 'double' [-Wformat=]
   printf("\tstudent Age : %d\n",pIndexStudent->student.leight);
                            ^
23:14:35 **** Incremental Build of configuration Debug for project linked_list_students_project ****
Info: Internal Builder is used for build
gcc -O0 -g3 -Wall -c -fmessage-length=0 -o school.o "..\\school.c" 
..\school.c: In function 'printStudent':
..\school.c:165:28: warning: format '%d' expects argument of type 'int', but argument 2 has type 'double' [-Wformat=]
   printf("\tstudent Age : %d\n",pIndexStudent->student.leight);
                            ^
..\school.c: In function 'nodesnumber':
..\school.c:182:9: error: expected ';' before 'pnodesnumber'
         pnodesnumber = pnodesnumber->PNextStudent;
         ^~~~~~~~~~~~
..\school.c: In function 'printStudentRev':
..\school.c:214:28: warning: format '%d' expects argument of type 'int', but argument 2 has type 'double' [-Wformat=]
   printf("\tstudent Age : %d\n",pIndexStudent->student.leight);
                            ^
23:14:49 **** Incremental Build of configuration Debug for project linked_list_students_project ****
Info: Internal Builder is used for build
gcc -O0 -g3 -Wall -c -fmessage-length=0 -o school.o "..\\school.c" 
..\school.c: In function 'printStudent':
..\school.c:165:28: warning: format '%d' expects argument of type 'int', but argument 2 has type 'double' [-Wformat=]
   printf("\tstudent Age : %d\n",pIndexStudent->student.leight);
                            ^
..\school.c: In function 'printStudentRev':
..\school.c:214:28: warning: format '%d' expects argument of type 'int', but argument 2 has type 'double' [-Wformat=]
   printf("\tstudent Age : %d\n",pIndexStudent->student.leight);
                            ^
gcc -o linked_list_students_project.exe main.o school.o 
Info: Nothing to build for linked_list_students_project
Info: Nothing to build for linked_list_students_project
23:18:56 **** Incremental Build of configuration Debug for project linked_list_students_project ****
Info: Internal Builder is used for build
gcc -O0 -g3 -Wall -c -fmessage-length=0 -o main.o "..\\main.c" 
..\main.c:10:6: warning: return type of 'main' is not 'int' [-Wmain]
 void main ()
      ^~~~
gcc -o linked_list_students_project.exe main.o school.o 
c:/mingw/bin/../lib/gcc/mingw32/6.3.0/../../../../mingw32/bin/ld.exe: cannot open output file linked_list_students_project.exe: Permission denied
collect2.exe: error: ld returned 1 exit status
23:19:40 **** Incremental Build of configuration Debug for project linked_list_students_project ****
Info: Internal Builder is used for build
gcc -o linked_list_students_project.exe main.o school.o 
Info: Nothing to build for linked_list_students_project
23:30:06 **** Incremental Build of configuration Debug for project linked_list_students_project ****
Info: Internal Builder is used for build
gcc -O0 -g3 -Wall -c -fmessage-length=0 -o main.o "..\\main.c" 
..\main.c:10:6: warning: return type of 'main' is not 'int' [-Wmain]
 void main ()
      ^~~~
gcc -o linked_list_students_project.exe main.o school.o 
c:/mingw/bin/../lib/gcc/mingw32/6.3.0/../../../../mingw32/bin/ld.exe: cannot open output file linked_list_students_project.exe: Permission denied
collect2.exe: error: ld returned 1 exit status
23:54:48 **** Incremental Build of configuration Debug for project LIFO_beffer ****
Info: Internal Builder is used for build
gcc -O0 -g3 -Wall -c -fmessage-length=0 -o main.o "..\\main.c" 
..\main.c: In function 'main':
..\main.c:34:33: warning: pointer targets in passing argument 2 of 'LIFO_get_item' differ in signedness [-Wpointer-sign]
    if(LIFO_get_item(&uart_lifo, &temp) == LIFO_no_error)
                                 ^
In file included from ..\main.c:8:0:
..\lifo.h:33:13: note: expected 'unsigned int *' but argument is of type 'int *'
 LIFO_status LIFO_get_item(LIFO_BUF_T* lifo_buf, unsigned int* item);
             ^~~~~~~~~~~~~
gcc -o LIFO_beffer.exe lifo.o main.o 
Info: Nothing to build for LIFO_beffer
Info: Nothing to build for LIFO_beffer
23:57:43 **** Incremental Build of configuration Debug for project LIFO_beffer ****
Info: Internal Builder is used for build
gcc -O0 -g3 -Wall -c -fmessage-length=0 -o main.o "..\\main.c" 
..\main.c: In function 'main':
..\main.c:37:33: warning: pointer targets in passing argument 2 of 'LIFO_get_item' differ in signedness [-Wpointer-sign]
    if(LIFO_get_item(&uart_lifo, &temp) == LIFO_no_error)
                                 ^
In file included from ..\main.c:8:0:
..\lifo.h:33:13: note: expected 'unsigned int *' but argument is of type 'int *'
 LIFO_status LIFO_get_item(LIFO_BUF_T* lifo_buf, unsigned int* item);
             ^~~~~~~~~~~~~
gcc -o LIFO_beffer.exe lifo.o main.o 
Info: Nothing to build for LIFO_beffer
00:00:40 **** Incremental Build of configuration Debug for project FIFO_buffer ****
Info: Internal Builder is used for build
gcc -O0 -g3 -Wall -c -fmessage-length=0 -o fifo.o "..\\fifo.c" 
..\fifo.c: In function 'FIFO_print':
..\fifo.c:69:6: warning: unused variable 'i' [-Wunused-variable]
  int i = 0;
      ^
gcc -o FIFO_buffer.exe fifo.o main.o 
Info: Nothing to build for FIFO_buffer
00:03:01 **** Rebuild of configuration Debug for project linked_list_students_project ****
Info: Internal Builder is used for build
gcc -O0 -g3 -Wall -c -fmessage-length=0 -o school.o "..\\school.c" 
..\school.c: In function 'printStudent':
..\school.c:165:28: warning: format '%d' expects argument of type 'int', but argument 2 has type 'double' [-Wformat=]
   printf("\tstudent Age : %d\n",pIndexStudent->student.leight);
                            ^
..\school.c: In function 'printStudentRev':
..\school.c:214:28: warning: format '%d' expects argument of type 'int', but argument 2 has type 'double' [-Wformat=]
   printf("\tstudent Age : %d\n",pIndexStudent->student.leight);
                            ^
gcc -O0 -g3 -Wall -c -fmessage-length=0 -o main.o "..\\main.c" 
..\main.c:10:6: warning: return type of 'main' is not 'int' [-Wmain]
 void main ()
      ^~~~
gcc -o linked_list_students_project.exe main.o school.o 
Info: Nothing to build for linked_list_students_project
00:08:23 **** Incremental Build of configuration Debug for project linked_list_students_project ****
Info: Internal Builder is used for build
gcc -O0 -g3 -Wall -c -fmessage-length=0 -o school.o "..\\school.c" 
..\school.c: In function 'printStudent':
..\school.c:165:31: warning: format '%d' expects argument of type 'int', but argument 2 has type 'double' [-Wformat=]
   printf("\tstudent Leight : %d\n",pIndexStudent->student.leight);
                               ^
..\school.c: In function 'printStudentRev':
..\school.c:214:31: warning: format '%d' expects argument of type 'int', but argument 2 has type 'double' [-Wformat=]
   printf("\tstudent Leight : %d\n",pIndexStudent->student.leight);
                               ^
gcc -o linked_list_students_project.exe main.o school.o 
c:/mingw/bin/../lib/gcc/mingw32/6.3.0/../../../../mingw32/bin/ld.exe: cannot open output file linked_list_students_project.exe: Permission denied
collect2.exe: error: ld returned 1 exit status
00:13:21 **** Incremental Build of configuration Debug for project linked_list_students_project ****
Info: Internal Builder is used for build
gcc -o linked_list_students_project.exe main.o school.o 
Info: Nothing to build for linked_list_students_project
00:16:28 **** Incremental Build of configuration Debug for project linked_list_students_project ****
Info: Internal Builder is used for build
gcc -O0 -g3 -Wall -c -fmessage-length=0 -o school.o "..\\school.c" 
gcc -o linked_list_students_project.exe main.o school.o 
c:/mingw/bin/../lib/gcc/mingw32/6.3.0/../../../../mingw32/bin/ld.exe: cannot open output file linked_list_students_project.exe: Permission denied
collect2.exe: error: ld returned 1 exit status
00:18:02 **** Incremental Build of configuration Debug for project linked_list_students_project ****
Info: Internal Builder is used for build
gcc -o linked_list_students_project.exe main.o school.o 
Info: Nothing to build for linked_list_students_project
Info: Nothing to build for linked_list_students_project
Info: Nothing to build for linked_list_students_project
